[ 2015-09-06T15:42:01+08:00 ] 127.0.0.1 /thinkphpcms/index.php?m=admin&c=index&a=index
INFO: [ app_begin ] --START--
INFO: Run Behavior\ReadHtmlCacheBehavior [ RunTime:0.000000s ]
SQL: SHOW COLUMNS FROM `app2_setting` [ RunTime:0.031200s ]
SQL: SELECT `key`,`value` FROM `app2_setting`  [ RunTime:0.000000s ]
NOTIC: [2] unlink(C:\wamp\www\ThinkPHPCMS\Public\Runtime\Temp/71df8fced343b2a8ba67c00a47a67b50.php): No such file or directory C:\wamp\www\ThinkPHPCMS\Libs\ThinkPHP\Library\Think\Cache\Driver\File.class.php 第 157 行.
INFO: Run \Common\Behavior\SettingBehavior [ RunTime:0.748802s ]
INFO: [ app_begin ] --END-- [ RunTime:0.764402s ]
INFO: [ view_parse ] --START--
INFO: [ template_filter ] --START--
INFO: Run Behavior\ContentReplaceBehavior [ RunTime:0.000000s ]
INFO: [ template_filter ] --END-- [ RunTime:0.000000s ]
INFO: Run Behavior\ParseTemplateBehavior [ RunTime:0.031200s ]
INFO: [ view_parse ] --END-- [ RunTime:0.031200s ]
INFO: [ view_filter ] --START--
INFO: Run Behavior\WriteHtmlCacheBehavior [ RunTime:0.031200s ]
INFO: [ view_filter ] --END-- [ RunTime:0.031200s ]

[ 2015-09-06T15:42:03+08:00 ] 127.0.0.1 /thinkphpcms/index.php?m=admin&c=index&a=login
INFO: [ app_begin ] --START--
INFO: Run Behavior\ReadHtmlCacheBehavior [ RunTime:0.000000s ]
SQL: SHOW COLUMNS FROM `app2_setting` [ RunTime:0.015600s ]
SQL: SELECT `key`,`value` FROM `app2_setting`  [ RunTime:0.000000s ]
NOTIC: [2] unlink(C:\wamp\www\ThinkPHPCMS\Public\Runtime\Temp/71df8fced343b2a8ba67c00a47a67b50.php): No such file or directory C:\wamp\www\ThinkPHPCMS\Libs\ThinkPHP\Library\Think\Cache\Driver\File.class.php 第 157 行.
INFO: Run \Common\Behavior\SettingBehavior [ RunTime:0.062400s ]
INFO: [ app_begin ] --END-- [ RunTime:0.078000s ]
INFO: [ view_parse ] --START--
INFO: [ template_filter ] --START--
INFO: Run Behavior\ContentReplaceBehavior [ RunTime:0.000000s ]
INFO: [ template_filter ] --END-- [ RunTime:0.015600s ]
INFO: Run Behavior\ParseTemplateBehavior [ RunTime:0.031200s ]
INFO: [ view_parse ] --END-- [ RunTime:0.031200s ]
INFO: [ view_filter ] --START--
INFO: Run Behavior\WriteHtmlCacheBehavior [ RunTime:0.000000s ]
INFO: [ view_filter ] --END-- [ RunTime:0.000000s ]
INFO: [ app_end ] --START--
INFO: Run Behavior\ShowPageTraceBehavior [ RunTime:0.015600s ]
INFO: [ app_end ] --END-- [ RunTime:0.015600s ]

[ 2015-09-06T15:42:04+08:00 ] 127.0.0.1 /thinkphpcms/index.php?m=admin&c=index&a=code&code_len=4&font_size=14&width=100&height=28&code=1441525323
INFO: [ app_begin ] --START--
INFO: Run Behavior\ReadHtmlCacheBehavior [ RunTime:0.000000s ]
SQL: SHOW COLUMNS FROM `app2_setting` [ RunTime:0.000000s ]
SQL: SELECT `key`,`value` FROM `app2_setting`  [ RunTime:0.000000s ]
NOTIC: [2] unlink(C:\wamp\www\ThinkPHPCMS\Public\Runtime\Temp/71df8fced343b2a8ba67c00a47a67b50.php): No such file or directory C:\wamp\www\ThinkPHPCMS\Libs\ThinkPHP\Library\Think\Cache\Driver\File.class.php 第 157 行.
INFO: Run \Common\Behavior\SettingBehavior [ RunTime:0.015600s ]
INFO: [ app_begin ] --END-- [ RunTime:0.031200s ]
INFO: [ app_end ] --START--
INFO: Run Behavior\ShowPageTraceBehavior [ RunTime:0.000000s ]
INFO: [ app_end ] --END-- [ RunTime:0.000000s ]

[ 2015-09-06T15:42:13+08:00 ] 127.0.0.1 /thinkphpcms/index.php?m=admin&c=index&a=login&dosubmit=1
INFO: [ app_begin ] --START--
INFO: Run Behavior\ReadHtmlCacheBehavior [ RunTime:0.000000s ]
SQL: SHOW COLUMNS FROM `app2_setting` [ RunTime:0.000000s ]
SQL: SELECT `key`,`value` FROM `app2_setting`  [ RunTime:0.000000s ]
NOTIC: [2] unlink(C:\wamp\www\ThinkPHPCMS\Public\Runtime\Temp/71df8fced343b2a8ba67c00a47a67b50.php): No such file or directory C:\wamp\www\ThinkPHPCMS\Libs\ThinkPHP\Library\Think\Cache\Driver\File.class.php 第 157 行.
INFO: Run \Common\Behavior\SettingBehavior [ RunTime:0.015600s ]
INFO: [ app_begin ] --END-- [ RunTime:0.015600s ]
SQL: SHOW COLUMNS FROM `app2_admin` [ RunTime:0.000000s ]
SQL: SHOW COLUMNS FROM `app2_times` [ RunTime:0.015600s ]
SQL: SELECT * FROM `app2_admin` WHERE ( `username` = 'admin' ) LIMIT 1   [ RunTime:0.000000s ]
SQL: SELECT * FROM `app2_times` WHERE ( `username` = 'admin' ) AND ( `isadmin` = 1 ) LIMIT 1   [ RunTime:0.000000s ]
SQL: DELETE FROM `app2_times` WHERE ( `username` = 'admin' ) [ RunTime:0.015600s ]
SQL: UPDATE `app2_admin` SET `lastloginip`='127.0.0.1',`lastlogintime`=1441525333 WHERE ( `userid` = 1 ) [ RunTime:0.000000s ]

[ 2015-09-06T15:42:13+08:00 ] 127.0.0.1 /thinkphpcms/index.php?m=admin&c=index&a=index
INFO: [ app_begin ] --START--
INFO: Run Behavior\ReadHtmlCacheBehavior [ RunTime:0.000000s ]
SQL: SHOW COLUMNS FROM `app2_setting` [ RunTime:0.000000s ]
SQL: SELECT `key`,`value` FROM `app2_setting`  [ RunTime:0.000000s ]
NOTIC: [2] unlink(C:\wamp\www\ThinkPHPCMS\Public\Runtime\Temp/71df8fced343b2a8ba67c00a47a67b50.php): No such file or directory C:\wamp\www\ThinkPHPCMS\Libs\ThinkPHP\Library\Think\Cache\Driver\File.class.php 第 157 行.
INFO: Run \Common\Behavior\SettingBehavior [ RunTime:0.015600s ]
INFO: [ app_begin ] --END-- [ RunTime:0.015600s ]
SQL: SHOW COLUMNS FROM `app2_admin` [ RunTime:0.000000s ]
SQL: SHOW COLUMNS FROM `app2_menu` [ RunTime:0.015600s ]
SQL: SHOW COLUMNS FROM `app2_admin_role` [ RunTime:0.000000s ]
SQL: SELECT `userid`,`username`,`roleid`,`encrypt`,`lastloginip`,`lastlogintime`,`email`,`realname` FROM `app2_admin` WHERE ( `userid` = 1 ) LIMIT 1   [ RunTime:0.000000s ]
SQL: SELECT `rolename` FROM `app2_admin_role` WHERE ( `roleid` = 1 ) LIMIT 1   [ RunTime:0.000000s ]
SQL: SELECT * FROM `app2_menu` WHERE ( `parentid` = 0 ) AND ( `display` = 1 ) ORDER BY listorder ASC LIMIT 1000   [ RunTime:0.015600s ]
INFO: [ view_parse ] --START--
INFO: [ template_filter ] --START--
INFO: Run Behavior\ContentReplaceBehavior [ RunTime:0.000000s ]
INFO: [ template_filter ] --END-- [ RunTime:0.000000s ]
INFO: Run Behavior\ParseTemplateBehavior [ RunTime:0.031200s ]
INFO: [ view_parse ] --END-- [ RunTime:0.031200s ]
INFO: [ view_filter ] --START--
INFO: Run Behavior\WriteHtmlCacheBehavior [ RunTime:0.000000s ]
INFO: [ view_filter ] --END-- [ RunTime:0.000000s ]
INFO: [ app_end ] --START--
INFO: Run Behavior\ShowPageTraceBehavior [ RunTime:0.000000s ]
INFO: [ app_end ] --END-- [ RunTime:0.000000s ]

[ 2015-09-06T15:42:17+08:00 ] 127.0.0.1 /thinkphpcms/index.php?m=admin&c=index&a=public_main&_=1441525334307
INFO: [ app_begin ] --START--
INFO: Run Behavior\ReadHtmlCacheBehavior [ RunTime:0.000000s ]
SQL: SHOW COLUMNS FROM `app2_setting` [ RunTime:0.000000s ]
SQL: SELECT `key`,`value` FROM `app2_setting`  [ RunTime:0.000000s ]
NOTIC: [2] unlink(C:\wamp\www\ThinkPHPCMS\Public\Runtime\Temp/71df8fced343b2a8ba67c00a47a67b50.php): No such file or directory C:\wamp\www\ThinkPHPCMS\Libs\ThinkPHP\Library\Think\Cache\Driver\File.class.php 第 157 行.
INFO: Run \Common\Behavior\SettingBehavior [ RunTime:0.015600s ]
INFO: [ app_begin ] --END-- [ RunTime:0.015600s ]
SQL: SHOW COLUMNS FROM `app2_admin` [ RunTime:0.000000s ]
SQL: SHOW COLUMNS FROM `app2_admin_role` [ RunTime:0.000000s ]
SQL: SELECT `userid`,`username`,`roleid`,`encrypt`,`lastloginip`,`lastlogintime`,`email`,`realname` FROM `app2_admin` WHERE ( `userid` = 1 ) LIMIT 1   [ RunTime:0.000000s ]
SQL: SELECT `rolename` FROM `app2_admin_role` WHERE ( `roleid` = 1 ) LIMIT 1   [ RunTime:0.000000s ]
NOTIC: [2048] Non-static method Admin\Common\Sysinfo::getinfo() should not be called statically, assuming $this from incompatible context C:\wamp\www\ThinkPHPCMS\App\Admin\Controller\IndexController.class.php 第 111 行.
NOTIC: [2048] Non-static method Admin\Common\Sysinfo::sys_windows() should not be called statically, assuming $this from incompatible context C:\wamp\www\ThinkPHPCMS\App\Admin\Common\Sysinfo.class.php 第 19 行.
NOTIC: [2048] Non-static method Admin\Common\Sysinfo::GetWMI() should not be called statically, assuming $this from incompatible context C:\wamp\www\ThinkPHPCMS\App\Admin\Common\Sysinfo.class.php 第 250 行.
NOTIC: [2] reset() expects parameter 1 to be array, object given C:\wamp\www\ThinkPHPCMS\App\Admin\Common\Sysinfo.class.php 第 300 行.
NOTIC: [2048] Non-static method Admin\Common\Sysinfo::GetWMI() should not be called statically, assuming $this from incompatible context C:\wamp\www\ThinkPHPCMS\App\Admin\Common\Sysinfo.class.php 第 262 行.
NOTIC: [2] reset() expects parameter 1 to be array, object given C:\wamp\www\ThinkPHPCMS\App\Admin\Common\Sysinfo.class.php 第 300 行.
NOTIC: [2048] Non-static method Admin\Common\Sysinfo::GetWMI() should not be called statically, assuming $this from incompatible context C:\wamp\www\ThinkPHPCMS\App\Admin\Common\Sysinfo.class.php 第 285 行.
NOTIC: [2] reset() expects parameter 1 to be array, object given C:\wamp\www\ThinkPHPCMS\App\Admin\Common\Sysinfo.class.php 第 300 行.
NOTIC: [2048] Non-static method Admin\Common\Sysinfo::GetWMI() should not be called statically, assuming $this from incompatible context C:\wamp\www\ThinkPHPCMS\App\Admin\Common\Sysinfo.class.php 第 288 行.
NOTIC: [2] reset() expects parameter 1 to be array, object given C:\wamp\www\ThinkPHPCMS\App\Admin\Common\Sysinfo.class.php 第 300 行.
NOTIC: [8] Undefined index: memCached C:\wamp\www\ThinkPHPCMS\App\Admin\Common\Sysinfo.class.php 第 25 行.
NOTIC: [8] Undefined index: memRealPercent C:\wamp\www\ThinkPHPCMS\App\Admin\Common\Sysinfo.class.php 第 25 行.
NOTIC: [8] Undefined index: memCachedPercent C:\wamp\www\ThinkPHPCMS\App\Admin\Common\Sysinfo.class.php 第 25 行.
NOTIC: [8] Undefined index: swapTotal C:\wamp\www\ThinkPHPCMS\App\Admin\Common\Sysinfo.class.php 第 25 行.
NOTIC: [8] Undefined index: swapUsed C:\wamp\www\ThinkPHPCMS\App\Admin\Common\Sysinfo.class.php 第 25 行.
NOTIC: [8] Undefined index: swapFree C:\wamp\www\ThinkPHPCMS\App\Admin\Common\Sysinfo.class.php 第 25 行.
NOTIC: [8] Undefined index: swapPercent C:\wamp\www\ThinkPHPCMS\App\Admin\Common\Sysinfo.class.php 第 25 行.
NOTIC: [2] file(/proc/net/dev): failed to open stream: No such file or directory C:\wamp\www\ThinkPHPCMS\App\Admin\Common\Sysinfo.class.php 第 33 行.
NOTIC: [8] Undefined index: memBuffers C:\wamp\www\ThinkPHPCMS\App\Admin\Common\Sysinfo.class.php 第 68 行.
NOTIC: [8] Undefined index: memRealUsed C:\wamp\www\ThinkPHPCMS\App\Admin\Common\Sysinfo.class.php 第 73 行.
NOTIC: [8] Undefined index: memRealFree C:\wamp\www\ThinkPHPCMS\App\Admin\Common\Sysinfo.class.php 第 74 行.
NOTIC: [8] Undefined offset: 2 C:\wamp\www\ThinkPHPCMS\App\Admin\Common\Sysinfo.class.php 第 82 行.
NOTIC: [8] Undefined offset: 3 C:\wamp\www\ThinkPHPCMS\App\Admin\Common\Sysinfo.class.php 第 83 行.
NOTIC: [8] Undefined offset: 4 C:\wamp\www\ThinkPHPCMS\App\Admin\Common\Sysinfo.class.php 第 84 行.
NOTIC: [8] Undefined offset: 5 C:\wamp\www\ThinkPHPCMS\App\Admin\Common\Sysinfo.class.php 第 85 行.
NOTIC: [8] Undefined offset: 6 C:\wamp\www\ThinkPHPCMS\App\Admin\Common\Sysinfo.class.php 第 86 行.
NOTIC: [8] Undefined offset: 7 C:\wamp\www\ThinkPHPCMS\App\Admin\Common\Sysinfo.class.php 第 87 行.
NOTIC: [8] Undefined offset: 8 C:\wamp\www\ThinkPHPCMS\App\Admin\Common\Sysinfo.class.php 第 88 行.
NOTIC: [8] Undefined offset: 9 C:\wamp\www\ThinkPHPCMS\App\Admin\Common\Sysinfo.class.php 第 89 行.
NOTIC: [8] Undefined offset: 10 C:\wamp\www\ThinkPHPCMS\App\Admin\Common\Sysinfo.class.php 第 90 行.
NOTIC: [8] Undefined variable: NetInput C:\wamp\www\ThinkPHPCMS\App\Admin\Common\Sysinfo.class.php 第 91 行.
NOTIC: [8] Undefined variable: NetInput C:\wamp\www\ThinkPHPCMS\App\Admin\Common\Sysinfo.class.php 第 92 行.
NOTIC: [8] Undefined variable: NetInput C:\wamp\www\ThinkPHPCMS\App\Admin\Common\Sysinfo.class.php 第 93 行.
NOTIC: [8] Undefined variable: NetInput C:\wamp\www\ThinkPHPCMS\App\Admin\Common\Sysinfo.class.php 第 94 行.
NOTIC: [8] Undefined variable: NetInput C:\wamp\www\ThinkPHPCMS\App\Admin\Common\Sysinfo.class.php 第 95 行.
NOTIC: [8] Undefined variable: NetInput C:\wamp\www\ThinkPHPCMS\App\Admin\Common\Sysinfo.class.php 第 96 行.
NOTIC: [8] Undefined variable: NetInput C:\wamp\www\ThinkPHPCMS\App\Admin\Common\Sysinfo.class.php 第 97 行.
NOTIC: [8] Undefined variable: NetInput C:\wamp\www\ThinkPHPCMS\App\Admin\Common\Sysinfo.class.php 第 98 行.
NOTIC: [8] Undefined variable: NetInput C:\wamp\www\ThinkPHPCMS\App\Admin\Common\Sysinfo.class.php 第 99 行.
NOTIC: [2] file(/proc/net/dev): failed to open stream: No such file or directory C:\wamp\www\ThinkPHPCMS\App\Admin\Controller\IndexController.class.php 第 115 行.
INFO: [ view_parse ] --START--
INFO: [ template_filter ] --START--
INFO: Run Behavior\ContentReplaceBehavior [ RunTime:0.000000s ]
INFO: [ template_filter ] --END-- [ RunTime:0.000000s ]
INFO: Run Behavior\ParseTemplateBehavior [ RunTime:0.031200s ]
INFO: [ view_parse ] --END-- [ RunTime:0.031200s ]
INFO: [ view_filter ] --START--
INFO: Run Behavior\WriteHtmlCacheBehavior [ RunTime:0.000000s ]
INFO: [ view_filter ] --END-- [ RunTime:0.000000s ]
INFO: [ app_end ] --START--
INFO: Run Behavior\ShowPageTraceBehavior [ RunTime:0.000000s ]
INFO: [ app_end ] --END-- [ RunTime:0.000000s ]

[ 2015-09-06T15:42:17+08:00 ] 127.0.0.1 /thinkphpcms/index.php?m=admin&c=index&a=public_menuleft
INFO: [ app_begin ] --START--
INFO: Run Behavior\ReadHtmlCacheBehavior [ RunTime:0.000000s ]
SQL: SHOW COLUMNS FROM `app2_setting` [ RunTime:0.015600s ]
SQL: SELECT `key`,`value` FROM `app2_setting`  [ RunTime:0.000000s ]
NOTIC: [2] unlink(C:\wamp\www\ThinkPHPCMS\Public\Runtime\Temp/71df8fced343b2a8ba67c00a47a67b50.php): No such file or directory C:\wamp\www\ThinkPHPCMS\Libs\ThinkPHP\Library\Think\Cache\Driver\File.class.php 第 157 行.
INFO: Run \Common\Behavior\SettingBehavior [ RunTime:0.343201s ]
INFO: [ app_begin ] --END-- [ RunTime:0.343201s ]
SQL: SHOW COLUMNS FROM `app2_menu` [ RunTime:0.000000s ]
SQL: SELECT * FROM `app2_menu` WHERE ( `parentid` = 1 ) AND ( `display` = 1 ) ORDER BY listorder ASC LIMIT 1000   [ RunTime:0.000000s ]
SQL: SELECT * FROM `app2_menu` WHERE ( `parentid` = 6 ) AND ( `display` = 1 ) ORDER BY listorder ASC LIMIT 1000   [ RunTime:0.000000s ]
SQL: SELECT * FROM `app2_menu` WHERE ( `parentid` = 47 ) AND ( `display` = 1 ) ORDER BY listorder ASC LIMIT 1000   [ RunTime:0.000000s ]
SQL: SELECT * FROM `app2_menu` WHERE ( `parentid` = 49 ) AND ( `display` = 1 ) ORDER BY listorder ASC LIMIT 1000   [ RunTime:0.000000s ]

[ 2015-09-06T15:42:20+08:00 ] 127.0.0.1 /thinkphpcms/index.php?m=admin&c=optiondata&a=optionlist&menuid=50&_=1441525340740
INFO: [ app_begin ] --START--
INFO: Run Behavior\ReadHtmlCacheBehavior [ RunTime:0.015600s ]
SQL: SHOW COLUMNS FROM `app2_setting` [ RunTime:0.015600s ]
SQL: SELECT `key`,`value` FROM `app2_setting`  [ RunTime:0.000000s ]
NOTIC: [2] unlink(C:\wamp\www\ThinkPHPCMS\Public\Runtime\Temp/71df8fced343b2a8ba67c00a47a67b50.php): No such file or directory C:\wamp\www\ThinkPHPCMS\Libs\ThinkPHP\Library\Think\Cache\Driver\File.class.php 第 157 行.
INFO: Run \Common\Behavior\SettingBehavior [ RunTime:0.031200s ]
INFO: [ app_begin ] --END-- [ RunTime:0.046800s ]
INFO: [ view_parse ] --START--
INFO: [ template_filter ] --START--
INFO: Run Behavior\ContentReplaceBehavior [ RunTime:0.000000s ]
INFO: [ template_filter ] --END-- [ RunTime:0.000000s ]
INFO: Run Behavior\ParseTemplateBehavior [ RunTime:0.031200s ]
INFO: [ view_parse ] --END-- [ RunTime:0.031200s ]
INFO: [ view_filter ] --START--
INFO: Run Behavior\WriteHtmlCacheBehavior [ RunTime:0.000000s ]
INFO: [ view_filter ] --END-- [ RunTime:0.000000s ]
INFO: [ app_end ] --START--
INFO: Run Behavior\ShowPageTraceBehavior [ RunTime:0.000000s ]
INFO: [ app_end ] --END-- [ RunTime:0.000000s ]

[ 2015-09-06T15:42:21+08:00 ] 127.0.0.1 /thinkphpcms/index.php?m=admin&c=dictdata&a=getdictnamejson&id=200
INFO: [ app_begin ] --START--
INFO: Run Behavior\ReadHtmlCacheBehavior [ RunTime:0.000000s ]
SQL: SHOW COLUMNS FROM `app2_setting` [ RunTime:0.000000s ]
SQL: SELECT `key`,`value` FROM `app2_setting`  [ RunTime:0.000000s ]
NOTIC: [2] unlink(C:\wamp\www\ThinkPHPCMS\Public\Runtime\Temp/71df8fced343b2a8ba67c00a47a67b50.php): No such file or directory C:\wamp\www\ThinkPHPCMS\Libs\ThinkPHP\Library\Think\Cache\Driver\File.class.php 第 157 行.
INFO: Run \Common\Behavior\SettingBehavior [ RunTime:0.031200s ]
INFO: [ app_begin ] --END-- [ RunTime:0.031200s ]
SQL: SHOW COLUMNS FROM `app2_data_dict` [ RunTime:0.015600s ]
SQL: SELECT `type_id`,`type_name` FROM `app2_data_dict` WHERE ( `belong_type` = 200 )  [ RunTime:0.000000s ]
INFO: [ app_end ] --START--
INFO: Run Behavior\ShowPageTraceBehavior [ RunTime:0.000000s ]
INFO: [ app_end ] --END-- [ RunTime:0.000000s ]

[ 2015-09-06T15:42:21+08:00 ] 127.0.0.1 /thinkphpcms/index.php?m=admin&c=dictdata&a=getdictnamejson&id=100
INFO: [ app_begin ] --START--
INFO: Run Behavior\ReadHtmlCacheBehavior [ RunTime:0.000000s ]
SQL: SHOW COLUMNS FROM `app2_setting` [ RunTime:0.015600s ]
SQL: SELECT `key`,`value` FROM `app2_setting`  [ RunTime:0.000000s ]
NOTIC: [2] unlink(C:\wamp\www\ThinkPHPCMS\Public\Runtime\Temp/71df8fced343b2a8ba67c00a47a67b50.php): No such file or directory C:\wamp\www\ThinkPHPCMS\Libs\ThinkPHP\Library\Think\Cache\Driver\File.class.php 第 157 行.
INFO: Run \Common\Behavior\SettingBehavior [ RunTime:0.046800s ]
INFO: [ app_begin ] --END-- [ RunTime:0.046800s ]
SQL: SHOW COLUMNS FROM `app2_data_dict` [ RunTime:0.000000s ]
SQL: SELECT `type_id`,`type_name` FROM `app2_data_dict` WHERE ( `belong_type` = 100 )  [ RunTime:0.000000s ]
INFO: [ app_end ] --START--
INFO: Run Behavior\ShowPageTraceBehavior [ RunTime:0.015600s ]
INFO: [ app_end ] --END-- [ RunTime:0.015600s ]

[ 2015-09-06T15:42:21+08:00 ] 127.0.0.1 /thinkphpcms/index.php?m=admin&c=optiondata&a=optionlist
INFO: [ app_begin ] --START--
INFO: Run Behavior\ReadHtmlCacheBehavior [ RunTime:0.000000s ]
SQL: SHOW COLUMNS FROM `app2_setting` [ RunTime:0.015600s ]
SQL: SELECT `key`,`value` FROM `app2_setting`  [ RunTime:0.000000s ]
NOTIC: [2] unlink(C:\wamp\www\ThinkPHPCMS\Public\Runtime\Temp/71df8fced343b2a8ba67c00a47a67b50.php): No such file or directory C:\wamp\www\ThinkPHPCMS\Libs\ThinkPHP\Library\Think\Cache\Driver\File.class.php 第 157 行.
INFO: Run \Common\Behavior\SettingBehavior [ RunTime:0.031200s ]
INFO: [ app_begin ] --END-- [ RunTime:0.031200s ]
INFO: [ view_parse ] --START--
INFO: [ template_filter ] --START--
INFO: Run Behavior\ContentReplaceBehavior [ RunTime:0.000000s ]
INFO: [ template_filter ] --END-- [ RunTime:0.000000s ]
INFO: Run Behavior\ParseTemplateBehavior [ RunTime:0.358801s ]
INFO: [ view_parse ] --END-- [ RunTime:0.358801s ]
INFO: [ view_filter ] --START--
INFO: Run Behavior\WriteHtmlCacheBehavior [ RunTime:0.000000s ]
INFO: [ view_filter ] --END-- [ RunTime:0.000000s ]
INFO: [ app_end ] --START--
INFO: Run Behavior\ShowPageTraceBehavior [ RunTime:0.000000s ]
INFO: [ app_end ] --END-- [ RunTime:0.000000s ]

[ 2015-09-06T15:42:22+08:00 ] 127.0.0.1 /thinkphpcms/index.php?m=admin&c=optiondata&a=optionlist
INFO: [ app_begin ] --START--
INFO: Run Behavior\ReadHtmlCacheBehavior [ RunTime:0.000000s ]
SQL: SHOW COLUMNS FROM `app2_setting` [ RunTime:0.015600s ]
SQL: SELECT `key`,`value` FROM `app2_setting`  [ RunTime:0.000000s ]
NOTIC: [2] unlink(C:\wamp\www\ThinkPHPCMS\Public\Runtime\Temp/71df8fced343b2a8ba67c00a47a67b50.php): No such file or directory C:\wamp\www\ThinkPHPCMS\Libs\ThinkPHP\Library\Think\Cache\Driver\File.class.php 第 157 行.
INFO: Run \Common\Behavior\SettingBehavior [ RunTime:0.031201s ]
INFO: [ app_begin ] --END-- [ RunTime:0.031201s ]
INFO: [ view_parse ] --START--
INFO: [ template_filter ] --START--
INFO: Run Behavior\ContentReplaceBehavior [ RunTime:0.015600s ]
INFO: [ template_filter ] --END-- [ RunTime:0.015600s ]
INFO: Run Behavior\ParseTemplateBehavior [ RunTime:0.046800s ]
INFO: [ view_parse ] --END-- [ RunTime:0.046800s ]
INFO: [ view_filter ] --START--
INFO: Run Behavior\WriteHtmlCacheBehavior [ RunTime:0.000000s ]
INFO: [ view_filter ] --END-- [ RunTime:0.000000s ]
INFO: [ app_end ] --START--
INFO: Run Behavior\ShowPageTraceBehavior [ RunTime:0.000000s ]
INFO: [ app_end ] --END-- [ RunTime:0.000000s ]

[ 2015-09-06T15:42:22+08:00 ] 127.0.0.1 /thinkphpcms/index.php?m=admin&c=optiondata&a=optionlist
INFO: [ app_begin ] --START--
INFO: Run Behavior\ReadHtmlCacheBehavior [ RunTime:0.000000s ]
SQL: SHOW COLUMNS FROM `app2_setting` [ RunTime:0.000000s ]
SQL: SELECT `key`,`value` FROM `app2_setting`  [ RunTime:0.000000s ]
NOTIC: [2] unlink(C:\wamp\www\ThinkPHPCMS\Public\Runtime\Temp/71df8fced343b2a8ba67c00a47a67b50.php): No such file or directory C:\wamp\www\ThinkPHPCMS\Libs\ThinkPHP\Library\Think\Cache\Driver\File.class.php 第 157 行.
INFO: Run \Common\Behavior\SettingBehavior [ RunTime:0.046800s ]
INFO: [ app_begin ] --END-- [ RunTime:0.046800s ]
INFO: [ view_parse ] --START--
INFO: [ template_filter ] --START--
INFO: Run Behavior\ContentReplaceBehavior [ RunTime:0.000000s ]
INFO: [ template_filter ] --END-- [ RunTime:0.000000s ]
INFO: Run Behavior\ParseTemplateBehavior [ RunTime:0.031200s ]
INFO: [ view_parse ] --END-- [ RunTime:0.031200s ]
INFO: [ view_filter ] --START--
INFO: Run Behavior\WriteHtmlCacheBehavior [ RunTime:0.000000s ]
INFO: [ view_filter ] --END-- [ RunTime:0.000000s ]
INFO: [ app_end ] --START--
INFO: Run Behavior\ShowPageTraceBehavior [ RunTime:0.000000s ]
INFO: [ app_end ] --END-- [ RunTime:0.000000s ]

[ 2015-09-06T15:42:22+08:00 ] 127.0.0.1 /thinkphpcms/index.php?m=admin&c=optiondata&a=optionlist
INFO: [ app_begin ] --START--
INFO: Run Behavior\ReadHtmlCacheBehavior [ RunTime:0.000000s ]
SQL: SHOW COLUMNS FROM `app2_setting` [ RunTime:0.000000s ]
SQL: SELECT `key`,`value` FROM `app2_setting`  [ RunTime:0.000000s ]
NOTIC: [2] unlink(C:\wamp\www\ThinkPHPCMS\Public\Runtime\Temp/71df8fced343b2a8ba67c00a47a67b50.php): No such file or directory C:\wamp\www\ThinkPHPCMS\Libs\ThinkPHP\Library\Think\Cache\Driver\File.class.php 第 157 行.
INFO: Run \Common\Behavior\SettingBehavior [ RunTime:0.015600s ]
INFO: [ app_begin ] --END-- [ RunTime:0.015600s ]
SQL: SHOW COLUMNS FROM `app2_optiondata` [ RunTime:0.031200s ]
SQL: SELECT COUNT(*) AS tp_count FROM `app2_optiondata` LIMIT 1   [ RunTime:0.031200s ]
SQL: SELECT * FROM `app2_optiondata` WHERE ( `course` = 201 ) AND ( `type` = 101 ) LIMIT 0,15   [ RunTime:0.000000s ]
SQL: SHOW COLUMNS FROM `app2_data_dict` [ RunTime:0.000000s ]
SQL: SELECT `type_id`,`type_name` FROM `app2_data_dict` WHERE ( `type_id` = 201 )  [ RunTime:0.000000s ]
SQL: SELECT `type_id`,`type_name` FROM `app2_data_dict` WHERE ( `type_id` = 101 )  [ RunTime:0.000000s ]
SQL: SELECT `type_id`,`type_name` FROM `app2_data_dict` WHERE ( `type_id` = 201 )  [ RunTime:0.000000s ]
SQL: SELECT `type_id`,`type_name` FROM `app2_data_dict` WHERE ( `type_id` = 101 )  [ RunTime:0.000000s ]
SQL: SELECT `type_id`,`type_name` FROM `app2_data_dict` WHERE ( `type_id` = 201 )  [ RunTime:0.000000s ]
SQL: SELECT `type_id`,`type_name` FROM `app2_data_dict` WHERE ( `type_id` = 101 )  [ RunTime:0.000000s ]
SQL: SELECT `type_id`,`type_name` FROM `app2_data_dict` WHERE ( `type_id` = 201 )  [ RunTime:0.000000s ]
SQL: SELECT `type_id`,`type_name` FROM `app2_data_dict` WHERE ( `type_id` = 101 )  [ RunTime:0.015600s ]
SQL: SELECT `type_id`,`type_name` FROM `app2_data_dict` WHERE ( `type_id` = 201 )  [ RunTime:0.000000s ]
SQL: SELECT `type_id`,`type_name` FROM `app2_data_dict` WHERE ( `type_id` = 101 )  [ RunTime:0.000000s ]
SQL: SELECT `type_id`,`type_name` FROM `app2_data_dict` WHERE ( `type_id` = 201 )  [ RunTime:0.000000s ]
SQL: SELECT `type_id`,`type_name` FROM `app2_data_dict` WHERE ( `type_id` = 101 )  [ RunTime:0.000000s ]
INFO: [ app_end ] --START--
INFO: Run Behavior\ShowPageTraceBehavior [ RunTime:0.000000s ]
INFO: [ app_end ] --END-- [ RunTime:0.000000s ]

[ 2015-09-06T15:42:36+08:00 ] 127.0.0.1 /thinkphpcms/index.php?m=admin&c=dictdata&a=dictlist&menuid=48&_=1441525356101
INFO: [ app_begin ] --START--
INFO: Run Behavior\ReadHtmlCacheBehavior [ RunTime:0.000000s ]
SQL: SHOW COLUMNS FROM `app2_setting` [ RunTime:0.000000s ]
SQL: SELECT `key`,`value` FROM `app2_setting`  [ RunTime:0.000000s ]
NOTIC: [2] unlink(C:\wamp\www\ThinkPHPCMS\Public\Runtime\Temp/71df8fced343b2a8ba67c00a47a67b50.php): No such file or directory C:\wamp\www\ThinkPHPCMS\Libs\ThinkPHP\Library\Think\Cache\Driver\File.class.php 第 157 行.
INFO: Run \Common\Behavior\SettingBehavior [ RunTime:0.093601s ]
INFO: [ app_begin ] --END-- [ RunTime:0.093601s ]
INFO: [ view_parse ] --START--
INFO: [ template_filter ] --START--
INFO: Run Behavior\ContentReplaceBehavior [ RunTime:0.000000s ]
INFO: [ template_filter ] --END-- [ RunTime:0.015600s ]
INFO: Run Behavior\ParseTemplateBehavior [ RunTime:0.031200s ]
INFO: [ view_parse ] --END-- [ RunTime:0.031200s ]
INFO: [ view_filter ] --START--
INFO: Run Behavior\WriteHtmlCacheBehavior [ RunTime:0.000000s ]
INFO: [ view_filter ] --END-- [ RunTime:0.000000s ]
INFO: [ app_end ] --START--
INFO: Run Behavior\ShowPageTraceBehavior [ RunTime:0.000000s ]
INFO: [ app_end ] --END-- [ RunTime:0.000000s ]

[ 2015-09-06T15:42:37+08:00 ] 127.0.0.1 /thinkphpcms/index.php?m=admin&c=dictdata&a=getfirstdict
INFO: [ app_begin ] --START--
INFO: Run Behavior\ReadHtmlCacheBehavior [ RunTime:0.000000s ]
SQL: SHOW COLUMNS FROM `app2_setting` [ RunTime:0.000000s ]
SQL: SELECT `key`,`value` FROM `app2_setting`  [ RunTime:0.000000s ]
NOTIC: [2] unlink(C:\wamp\www\ThinkPHPCMS\Public\Runtime\Temp/71df8fced343b2a8ba67c00a47a67b50.php): No such file or directory C:\wamp\www\ThinkPHPCMS\Libs\ThinkPHP\Library\Think\Cache\Driver\File.class.php 第 157 行.
INFO: Run \Common\Behavior\SettingBehavior [ RunTime:0.015600s ]
INFO: [ app_begin ] --END-- [ RunTime:0.031200s ]
SQL: SHOW COLUMNS FROM `app2_data_dict` [ RunTime:0.000000s ]
SQL: SELECT `dict_id`,`fname` FROM `app2_data_dict`  [ RunTime:0.000000s ]
ERR: 1054:Champ 'dict_id' inconnu dans field list
 [ SQL语句 ] : SELECT `dict_id`,`fname` FROM `app2_data_dict` 
NOTIC: [8] Array to string conversion C:\wamp\www\ThinkPHPCMS\App\Admin\Controller\DictdataController.class.php 第 113 行.
INFO: [ app_end ] --START--
INFO: Run Behavior\ShowPageTraceBehavior [ RunTime:0.000000s ]
INFO: [ app_end ] --END-- [ RunTime:0.000000s ]

[ 2015-09-06T15:42:37+08:00 ] 127.0.0.1 /thinkphpcms/index.php?m=admin&c=dictdata&a=dictlist
INFO: [ app_begin ] --START--
INFO: Run Behavior\ReadHtmlCacheBehavior [ RunTime:0.000000s ]
SQL: SHOW COLUMNS FROM `app2_setting` [ RunTime:0.000000s ]
SQL: SELECT `key`,`value` FROM `app2_setting`  [ RunTime:0.000000s ]
NOTIC: [2] unlink(C:\wamp\www\ThinkPHPCMS\Public\Runtime\Temp/71df8fced343b2a8ba67c00a47a67b50.php): No such file or directory C:\wamp\www\ThinkPHPCMS\Libs\ThinkPHP\Library\Think\Cache\Driver\File.class.php 第 157 行.
INFO: Run \Common\Behavior\SettingBehavior [ RunTime:0.031200s ]
INFO: [ app_begin ] --END-- [ RunTime:0.031200s ]
SQL: SHOW COLUMNS FROM `app2_data_dict` [ RunTime:0.000000s ]
SQL: SELECT COUNT(*) AS tp_count FROM `app2_data_dict` LIMIT 1   [ RunTime:0.000000s ]
SQL: SELECT `dict_id`,`fname`,`value1`,`value2` FROM `app2_data_dict` LIMIT 0,15   [ RunTime:0.000000s ]
ERR: 1054:Champ 'dict_id' inconnu dans field list
 [ SQL语句 ] : SELECT `dict_id`,`fname`,`value1`,`value2` FROM `app2_data_dict` LIMIT 0,15  
INFO: [ app_end ] --START--
INFO: Run Behavior\ShowPageTraceBehavior [ RunTime:0.000000s ]
INFO: [ app_end ] --END-- [ RunTime:0.000000s ]

[ 2015-09-06T15:42:39+08:00 ] 127.0.0.1 /thinkphpcms/index.php?m=admin&c=optiondata&a=optionlist&menuid=50&_=1441525358952
INFO: [ app_begin ] --START--
INFO: Run Behavior\ReadHtmlCacheBehavior [ RunTime:0.000000s ]
SQL: SHOW COLUMNS FROM `app2_setting` [ RunTime:0.000000s ]
SQL: SELECT `key`,`value` FROM `app2_setting`  [ RunTime:0.000000s ]
NOTIC: [2] unlink(C:\wamp\www\ThinkPHPCMS\Public\Runtime\Temp/71df8fced343b2a8ba67c00a47a67b50.php): No such file or directory C:\wamp\www\ThinkPHPCMS\Libs\ThinkPHP\Library\Think\Cache\Driver\File.class.php 第 157 行.
INFO: Run \Common\Behavior\SettingBehavior [ RunTime:0.046800s ]
INFO: [ app_begin ] --END-- [ RunTime:0.046800s ]
INFO: [ view_parse ] --START--
INFO: [ template_filter ] --START--
INFO: Run Behavior\ContentReplaceBehavior [ RunTime:0.000000s ]
INFO: [ template_filter ] --END-- [ RunTime:0.000000s ]
INFO: Run Behavior\ParseTemplateBehavior [ RunTime:0.015600s ]
INFO: [ view_parse ] --END-- [ RunTime:0.015600s ]
INFO: [ view_filter ] --START--
INFO: Run Behavior\WriteHtmlCacheBehavior [ RunTime:0.000000s ]
INFO: [ view_filter ] --END-- [ RunTime:0.000000s ]
INFO: [ app_end ] --START--
INFO: Run Behavior\ShowPageTraceBehavior [ RunTime:0.000000s ]
INFO: [ app_end ] --END-- [ RunTime:0.000000s ]

[ 2015-09-06T15:42:39+08:00 ] 127.0.0.1 /thinkphpcms/index.php?m=admin&c=dictdata&a=getdictnamejson&id=200
INFO: [ app_begin ] --START--
INFO: Run Behavior\ReadHtmlCacheBehavior [ RunTime:0.000000s ]
SQL: SHOW COLUMNS FROM `app2_setting` [ RunTime:0.015600s ]
SQL: SELECT `key`,`value` FROM `app2_setting`  [ RunTime:0.000000s ]
NOTIC: [2] unlink(C:\wamp\www\ThinkPHPCMS\Public\Runtime\Temp/71df8fced343b2a8ba67c00a47a67b50.php): No such file or directory C:\wamp\www\ThinkPHPCMS\Libs\ThinkPHP\Library\Think\Cache\Driver\File.class.php 第 157 行.
INFO: Run \Common\Behavior\SettingBehavior [ RunTime:0.031200s ]
INFO: [ app_begin ] --END-- [ RunTime:0.031200s ]
SQL: SHOW COLUMNS FROM `app2_data_dict` [ RunTime:0.000000s ]
SQL: SELECT `type_id`,`type_name` FROM `app2_data_dict` WHERE ( `belong_type` = 200 )  [ RunTime:0.000000s ]
INFO: [ app_end ] --START--
INFO: Run Behavior\ShowPageTraceBehavior [ RunTime:0.000000s ]
INFO: [ app_end ] --END-- [ RunTime:0.000000s ]

[ 2015-09-06T15:42:39+08:00 ] 127.0.0.1 /thinkphpcms/index.php?m=admin&c=dictdata&a=getdictnamejson&id=100
INFO: [ app_begin ] --START--
INFO: Run Behavior\ReadHtmlCacheBehavior [ RunTime:0.000000s ]
SQL: SHOW COLUMNS FROM `app2_setting` [ RunTime:0.015600s ]
SQL: SELECT `key`,`value` FROM `app2_setting`  [ RunTime:0.000000s ]
NOTIC: [2] unlink(C:\wamp\www\ThinkPHPCMS\Public\Runtime\Temp/71df8fced343b2a8ba67c00a47a67b50.php): No such file or directory C:\wamp\www\ThinkPHPCMS\Libs\ThinkPHP\Library\Think\Cache\Driver\File.class.php 第 157 行.
INFO: Run \Common\Behavior\SettingBehavior [ RunTime:0.031200s ]
INFO: [ app_begin ] --END-- [ RunTime:0.031200s ]
SQL: SHOW COLUMNS FROM `app2_data_dict` [ RunTime:0.000000s ]
SQL: SELECT `type_id`,`type_name` FROM `app2_data_dict` WHERE ( `belong_type` = 100 )  [ RunTime:0.000000s ]
INFO: [ app_end ] --START--
INFO: Run Behavior\ShowPageTraceBehavior [ RunTime:0.000000s ]
INFO: [ app_end ] --END-- [ RunTime:0.000000s ]

[ 2015-09-06T15:42:40+08:00 ] 127.0.0.1 /thinkphpcms/index.php?m=admin&c=optiondata&a=optionlist
INFO: [ app_begin ] --START--
INFO: Run Behavior\ReadHtmlCacheBehavior [ RunTime:0.000000s ]
SQL: SHOW COLUMNS FROM `app2_setting` [ RunTime:0.000000s ]
SQL: SELECT `key`,`value` FROM `app2_setting`  [ RunTime:0.000000s ]
NOTIC: [2] unlink(C:\wamp\www\ThinkPHPCMS\Public\Runtime\Temp/71df8fced343b2a8ba67c00a47a67b50.php): No such file or directory C:\wamp\www\ThinkPHPCMS\Libs\ThinkPHP\Library\Think\Cache\Driver\File.class.php 第 157 行.
INFO: Run \Common\Behavior\SettingBehavior [ RunTime:0.015600s ]
INFO: [ app_begin ] --END-- [ RunTime:0.031200s ]
INFO: [ view_parse ] --START--
INFO: [ template_filter ] --START--
INFO: Run Behavior\ContentReplaceBehavior [ RunTime:0.000000s ]
INFO: [ template_filter ] --END-- [ RunTime:0.000000s ]
INFO: Run Behavior\ParseTemplateBehavior [ RunTime:0.015600s ]
INFO: [ view_parse ] --END-- [ RunTime:0.031200s ]
INFO: [ view_filter ] --START--
INFO: Run Behavior\WriteHtmlCacheBehavior [ RunTime:0.000000s ]
INFO: [ view_filter ] --END-- [ RunTime:0.000000s ]
INFO: [ app_end ] --START--
INFO: Run Behavior\ShowPageTraceBehavior [ RunTime:0.000000s ]
INFO: [ app_end ] --END-- [ RunTime:0.000000s ]

[ 2015-09-06T15:42:40+08:00 ] 127.0.0.1 /thinkphpcms/index.php?m=admin&c=optiondata&a=optionlist
INFO: [ app_begin ] --START--
INFO: Run Behavior\ReadHtmlCacheBehavior [ RunTime:0.000000s ]
SQL: SHOW COLUMNS FROM `app2_setting` [ RunTime:0.000000s ]
SQL: SELECT `key`,`value` FROM `app2_setting`  [ RunTime:0.000000s ]
NOTIC: [2] unlink(C:\wamp\www\ThinkPHPCMS\Public\Runtime\Temp/71df8fced343b2a8ba67c00a47a67b50.php): No such file or directory C:\wamp\www\ThinkPHPCMS\Libs\ThinkPHP\Library\Think\Cache\Driver\File.class.php 第 157 行.
INFO: Run \Common\Behavior\SettingBehavior [ RunTime:0.015600s ]
INFO: [ app_begin ] --END-- [ RunTime:0.015600s ]
INFO: [ view_parse ] --START--
INFO: [ template_filter ] --START--
INFO: Run Behavior\ContentReplaceBehavior [ RunTime:0.000000s ]
INFO: [ template_filter ] --END-- [ RunTime:0.000000s ]
INFO: Run Behavior\ParseTemplateBehavior [ RunTime:0.015600s ]
INFO: [ view_parse ] --END-- [ RunTime:0.015600s ]
INFO: [ view_filter ] --START--
INFO: Run Behavior\WriteHtmlCacheBehavior [ RunTime:0.000000s ]
INFO: [ view_filter ] --END-- [ RunTime:0.000000s ]
INFO: [ app_end ] --START--
INFO: Run Behavior\ShowPageTraceBehavior [ RunTime:0.000000s ]
INFO: [ app_end ] --END-- [ RunTime:0.000000s ]

[ 2015-09-06T15:42:40+08:00 ] 127.0.0.1 /thinkphpcms/index.php?m=admin&c=optiondata&a=optionlist
INFO: [ app_begin ] --START--
INFO: Run Behavior\ReadHtmlCacheBehavior [ RunTime:0.000000s ]
SQL: SHOW COLUMNS FROM `app2_setting` [ RunTime:0.000000s ]
SQL: SELECT `key`,`value` FROM `app2_setting`  [ RunTime:0.000000s ]
NOTIC: [2] unlink(C:\wamp\www\ThinkPHPCMS\Public\Runtime\Temp/71df8fced343b2a8ba67c00a47a67b50.php): No such file or directory C:\wamp\www\ThinkPHPCMS\Libs\ThinkPHP\Library\Think\Cache\Driver\File.class.php 第 157 行.
INFO: Run \Common\Behavior\SettingBehavior [ RunTime:0.031200s ]
INFO: [ app_begin ] --END-- [ RunTime:0.031200s ]
INFO: [ view_parse ] --START--
INFO: [ template_filter ] --START--
INFO: Run Behavior\ContentReplaceBehavior [ RunTime:0.000000s ]
INFO: [ template_filter ] --END-- [ RunTime:0.000000s ]
INFO: Run Behavior\ParseTemplateBehavior [ RunTime:0.015600s ]
INFO: [ view_parse ] --END-- [ RunTime:0.015600s ]
INFO: [ view_filter ] --START--
INFO: Run Behavior\WriteHtmlCacheBehavior [ RunTime:0.000000s ]
INFO: [ view_filter ] --END-- [ RunTime:0.000000s ]
INFO: [ app_end ] --START--
INFO: Run Behavior\ShowPageTraceBehavior [ RunTime:0.000000s ]
INFO: [ app_end ] --END-- [ RunTime:0.000000s ]

[ 2015-09-06T15:42:40+08:00 ] 127.0.0.1 /thinkphpcms/index.php?m=admin&c=optiondata&a=optionlist
INFO: [ app_begin ] --START--
INFO: Run Behavior\ReadHtmlCacheBehavior [ RunTime:0.000000s ]
SQL: SHOW COLUMNS FROM `app2_setting` [ RunTime:0.000000s ]
SQL: SELECT `key`,`value` FROM `app2_setting`  [ RunTime:0.000000s ]
NOTIC: [2] unlink(C:\wamp\www\ThinkPHPCMS\Public\Runtime\Temp/71df8fced343b2a8ba67c00a47a67b50.php): No such file or directory C:\wamp\www\ThinkPHPCMS\Libs\ThinkPHP\Library\Think\Cache\Driver\File.class.php 第 157 行.
INFO: Run \Common\Behavior\SettingBehavior [ RunTime:0.015600s ]
INFO: [ app_begin ] --END-- [ RunTime:0.015600s ]
SQL: SHOW COLUMNS FROM `app2_optiondata` [ RunTime:0.000000s ]
SQL: SELECT COUNT(*) AS tp_count FROM `app2_optiondata` LIMIT 1   [ RunTime:0.000000s ]
SQL: SELECT * FROM `app2_optiondata` WHERE ( `course` = 201 ) AND ( `type` = 101 ) LIMIT 0,15   [ RunTime:0.000000s ]
SQL: SHOW COLUMNS FROM `app2_data_dict` [ RunTime:0.015600s ]
SQL: SELECT `type_id`,`type_name` FROM `app2_data_dict` WHERE ( `type_id` = 201 )  [ RunTime:0.000000s ]
SQL: SELECT `type_id`,`type_name` FROM `app2_data_dict` WHERE ( `type_id` = 101 )  [ RunTime:0.000000s ]
SQL: SELECT `type_id`,`type_name` FROM `app2_data_dict` WHERE ( `type_id` = 201 )  [ RunTime:0.000000s ]
SQL: SELECT `type_id`,`type_name` FROM `app2_data_dict` WHERE ( `type_id` = 101 )  [ RunTime:0.000000s ]
SQL: SELECT `type_id`,`type_name` FROM `app2_data_dict` WHERE ( `type_id` = 201 )  [ RunTime:0.000000s ]
SQL: SELECT `type_id`,`type_name` FROM `app2_data_dict` WHERE ( `type_id` = 101 )  [ RunTime:0.000000s ]
SQL: SELECT `type_id`,`type_name` FROM `app2_data_dict` WHERE ( `type_id` = 201 )  [ RunTime:0.000000s ]
SQL: SELECT `type_id`,`type_name` FROM `app2_data_dict` WHERE ( `type_id` = 101 )  [ RunTime:0.000000s ]
SQL: SELECT `type_id`,`type_name` FROM `app2_data_dict` WHERE ( `type_id` = 201 )  [ RunTime:0.000000s ]
SQL: SELECT `type_id`,`type_name` FROM `app2_data_dict` WHERE ( `type_id` = 101 )  [ RunTime:0.000000s ]
SQL: SELECT `type_id`,`type_name` FROM `app2_data_dict` WHERE ( `type_id` = 201 )  [ RunTime:0.000000s ]
SQL: SELECT `type_id`,`type_name` FROM `app2_data_dict` WHERE ( `type_id` = 101 )  [ RunTime:0.000000s ]
INFO: [ app_end ] --START--
INFO: Run Behavior\ShowPageTraceBehavior [ RunTime:0.000000s ]
INFO: [ app_end ] --END-- [ RunTime:0.000000s ]

[ 2015-09-06T15:44:45+08:00 ] 127.0.0.1 /thinkphpcms/index.php?m=admin&c=optiondata&a=optionlist
INFO: [ app_begin ] --START--
INFO: Run Behavior\ReadHtmlCacheBehavior [ RunTime:0.000000s ]
SQL: SHOW COLUMNS FROM `app2_setting` [ RunTime:0.015600s ]
SQL: SELECT `key`,`value` FROM `app2_setting`  [ RunTime:0.015600s ]
NOTIC: [2] unlink(C:\wamp\www\ThinkPHPCMS\Public\Runtime\Temp/71df8fced343b2a8ba67c00a47a67b50.php): No such file or directory C:\wamp\www\ThinkPHPCMS\Libs\ThinkPHP\Library\Think\Cache\Driver\File.class.php 第 157 行.
INFO: Run \Common\Behavior\SettingBehavior [ RunTime:0.078000s ]
INFO: [ app_begin ] --END-- [ RunTime:0.093600s ]
SQL: SHOW COLUMNS FROM `app2_optiondata` [ RunTime:0.015600s ]
SQL: SELECT COUNT(*) AS tp_count FROM `app2_optiondata` LIMIT 1   [ RunTime:0.000000s ]
SQL: SELECT * FROM `app2_optiondata` WHERE ( `course` = 202 ) AND ( `type` = 101 ) LIMIT 0,15   [ RunTime:0.000000s ]
INFO: [ app_end ] --START--
INFO: Run Behavior\ShowPageTraceBehavior [ RunTime:0.000000s ]
INFO: [ app_end ] --END-- [ RunTime:0.000000s ]

[ 2015-09-06T15:44:47+08:00 ] 127.0.0.1 /thinkphpcms/index.php?m=admin&c=optiondata&a=optionlist
INFO: [ app_begin ] --START--
INFO: Run Behavior\ReadHtmlCacheBehavior [ RunTime:0.000000s ]
SQL: SHOW COLUMNS FROM `app2_setting` [ RunTime:0.000000s ]
SQL: SELECT `key`,`value` FROM `app2_setting`  [ RunTime:0.000000s ]
NOTIC: [2] unlink(C:\wamp\www\ThinkPHPCMS\Public\Runtime\Temp/71df8fced343b2a8ba67c00a47a67b50.php): No such file or directory C:\wamp\www\ThinkPHPCMS\Libs\ThinkPHP\Library\Think\Cache\Driver\File.class.php 第 157 行.
INFO: Run \Common\Behavior\SettingBehavior [ RunTime:0.062400s ]
INFO: [ app_begin ] --END-- [ RunTime:0.062400s ]
SQL: SHOW COLUMNS FROM `app2_optiondata` [ RunTime:0.046800s ]
SQL: SELECT COUNT(*) AS tp_count FROM `app2_optiondata` LIMIT 1   [ RunTime:0.000000s ]
SQL: SELECT * FROM `app2_optiondata` WHERE ( `course` = 202 ) AND ( `type` = 102 ) LIMIT 0,15   [ RunTime:0.000000s ]
INFO: [ app_end ] --START--
INFO: Run Behavior\ShowPageTraceBehavior [ RunTime:0.000000s ]
INFO: [ app_end ] --END-- [ RunTime:0.000000s ]

[ 2015-09-06T15:44:49+08:00 ] 127.0.0.1 /thinkphpcms/index.php?m=admin&c=optiondata&a=optionlist
INFO: [ app_begin ] --START--
INFO: Run Behavior\ReadHtmlCacheBehavior [ RunTime:0.000000s ]
SQL: SHOW COLUMNS FROM `app2_setting` [ RunTime:0.015600s ]
SQL: SELECT `key`,`value` FROM `app2_setting`  [ RunTime:0.000000s ]
NOTIC: [2] unlink(C:\wamp\www\ThinkPHPCMS\Public\Runtime\Temp/71df8fced343b2a8ba67c00a47a67b50.php): No such file or directory C:\wamp\www\ThinkPHPCMS\Libs\ThinkPHP\Library\Think\Cache\Driver\File.class.php 第 157 行.
INFO: Run \Common\Behavior\SettingBehavior [ RunTime:0.031200s ]
INFO: [ app_begin ] --END-- [ RunTime:0.031200s ]
SQL: SHOW COLUMNS FROM `app2_optiondata` [ RunTime:0.015600s ]
SQL: SELECT COUNT(*) AS tp_count FROM `app2_optiondata` LIMIT 1   [ RunTime:0.000000s ]
SQL: SELECT * FROM `app2_optiondata` WHERE ( `course` = 201 ) AND ( `type` = 102 ) LIMIT 0,15   [ RunTime:0.000000s ]
SQL: SHOW COLUMNS FROM `app2_data_dict` [ RunTime:0.015600s ]
SQL: SELECT `type_id`,`type_name` FROM `app2_data_dict` WHERE ( `type_id` = 201 )  [ RunTime:0.000000s ]
SQL: SELECT `type_id`,`type_name` FROM `app2_data_dict` WHERE ( `type_id` = 102 )  [ RunTime:0.000000s ]
SQL: SELECT `type_id`,`type_name` FROM `app2_data_dict` WHERE ( `type_id` = 201 )  [ RunTime:0.000000s ]
SQL: SELECT `type_id`,`type_name` FROM `app2_data_dict` WHERE ( `type_id` = 102 )  [ RunTime:0.000000s ]
SQL: SELECT `type_id`,`type_name` FROM `app2_data_dict` WHERE ( `type_id` = 201 )  [ RunTime:0.000000s ]
SQL: SELECT `type_id`,`type_name` FROM `app2_data_dict` WHERE ( `type_id` = 102 )  [ RunTime:0.000000s ]
SQL: SELECT `type_id`,`type_name` FROM `app2_data_dict` WHERE ( `type_id` = 201 )  [ RunTime:0.000000s ]
SQL: SELECT `type_id`,`type_name` FROM `app2_data_dict` WHERE ( `type_id` = 102 )  [ RunTime:0.000000s ]
INFO: [ app_end ] --START--
INFO: Run Behavior\ShowPageTraceBehavior [ RunTime:0.015600s ]
INFO: [ app_end ] --END-- [ RunTime:0.015600s ]

[ 2015-09-06T15:44:51+08:00 ] 127.0.0.1 /thinkphpcms/index.php?m=admin&c=optiondata&a=optionlist
INFO: [ app_begin ] --START--
INFO: Run Behavior\ReadHtmlCacheBehavior [ RunTime:0.000000s ]
SQL: SHOW COLUMNS FROM `app2_setting` [ RunTime:0.000000s ]
SQL: SELECT `key`,`value` FROM `app2_setting`  [ RunTime:0.000000s ]
NOTIC: [2] unlink(C:\wamp\www\ThinkPHPCMS\Public\Runtime\Temp/71df8fced343b2a8ba67c00a47a67b50.php): No such file or directory C:\wamp\www\ThinkPHPCMS\Libs\ThinkPHP\Library\Think\Cache\Driver\File.class.php 第 157 行.
INFO: Run \Common\Behavior\SettingBehavior [ RunTime:0.046800s ]
INFO: [ app_begin ] --END-- [ RunTime:0.046800s ]
SQL: SHOW COLUMNS FROM `app2_optiondata` [ RunTime:0.000000s ]
SQL: SELECT COUNT(*) AS tp_count FROM `app2_optiondata` LIMIT 1   [ RunTime:0.031200s ]
SQL: SELECT * FROM `app2_optiondata` WHERE ( `course` = 201 ) AND ( `type` = 101 ) LIMIT 0,15   [ RunTime:0.000000s ]
SQL: SHOW COLUMNS FROM `app2_data_dict` [ RunTime:0.000000s ]
SQL: SELECT `type_id`,`type_name` FROM `app2_data_dict` WHERE ( `type_id` = 201 )  [ RunTime:0.031200s ]
SQL: SELECT `type_id`,`type_name` FROM `app2_data_dict` WHERE ( `type_id` = 101 )  [ RunTime:0.000000s ]
SQL: SELECT `type_id`,`type_name` FROM `app2_data_dict` WHERE ( `type_id` = 201 )  [ RunTime:0.000000s ]
SQL: SELECT `type_id`,`type_name` FROM `app2_data_dict` WHERE ( `type_id` = 101 )  [ RunTime:0.000000s ]
SQL: SELECT `type_id`,`type_name` FROM `app2_data_dict` WHERE ( `type_id` = 201 )  [ RunTime:0.000000s ]
SQL: SELECT `type_id`,`type_name` FROM `app2_data_dict` WHERE ( `type_id` = 101 )  [ RunTime:0.000000s ]
SQL: SELECT `type_id`,`type_name` FROM `app2_data_dict` WHERE ( `type_id` = 201 )  [ RunTime:0.000000s ]
SQL: SELECT `type_id`,`type_name` FROM `app2_data_dict` WHERE ( `type_id` = 101 )  [ RunTime:0.000000s ]
SQL: SELECT `type_id`,`type_name` FROM `app2_data_dict` WHERE ( `type_id` = 201 )  [ RunTime:0.000000s ]
SQL: SELECT `type_id`,`type_name` FROM `app2_data_dict` WHERE ( `type_id` = 101 )  [ RunTime:0.000000s ]
SQL: SELECT `type_id`,`type_name` FROM `app2_data_dict` WHERE ( `type_id` = 201 )  [ RunTime:0.000000s ]
SQL: SELECT `type_id`,`type_name` FROM `app2_data_dict` WHERE ( `type_id` = 101 )  [ RunTime:0.000000s ]
INFO: [ app_end ] --START--
INFO: Run Behavior\ShowPageTraceBehavior [ RunTime:0.000000s ]
INFO: [ app_end ] --END-- [ RunTime:0.000000s ]

[ 2015-09-06T15:44:57+08:00 ] 127.0.0.1 /thinkphpcms/index.php?m=admin&c=optiondata&a=optionlist
INFO: [ app_begin ] --START--
INFO: Run Behavior\ReadHtmlCacheBehavior [ RunTime:0.000000s ]
SQL: SHOW COLUMNS FROM `app2_setting` [ RunTime:0.000000s ]
SQL: SELECT `key`,`value` FROM `app2_setting`  [ RunTime:0.000000s ]
NOTIC: [2] unlink(C:\wamp\www\ThinkPHPCMS\Public\Runtime\Temp/71df8fced343b2a8ba67c00a47a67b50.php): No such file or directory C:\wamp\www\ThinkPHPCMS\Libs\ThinkPHP\Library\Think\Cache\Driver\File.class.php 第 157 行.
INFO: Run \Common\Behavior\SettingBehavior [ RunTime:0.031200s ]
INFO: [ app_begin ] --END-- [ RunTime:0.031200s ]
SQL: SHOW COLUMNS FROM `app2_optiondata` [ RunTime:0.015600s ]
SQL: SELECT COUNT(*) AS tp_count FROM `app2_optiondata` LIMIT 1   [ RunTime:0.000000s ]
SQL: SELECT * FROM `app2_optiondata` WHERE ( `course` = 201 ) AND ( `type` = 101 ) LIMIT 0,10   [ RunTime:0.000000s ]
SQL: SHOW COLUMNS FROM `app2_data_dict` [ RunTime:0.015600s ]
SQL: SELECT `type_id`,`type_name` FROM `app2_data_dict` WHERE ( `type_id` = 201 )  [ RunTime:0.000000s ]
SQL: SELECT `type_id`,`type_name` FROM `app2_data_dict` WHERE ( `type_id` = 101 )  [ RunTime:0.000000s ]
SQL: SELECT `type_id`,`type_name` FROM `app2_data_dict` WHERE ( `type_id` = 201 )  [ RunTime:0.000000s ]
SQL: SELECT `type_id`,`type_name` FROM `app2_data_dict` WHERE ( `type_id` = 101 )  [ RunTime:0.000000s ]
SQL: SELECT `type_id`,`type_name` FROM `app2_data_dict` WHERE ( `type_id` = 201 )  [ RunTime:0.000000s ]
SQL: SELECT `type_id`,`type_name` FROM `app2_data_dict` WHERE ( `type_id` = 101 )  [ RunTime:0.000000s ]
SQL: SELECT `type_id`,`type_name` FROM `app2_data_dict` WHERE ( `type_id` = 201 )  [ RunTime:0.000000s ]
SQL: SELECT `type_id`,`type_name` FROM `app2_data_dict` WHERE ( `type_id` = 101 )  [ RunTime:0.000000s ]
SQL: SELECT `type_id`,`type_name` FROM `app2_data_dict` WHERE ( `type_id` = 201 )  [ RunTime:0.000000s ]
SQL: SELECT `type_id`,`type_name` FROM `app2_data_dict` WHERE ( `type_id` = 101 )  [ RunTime:0.000000s ]
SQL: SELECT `type_id`,`type_name` FROM `app2_data_dict` WHERE ( `type_id` = 201 )  [ RunTime:0.000000s ]
SQL: SELECT `type_id`,`type_name` FROM `app2_data_dict` WHERE ( `type_id` = 101 )  [ RunTime:0.000000s ]
INFO: [ app_end ] --START--
INFO: Run Behavior\ShowPageTraceBehavior [ RunTime:0.015600s ]
INFO: [ app_end ] --END-- [ RunTime:0.015600s ]

[ 2015-09-06T15:48:58+08:00 ] 127.0.0.1 /thinkphpcms/index.php?m=admin&c=dictdata&a=dictlist&menuid=48&_=1441525738729
INFO: [ app_begin ] --START--
INFO: Run Behavior\ReadHtmlCacheBehavior [ RunTime:0.000000s ]
SQL: SHOW COLUMNS FROM `app2_setting` [ RunTime:0.000000s ]
SQL: SELECT `key`,`value` FROM `app2_setting`  [ RunTime:0.015600s ]
NOTIC: [2] unlink(C:\wamp\www\ThinkPHPCMS\Public\Runtime\Temp/71df8fced343b2a8ba67c00a47a67b50.php): No such file or directory C:\wamp\www\ThinkPHPCMS\Libs\ThinkPHP\Library\Think\Cache\Driver\File.class.php 第 157 行.
INFO: Run \Common\Behavior\SettingBehavior [ RunTime:0.031200s ]
INFO: [ app_begin ] --END-- [ RunTime:0.031200s ]
INFO: [ view_parse ] --START--
INFO: [ template_filter ] --START--
INFO: Run Behavior\ContentReplaceBehavior [ RunTime:0.000000s ]
INFO: [ template_filter ] --END-- [ RunTime:0.000000s ]
INFO: Run Behavior\ParseTemplateBehavior [ RunTime:0.015600s ]
INFO: [ view_parse ] --END-- [ RunTime:0.015600s ]
INFO: [ view_filter ] --START--
INFO: Run Behavior\WriteHtmlCacheBehavior [ RunTime:0.000000s ]
INFO: [ view_filter ] --END-- [ RunTime:0.000000s ]
INFO: [ app_end ] --START--
INFO: Run Behavior\ShowPageTraceBehavior [ RunTime:0.015600s ]
INFO: [ app_end ] --END-- [ RunTime:0.015600s ]

[ 2015-09-06T15:48:59+08:00 ] 127.0.0.1 /thinkphpcms/index.php?m=admin&c=dictdata&a=getfirstdict
INFO: [ app_begin ] --START--
INFO: Run Behavior\ReadHtmlCacheBehavior [ RunTime:0.000000s ]
SQL: SHOW COLUMNS FROM `app2_setting` [ RunTime:0.000000s ]
SQL: SELECT `key`,`value` FROM `app2_setting`  [ RunTime:0.000000s ]
NOTIC: [2] unlink(C:\wamp\www\ThinkPHPCMS\Public\Runtime\Temp/71df8fced343b2a8ba67c00a47a67b50.php): No such file or directory C:\wamp\www\ThinkPHPCMS\Libs\ThinkPHP\Library\Think\Cache\Driver\File.class.php 第 157 行.
INFO: Run \Common\Behavior\SettingBehavior [ RunTime:0.015600s ]
INFO: [ app_begin ] --END-- [ RunTime:0.015600s ]
SQL: SHOW COLUMNS FROM `app2_data_dict` [ RunTime:0.000000s ]
SQL: SELECT `dict_id`,`fname` FROM `app2_data_dict`  [ RunTime:0.000000s ]
ERR: 1054:Champ 'dict_id' inconnu dans field list
 [ SQL语句 ] : SELECT `dict_id`,`fname` FROM `app2_data_dict` 
NOTIC: [8] Array to string conversion C:\wamp\www\ThinkPHPCMS\App\Admin\Controller\DictdataController.class.php 第 113 行.
INFO: [ app_end ] --START--
INFO: Run Behavior\ShowPageTraceBehavior [ RunTime:0.000000s ]
INFO: [ app_end ] --END-- [ RunTime:0.000000s ]

[ 2015-09-06T15:48:59+08:00 ] 127.0.0.1 /thinkphpcms/index.php?m=admin&c=dictdata&a=dictlist
INFO: [ app_begin ] --START--
INFO: Run Behavior\ReadHtmlCacheBehavior [ RunTime:0.015600s ]
SQL: SHOW COLUMNS FROM `app2_setting` [ RunTime:0.015600s ]
SQL: SELECT `key`,`value` FROM `app2_setting`  [ RunTime:0.000000s ]
NOTIC: [2] unlink(C:\wamp\www\ThinkPHPCMS\Public\Runtime\Temp/71df8fced343b2a8ba67c00a47a67b50.php): No such file or directory C:\wamp\www\ThinkPHPCMS\Libs\ThinkPHP\Library\Think\Cache\Driver\File.class.php 第 157 行.
INFO: Run \Common\Behavior\SettingBehavior [ RunTime:0.015600s ]
INFO: [ app_begin ] --END-- [ RunTime:0.031200s ]
SQL: SHOW COLUMNS FROM `app2_data_dict` [ RunTime:0.015600s ]
SQL: SELECT COUNT(*) AS tp_count FROM `app2_data_dict` LIMIT 1   [ RunTime:0.000000s ]
SQL: SELECT `dict_id`,`fname`,`value1`,`value2` FROM `app2_data_dict` LIMIT 0,15   [ RunTime:0.000000s ]
ERR: 1054:Champ 'dict_id' inconnu dans field list
 [ SQL语句 ] : SELECT `dict_id`,`fname`,`value1`,`value2` FROM `app2_data_dict` LIMIT 0,15  
INFO: [ app_end ] --START--
INFO: Run Behavior\ShowPageTraceBehavior [ RunTime:0.000000s ]
INFO: [ app_end ] --END-- [ RunTime:0.000000s ]

[ 2015-09-06T15:49:01+08:00 ] 127.0.0.1 /thinkphpcms/index.php?m=admin&c=optiondata&a=optionlist&menuid=50&_=1441525741446
INFO: [ app_begin ] --START--
INFO: Run Behavior\ReadHtmlCacheBehavior [ RunTime:0.000000s ]
SQL: SHOW COLUMNS FROM `app2_setting` [ RunTime:0.000000s ]
SQL: SELECT `key`,`value` FROM `app2_setting`  [ RunTime:0.000000s ]
NOTIC: [2] unlink(C:\wamp\www\ThinkPHPCMS\Public\Runtime\Temp/71df8fced343b2a8ba67c00a47a67b50.php): No such file or directory C:\wamp\www\ThinkPHPCMS\Libs\ThinkPHP\Library\Think\Cache\Driver\File.class.php 第 157 行.
INFO: Run \Common\Behavior\SettingBehavior [ RunTime:0.015600s ]
INFO: [ app_begin ] --END-- [ RunTime:0.031200s ]
INFO: [ view_parse ] --START--
INFO: [ template_filter ] --START--
INFO: Run Behavior\ContentReplaceBehavior [ RunTime:0.000000s ]
INFO: [ template_filter ] --END-- [ RunTime:0.000000s ]
INFO: Run Behavior\ParseTemplateBehavior [ RunTime:0.015600s ]
INFO: [ view_parse ] --END-- [ RunTime:0.015600s ]
INFO: [ view_filter ] --START--
INFO: Run Behavior\WriteHtmlCacheBehavior [ RunTime:0.000000s ]
INFO: [ view_filter ] --END-- [ RunTime:0.000000s ]
INFO: [ app_end ] --START--
INFO: Run Behavior\ShowPageTraceBehavior [ RunTime:0.015600s ]
INFO: [ app_end ] --END-- [ RunTime:0.015600s ]

[ 2015-09-06T15:49:01+08:00 ] 127.0.0.1 /thinkphpcms/index.php?m=admin&c=dictdata&a=getdictnamejson&id=200
INFO: [ app_begin ] --START--
INFO: Run Behavior\ReadHtmlCacheBehavior [ RunTime:0.000000s ]
SQL: SHOW COLUMNS FROM `app2_setting` [ RunTime:0.000000s ]
SQL: SELECT `key`,`value` FROM `app2_setting`  [ RunTime:0.000000s ]
NOTIC: [2] unlink(C:\wamp\www\ThinkPHPCMS\Public\Runtime\Temp/71df8fced343b2a8ba67c00a47a67b50.php): No such file or directory C:\wamp\www\ThinkPHPCMS\Libs\ThinkPHP\Library\Think\Cache\Driver\File.class.php 第 157 行.
INFO: Run \Common\Behavior\SettingBehavior [ RunTime:0.015600s ]
INFO: [ app_begin ] --END-- [ RunTime:0.015600s ]
SQL: SHOW COLUMNS FROM `app2_data_dict` [ RunTime:0.015600s ]
SQL: SELECT `type_id`,`type_name` FROM `app2_data_dict` WHERE ( `belong_type` = 200 )  [ RunTime:0.000000s ]
INFO: [ app_end ] --START--
INFO: Run Behavior\ShowPageTraceBehavior [ RunTime:0.000000s ]
INFO: [ app_end ] --END-- [ RunTime:0.000000s ]

[ 2015-09-06T15:49:02+08:00 ] 127.0.0.1 /thinkphpcms/index.php?m=admin&c=dictdata&a=getdictnamejson&id=100
INFO: [ app_begin ] --START--
INFO: Run Behavior\ReadHtmlCacheBehavior [ RunTime:0.000000s ]
SQL: SHOW COLUMNS FROM `app2_setting` [ RunTime:0.000000s ]
SQL: SELECT `key`,`value` FROM `app2_setting`  [ RunTime:0.000000s ]
NOTIC: [2] unlink(C:\wamp\www\ThinkPHPCMS\Public\Runtime\Temp/71df8fced343b2a8ba67c00a47a67b50.php): No such file or directory C:\wamp\www\ThinkPHPCMS\Libs\ThinkPHP\Library\Think\Cache\Driver\File.class.php 第 157 行.
INFO: Run \Common\Behavior\SettingBehavior [ RunTime:0.015600s ]
INFO: [ app_begin ] --END-- [ RunTime:0.015600s ]
SQL: SHOW COLUMNS FROM `app2_data_dict` [ RunTime:0.000000s ]
SQL: SELECT `type_id`,`type_name` FROM `app2_data_dict` WHERE ( `belong_type` = 100 )  [ RunTime:0.000000s ]
INFO: [ app_end ] --START--
INFO: Run Behavior\ShowPageTraceBehavior [ RunTime:0.000000s ]
INFO: [ app_end ] --END-- [ RunTime:0.000000s ]

[ 2015-09-06T15:49:02+08:00 ] 127.0.0.1 /thinkphpcms/index.php?m=admin&c=optiondata&a=optionlist
INFO: [ app_begin ] --START--
INFO: Run Behavior\ReadHtmlCacheBehavior [ RunTime:0.015600s ]
SQL: SHOW COLUMNS FROM `app2_setting` [ RunTime:0.000000s ]
SQL: SELECT `key`,`value` FROM `app2_setting`  [ RunTime:0.000000s ]
NOTIC: [2] unlink(C:\wamp\www\ThinkPHPCMS\Public\Runtime\Temp/71df8fced343b2a8ba67c00a47a67b50.php): No such file or directory C:\wamp\www\ThinkPHPCMS\Libs\ThinkPHP\Library\Think\Cache\Driver\File.class.php 第 157 行.
INFO: Run \Common\Behavior\SettingBehavior [ RunTime:0.000000s ]
INFO: [ app_begin ] --END-- [ RunTime:0.015600s ]
INFO: [ view_parse ] --START--
INFO: [ template_filter ] --START--
INFO: Run Behavior\ContentReplaceBehavior [ RunTime:0.000000s ]
INFO: [ template_filter ] --END-- [ RunTime:0.000000s ]
INFO: Run Behavior\ParseTemplateBehavior [ RunTime:0.015600s ]
INFO: [ view_parse ] --END-- [ RunTime:0.015600s ]
INFO: [ view_filter ] --START--
INFO: Run Behavior\WriteHtmlCacheBehavior [ RunTime:0.000000s ]
INFO: [ view_filter ] --END-- [ RunTime:0.000000s ]
INFO: [ app_end ] --START--
INFO: Run Behavior\ShowPageTraceBehavior [ RunTime:0.000000s ]
INFO: [ app_end ] --END-- [ RunTime:0.000000s ]

[ 2015-09-06T15:49:02+08:00 ] 127.0.0.1 /thinkphpcms/index.php?m=admin&c=optiondata&a=optionlist
INFO: [ app_begin ] --START--
INFO: Run Behavior\ReadHtmlCacheBehavior [ RunTime:0.000000s ]
SQL: SHOW COLUMNS FROM `app2_setting` [ RunTime:0.015600s ]
SQL: SELECT `key`,`value` FROM `app2_setting`  [ RunTime:0.000000s ]
NOTIC: [2] unlink(C:\wamp\www\ThinkPHPCMS\Public\Runtime\Temp/71df8fced343b2a8ba67c00a47a67b50.php): No such file or directory C:\wamp\www\ThinkPHPCMS\Libs\ThinkPHP\Library\Think\Cache\Driver\File.class.php 第 157 行.
INFO: Run \Common\Behavior\SettingBehavior [ RunTime:0.031200s ]
INFO: [ app_begin ] --END-- [ RunTime:0.031200s ]
INFO: [ view_parse ] --START--
INFO: [ template_filter ] --START--
INFO: Run Behavior\ContentReplaceBehavior [ RunTime:0.015600s ]
INFO: [ template_filter ] --END-- [ RunTime:0.015600s ]
INFO: Run Behavior\ParseTemplateBehavior [ RunTime:0.015600s ]
INFO: [ view_parse ] --END-- [ RunTime:0.015600s ]
INFO: [ view_filter ] --START--
INFO: Run Behavior\WriteHtmlCacheBehavior [ RunTime:0.000000s ]
INFO: [ view_filter ] --END-- [ RunTime:0.000000s ]
INFO: [ app_end ] --START--
INFO: Run Behavior\ShowPageTraceBehavior [ RunTime:0.000000s ]
INFO: [ app_end ] --END-- [ RunTime:0.000000s ]

[ 2015-09-06T15:49:02+08:00 ] 127.0.0.1 /thinkphpcms/index.php?m=admin&c=optiondata&a=optionlist
INFO: [ app_begin ] --START--
INFO: Run Behavior\ReadHtmlCacheBehavior [ RunTime:0.000000s ]
SQL: SHOW COLUMNS FROM `app2_setting` [ RunTime:0.000000s ]
SQL: SELECT `key`,`value` FROM `app2_setting`  [ RunTime:0.000000s ]
NOTIC: [2] unlink(C:\wamp\www\ThinkPHPCMS\Public\Runtime\Temp/71df8fced343b2a8ba67c00a47a67b50.php): No such file or directory C:\wamp\www\ThinkPHPCMS\Libs\ThinkPHP\Library\Think\Cache\Driver\File.class.php 第 157 行.
INFO: Run \Common\Behavior\SettingBehavior [ RunTime:0.015600s ]
INFO: [ app_begin ] --END-- [ RunTime:0.015600s ]
INFO: [ view_parse ] --START--
INFO: [ template_filter ] --START--
INFO: Run Behavior\ContentReplaceBehavior [ RunTime:0.000000s ]
INFO: [ template_filter ] --END-- [ RunTime:0.000000s ]
INFO: Run Behavior\ParseTemplateBehavior [ RunTime:0.015600s ]
INFO: [ view_parse ] --END-- [ RunTime:0.015600s ]
INFO: [ view_filter ] --START--
INFO: Run Behavior\WriteHtmlCacheBehavior [ RunTime:0.000000s ]
INFO: [ view_filter ] --END-- [ RunTime:0.000000s ]
INFO: [ app_end ] --START--
INFO: Run Behavior\ShowPageTraceBehavior [ RunTime:0.000000s ]
INFO: [ app_end ] --END-- [ RunTime:0.000000s ]

[ 2015-09-06T15:49:02+08:00 ] 127.0.0.1 /thinkphpcms/index.php?m=admin&c=optiondata&a=optionlist
INFO: [ app_begin ] --START--
INFO: Run Behavior\ReadHtmlCacheBehavior [ RunTime:0.000000s ]
SQL: SHOW COLUMNS FROM `app2_setting` [ RunTime:0.000000s ]
SQL: SELECT `key`,`value` FROM `app2_setting`  [ RunTime:0.000000s ]
NOTIC: [2] unlink(C:\wamp\www\ThinkPHPCMS\Public\Runtime\Temp/71df8fced343b2a8ba67c00a47a67b50.php): No such file or directory C:\wamp\www\ThinkPHPCMS\Libs\ThinkPHP\Library\Think\Cache\Driver\File.class.php 第 157 行.
INFO: Run \Common\Behavior\SettingBehavior [ RunTime:0.015600s ]
INFO: [ app_begin ] --END-- [ RunTime:0.015600s ]
SQL: SHOW COLUMNS FROM `app2_optiondata` [ RunTime:0.015600s ]
SQL: SELECT COUNT(*) AS tp_count FROM `app2_optiondata` LIMIT 1   [ RunTime:0.000000s ]
SQL: SELECT * FROM `app2_optiondata` WHERE ( `course` = 201 ) AND ( `type` = 101 ) LIMIT 0,15   [ RunTime:0.000000s ]
SQL: SHOW COLUMNS FROM `app2_data_dict` [ RunTime:0.000000s ]
SQL: SELECT `type_id`,`type_name` FROM `app2_data_dict` WHERE ( `type_id` = 201 )  [ RunTime:0.015600s ]
SQL: SELECT `type_id`,`type_name` FROM `app2_data_dict` WHERE ( `type_id` = 101 )  [ RunTime:0.000000s ]
SQL: SELECT `type_id`,`type_name` FROM `app2_data_dict` WHERE ( `type_id` = 201 )  [ RunTime:0.000000s ]
SQL: SELECT `type_id`,`type_name` FROM `app2_data_dict` WHERE ( `type_id` = 101 )  [ RunTime:0.000000s ]
SQL: SELECT `type_id`,`type_name` FROM `app2_data_dict` WHERE ( `type_id` = 201 )  [ RunTime:0.000000s ]
SQL: SELECT `type_id`,`type_name` FROM `app2_data_dict` WHERE ( `type_id` = 101 )  [ RunTime:0.000000s ]
SQL: SELECT `type_id`,`type_name` FROM `app2_data_dict` WHERE ( `type_id` = 201 )  [ RunTime:0.000000s ]
SQL: SELECT `type_id`,`type_name` FROM `app2_data_dict` WHERE ( `type_id` = 101 )  [ RunTime:0.000000s ]
SQL: SELECT `type_id`,`type_name` FROM `app2_data_dict` WHERE ( `type_id` = 201 )  [ RunTime:0.000000s ]
SQL: SELECT `type_id`,`type_name` FROM `app2_data_dict` WHERE ( `type_id` = 101 )  [ RunTime:0.000000s ]
SQL: SELECT `type_id`,`type_name` FROM `app2_data_dict` WHERE ( `type_id` = 201 )  [ RunTime:0.000000s ]
SQL: SELECT `type_id`,`type_name` FROM `app2_data_dict` WHERE ( `type_id` = 101 )  [ RunTime:0.000000s ]
INFO: [ app_end ] --START--
INFO: Run Behavior\ShowPageTraceBehavior [ RunTime:0.000000s ]
INFO: [ app_end ] --END-- [ RunTime:0.000000s ]

[ 2015-09-06T15:49:05+08:00 ] 127.0.0.1 /thinkphpcms/index.php?m=admin&c=dictdata&a=dictlist&menuid=48&_=1441525745351
INFO: [ app_begin ] --START--
INFO: Run Behavior\ReadHtmlCacheBehavior [ RunTime:0.000000s ]
SQL: SHOW COLUMNS FROM `app2_setting` [ RunTime:0.000000s ]
SQL: SELECT `key`,`value` FROM `app2_setting`  [ RunTime:0.000000s ]
NOTIC: [2] unlink(C:\wamp\www\ThinkPHPCMS\Public\Runtime\Temp/71df8fced343b2a8ba67c00a47a67b50.php): No such file or directory C:\wamp\www\ThinkPHPCMS\Libs\ThinkPHP\Library\Think\Cache\Driver\File.class.php 第 157 行.
INFO: Run \Common\Behavior\SettingBehavior [ RunTime:0.031200s ]
INFO: [ app_begin ] --END-- [ RunTime:0.031200s ]
INFO: [ view_parse ] --START--
INFO: [ template_filter ] --START--
INFO: Run Behavior\ContentReplaceBehavior [ RunTime:0.000000s ]
INFO: [ template_filter ] --END-- [ RunTime:0.000000s ]
INFO: Run Behavior\ParseTemplateBehavior [ RunTime:0.015600s ]
INFO: [ view_parse ] --END-- [ RunTime:0.015600s ]
INFO: [ view_filter ] --START--
INFO: Run Behavior\WriteHtmlCacheBehavior [ RunTime:0.000000s ]
INFO: [ view_filter ] --END-- [ RunTime:0.000000s ]
INFO: [ app_end ] --START--
INFO: Run Behavior\ShowPageTraceBehavior [ RunTime:0.000000s ]
INFO: [ app_end ] --END-- [ RunTime:0.000000s ]

[ 2015-09-06T15:49:05+08:00 ] 127.0.0.1 /thinkphpcms/index.php?m=admin&c=dictdata&a=getfirstdict
INFO: [ app_begin ] --START--
INFO: Run Behavior\ReadHtmlCacheBehavior [ RunTime:0.000000s ]
SQL: SHOW COLUMNS FROM `app2_setting` [ RunTime:0.000000s ]
SQL: SELECT `key`,`value` FROM `app2_setting`  [ RunTime:0.000000s ]
NOTIC: [2] unlink(C:\wamp\www\ThinkPHPCMS\Public\Runtime\Temp/71df8fced343b2a8ba67c00a47a67b50.php): No such file or directory C:\wamp\www\ThinkPHPCMS\Libs\ThinkPHP\Library\Think\Cache\Driver\File.class.php 第 157 行.
INFO: Run \Common\Behavior\SettingBehavior [ RunTime:0.015600s ]
INFO: [ app_begin ] --END-- [ RunTime:0.015600s ]
SQL: SHOW COLUMNS FROM `app2_data_dict` [ RunTime:0.000000s ]
SQL: SELECT `dict_id`,`fname` FROM `app2_data_dict`  [ RunTime:0.000000s ]
ERR: 1054:Champ 'dict_id' inconnu dans field list
 [ SQL语句 ] : SELECT `dict_id`,`fname` FROM `app2_data_dict` 
NOTIC: [8] Array to string conversion C:\wamp\www\ThinkPHPCMS\App\Admin\Controller\DictdataController.class.php 第 113 行.
INFO: [ app_end ] --START--
INFO: Run Behavior\ShowPageTraceBehavior [ RunTime:0.015600s ]
INFO: [ app_end ] --END-- [ RunTime:0.015600s ]

[ 2015-09-06T15:49:06+08:00 ] 127.0.0.1 /thinkphpcms/index.php?m=admin&c=dictdata&a=dictlist
INFO: [ app_begin ] --START--
INFO: Run Behavior\ReadHtmlCacheBehavior [ RunTime:0.000000s ]
SQL: SHOW COLUMNS FROM `app2_setting` [ RunTime:0.000000s ]
SQL: SELECT `key`,`value` FROM `app2_setting`  [ RunTime:0.000000s ]
NOTIC: [2] unlink(C:\wamp\www\ThinkPHPCMS\Public\Runtime\Temp/71df8fced343b2a8ba67c00a47a67b50.php): No such file or directory C:\wamp\www\ThinkPHPCMS\Libs\ThinkPHP\Library\Think\Cache\Driver\File.class.php 第 157 行.
INFO: Run \Common\Behavior\SettingBehavior [ RunTime:0.015600s ]
INFO: [ app_begin ] --END-- [ RunTime:0.015600s ]
SQL: SHOW COLUMNS FROM `app2_data_dict` [ RunTime:0.000000s ]
SQL: SELECT COUNT(*) AS tp_count FROM `app2_data_dict` LIMIT 1   [ RunTime:0.000000s ]
SQL: SELECT `dict_id`,`fname`,`value1`,`value2` FROM `app2_data_dict` LIMIT 0,15   [ RunTime:0.000000s ]
ERR: 1054:Champ 'dict_id' inconnu dans field list
 [ SQL语句 ] : SELECT `dict_id`,`fname`,`value1`,`value2` FROM `app2_data_dict` LIMIT 0,15  
INFO: [ app_end ] --START--
INFO: Run Behavior\ShowPageTraceBehavior [ RunTime:0.000000s ]
INFO: [ app_end ] --END-- [ RunTime:0.000000s ]

[ 2015-09-06T15:49:07+08:00 ] 127.0.0.1 /thinkphpcms/index.php?m=admin&c=optiondata&a=optionlist&menuid=50&_=1441525747105
INFO: [ app_begin ] --START--
INFO: Run Behavior\ReadHtmlCacheBehavior [ RunTime:0.000000s ]
SQL: SHOW COLUMNS FROM `app2_setting` [ RunTime:0.000000s ]
SQL: SELECT `key`,`value` FROM `app2_setting`  [ RunTime:0.000000s ]
NOTIC: [2] unlink(C:\wamp\www\ThinkPHPCMS\Public\Runtime\Temp/71df8fced343b2a8ba67c00a47a67b50.php): No such file or directory C:\wamp\www\ThinkPHPCMS\Libs\ThinkPHP\Library\Think\Cache\Driver\File.class.php 第 157 行.
INFO: Run \Common\Behavior\SettingBehavior [ RunTime:0.031200s ]
INFO: [ app_begin ] --END-- [ RunTime:0.031200s ]
INFO: [ view_parse ] --START--
INFO: [ template_filter ] --START--
INFO: Run Behavior\ContentReplaceBehavior [ RunTime:0.000000s ]
INFO: [ template_filter ] --END-- [ RunTime:0.000000s ]
INFO: Run Behavior\ParseTemplateBehavior [ RunTime:0.031200s ]
INFO: [ view_parse ] --END-- [ RunTime:0.031200s ]
INFO: [ view_filter ] --START--
INFO: Run Behavior\WriteHtmlCacheBehavior [ RunTime:0.000000s ]
INFO: [ view_filter ] --END-- [ RunTime:0.000000s ]
INFO: [ app_end ] --START--
INFO: Run Behavior\ShowPageTraceBehavior [ RunTime:0.000000s ]
INFO: [ app_end ] --END-- [ RunTime:0.000000s ]

[ 2015-09-06T15:49:07+08:00 ] 127.0.0.1 /thinkphpcms/index.php?m=admin&c=dictdata&a=getdictnamejson&id=200
INFO: [ app_begin ] --START--
INFO: Run Behavior\ReadHtmlCacheBehavior [ RunTime:0.015600s ]
SQL: SHOW COLUMNS FROM `app2_setting` [ RunTime:0.015600s ]
SQL: SELECT `key`,`value` FROM `app2_setting`  [ RunTime:0.000000s ]
NOTIC: [2] unlink(C:\wamp\www\ThinkPHPCMS\Public\Runtime\Temp/71df8fced343b2a8ba67c00a47a67b50.php): No such file or directory C:\wamp\www\ThinkPHPCMS\Libs\ThinkPHP\Library\Think\Cache\Driver\File.class.php 第 157 行.
INFO: Run \Common\Behavior\SettingBehavior [ RunTime:0.093601s ]
INFO: [ app_begin ] --END-- [ RunTime:0.109201s ]
SQL: SHOW COLUMNS FROM `app2_data_dict` [ RunTime:0.000000s ]
SQL: SELECT `type_id`,`type_name` FROM `app2_data_dict` WHERE ( `belong_type` = 200 )  [ RunTime:0.000000s ]
INFO: [ app_end ] --START--
INFO: Run Behavior\ShowPageTraceBehavior [ RunTime:0.000000s ]
INFO: [ app_end ] --END-- [ RunTime:0.000000s ]

[ 2015-09-06T15:49:08+08:00 ] 127.0.0.1 /thinkphpcms/index.php?m=admin&c=optiondata&a=optionlist
INFO: [ app_begin ] --START--
INFO: Run Behavior\ReadHtmlCacheBehavior [ RunTime:0.000000s ]
SQL: SHOW COLUMNS FROM `app2_setting` [ RunTime:0.000000s ]
SQL: SELECT `key`,`value` FROM `app2_setting`  [ RunTime:0.000000s ]
NOTIC: [2] unlink(C:\wamp\www\ThinkPHPCMS\Public\Runtime\Temp/71df8fced343b2a8ba67c00a47a67b50.php): No such file or directory C:\wamp\www\ThinkPHPCMS\Libs\ThinkPHP\Library\Think\Cache\Driver\File.class.php 第 157 行.
INFO: Run \Common\Behavior\SettingBehavior [ RunTime:0.015600s ]
INFO: [ app_begin ] --END-- [ RunTime:0.015600s ]
INFO: [ view_parse ] --START--
INFO: [ template_filter ] --START--
INFO: Run Behavior\ContentReplaceBehavior [ RunTime:0.015600s ]
INFO: [ template_filter ] --END-- [ RunTime:0.015600s ]
INFO: Run Behavior\ParseTemplateBehavior [ RunTime:0.078000s ]
INFO: [ view_parse ] --END-- [ RunTime:0.078000s ]
INFO: [ view_filter ] --START--
INFO: Run Behavior\WriteHtmlCacheBehavior [ RunTime:0.000000s ]
INFO: [ view_filter ] --END-- [ RunTime:0.000000s ]
INFO: [ app_end ] --START--
INFO: Run Behavior\ShowPageTraceBehavior [ RunTime:0.000000s ]
INFO: [ app_end ] --END-- [ RunTime:0.000000s ]

[ 2015-09-06T15:49:08+08:00 ] 127.0.0.1 /thinkphpcms/index.php?m=admin&c=dictdata&a=getdictnamejson&id=100
INFO: [ app_begin ] --START--
INFO: Run Behavior\ReadHtmlCacheBehavior [ RunTime:0.000000s ]
SQL: SHOW COLUMNS FROM `app2_setting` [ RunTime:0.015600s ]
SQL: SELECT `key`,`value` FROM `app2_setting`  [ RunTime:0.000000s ]
NOTIC: [2] unlink(C:\wamp\www\ThinkPHPCMS\Public\Runtime\Temp/71df8fced343b2a8ba67c00a47a67b50.php): No such file or directory C:\wamp\www\ThinkPHPCMS\Libs\ThinkPHP\Library\Think\Cache\Driver\File.class.php 第 157 行.
INFO: Run \Common\Behavior\SettingBehavior [ RunTime:0.078000s ]
INFO: [ app_begin ] --END-- [ RunTime:0.078000s ]
SQL: SHOW COLUMNS FROM `app2_data_dict` [ RunTime:0.000000s ]
SQL: SELECT `type_id`,`type_name` FROM `app2_data_dict` WHERE ( `belong_type` = 100 )  [ RunTime:0.000000s ]
INFO: [ app_end ] --START--
INFO: Run Behavior\ShowPageTraceBehavior [ RunTime:0.000000s ]
INFO: [ app_end ] --END-- [ RunTime:0.000000s ]

[ 2015-09-06T15:49:08+08:00 ] 127.0.0.1 /thinkphpcms/index.php?m=admin&c=optiondata&a=optionlist
INFO: [ app_begin ] --START--
INFO: Run Behavior\ReadHtmlCacheBehavior [ RunTime:0.000000s ]
SQL: SHOW COLUMNS FROM `app2_setting` [ RunTime:0.000000s ]
SQL: SELECT `key`,`value` FROM `app2_setting`  [ RunTime:0.000000s ]
NOTIC: [2] unlink(C:\wamp\www\ThinkPHPCMS\Public\Runtime\Temp/71df8fced343b2a8ba67c00a47a67b50.php): No such file or directory C:\wamp\www\ThinkPHPCMS\Libs\ThinkPHP\Library\Think\Cache\Driver\File.class.php 第 157 行.
INFO: Run \Common\Behavior\SettingBehavior [ RunTime:0.078000s ]
INFO: [ app_begin ] --END-- [ RunTime:0.078000s ]
SQL: SHOW COLUMNS FROM `app2_optiondata` [ RunTime:0.000000s ]
SQL: SELECT COUNT(*) AS tp_count FROM `app2_optiondata` LIMIT 1   [ RunTime:0.000000s ]
SQL: SELECT * FROM `app2_optiondata` WHERE ( `course` = 201 ) AND ( `type` = 101 ) LIMIT 0,15   [ RunTime:0.000000s ]
SQL: SHOW COLUMNS FROM `app2_data_dict` [ RunTime:0.000000s ]
SQL: SELECT `type_id`,`type_name` FROM `app2_data_dict` WHERE ( `type_id` = 201 )  [ RunTime:0.000000s ]
SQL: SELECT `type_id`,`type_name` FROM `app2_data_dict` WHERE ( `type_id` = 101 )  [ RunTime:0.000000s ]
SQL: SELECT `type_id`,`type_name` FROM `app2_data_dict` WHERE ( `type_id` = 201 )  [ RunTime:0.000000s ]
SQL: SELECT `type_id`,`type_name` FROM `app2_data_dict` WHERE ( `type_id` = 101 )  [ RunTime:0.000000s ]
SQL: SELECT `type_id`,`type_name` FROM `app2_data_dict` WHERE ( `type_id` = 201 )  [ RunTime:0.000000s ]
SQL: SELECT `type_id`,`type_name` FROM `app2_data_dict` WHERE ( `type_id` = 101 )  [ RunTime:0.000000s ]
SQL: SELECT `type_id`,`type_name` FROM `app2_data_dict` WHERE ( `type_id` = 201 )  [ RunTime:0.000000s ]
SQL: SELECT `type_id`,`type_name` FROM `app2_data_dict` WHERE ( `type_id` = 101 )  [ RunTime:0.000000s ]
SQL: SELECT `type_id`,`type_name` FROM `app2_data_dict` WHERE ( `type_id` = 201 )  [ RunTime:0.000000s ]
SQL: SELECT `type_id`,`type_name` FROM `app2_data_dict` WHERE ( `type_id` = 101 )  [ RunTime:0.000000s ]
SQL: SELECT `type_id`,`type_name` FROM `app2_data_dict` WHERE ( `type_id` = 201 )  [ RunTime:0.000000s ]
SQL: SELECT `type_id`,`type_name` FROM `app2_data_dict` WHERE ( `type_id` = 101 )  [ RunTime:0.000000s ]
INFO: [ app_end ] --START--
INFO: Run Behavior\ShowPageTraceBehavior [ RunTime:0.000000s ]
INFO: [ app_end ] --END-- [ RunTime:0.000000s ]

[ 2015-09-06T15:49:08+08:00 ] 127.0.0.1 /thinkphpcms/index.php?m=admin&c=optiondata&a=optionlist
INFO: [ app_begin ] --START--
INFO: Run Behavior\ReadHtmlCacheBehavior [ RunTime:0.000000s ]
SQL: SHOW COLUMNS FROM `app2_setting` [ RunTime:0.000000s ]
SQL: SELECT `key`,`value` FROM `app2_setting`  [ RunTime:0.000000s ]
NOTIC: [2] unlink(C:\wamp\www\ThinkPHPCMS\Public\Runtime\Temp/71df8fced343b2a8ba67c00a47a67b50.php): No such file or directory C:\wamp\www\ThinkPHPCMS\Libs\ThinkPHP\Library\Think\Cache\Driver\File.class.php 第 157 行.
INFO: Run \Common\Behavior\SettingBehavior [ RunTime:0.078000s ]
INFO: [ app_begin ] --END-- [ RunTime:0.078000s ]
INFO: [ view_parse ] --START--
INFO: [ template_filter ] --START--
INFO: Run Behavior\ContentReplaceBehavior [ RunTime:0.000000s ]
INFO: [ template_filter ] --END-- [ RunTime:0.000000s ]
INFO: Run Behavior\ParseTemplateBehavior [ RunTime:0.046800s ]
INFO: [ view_parse ] --END-- [ RunTime:0.046800s ]
INFO: [ view_filter ] --START--
INFO: Run Behavior\WriteHtmlCacheBehavior [ RunTime:0.000000s ]
INFO: [ view_filter ] --END-- [ RunTime:0.000000s ]
INFO: [ app_end ] --START--
INFO: Run Behavior\ShowPageTraceBehavior [ RunTime:0.000000s ]
INFO: [ app_end ] --END-- [ RunTime:0.000000s ]

[ 2015-09-06T15:49:08+08:00 ] 127.0.0.1 /thinkphpcms/index.php?m=admin&c=optiondata&a=optionlist
INFO: [ app_begin ] --START--
INFO: Run Behavior\ReadHtmlCacheBehavior [ RunTime:0.000000s ]
SQL: SHOW COLUMNS FROM `app2_setting` [ RunTime:0.000000s ]
SQL: SELECT `key`,`value` FROM `app2_setting`  [ RunTime:0.000000s ]
NOTIC: [2] unlink(C:\wamp\www\ThinkPHPCMS\Public\Runtime\Temp/71df8fced343b2a8ba67c00a47a67b50.php): No such file or directory C:\wamp\www\ThinkPHPCMS\Libs\ThinkPHP\Library\Think\Cache\Driver\File.class.php 第 157 行.
INFO: Run \Common\Behavior\SettingBehavior [ RunTime:0.031200s ]
INFO: [ app_begin ] --END-- [ RunTime:0.031200s ]
INFO: [ view_parse ] --START--
INFO: [ template_filter ] --START--
INFO: Run Behavior\ContentReplaceBehavior [ RunTime:0.000000s ]
INFO: [ template_filter ] --END-- [ RunTime:0.000000s ]
INFO: Run Behavior\ParseTemplateBehavior [ RunTime:0.031200s ]
INFO: [ view_parse ] --END-- [ RunTime:0.031200s ]
INFO: [ view_filter ] --START--
INFO: Run Behavior\WriteHtmlCacheBehavior [ RunTime:0.000000s ]
INFO: [ view_filter ] --END-- [ RunTime:0.000000s ]
INFO: [ app_end ] --START--
INFO: Run Behavior\ShowPageTraceBehavior [ RunTime:0.000000s ]
INFO: [ app_end ] --END-- [ RunTime:0.000000s ]

[ 2015-09-06T15:52:14+08:00 ] 127.0.0.1 /thinkphpcms/index.php?m=admin&c=index&a=public_sessionlife
INFO: [ app_begin ] --START--
INFO: Run Behavior\ReadHtmlCacheBehavior [ RunTime:0.000000s ]
SQL: SHOW COLUMNS FROM `app2_setting` [ RunTime:0.000000s ]
SQL: SELECT `key`,`value` FROM `app2_setting`  [ RunTime:0.000000s ]
NOTIC: [2] unlink(C:\wamp\www\ThinkPHPCMS\Public\Runtime\Temp/71df8fced343b2a8ba67c00a47a67b50.php): No such file or directory C:\wamp\www\ThinkPHPCMS\Libs\ThinkPHP\Library\Think\Cache\Driver\File.class.php 第 157 行.
INFO: Run \Common\Behavior\SettingBehavior [ RunTime:0.015600s ]
INFO: [ app_begin ] --END-- [ RunTime:0.015600s ]
INFO: [ app_end ] --START--
INFO: Run Behavior\ShowPageTraceBehavior [ RunTime:0.000000s ]
INFO: [ app_end ] --END-- [ RunTime:0.000000s ]

[ 2015-09-06T15:57:08+08:00 ] 127.0.0.1 /thinkphpcms/index.php?m=admin&c=dictdata&a=dictlist&menuid=48&_=1441526228327
INFO: [ app_begin ] --START--
INFO: Run Behavior\ReadHtmlCacheBehavior [ RunTime:0.000000s ]
SQL: SHOW COLUMNS FROM `app2_setting` [ RunTime:0.000000s ]
SQL: SELECT `key`,`value` FROM `app2_setting`  [ RunTime:0.000000s ]
NOTIC: [2] unlink(C:\wamp\www\ThinkPHPCMS\Public\Runtime\Temp/71df8fced343b2a8ba67c00a47a67b50.php): No such file or directory C:\wamp\www\ThinkPHPCMS\Libs\ThinkPHP\Library\Think\Cache\Driver\File.class.php 第 157 行.
INFO: Run \Common\Behavior\SettingBehavior [ RunTime:0.015600s ]
INFO: [ app_begin ] --END-- [ RunTime:0.015600s ]
INFO: [ view_parse ] --START--
INFO: [ template_filter ] --START--
INFO: Run Behavior\ContentReplaceBehavior [ RunTime:0.000000s ]
INFO: [ template_filter ] --END-- [ RunTime:0.000000s ]
INFO: Run Behavior\ParseTemplateBehavior [ RunTime:0.031200s ]
INFO: [ view_parse ] --END-- [ RunTime:0.031200s ]
INFO: [ view_filter ] --START--
INFO: Run Behavior\WriteHtmlCacheBehavior [ RunTime:0.000000s ]
INFO: [ view_filter ] --END-- [ RunTime:0.000000s ]
INFO: [ app_end ] --START--
INFO: Run Behavior\ShowPageTraceBehavior [ RunTime:0.000000s ]
INFO: [ app_end ] --END-- [ RunTime:0.000000s ]

[ 2015-09-06T15:57:08+08:00 ] 127.0.0.1 /thinkphpcms/index.php?m=admin&c=dictdata&a=getfirstdict
INFO: [ app_begin ] --START--
INFO: Run Behavior\ReadHtmlCacheBehavior [ RunTime:0.000000s ]
SQL: SHOW COLUMNS FROM `app2_setting` [ RunTime:0.000000s ]
SQL: SELECT `key`,`value` FROM `app2_setting`  [ RunTime:0.000000s ]
NOTIC: [2] unlink(C:\wamp\www\ThinkPHPCMS\Public\Runtime\Temp/71df8fced343b2a8ba67c00a47a67b50.php): No such file or directory C:\wamp\www\ThinkPHPCMS\Libs\ThinkPHP\Library\Think\Cache\Driver\File.class.php 第 157 行.
INFO: Run \Common\Behavior\SettingBehavior [ RunTime:0.031200s ]
INFO: [ app_begin ] --END-- [ RunTime:0.031200s ]
SQL: SHOW COLUMNS FROM `app2_data_dict` [ RunTime:0.000000s ]
SQL: SELECT `dict_id`,`fname` FROM `app2_data_dict`  [ RunTime:0.000000s ]
ERR: 1054:Champ 'dict_id' inconnu dans field list
 [ SQL语句 ] : SELECT `dict_id`,`fname` FROM `app2_data_dict` 
NOTIC: [8] Array to string conversion C:\wamp\www\ThinkPHPCMS\App\Admin\Controller\DictdataController.class.php 第 113 行.
INFO: [ app_end ] --START--
INFO: Run Behavior\ShowPageTraceBehavior [ RunTime:0.000000s ]
INFO: [ app_end ] --END-- [ RunTime:0.000000s ]

[ 2015-09-06T15:57:09+08:00 ] 127.0.0.1 /thinkphpcms/index.php?m=admin&c=dictdata&a=dictlist
INFO: [ app_begin ] --START--
INFO: Run Behavior\ReadHtmlCacheBehavior [ RunTime:0.000000s ]
SQL: SHOW COLUMNS FROM `app2_setting` [ RunTime:0.000000s ]
SQL: SELECT `key`,`value` FROM `app2_setting`  [ RunTime:0.000000s ]
NOTIC: [2] unlink(C:\wamp\www\ThinkPHPCMS\Public\Runtime\Temp/71df8fced343b2a8ba67c00a47a67b50.php): No such file or directory C:\wamp\www\ThinkPHPCMS\Libs\ThinkPHP\Library\Think\Cache\Driver\File.class.php 第 157 行.
INFO: Run \Common\Behavior\SettingBehavior [ RunTime:0.031200s ]
INFO: [ app_begin ] --END-- [ RunTime:0.031200s ]
SQL: SHOW COLUMNS FROM `app2_data_dict` [ RunTime:0.015600s ]
SQL: SELECT COUNT(*) AS tp_count FROM `app2_data_dict` LIMIT 1   [ RunTime:0.000000s ]
SQL: SELECT `dict_id`,`fname`,`value1`,`value2` FROM `app2_data_dict` LIMIT 0,15   [ RunTime:0.000000s ]
ERR: 1054:Champ 'dict_id' inconnu dans field list
 [ SQL语句 ] : SELECT `dict_id`,`fname`,`value1`,`value2` FROM `app2_data_dict` LIMIT 0,15  
INFO: [ app_end ] --START--
INFO: Run Behavior\ShowPageTraceBehavior [ RunTime:0.000000s ]
INFO: [ app_end ] --END-- [ RunTime:0.000000s ]

[ 2015-09-06T15:57:10+08:00 ] 127.0.0.1 /thinkphpcms/index.php?m=admin&c=optiondata&a=optionlist&menuid=50&_=1441526230741
INFO: [ app_begin ] --START--
INFO: Run Behavior\ReadHtmlCacheBehavior [ RunTime:0.000000s ]
SQL: SHOW COLUMNS FROM `app2_setting` [ RunTime:0.015600s ]
SQL: SELECT `key`,`value` FROM `app2_setting`  [ RunTime:0.000000s ]
NOTIC: [2] unlink(C:\wamp\www\ThinkPHPCMS\Public\Runtime\Temp/71df8fced343b2a8ba67c00a47a67b50.php): No such file or directory C:\wamp\www\ThinkPHPCMS\Libs\ThinkPHP\Library\Think\Cache\Driver\File.class.php 第 157 行.
INFO: Run \Common\Behavior\SettingBehavior [ RunTime:0.031200s ]
INFO: [ app_begin ] --END-- [ RunTime:0.031200s ]
INFO: [ view_parse ] --START--
INFO: [ template_filter ] --START--
INFO: Run Behavior\ContentReplaceBehavior [ RunTime:0.000000s ]
INFO: [ template_filter ] --END-- [ RunTime:0.000000s ]
INFO: Run Behavior\ParseTemplateBehavior [ RunTime:0.031200s ]
INFO: [ view_parse ] --END-- [ RunTime:0.031200s ]
INFO: [ view_filter ] --START--
INFO: Run Behavior\WriteHtmlCacheBehavior [ RunTime:0.000000s ]
INFO: [ view_filter ] --END-- [ RunTime:0.000000s ]
INFO: [ app_end ] --START--
INFO: Run Behavior\ShowPageTraceBehavior [ RunTime:0.000000s ]
INFO: [ app_end ] --END-- [ RunTime:0.000000s ]

[ 2015-09-06T15:57:11+08:00 ] 127.0.0.1 /thinkphpcms/index.php?m=admin&c=dictdata&a=getdictnamejson&id=200
INFO: [ app_begin ] --START--
INFO: Run Behavior\ReadHtmlCacheBehavior [ RunTime:0.000000s ]
SQL: SHOW COLUMNS FROM `app2_setting` [ RunTime:0.000000s ]
SQL: SELECT `key`,`value` FROM `app2_setting`  [ RunTime:0.000000s ]
NOTIC: [2] unlink(C:\wamp\www\ThinkPHPCMS\Public\Runtime\Temp/71df8fced343b2a8ba67c00a47a67b50.php): No such file or directory C:\wamp\www\ThinkPHPCMS\Libs\ThinkPHP\Library\Think\Cache\Driver\File.class.php 第 157 行.
INFO: Run \Common\Behavior\SettingBehavior [ RunTime:0.031200s ]
INFO: [ app_begin ] --END-- [ RunTime:0.031200s ]
SQL: SHOW COLUMNS FROM `app2_data_dict` [ RunTime:0.000000s ]
SQL: SELECT `type_id`,`type_name` FROM `app2_data_dict` WHERE ( `belong_type` = 200 )  [ RunTime:0.000000s ]
INFO: [ app_end ] --START--
INFO: Run Behavior\ShowPageTraceBehavior [ RunTime:0.000000s ]
INFO: [ app_end ] --END-- [ RunTime:0.000000s ]

[ 2015-09-06T15:57:11+08:00 ] 127.0.0.1 /thinkphpcms/index.php?m=admin&c=dictdata&a=getdictnamejson&id=100
INFO: [ app_begin ] --START--
INFO: Run Behavior\ReadHtmlCacheBehavior [ RunTime:0.000000s ]
SQL: SHOW COLUMNS FROM `app2_setting` [ RunTime:0.015600s ]
SQL: SELECT `key`,`value` FROM `app2_setting`  [ RunTime:0.000000s ]
NOTIC: [2] unlink(C:\wamp\www\ThinkPHPCMS\Public\Runtime\Temp/71df8fced343b2a8ba67c00a47a67b50.php): No such file or directory C:\wamp\www\ThinkPHPCMS\Libs\ThinkPHP\Library\Think\Cache\Driver\File.class.php 第 157 行.
INFO: Run \Common\Behavior\SettingBehavior [ RunTime:0.015600s ]
INFO: [ app_begin ] --END-- [ RunTime:0.015600s ]
SQL: SHOW COLUMNS FROM `app2_data_dict` [ RunTime:0.000000s ]
SQL: SELECT `type_id`,`type_name` FROM `app2_data_dict` WHERE ( `belong_type` = 100 )  [ RunTime:0.000000s ]
INFO: [ app_end ] --START--
INFO: Run Behavior\ShowPageTraceBehavior [ RunTime:0.015600s ]
INFO: [ app_end ] --END-- [ RunTime:0.015600s ]

[ 2015-09-06T15:57:11+08:00 ] 127.0.0.1 /thinkphpcms/index.php?m=admin&c=optiondata&a=optionlist
INFO: [ app_begin ] --START--
INFO: Run Behavior\ReadHtmlCacheBehavior [ RunTime:0.000000s ]
SQL: SHOW COLUMNS FROM `app2_setting` [ RunTime:0.015600s ]
SQL: SELECT `key`,`value` FROM `app2_setting`  [ RunTime:0.000000s ]
NOTIC: [2] unlink(C:\wamp\www\ThinkPHPCMS\Public\Runtime\Temp/71df8fced343b2a8ba67c00a47a67b50.php): No such file or directory C:\wamp\www\ThinkPHPCMS\Libs\ThinkPHP\Library\Think\Cache\Driver\File.class.php 第 157 行.
INFO: Run \Common\Behavior\SettingBehavior [ RunTime:0.015600s ]
INFO: [ app_begin ] --END-- [ RunTime:0.015600s ]
INFO: [ view_parse ] --START--
INFO: [ template_filter ] --START--
INFO: Run Behavior\ContentReplaceBehavior [ RunTime:0.000000s ]
INFO: [ template_filter ] --END-- [ RunTime:0.000000s ]
INFO: Run Behavior\ParseTemplateBehavior [ RunTime:0.015600s ]
INFO: [ view_parse ] --END-- [ RunTime:0.015600s ]
INFO: [ view_filter ] --START--
INFO: Run Behavior\WriteHtmlCacheBehavior [ RunTime:0.000000s ]
INFO: [ view_filter ] --END-- [ RunTime:0.000000s ]
INFO: [ app_end ] --START--
INFO: Run Behavior\ShowPageTraceBehavior [ RunTime:0.000000s ]
INFO: [ app_end ] --END-- [ RunTime:0.000000s ]

[ 2015-09-06T15:57:11+08:00 ] 127.0.0.1 /thinkphpcms/index.php?m=admin&c=optiondata&a=optionlist
INFO: [ app_begin ] --START--
INFO: Run Behavior\ReadHtmlCacheBehavior [ RunTime:0.000000s ]
SQL: SHOW COLUMNS FROM `app2_setting` [ RunTime:0.000000s ]
SQL: SELECT `key`,`value` FROM `app2_setting`  [ RunTime:0.000000s ]
NOTIC: [2] unlink(C:\wamp\www\ThinkPHPCMS\Public\Runtime\Temp/71df8fced343b2a8ba67c00a47a67b50.php): No such file or directory C:\wamp\www\ThinkPHPCMS\Libs\ThinkPHP\Library\Think\Cache\Driver\File.class.php 第 157 行.
INFO: Run \Common\Behavior\SettingBehavior [ RunTime:0.015600s ]
INFO: [ app_begin ] --END-- [ RunTime:0.015600s ]
INFO: [ view_parse ] --START--
INFO: [ template_filter ] --START--
INFO: Run Behavior\ContentReplaceBehavior [ RunTime:0.000000s ]
INFO: [ template_filter ] --END-- [ RunTime:0.000000s ]
INFO: Run Behavior\ParseTemplateBehavior [ RunTime:0.015600s ]
INFO: [ view_parse ] --END-- [ RunTime:0.015600s ]
INFO: [ view_filter ] --START--
INFO: Run Behavior\WriteHtmlCacheBehavior [ RunTime:0.000000s ]
INFO: [ view_filter ] --END-- [ RunTime:0.000000s ]
INFO: [ app_end ] --START--
INFO: Run Behavior\ShowPageTraceBehavior [ RunTime:0.000000s ]
INFO: [ app_end ] --END-- [ RunTime:0.000000s ]

[ 2015-09-06T15:57:11+08:00 ] 127.0.0.1 /thinkphpcms/index.php?m=admin&c=optiondata&a=optionlist
INFO: [ app_begin ] --START--
INFO: Run Behavior\ReadHtmlCacheBehavior [ RunTime:0.000000s ]
SQL: SHOW COLUMNS FROM `app2_setting` [ RunTime:0.000000s ]
SQL: SELECT `key`,`value` FROM `app2_setting`  [ RunTime:0.000000s ]
NOTIC: [2] unlink(C:\wamp\www\ThinkPHPCMS\Public\Runtime\Temp/71df8fced343b2a8ba67c00a47a67b50.php): No such file or directory C:\wamp\www\ThinkPHPCMS\Libs\ThinkPHP\Library\Think\Cache\Driver\File.class.php 第 157 行.
INFO: Run \Common\Behavior\SettingBehavior [ RunTime:0.031200s ]
INFO: [ app_begin ] --END-- [ RunTime:0.031200s ]
INFO: [ view_parse ] --START--
INFO: [ template_filter ] --START--
INFO: Run Behavior\ContentReplaceBehavior [ RunTime:0.000000s ]
INFO: [ template_filter ] --END-- [ RunTime:0.000000s ]
INFO: Run Behavior\ParseTemplateBehavior [ RunTime:0.015600s ]
INFO: [ view_parse ] --END-- [ RunTime:0.015600s ]
INFO: [ view_filter ] --START--
INFO: Run Behavior\WriteHtmlCacheBehavior [ RunTime:0.000000s ]
INFO: [ view_filter ] --END-- [ RunTime:0.000000s ]
INFO: [ app_end ] --START--
INFO: Run Behavior\ShowPageTraceBehavior [ RunTime:0.000000s ]
INFO: [ app_end ] --END-- [ RunTime:0.000000s ]

[ 2015-09-06T15:57:11+08:00 ] 127.0.0.1 /thinkphpcms/index.php?m=admin&c=optiondata&a=optionlist
INFO: [ app_begin ] --START--
INFO: Run Behavior\ReadHtmlCacheBehavior [ RunTime:0.000000s ]
SQL: SHOW COLUMNS FROM `app2_setting` [ RunTime:0.015600s ]
SQL: SELECT `key`,`value` FROM `app2_setting`  [ RunTime:0.000000s ]
NOTIC: [2] unlink(C:\wamp\www\ThinkPHPCMS\Public\Runtime\Temp/71df8fced343b2a8ba67c00a47a67b50.php): No such file or directory C:\wamp\www\ThinkPHPCMS\Libs\ThinkPHP\Library\Think\Cache\Driver\File.class.php 第 157 行.
INFO: Run \Common\Behavior\SettingBehavior [ RunTime:0.015600s ]
INFO: [ app_begin ] --END-- [ RunTime:0.015600s ]
SQL: SHOW COLUMNS FROM `app2_optiondata` [ RunTime:0.000000s ]
SQL: SELECT COUNT(*) AS tp_count FROM `app2_optiondata` LIMIT 1   [ RunTime:0.000000s ]
SQL: SELECT * FROM `app2_optiondata` WHERE ( `course` = 201 ) AND ( `type` = 101 ) LIMIT 0,15   [ RunTime:0.000000s ]
SQL: SHOW COLUMNS FROM `app2_data_dict` [ RunTime:0.000000s ]
SQL: SELECT `type_id`,`type_name` FROM `app2_data_dict` WHERE ( `type_id` = 201 )  [ RunTime:0.000000s ]
SQL: SELECT `type_id`,`type_name` FROM `app2_data_dict` WHERE ( `type_id` = 101 )  [ RunTime:0.000000s ]
SQL: SELECT `type_id`,`type_name` FROM `app2_data_dict` WHERE ( `type_id` = 201 )  [ RunTime:0.000000s ]
SQL: SELECT `type_id`,`type_name` FROM `app2_data_dict` WHERE ( `type_id` = 101 )  [ RunTime:0.015601s ]
SQL: SELECT `type_id`,`type_name` FROM `app2_data_dict` WHERE ( `type_id` = 201 )  [ RunTime:0.000000s ]
SQL: SELECT `type_id`,`type_name` FROM `app2_data_dict` WHERE ( `type_id` = 101 )  [ RunTime:0.000000s ]
SQL: SELECT `type_id`,`type_name` FROM `app2_data_dict` WHERE ( `type_id` = 201 )  [ RunTime:0.000000s ]
SQL: SELECT `type_id`,`type_name` FROM `app2_data_dict` WHERE ( `type_id` = 101 )  [ RunTime:0.000000s ]
SQL: SELECT `type_id`,`type_name` FROM `app2_data_dict` WHERE ( `type_id` = 201 )  [ RunTime:0.000000s ]
SQL: SELECT `type_id`,`type_name` FROM `app2_data_dict` WHERE ( `type_id` = 101 )  [ RunTime:0.000000s ]
SQL: SELECT `type_id`,`type_name` FROM `app2_data_dict` WHERE ( `type_id` = 201 )  [ RunTime:0.000000s ]
SQL: SELECT `type_id`,`type_name` FROM `app2_data_dict` WHERE ( `type_id` = 101 )  [ RunTime:0.000000s ]
INFO: [ app_end ] --START--
INFO: Run Behavior\ShowPageTraceBehavior [ RunTime:0.000000s ]
INFO: [ app_end ] --END-- [ RunTime:0.000000s ]

[ 2015-09-06T15:58:12+08:00 ] 127.0.0.1 /thinkphpcms/index.php?m=admin&c=dictdata&a=dictlist&menuid=48&_=1441526292090
INFO: [ app_begin ] --START--
INFO: Run Behavior\ReadHtmlCacheBehavior [ RunTime:0.000000s ]
SQL: SHOW COLUMNS FROM `app2_setting` [ RunTime:0.000000s ]
SQL: SELECT `key`,`value` FROM `app2_setting`  [ RunTime:0.000000s ]
NOTIC: [2] unlink(C:\wamp\www\ThinkPHPCMS\Public\Runtime\Temp/71df8fced343b2a8ba67c00a47a67b50.php): No such file or directory C:\wamp\www\ThinkPHPCMS\Libs\ThinkPHP\Library\Think\Cache\Driver\File.class.php 第 157 行.
INFO: Run \Common\Behavior\SettingBehavior [ RunTime:0.015600s ]
INFO: [ app_begin ] --END-- [ RunTime:0.015600s ]
INFO: [ view_parse ] --START--
INFO: [ template_filter ] --START--
INFO: Run Behavior\ContentReplaceBehavior [ RunTime:0.000000s ]
INFO: [ template_filter ] --END-- [ RunTime:0.000000s ]
INFO: Run Behavior\ParseTemplateBehavior [ RunTime:0.015600s ]
INFO: [ view_parse ] --END-- [ RunTime:0.015600s ]
INFO: [ view_filter ] --START--
INFO: Run Behavior\WriteHtmlCacheBehavior [ RunTime:0.000000s ]
INFO: [ view_filter ] --END-- [ RunTime:0.000000s ]
INFO: [ app_end ] --START--
INFO: Run Behavior\ShowPageTraceBehavior [ RunTime:0.000000s ]
INFO: [ app_end ] --END-- [ RunTime:0.000000s ]

[ 2015-09-06T15:58:12+08:00 ] 127.0.0.1 /thinkphpcms/index.php?m=admin&c=dictdata&a=getfirstdict
INFO: [ app_begin ] --START--
INFO: Run Behavior\ReadHtmlCacheBehavior [ RunTime:0.000000s ]
SQL: SHOW COLUMNS FROM `app2_setting` [ RunTime:0.015600s ]
SQL: SELECT `key`,`value` FROM `app2_setting`  [ RunTime:0.000000s ]
NOTIC: [2] unlink(C:\wamp\www\ThinkPHPCMS\Public\Runtime\Temp/71df8fced343b2a8ba67c00a47a67b50.php): No such file or directory C:\wamp\www\ThinkPHPCMS\Libs\ThinkPHP\Library\Think\Cache\Driver\File.class.php 第 157 行.
INFO: Run \Common\Behavior\SettingBehavior [ RunTime:0.031201s ]
INFO: [ app_begin ] --END-- [ RunTime:0.031201s ]
SQL: SHOW COLUMNS FROM `app2_data_dict` [ RunTime:0.000000s ]
SQL: SELECT `dict_id`,`fname` FROM `app2_data_dict`  [ RunTime:0.000000s ]
ERR: 1054:Champ 'dict_id' inconnu dans field list
 [ SQL语句 ] : SELECT `dict_id`,`fname` FROM `app2_data_dict` 
NOTIC: [8] Array to string conversion C:\wamp\www\ThinkPHPCMS\App\Admin\Controller\DictdataController.class.php 第 113 行.
INFO: [ app_end ] --START--
INFO: Run Behavior\ShowPageTraceBehavior [ RunTime:0.000000s ]
INFO: [ app_end ] --END-- [ RunTime:0.000000s ]

[ 2015-09-06T15:58:12+08:00 ] 127.0.0.1 /thinkphpcms/index.php?m=admin&c=dictdata&a=dictlist
INFO: [ app_begin ] --START--
INFO: Run Behavior\ReadHtmlCacheBehavior [ RunTime:0.015600s ]
SQL: SHOW COLUMNS FROM `app2_setting` [ RunTime:0.015600s ]
SQL: SELECT `key`,`value` FROM `app2_setting`  [ RunTime:0.000000s ]
NOTIC: [2] unlink(C:\wamp\www\ThinkPHPCMS\Public\Runtime\Temp/71df8fced343b2a8ba67c00a47a67b50.php): No such file or directory C:\wamp\www\ThinkPHPCMS\Libs\ThinkPHP\Library\Think\Cache\Driver\File.class.php 第 157 行.
INFO: Run \Common\Behavior\SettingBehavior [ RunTime:0.015600s ]
INFO: [ app_begin ] --END-- [ RunTime:0.031200s ]
SQL: SHOW COLUMNS FROM `app2_data_dict` [ RunTime:0.000000s ]
SQL: SELECT COUNT(*) AS tp_count FROM `app2_data_dict` LIMIT 1   [ RunTime:0.000000s ]
SQL: SELECT `dict_id`,`fname`,`value1`,`value2` FROM `app2_data_dict` LIMIT 0,15   [ RunTime:0.000000s ]
ERR: 1054:Champ 'dict_id' inconnu dans field list
 [ SQL语句 ] : SELECT `dict_id`,`fname`,`value1`,`value2` FROM `app2_data_dict` LIMIT 0,15  
INFO: [ app_end ] --START--
INFO: Run Behavior\ShowPageTraceBehavior [ RunTime:0.000000s ]
INFO: [ app_end ] --END-- [ RunTime:0.000000s ]

[ 2015-09-06T15:58:14+08:00 ] 127.0.0.1 /thinkphpcms/index.php?m=admin&c=optiondata&a=optionlist&menuid=50&_=1441526294396
INFO: [ app_begin ] --START--
INFO: Run Behavior\ReadHtmlCacheBehavior [ RunTime:0.000000s ]
SQL: SHOW COLUMNS FROM `app2_setting` [ RunTime:0.000000s ]
SQL: SELECT `key`,`value` FROM `app2_setting`  [ RunTime:0.015600s ]
NOTIC: [2] unlink(C:\wamp\www\ThinkPHPCMS\Public\Runtime\Temp/71df8fced343b2a8ba67c00a47a67b50.php): No such file or directory C:\wamp\www\ThinkPHPCMS\Libs\ThinkPHP\Library\Think\Cache\Driver\File.class.php 第 157 行.
INFO: Run \Common\Behavior\SettingBehavior [ RunTime:0.031200s ]
INFO: [ app_begin ] --END-- [ RunTime:0.031200s ]
INFO: [ view_parse ] --START--
INFO: [ template_filter ] --START--
INFO: Run Behavior\ContentReplaceBehavior [ RunTime:0.000000s ]
INFO: [ template_filter ] --END-- [ RunTime:0.000000s ]
INFO: Run Behavior\ParseTemplateBehavior [ RunTime:0.015600s ]
INFO: [ view_parse ] --END-- [ RunTime:0.015600s ]
INFO: [ view_filter ] --START--
INFO: Run Behavior\WriteHtmlCacheBehavior [ RunTime:0.000000s ]
INFO: [ view_filter ] --END-- [ RunTime:0.000000s ]
INFO: [ app_end ] --START--
INFO: Run Behavior\ShowPageTraceBehavior [ RunTime:0.000000s ]
INFO: [ app_end ] --END-- [ RunTime:0.000000s ]

[ 2015-09-06T15:58:14+08:00 ] 127.0.0.1 /thinkphpcms/index.php?m=admin&c=dictdata&a=getdictnamejson&id=200
INFO: [ app_begin ] --START--
INFO: Run Behavior\ReadHtmlCacheBehavior [ RunTime:0.000000s ]
SQL: SHOW COLUMNS FROM `app2_setting` [ RunTime:0.000000s ]
SQL: SELECT `key`,`value` FROM `app2_setting`  [ RunTime:0.000000s ]
NOTIC: [2] unlink(C:\wamp\www\ThinkPHPCMS\Public\Runtime\Temp/71df8fced343b2a8ba67c00a47a67b50.php): No such file or directory C:\wamp\www\ThinkPHPCMS\Libs\ThinkPHP\Library\Think\Cache\Driver\File.class.php 第 157 行.
INFO: Run \Common\Behavior\SettingBehavior [ RunTime:0.015600s ]
INFO: [ app_begin ] --END-- [ RunTime:0.015600s ]
SQL: SHOW COLUMNS FROM `app2_data_dict` [ RunTime:0.015600s ]
SQL: SELECT `type_id`,`type_name` FROM `app2_data_dict` WHERE ( `belong_type` = 200 )  [ RunTime:0.000000s ]
INFO: [ app_end ] --START--
INFO: Run Behavior\ShowPageTraceBehavior [ RunTime:0.000000s ]
INFO: [ app_end ] --END-- [ RunTime:0.000000s ]

[ 2015-09-06T15:58:15+08:00 ] 127.0.0.1 /thinkphpcms/index.php?m=admin&c=dictdata&a=getdictnamejson&id=100
INFO: [ app_begin ] --START--
INFO: Run Behavior\ReadHtmlCacheBehavior [ RunTime:0.000000s ]
SQL: SHOW COLUMNS FROM `app2_setting` [ RunTime:0.000000s ]
SQL: SELECT `key`,`value` FROM `app2_setting`  [ RunTime:0.000000s ]
NOTIC: [2] unlink(C:\wamp\www\ThinkPHPCMS\Public\Runtime\Temp/71df8fced343b2a8ba67c00a47a67b50.php): No such file or directory C:\wamp\www\ThinkPHPCMS\Libs\ThinkPHP\Library\Think\Cache\Driver\File.class.php 第 157 行.
INFO: Run \Common\Behavior\SettingBehavior [ RunTime:0.015600s ]
INFO: [ app_begin ] --END-- [ RunTime:0.015600s ]
SQL: SHOW COLUMNS FROM `app2_data_dict` [ RunTime:0.000000s ]
SQL: SELECT `type_id`,`type_name` FROM `app2_data_dict` WHERE ( `belong_type` = 100 )  [ RunTime:0.000000s ]
INFO: [ app_end ] --START--
INFO: Run Behavior\ShowPageTraceBehavior [ RunTime:0.000000s ]
INFO: [ app_end ] --END-- [ RunTime:0.000000s ]

[ 2015-09-06T15:58:15+08:00 ] 127.0.0.1 /thinkphpcms/index.php?m=admin&c=optiondata&a=optionlist
INFO: [ app_begin ] --START--
INFO: Run Behavior\ReadHtmlCacheBehavior [ RunTime:0.000000s ]
SQL: SHOW COLUMNS FROM `app2_setting` [ RunTime:0.000000s ]
SQL: SELECT `key`,`value` FROM `app2_setting`  [ RunTime:0.000000s ]
NOTIC: [2] unlink(C:\wamp\www\ThinkPHPCMS\Public\Runtime\Temp/71df8fced343b2a8ba67c00a47a67b50.php): No such file or directory C:\wamp\www\ThinkPHPCMS\Libs\ThinkPHP\Library\Think\Cache\Driver\File.class.php 第 157 行.
INFO: Run \Common\Behavior\SettingBehavior [ RunTime:0.015600s ]
INFO: [ app_begin ] --END-- [ RunTime:0.015600s ]
INFO: [ view_parse ] --START--
INFO: [ template_filter ] --START--
INFO: Run Behavior\ContentReplaceBehavior [ RunTime:0.000000s ]
INFO: [ template_filter ] --END-- [ RunTime:0.000000s ]
INFO: Run Behavior\ParseTemplateBehavior [ RunTime:0.015600s ]
INFO: [ view_parse ] --END-- [ RunTime:0.015600s ]
INFO: [ view_filter ] --START--
INFO: Run Behavior\WriteHtmlCacheBehavior [ RunTime:0.000000s ]
INFO: [ view_filter ] --END-- [ RunTime:0.000000s ]
INFO: [ app_end ] --START--
INFO: Run Behavior\ShowPageTraceBehavior [ RunTime:0.000000s ]
INFO: [ app_end ] --END-- [ RunTime:0.000000s ]

[ 2015-09-06T15:58:15+08:00 ] 127.0.0.1 /thinkphpcms/index.php?m=admin&c=optiondata&a=optionlist
INFO: [ app_begin ] --START--
INFO: Run Behavior\ReadHtmlCacheBehavior [ RunTime:0.000000s ]
SQL: SHOW COLUMNS FROM `app2_setting` [ RunTime:0.000000s ]
SQL: SELECT `key`,`value` FROM `app2_setting`  [ RunTime:0.000000s ]
NOTIC: [2] unlink(C:\wamp\www\ThinkPHPCMS\Public\Runtime\Temp/71df8fced343b2a8ba67c00a47a67b50.php): No such file or directory C:\wamp\www\ThinkPHPCMS\Libs\ThinkPHP\Library\Think\Cache\Driver\File.class.php 第 157 行.
INFO: Run \Common\Behavior\SettingBehavior [ RunTime:0.015600s ]
INFO: [ app_begin ] --END-- [ RunTime:0.015600s ]
INFO: [ view_parse ] --START--
INFO: [ template_filter ] --START--
INFO: Run Behavior\ContentReplaceBehavior [ RunTime:0.000000s ]
INFO: [ template_filter ] --END-- [ RunTime:0.000000s ]
INFO: Run Behavior\ParseTemplateBehavior [ RunTime:0.015600s ]
INFO: [ view_parse ] --END-- [ RunTime:0.015600s ]
INFO: [ view_filter ] --START--
INFO: Run Behavior\WriteHtmlCacheBehavior [ RunTime:0.000000s ]
INFO: [ view_filter ] --END-- [ RunTime:0.000000s ]
INFO: [ app_end ] --START--
INFO: Run Behavior\ShowPageTraceBehavior [ RunTime:0.000000s ]
INFO: [ app_end ] --END-- [ RunTime:0.000000s ]

[ 2015-09-06T15:58:15+08:00 ] 127.0.0.1 /thinkphpcms/index.php?m=admin&c=optiondata&a=optionlist
INFO: [ app_begin ] --START--
INFO: Run Behavior\ReadHtmlCacheBehavior [ RunTime:0.000000s ]
SQL: SHOW COLUMNS FROM `app2_setting` [ RunTime:0.000000s ]
SQL: SELECT `key`,`value` FROM `app2_setting`  [ RunTime:0.000000s ]
NOTIC: [2] unlink(C:\wamp\www\ThinkPHPCMS\Public\Runtime\Temp/71df8fced343b2a8ba67c00a47a67b50.php): No such file or directory C:\wamp\www\ThinkPHPCMS\Libs\ThinkPHP\Library\Think\Cache\Driver\File.class.php 第 157 行.
INFO: Run \Common\Behavior\SettingBehavior [ RunTime:0.031201s ]
INFO: [ app_begin ] --END-- [ RunTime:0.031201s ]
INFO: [ view_parse ] --START--
INFO: [ template_filter ] --START--
INFO: Run Behavior\ContentReplaceBehavior [ RunTime:0.000000s ]
INFO: [ template_filter ] --END-- [ RunTime:0.000000s ]
INFO: Run Behavior\ParseTemplateBehavior [ RunTime:0.015600s ]
INFO: [ view_parse ] --END-- [ RunTime:0.015600s ]
INFO: [ view_filter ] --START--
INFO: Run Behavior\WriteHtmlCacheBehavior [ RunTime:0.000000s ]
INFO: [ view_filter ] --END-- [ RunTime:0.000000s ]
INFO: [ app_end ] --START--
INFO: Run Behavior\ShowPageTraceBehavior [ RunTime:0.000000s ]
INFO: [ app_end ] --END-- [ RunTime:0.000000s ]

[ 2015-09-06T15:58:15+08:00 ] 127.0.0.1 /thinkphpcms/index.php?m=admin&c=optiondata&a=optionlist
INFO: [ app_begin ] --START--
INFO: Run Behavior\ReadHtmlCacheBehavior [ RunTime:0.000000s ]
SQL: SHOW COLUMNS FROM `app2_setting` [ RunTime:0.015600s ]
SQL: SELECT `key`,`value` FROM `app2_setting`  [ RunTime:0.000000s ]
NOTIC: [2] unlink(C:\wamp\www\ThinkPHPCMS\Public\Runtime\Temp/71df8fced343b2a8ba67c00a47a67b50.php): No such file or directory C:\wamp\www\ThinkPHPCMS\Libs\ThinkPHP\Library\Think\Cache\Driver\File.class.php 第 157 行.
INFO: Run \Common\Behavior\SettingBehavior [ RunTime:0.015600s ]
INFO: [ app_begin ] --END-- [ RunTime:0.015600s ]
SQL: SHOW COLUMNS FROM `app2_optiondata` [ RunTime:0.000000s ]
SQL: SELECT COUNT(*) AS tp_count FROM `app2_optiondata` LIMIT 1   [ RunTime:0.000000s ]
SQL: SELECT * FROM `app2_optiondata` WHERE ( `course` = 201 ) AND ( `type` = 101 ) LIMIT 0,15   [ RunTime:0.000000s ]
SQL: SHOW COLUMNS FROM `app2_data_dict` [ RunTime:0.000000s ]
SQL: SELECT `type_id`,`type_name` FROM `app2_data_dict` WHERE ( `type_id` = 201 )  [ RunTime:0.000000s ]
SQL: SELECT `type_id`,`type_name` FROM `app2_data_dict` WHERE ( `type_id` = 101 )  [ RunTime:0.000000s ]
SQL: SELECT `type_id`,`type_name` FROM `app2_data_dict` WHERE ( `type_id` = 201 )  [ RunTime:0.000000s ]
SQL: SELECT `type_id`,`type_name` FROM `app2_data_dict` WHERE ( `type_id` = 101 )  [ RunTime:0.000000s ]
SQL: SELECT `type_id`,`type_name` FROM `app2_data_dict` WHERE ( `type_id` = 201 )  [ RunTime:0.000000s ]
SQL: SELECT `type_id`,`type_name` FROM `app2_data_dict` WHERE ( `type_id` = 101 )  [ RunTime:0.000000s ]
SQL: SELECT `type_id`,`type_name` FROM `app2_data_dict` WHERE ( `type_id` = 201 )  [ RunTime:0.000000s ]
SQL: SELECT `type_id`,`type_name` FROM `app2_data_dict` WHERE ( `type_id` = 101 )  [ RunTime:0.015600s ]
SQL: SELECT `type_id`,`type_name` FROM `app2_data_dict` WHERE ( `type_id` = 201 )  [ RunTime:0.000000s ]
SQL: SELECT `type_id`,`type_name` FROM `app2_data_dict` WHERE ( `type_id` = 101 )  [ RunTime:0.000000s ]
SQL: SELECT `type_id`,`type_name` FROM `app2_data_dict` WHERE ( `type_id` = 201 )  [ RunTime:0.000000s ]
SQL: SELECT `type_id`,`type_name` FROM `app2_data_dict` WHERE ( `type_id` = 101 )  [ RunTime:0.000000s ]
INFO: [ app_end ] --START--
INFO: Run Behavior\ShowPageTraceBehavior [ RunTime:0.000000s ]
INFO: [ app_end ] --END-- [ RunTime:0.000000s ]

[ 2015-09-06T16:02:14+08:00 ] 127.0.0.1 /thinkphpcms/index.php?m=admin&c=index&a=public_sessionlife
INFO: [ app_begin ] --START--
INFO: Run Behavior\ReadHtmlCacheBehavior [ RunTime:0.000000s ]
SQL: SHOW COLUMNS FROM `app2_setting` [ RunTime:0.015600s ]
SQL: SELECT `key`,`value` FROM `app2_setting`  [ RunTime:0.000000s ]
NOTIC: [2] unlink(C:\wamp\www\ThinkPHPCMS\Public\Runtime\Temp/71df8fced343b2a8ba67c00a47a67b50.php): No such file or directory C:\wamp\www\ThinkPHPCMS\Libs\ThinkPHP\Library\Think\Cache\Driver\File.class.php 第 157 行.
INFO: Run \Common\Behavior\SettingBehavior [ RunTime:0.031200s ]
INFO: [ app_begin ] --END-- [ RunTime:0.031200s ]
INFO: [ app_end ] --START--
INFO: Run Behavior\ShowPageTraceBehavior [ RunTime:0.000000s ]
INFO: [ app_end ] --END-- [ RunTime:0.000000s ]

