[ 2015-09-21T10:28:22+08:00 ] 127.0.0.1 /thinkphpcms/index.php?m=admin&c=index&a=index
INFO: [ app_begin ] --START--
INFO: Run Behavior\ReadHtmlCacheBehavior [ RunTime:0.002000s ]
SQL: SHOW COLUMNS FROM `app2_setting` [ RunTime:0.009001s ]
SQL: SELECT `key`,`value` FROM `app2_setting`  [ RunTime:0.001000s ]
NOTIC: [2] unlink(C:\wamp\www\ThinkPHPCMS\Public\Runtime\Temp/71df8fced343b2a8ba67c00a47a67b50.php): No such file or directory C:\wamp\www\ThinkPHPCMS\Libs\ThinkPHP\Library\Think\Cache\Driver\File.class.php 第 157 行.
INFO: Run \Common\Behavior\SettingBehavior [ RunTime:0.036002s ]
INFO: [ app_begin ] --END-- [ RunTime:0.040002s ]
INFO: [ view_parse ] --START--
INFO: [ template_filter ] --START--
INFO: Run Behavior\ContentReplaceBehavior [ RunTime:0.000000s ]
INFO: [ template_filter ] --END-- [ RunTime:0.001000s ]
INFO: Run Behavior\ParseTemplateBehavior [ RunTime:0.044003s ]
INFO: [ view_parse ] --END-- [ RunTime:0.046003s ]
INFO: [ view_filter ] --START--
INFO: Run Behavior\WriteHtmlCacheBehavior [ RunTime:0.002000s ]
INFO: [ view_filter ] --END-- [ RunTime:0.002000s ]

[ 2015-09-21T10:28:24+08:00 ] 127.0.0.1 /thinkphpcms/index.php?m=admin&c=index&a=login
INFO: [ app_begin ] --START--
INFO: Run Behavior\ReadHtmlCacheBehavior [ RunTime:0.001000s ]
SQL: SHOW COLUMNS FROM `app2_setting` [ RunTime:0.004001s ]
SQL: SELECT `key`,`value` FROM `app2_setting`  [ RunTime:0.001000s ]
NOTIC: [2] unlink(C:\wamp\www\ThinkPHPCMS\Public\Runtime\Temp/71df8fced343b2a8ba67c00a47a67b50.php): No such file or directory C:\wamp\www\ThinkPHPCMS\Libs\ThinkPHP\Library\Think\Cache\Driver\File.class.php 第 157 行.
INFO: Run \Common\Behavior\SettingBehavior [ RunTime:0.021002s ]
INFO: [ app_begin ] --END-- [ RunTime:0.023002s ]
INFO: [ view_parse ] --START--
INFO: [ template_filter ] --START--
INFO: Run Behavior\ContentReplaceBehavior [ RunTime:0.001000s ]
INFO: [ template_filter ] --END-- [ RunTime:0.001000s ]
INFO: Run Behavior\ParseTemplateBehavior [ RunTime:0.021001s ]
INFO: [ view_parse ] --END-- [ RunTime:0.022001s ]
INFO: [ view_filter ] --START--
INFO: Run Behavior\WriteHtmlCacheBehavior [ RunTime:0.000000s ]
INFO: [ view_filter ] --END-- [ RunTime:0.004000s ]
INFO: [ app_end ] --START--
INFO: Run Behavior\ShowPageTraceBehavior [ RunTime:0.013001s ]
INFO: [ app_end ] --END-- [ RunTime:0.013001s ]

[ 2015-09-21T10:28:24+08:00 ] 127.0.0.1 /thinkphpcms/index.php?m=admin&c=index&a=code&code_len=4&font_size=14&width=100&height=28&code=1442802504
INFO: [ app_begin ] --START--
INFO: Run Behavior\ReadHtmlCacheBehavior [ RunTime:0.001000s ]
SQL: SHOW COLUMNS FROM `app2_setting` [ RunTime:0.003000s ]
SQL: SELECT `key`,`value` FROM `app2_setting`  [ RunTime:0.001000s ]
NOTIC: [2] unlink(C:\wamp\www\ThinkPHPCMS\Public\Runtime\Temp/71df8fced343b2a8ba67c00a47a67b50.php): No such file or directory C:\wamp\www\ThinkPHPCMS\Libs\ThinkPHP\Library\Think\Cache\Driver\File.class.php 第 157 行.
INFO: Run \Common\Behavior\SettingBehavior [ RunTime:0.072004s ]
INFO: [ app_begin ] --END-- [ RunTime:0.074004s ]
INFO: [ app_end ] --START--
INFO: Run Behavior\ShowPageTraceBehavior [ RunTime:0.001000s ]
INFO: [ app_end ] --END-- [ RunTime:0.001000s ]

[ 2015-09-21T10:28:37+08:00 ] 127.0.0.1 /thinkphpcms/index.php?m=admin&c=index&a=login&dosubmit=1
INFO: [ app_begin ] --START--
INFO: Run Behavior\ReadHtmlCacheBehavior [ RunTime:0.001000s ]
SQL: SHOW COLUMNS FROM `app2_setting` [ RunTime:0.004000s ]
SQL: SELECT `key`,`value` FROM `app2_setting`  [ RunTime:0.001000s ]
NOTIC: [2] unlink(C:\wamp\www\ThinkPHPCMS\Public\Runtime\Temp/71df8fced343b2a8ba67c00a47a67b50.php): No such file or directory C:\wamp\www\ThinkPHPCMS\Libs\ThinkPHP\Library\Think\Cache\Driver\File.class.php 第 157 行.
INFO: Run \Common\Behavior\SettingBehavior [ RunTime:0.058003s ]
INFO: [ app_begin ] --END-- [ RunTime:0.059003s ]
SQL: SHOW COLUMNS FROM `app2_admin` [ RunTime:0.093006s ]

[ 2015-09-21T10:28:38+08:00 ] 127.0.0.1 /thinkphpcms/index.php?m=admin&c=index&a=code&code_len=4&font_size=14&width=100&height=28&code=1442802504&0.2369234753382925
INFO: [ app_begin ] --START--
INFO: Run Behavior\ReadHtmlCacheBehavior [ RunTime:0.001000s ]
SQL: SHOW COLUMNS FROM `app2_setting` [ RunTime:0.004000s ]
SQL: SELECT `key`,`value` FROM `app2_setting`  [ RunTime:0.000000s ]
NOTIC: [2] unlink(C:\wamp\www\ThinkPHPCMS\Public\Runtime\Temp/71df8fced343b2a8ba67c00a47a67b50.php): No such file or directory C:\wamp\www\ThinkPHPCMS\Libs\ThinkPHP\Library\Think\Cache\Driver\File.class.php 第 157 行.
INFO: Run \Common\Behavior\SettingBehavior [ RunTime:0.114006s ]
INFO: [ app_begin ] --END-- [ RunTime:0.116006s ]
INFO: [ app_end ] --START--
INFO: Run Behavior\ShowPageTraceBehavior [ RunTime:0.001000s ]
INFO: [ app_end ] --END-- [ RunTime:0.002000s ]

[ 2015-09-21T10:28:43+08:00 ] 127.0.0.1 /thinkphpcms/index.php?m=admin&c=index&a=login&dosubmit=1
INFO: [ app_begin ] --START--
INFO: Run Behavior\ReadHtmlCacheBehavior [ RunTime:0.001000s ]
SQL: SHOW COLUMNS FROM `app2_setting` [ RunTime:0.003000s ]
SQL: SELECT `key`,`value` FROM `app2_setting`  [ RunTime:0.000000s ]
NOTIC: [2] unlink(C:\wamp\www\ThinkPHPCMS\Public\Runtime\Temp/71df8fced343b2a8ba67c00a47a67b50.php): No such file or directory C:\wamp\www\ThinkPHPCMS\Libs\ThinkPHP\Library\Think\Cache\Driver\File.class.php 第 157 行.
INFO: Run \Common\Behavior\SettingBehavior [ RunTime:0.018001s ]
INFO: [ app_begin ] --END-- [ RunTime:0.020001s ]
SQL: SHOW COLUMNS FROM `app2_admin` [ RunTime:0.003000s ]
SQL: SHOW COLUMNS FROM `app2_times` [ RunTime:0.008000s ]
SQL: SELECT * FROM `app2_admin` WHERE ( `username` = 'admin' ) LIMIT 1   [ RunTime:0.000000s ]
SQL: SELECT * FROM `app2_times` WHERE ( `username` = 'admin' ) AND ( `isadmin` = 1 ) LIMIT 1   [ RunTime:0.000000s ]
SQL: DELETE FROM `app2_times` WHERE ( `username` = 'admin' ) [ RunTime:0.000000s ]
SQL: UPDATE `app2_admin` SET `lastloginip`='127.0.0.1',`lastlogintime`=1442802523 WHERE ( `userid` = 1 ) [ RunTime:0.001000s ]

[ 2015-09-21T10:28:43+08:00 ] 127.0.0.1 /thinkphpcms/index.php?m=admin&c=index&a=index
INFO: [ app_begin ] --START--
INFO: Run Behavior\ReadHtmlCacheBehavior [ RunTime:0.001000s ]
SQL: SHOW COLUMNS FROM `app2_setting` [ RunTime:0.003000s ]
SQL: SELECT `key`,`value` FROM `app2_setting`  [ RunTime:0.001000s ]
NOTIC: [2] unlink(C:\wamp\www\ThinkPHPCMS\Public\Runtime\Temp/71df8fced343b2a8ba67c00a47a67b50.php): No such file or directory C:\wamp\www\ThinkPHPCMS\Libs\ThinkPHP\Library\Think\Cache\Driver\File.class.php 第 157 行.
INFO: Run \Common\Behavior\SettingBehavior [ RunTime:0.019001s ]
INFO: [ app_begin ] --END-- [ RunTime:0.021001s ]
SQL: SHOW COLUMNS FROM `app2_admin` [ RunTime:0.013001s ]
SQL: SHOW COLUMNS FROM `app2_menu` [ RunTime:0.007001s ]
SQL: SHOW COLUMNS FROM `app2_admin_role` [ RunTime:0.011000s ]
SQL: SELECT `userid`,`username`,`roleid`,`encrypt`,`lastloginip`,`lastlogintime`,`email`,`realname` FROM `app2_admin` WHERE ( `userid` = 1 ) LIMIT 1   [ RunTime:0.001000s ]
SQL: SELECT `rolename` FROM `app2_admin_role` WHERE ( `roleid` = 1 ) LIMIT 1   [ RunTime:0.000000s ]
SQL: SELECT * FROM `app2_menu` WHERE ( `parentid` = 0 ) AND ( `display` = 1 ) ORDER BY listorder ASC LIMIT 1000   [ RunTime:0.003000s ]
INFO: [ view_parse ] --START--
INFO: [ template_filter ] --START--
INFO: Run Behavior\ContentReplaceBehavior [ RunTime:0.000000s ]
INFO: [ template_filter ] --END-- [ RunTime:0.001000s ]
INFO: Run Behavior\ParseTemplateBehavior [ RunTime:0.026001s ]
INFO: [ view_parse ] --END-- [ RunTime:0.026001s ]
INFO: [ view_filter ] --START--
INFO: Run Behavior\WriteHtmlCacheBehavior [ RunTime:0.001000s ]
INFO: [ view_filter ] --END-- [ RunTime:0.001000s ]
INFO: [ app_end ] --START--
INFO: Run Behavior\ShowPageTraceBehavior [ RunTime:0.005001s ]
INFO: [ app_end ] --END-- [ RunTime:0.005001s ]

[ 2015-09-21T10:28:44+08:00 ] 127.0.0.1 /thinkphpcms/index.php?m=admin&c=index&a=public_menuleft
INFO: [ app_begin ] --START--
INFO: Run Behavior\ReadHtmlCacheBehavior [ RunTime:0.001000s ]
SQL: SHOW COLUMNS FROM `app2_setting` [ RunTime:0.003000s ]
SQL: SELECT `key`,`value` FROM `app2_setting`  [ RunTime:0.001000s ]
NOTIC: [2] unlink(C:\wamp\www\ThinkPHPCMS\Public\Runtime\Temp/71df8fced343b2a8ba67c00a47a67b50.php): No such file or directory C:\wamp\www\ThinkPHPCMS\Libs\ThinkPHP\Library\Think\Cache\Driver\File.class.php 第 157 行.
INFO: Run \Common\Behavior\SettingBehavior [ RunTime:0.029002s ]
INFO: [ app_begin ] --END-- [ RunTime:0.031002s ]
SQL: SHOW COLUMNS FROM `app2_menu` [ RunTime:0.003001s ]
SQL: SELECT * FROM `app2_menu` WHERE ( `parentid` = 1 ) AND ( `display` = 1 ) ORDER BY listorder ASC LIMIT 1000   [ RunTime:0.000000s ]
SQL: SELECT * FROM `app2_menu` WHERE ( `parentid` = 6 ) AND ( `display` = 1 ) ORDER BY listorder ASC LIMIT 1000   [ RunTime:0.001000s ]
SQL: SELECT * FROM `app2_menu` WHERE ( `parentid` = 47 ) AND ( `display` = 1 ) ORDER BY listorder ASC LIMIT 1000   [ RunTime:0.001000s ]
SQL: SELECT * FROM `app2_menu` WHERE ( `parentid` = 49 ) AND ( `display` = 1 ) ORDER BY listorder ASC LIMIT 1000   [ RunTime:0.000000s ]

[ 2015-09-21T10:28:47+08:00 ] 127.0.0.1 /thinkphpcms/index.php?m=admin&c=index&a=public_main&_=1442802523889
INFO: [ app_begin ] --START--
INFO: Run Behavior\ReadHtmlCacheBehavior [ RunTime:0.001000s ]
SQL: SHOW COLUMNS FROM `app2_setting` [ RunTime:0.005001s ]
SQL: SELECT `key`,`value` FROM `app2_setting`  [ RunTime:0.000000s ]
NOTIC: [2] unlink(C:\wamp\www\ThinkPHPCMS\Public\Runtime\Temp/71df8fced343b2a8ba67c00a47a67b50.php): No such file or directory C:\wamp\www\ThinkPHPCMS\Libs\ThinkPHP\Library\Think\Cache\Driver\File.class.php 第 157 行.
INFO: Run \Common\Behavior\SettingBehavior [ RunTime:0.210012s ]
INFO: [ app_begin ] --END-- [ RunTime:0.211012s ]
SQL: SHOW COLUMNS FROM `app2_admin` [ RunTime:0.005001s ]
SQL: SHOW COLUMNS FROM `app2_admin_role` [ RunTime:0.005000s ]
SQL: SELECT `userid`,`username`,`roleid`,`encrypt`,`lastloginip`,`lastlogintime`,`email`,`realname` FROM `app2_admin` WHERE ( `userid` = 1 ) LIMIT 1   [ RunTime:0.000000s ]
SQL: SELECT `rolename` FROM `app2_admin_role` WHERE ( `roleid` = 1 ) LIMIT 1   [ RunTime:0.001000s ]
NOTIC: [2048] Non-static method Admin\Common\Sysinfo::getinfo() should not be called statically, assuming $this from incompatible context C:\wamp\www\ThinkPHPCMS\App\Admin\Controller\IndexController.class.php 第 111 行.
NOTIC: [2048] Non-static method Admin\Common\Sysinfo::sys_windows() should not be called statically, assuming $this from incompatible context C:\wamp\www\ThinkPHPCMS\App\Admin\Common\Sysinfo.class.php 第 19 行.
NOTIC: [2048] Non-static method Admin\Common\Sysinfo::GetWMI() should not be called statically, assuming $this from incompatible context C:\wamp\www\ThinkPHPCMS\App\Admin\Common\Sysinfo.class.php 第 250 行.
NOTIC: [2] reset() expects parameter 1 to be array, object given C:\wamp\www\ThinkPHPCMS\App\Admin\Common\Sysinfo.class.php 第 300 行.
NOTIC: [2048] Non-static method Admin\Common\Sysinfo::GetWMI() should not be called statically, assuming $this from incompatible context C:\wamp\www\ThinkPHPCMS\App\Admin\Common\Sysinfo.class.php 第 262 行.
NOTIC: [2] reset() expects parameter 1 to be array, object given C:\wamp\www\ThinkPHPCMS\App\Admin\Common\Sysinfo.class.php 第 300 行.
NOTIC: [2048] Non-static method Admin\Common\Sysinfo::GetWMI() should not be called statically, assuming $this from incompatible context C:\wamp\www\ThinkPHPCMS\App\Admin\Common\Sysinfo.class.php 第 285 行.
NOTIC: [2] reset() expects parameter 1 to be array, object given C:\wamp\www\ThinkPHPCMS\App\Admin\Common\Sysinfo.class.php 第 300 行.
NOTIC: [2048] Non-static method Admin\Common\Sysinfo::GetWMI() should not be called statically, assuming $this from incompatible context C:\wamp\www\ThinkPHPCMS\App\Admin\Common\Sysinfo.class.php 第 288 行.
NOTIC: [2] reset() expects parameter 1 to be array, object given C:\wamp\www\ThinkPHPCMS\App\Admin\Common\Sysinfo.class.php 第 300 行.
NOTIC: [8] Undefined index: memCached C:\wamp\www\ThinkPHPCMS\App\Admin\Common\Sysinfo.class.php 第 25 行.
NOTIC: [8] Undefined index: memRealPercent C:\wamp\www\ThinkPHPCMS\App\Admin\Common\Sysinfo.class.php 第 25 行.
NOTIC: [8] Undefined index: memCachedPercent C:\wamp\www\ThinkPHPCMS\App\Admin\Common\Sysinfo.class.php 第 25 行.
NOTIC: [8] Undefined index: swapTotal C:\wamp\www\ThinkPHPCMS\App\Admin\Common\Sysinfo.class.php 第 25 行.
NOTIC: [8] Undefined index: swapUsed C:\wamp\www\ThinkPHPCMS\App\Admin\Common\Sysinfo.class.php 第 25 行.
NOTIC: [8] Undefined index: swapFree C:\wamp\www\ThinkPHPCMS\App\Admin\Common\Sysinfo.class.php 第 25 行.
NOTIC: [8] Undefined index: swapPercent C:\wamp\www\ThinkPHPCMS\App\Admin\Common\Sysinfo.class.php 第 25 行.
NOTIC: [2] file(/proc/net/dev): failed to open stream: No such file or directory C:\wamp\www\ThinkPHPCMS\App\Admin\Common\Sysinfo.class.php 第 33 行.
NOTIC: [8] Undefined index: memBuffers C:\wamp\www\ThinkPHPCMS\App\Admin\Common\Sysinfo.class.php 第 68 行.
NOTIC: [8] Undefined index: memRealUsed C:\wamp\www\ThinkPHPCMS\App\Admin\Common\Sysinfo.class.php 第 73 行.
NOTIC: [8] Undefined index: memRealFree C:\wamp\www\ThinkPHPCMS\App\Admin\Common\Sysinfo.class.php 第 74 行.
NOTIC: [8] Undefined offset: 2 C:\wamp\www\ThinkPHPCMS\App\Admin\Common\Sysinfo.class.php 第 82 行.
NOTIC: [8] Undefined offset: 3 C:\wamp\www\ThinkPHPCMS\App\Admin\Common\Sysinfo.class.php 第 83 行.
NOTIC: [8] Undefined offset: 4 C:\wamp\www\ThinkPHPCMS\App\Admin\Common\Sysinfo.class.php 第 84 行.
NOTIC: [8] Undefined offset: 5 C:\wamp\www\ThinkPHPCMS\App\Admin\Common\Sysinfo.class.php 第 85 行.
NOTIC: [8] Undefined offset: 6 C:\wamp\www\ThinkPHPCMS\App\Admin\Common\Sysinfo.class.php 第 86 行.
NOTIC: [8] Undefined offset: 7 C:\wamp\www\ThinkPHPCMS\App\Admin\Common\Sysinfo.class.php 第 87 行.
NOTIC: [8] Undefined offset: 8 C:\wamp\www\ThinkPHPCMS\App\Admin\Common\Sysinfo.class.php 第 88 行.
NOTIC: [8] Undefined offset: 9 C:\wamp\www\ThinkPHPCMS\App\Admin\Common\Sysinfo.class.php 第 89 行.
NOTIC: [8] Undefined offset: 10 C:\wamp\www\ThinkPHPCMS\App\Admin\Common\Sysinfo.class.php 第 90 行.
NOTIC: [8] Undefined variable: NetInput C:\wamp\www\ThinkPHPCMS\App\Admin\Common\Sysinfo.class.php 第 91 行.
NOTIC: [8] Undefined variable: NetInput C:\wamp\www\ThinkPHPCMS\App\Admin\Common\Sysinfo.class.php 第 92 行.
NOTIC: [8] Undefined variable: NetInput C:\wamp\www\ThinkPHPCMS\App\Admin\Common\Sysinfo.class.php 第 93 行.
NOTIC: [8] Undefined variable: NetInput C:\wamp\www\ThinkPHPCMS\App\Admin\Common\Sysinfo.class.php 第 94 行.
NOTIC: [8] Undefined variable: NetInput C:\wamp\www\ThinkPHPCMS\App\Admin\Common\Sysinfo.class.php 第 95 行.
NOTIC: [8] Undefined variable: NetInput C:\wamp\www\ThinkPHPCMS\App\Admin\Common\Sysinfo.class.php 第 96 行.
NOTIC: [8] Undefined variable: NetInput C:\wamp\www\ThinkPHPCMS\App\Admin\Common\Sysinfo.class.php 第 97 行.
NOTIC: [8] Undefined variable: NetInput C:\wamp\www\ThinkPHPCMS\App\Admin\Common\Sysinfo.class.php 第 98 行.
NOTIC: [8] Undefined variable: NetInput C:\wamp\www\ThinkPHPCMS\App\Admin\Common\Sysinfo.class.php 第 99 行.
NOTIC: [2] file(/proc/net/dev): failed to open stream: No such file or directory C:\wamp\www\ThinkPHPCMS\App\Admin\Controller\IndexController.class.php 第 115 行.
INFO: [ view_parse ] --START--
INFO: [ template_filter ] --START--
INFO: Run Behavior\ContentReplaceBehavior [ RunTime:0.000000s ]
INFO: [ template_filter ] --END-- [ RunTime:0.001000s ]
INFO: Run Behavior\ParseTemplateBehavior [ RunTime:0.037002s ]
INFO: [ view_parse ] --END-- [ RunTime:0.037002s ]
INFO: [ view_filter ] --START--
INFO: Run Behavior\WriteHtmlCacheBehavior [ RunTime:0.001000s ]
INFO: [ view_filter ] --END-- [ RunTime:0.001000s ]
INFO: [ app_end ] --START--
INFO: Run Behavior\ShowPageTraceBehavior [ RunTime:0.001000s ]
INFO: [ app_end ] --END-- [ RunTime:0.001000s ]

[ 2015-09-21T10:28:47+08:00 ] 127.0.0.1 /thinkphpcms/index.php?m=admin&c=optiondata&a=optionlist&menuid=50&_=1442802525972
INFO: [ app_begin ] --START--
INFO: Run Behavior\ReadHtmlCacheBehavior [ RunTime:0.001000s ]
SQL: SHOW COLUMNS FROM `app2_setting` [ RunTime:0.009000s ]
SQL: SELECT `key`,`value` FROM `app2_setting`  [ RunTime:0.001001s ]
NOTIC: [2] unlink(C:\wamp\www\ThinkPHPCMS\Public\Runtime\Temp/71df8fced343b2a8ba67c00a47a67b50.php): No such file or directory C:\wamp\www\ThinkPHPCMS\Libs\ThinkPHP\Library\Think\Cache\Driver\File.class.php 第 157 行.
INFO: Run \Common\Behavior\SettingBehavior [ RunTime:0.041003s ]
INFO: [ app_begin ] --END-- [ RunTime:0.043003s ]
INFO: [ view_parse ] --START--
INFO: [ template_filter ] --START--
INFO: Run Behavior\ContentReplaceBehavior [ RunTime:0.000000s ]
INFO: [ template_filter ] --END-- [ RunTime:0.001000s ]
INFO: Run Behavior\ParseTemplateBehavior [ RunTime:0.019001s ]
INFO: [ view_parse ] --END-- [ RunTime:0.020001s ]
INFO: [ view_filter ] --START--
INFO: Run Behavior\WriteHtmlCacheBehavior [ RunTime:0.000000s ]
INFO: [ view_filter ] --END-- [ RunTime:0.000000s ]
INFO: [ app_end ] --START--
INFO: Run Behavior\ShowPageTraceBehavior [ RunTime:0.001000s ]
INFO: [ app_end ] --END-- [ RunTime:0.001000s ]

[ 2015-09-21T10:28:48+08:00 ] 127.0.0.1 /thinkphpcms/index.php?m=admin&c=dictdata&a=getdictnamejson&id=200
INFO: [ app_begin ] --START--
INFO: Run Behavior\ReadHtmlCacheBehavior [ RunTime:0.001000s ]
SQL: SHOW COLUMNS FROM `app2_setting` [ RunTime:0.003001s ]
SQL: SELECT `key`,`value` FROM `app2_setting`  [ RunTime:0.001000s ]
NOTIC: [2] unlink(C:\wamp\www\ThinkPHPCMS\Public\Runtime\Temp/71df8fced343b2a8ba67c00a47a67b50.php): No such file or directory C:\wamp\www\ThinkPHPCMS\Libs\ThinkPHP\Library\Think\Cache\Driver\File.class.php 第 157 行.
INFO: Run \Common\Behavior\SettingBehavior [ RunTime:0.020002s ]
INFO: [ app_begin ] --END-- [ RunTime:0.022002s ]
SQL: SHOW COLUMNS FROM `app2_data_dict` [ RunTime:0.007000s ]
SQL: SELECT `type_id`,`type_name` FROM `app2_data_dict` WHERE ( `belong_type` = 200 )  [ RunTime:0.003000s ]
INFO: [ app_end ] --START--
INFO: Run Behavior\ShowPageTraceBehavior [ RunTime:0.001000s ]
INFO: [ app_end ] --END-- [ RunTime:0.001000s ]

[ 2015-09-21T10:28:48+08:00 ] 127.0.0.1 /thinkphpcms/index.php?m=admin&c=dictdata&a=getdictnamejson&id=100
INFO: [ app_begin ] --START--
INFO: Run Behavior\ReadHtmlCacheBehavior [ RunTime:0.001000s ]
SQL: SHOW COLUMNS FROM `app2_setting` [ RunTime:0.003000s ]
SQL: SELECT `key`,`value` FROM `app2_setting`  [ RunTime:0.000000s ]
NOTIC: [2] unlink(C:\wamp\www\ThinkPHPCMS\Public\Runtime\Temp/71df8fced343b2a8ba67c00a47a67b50.php): No such file or directory C:\wamp\www\ThinkPHPCMS\Libs\ThinkPHP\Library\Think\Cache\Driver\File.class.php 第 157 行.
INFO: Run \Common\Behavior\SettingBehavior [ RunTime:0.040003s ]
INFO: [ app_begin ] --END-- [ RunTime:0.042003s ]
SQL: SHOW COLUMNS FROM `app2_data_dict` [ RunTime:0.004000s ]
SQL: SELECT `type_id`,`type_name` FROM `app2_data_dict` WHERE ( `belong_type` = 100 )  [ RunTime:0.001000s ]
INFO: [ app_end ] --START--
INFO: Run Behavior\ShowPageTraceBehavior [ RunTime:0.001000s ]
INFO: [ app_end ] --END-- [ RunTime:0.001000s ]

[ 2015-09-21T10:28:48+08:00 ] 127.0.0.1 /thinkphpcms/index.php?m=admin&c=optiondata&a=optionlist
INFO: [ app_begin ] --START--
INFO: Run Behavior\ReadHtmlCacheBehavior [ RunTime:0.001000s ]
SQL: SHOW COLUMNS FROM `app2_setting` [ RunTime:0.003000s ]
SQL: SELECT `key`,`value` FROM `app2_setting`  [ RunTime:0.001001s ]
NOTIC: [2] unlink(C:\wamp\www\ThinkPHPCMS\Public\Runtime\Temp/71df8fced343b2a8ba67c00a47a67b50.php): No such file or directory C:\wamp\www\ThinkPHPCMS\Libs\ThinkPHP\Library\Think\Cache\Driver\File.class.php 第 157 行.
INFO: Run \Common\Behavior\SettingBehavior [ RunTime:0.020002s ]
INFO: [ app_begin ] --END-- [ RunTime:0.023002s ]
INFO: [ view_parse ] --START--
INFO: [ template_filter ] --START--
INFO: Run Behavior\ContentReplaceBehavior [ RunTime:0.000000s ]
INFO: [ template_filter ] --END-- [ RunTime:0.000000s ]
INFO: Run Behavior\ParseTemplateBehavior [ RunTime:0.083005s ]
INFO: [ view_parse ] --END-- [ RunTime:0.083005s ]
INFO: [ view_filter ] --START--
INFO: Run Behavior\WriteHtmlCacheBehavior [ RunTime:0.001000s ]
INFO: [ view_filter ] --END-- [ RunTime:0.001000s ]
INFO: [ app_end ] --START--
INFO: Run Behavior\ShowPageTraceBehavior [ RunTime:0.001000s ]
INFO: [ app_end ] --END-- [ RunTime:0.001000s ]

[ 2015-09-21T10:28:48+08:00 ] 127.0.0.1 /thinkphpcms/index.php?m=admin&c=optiondata&a=optionlist
INFO: [ app_begin ] --START--
INFO: Run Behavior\ReadHtmlCacheBehavior [ RunTime:0.001000s ]
SQL: SHOW COLUMNS FROM `app2_setting` [ RunTime:0.003000s ]
SQL: SELECT `key`,`value` FROM `app2_setting`  [ RunTime:0.001000s ]
NOTIC: [2] unlink(C:\wamp\www\ThinkPHPCMS\Public\Runtime\Temp/71df8fced343b2a8ba67c00a47a67b50.php): No such file or directory C:\wamp\www\ThinkPHPCMS\Libs\ThinkPHP\Library\Think\Cache\Driver\File.class.php 第 157 行.
INFO: Run \Common\Behavior\SettingBehavior [ RunTime:0.019001s ]
INFO: [ app_begin ] --END-- [ RunTime:0.021001s ]
INFO: [ view_parse ] --START--
INFO: [ template_filter ] --START--
INFO: Run Behavior\ContentReplaceBehavior [ RunTime:0.000000s ]
INFO: [ template_filter ] --END-- [ RunTime:0.000000s ]
INFO: Run Behavior\ParseTemplateBehavior [ RunTime:0.017001s ]
INFO: [ view_parse ] --END-- [ RunTime:0.017001s ]
INFO: [ view_filter ] --START--
INFO: Run Behavior\WriteHtmlCacheBehavior [ RunTime:0.001000s ]
INFO: [ view_filter ] --END-- [ RunTime:0.001000s ]
INFO: [ app_end ] --START--
INFO: Run Behavior\ShowPageTraceBehavior [ RunTime:0.000000s ]
INFO: [ app_end ] --END-- [ RunTime:0.002000s ]

[ 2015-09-21T10:28:48+08:00 ] 127.0.0.1 /thinkphpcms/index.php?m=admin&c=optiondata&a=optionlist
INFO: [ app_begin ] --START--
INFO: Run Behavior\ReadHtmlCacheBehavior [ RunTime:0.001000s ]
SQL: SHOW COLUMNS FROM `app2_setting` [ RunTime:0.003000s ]
SQL: SELECT `key`,`value` FROM `app2_setting`  [ RunTime:0.000000s ]
NOTIC: [2] unlink(C:\wamp\www\ThinkPHPCMS\Public\Runtime\Temp/71df8fced343b2a8ba67c00a47a67b50.php): No such file or directory C:\wamp\www\ThinkPHPCMS\Libs\ThinkPHP\Library\Think\Cache\Driver\File.class.php 第 157 行.
INFO: Run \Common\Behavior\SettingBehavior [ RunTime:0.019001s ]
INFO: [ app_begin ] --END-- [ RunTime:0.023001s ]
INFO: [ view_parse ] --START--
INFO: [ template_filter ] --START--
INFO: Run Behavior\ContentReplaceBehavior [ RunTime:0.000000s ]
INFO: [ template_filter ] --END-- [ RunTime:0.001000s ]
INFO: Run Behavior\ParseTemplateBehavior [ RunTime:0.099006s ]
INFO: [ view_parse ] --END-- [ RunTime:0.099006s ]
INFO: [ view_filter ] --START--
INFO: Run Behavior\WriteHtmlCacheBehavior [ RunTime:0.001000s ]
INFO: [ view_filter ] --END-- [ RunTime:0.001000s ]
INFO: [ app_end ] --START--
INFO: Run Behavior\ShowPageTraceBehavior [ RunTime:0.002000s ]
INFO: [ app_end ] --END-- [ RunTime:0.002000s ]

[ 2015-09-21T10:28:48+08:00 ] 127.0.0.1 /thinkphpcms/index.php?m=admin&c=optiondata&a=optionlist
INFO: [ app_begin ] --START--
INFO: Run Behavior\ReadHtmlCacheBehavior [ RunTime:0.000000s ]
SQL: SHOW COLUMNS FROM `app2_setting` [ RunTime:0.004000s ]
SQL: SELECT `key`,`value` FROM `app2_setting`  [ RunTime:0.000000s ]
NOTIC: [2] unlink(C:\wamp\www\ThinkPHPCMS\Public\Runtime\Temp/71df8fced343b2a8ba67c00a47a67b50.php): No such file or directory C:\wamp\www\ThinkPHPCMS\Libs\ThinkPHP\Library\Think\Cache\Driver\File.class.php 第 157 行.
INFO: Run \Common\Behavior\SettingBehavior [ RunTime:0.020002s ]
INFO: [ app_begin ] --END-- [ RunTime:0.023002s ]
SQL: SHOW COLUMNS FROM `app2_optiondata` [ RunTime:0.011000s ]
SQL: SELECT COUNT(*) AS tp_count FROM `app2_optiondata` LIMIT 1   [ RunTime:0.004001s ]
SQL: SELECT * FROM `app2_optiondata` WHERE ( `course` = 201 ) AND ( `type` = 101 ) LIMIT 0,15   [ RunTime:0.001000s ]
SQL: SHOW COLUMNS FROM `app2_data_dict` [ RunTime:0.006001s ]
SQL: SELECT `type_id`,`type_name` FROM `app2_data_dict` WHERE ( `type_id` = 201 )  [ RunTime:0.000000s ]
SQL: SELECT `type_id`,`type_name` FROM `app2_data_dict` WHERE ( `type_id` = 101 )  [ RunTime:0.001000s ]
SQL: SELECT `type_id`,`type_name` FROM `app2_data_dict` WHERE ( `type_id` = 201 )  [ RunTime:0.000000s ]
SQL: SELECT `type_id`,`type_name` FROM `app2_data_dict` WHERE ( `type_id` = 101 )  [ RunTime:0.001000s ]
SQL: SELECT `type_id`,`type_name` FROM `app2_data_dict` WHERE ( `type_id` = 201 )  [ RunTime:0.000000s ]
SQL: SELECT `type_id`,`type_name` FROM `app2_data_dict` WHERE ( `type_id` = 101 )  [ RunTime:0.001000s ]
SQL: SELECT `type_id`,`type_name` FROM `app2_data_dict` WHERE ( `type_id` = 201 )  [ RunTime:0.000000s ]
SQL: SELECT `type_id`,`type_name` FROM `app2_data_dict` WHERE ( `type_id` = 101 )  [ RunTime:0.000000s ]
SQL: SELECT `type_id`,`type_name` FROM `app2_data_dict` WHERE ( `type_id` = 201 )  [ RunTime:0.001000s ]
SQL: SELECT `type_id`,`type_name` FROM `app2_data_dict` WHERE ( `type_id` = 101 )  [ RunTime:0.000000s ]
SQL: SELECT `type_id`,`type_name` FROM `app2_data_dict` WHERE ( `type_id` = 201 )  [ RunTime:0.000000s ]
SQL: SELECT `type_id`,`type_name` FROM `app2_data_dict` WHERE ( `type_id` = 101 )  [ RunTime:0.001000s ]
INFO: [ app_end ] --START--
INFO: Run Behavior\ShowPageTraceBehavior [ RunTime:0.001000s ]
INFO: [ app_end ] --END-- [ RunTime:0.002000s ]

[ 2015-09-21T10:29:05+08:00 ] 127.0.0.1 /thinkphpcms/index.php?m=admin&c=index&a=public_menuleft
INFO: [ app_begin ] --START--
INFO: Run Behavior\ReadHtmlCacheBehavior [ RunTime:0.002000s ]
SQL: SHOW COLUMNS FROM `app2_setting` [ RunTime:0.009000s ]
SQL: SELECT `key`,`value` FROM `app2_setting`  [ RunTime:0.001000s ]
NOTIC: [2] unlink(C:\wamp\www\ThinkPHPCMS\Public\Runtime\Temp/71df8fced343b2a8ba67c00a47a67b50.php): No such file or directory C:\wamp\www\ThinkPHPCMS\Libs\ThinkPHP\Library\Think\Cache\Driver\File.class.php 第 157 行.
INFO: Run \Common\Behavior\SettingBehavior [ RunTime:0.025001s ]
INFO: [ app_begin ] --END-- [ RunTime:0.028001s ]
SQL: SHOW COLUMNS FROM `app2_menu` [ RunTime:0.005000s ]
SQL: SELECT * FROM `app2_menu` WHERE ( `parentid` = 4 ) AND ( `display` = 1 ) ORDER BY listorder ASC LIMIT 1000   [ RunTime:0.001000s ]
SQL: SELECT * FROM `app2_menu` WHERE ( `parentid` = 42 ) AND ( `display` = 1 ) ORDER BY listorder ASC LIMIT 1000   [ RunTime:0.000000s ]

[ 2015-09-21T10:29:07+08:00 ] 127.0.0.1 /thinkphpcms/index.php?m=admin&c=admin&a=typelist&menuid=44&_=1442802547383
INFO: [ app_begin ] --START--
INFO: Run Behavior\ReadHtmlCacheBehavior [ RunTime:0.001000s ]
SQL: SHOW COLUMNS FROM `app2_setting` [ RunTime:0.003000s ]
SQL: SELECT `key`,`value` FROM `app2_setting`  [ RunTime:0.001000s ]
NOTIC: [2] unlink(C:\wamp\www\ThinkPHPCMS\Public\Runtime\Temp/71df8fced343b2a8ba67c00a47a67b50.php): No such file or directory C:\wamp\www\ThinkPHPCMS\Libs\ThinkPHP\Library\Think\Cache\Driver\File.class.php 第 157 行.
INFO: Run \Common\Behavior\SettingBehavior [ RunTime:0.027002s ]
INFO: [ app_begin ] --END-- [ RunTime:0.029002s ]
INFO: [ view_parse ] --START--
INFO: [ template_filter ] --START--
INFO: Run Behavior\ContentReplaceBehavior [ RunTime:0.000000s ]
INFO: [ template_filter ] --END-- [ RunTime:0.001000s ]
INFO: Run Behavior\ParseTemplateBehavior [ RunTime:0.014000s ]
INFO: [ view_parse ] --END-- [ RunTime:0.015000s ]
INFO: [ view_filter ] --START--
INFO: Run Behavior\WriteHtmlCacheBehavior [ RunTime:0.000000s ]
INFO: [ view_filter ] --END-- [ RunTime:0.000000s ]
INFO: [ app_end ] --START--
INFO: Run Behavior\ShowPageTraceBehavior [ RunTime:0.001000s ]
INFO: [ app_end ] --END-- [ RunTime:0.001000s ]

[ 2015-09-21T10:29:08+08:00 ] 127.0.0.1 /thinkphpcms/index.php?m=admin&c=admin&a=memberlist&menuid=43&_=1442802548767
INFO: [ app_begin ] --START--
INFO: Run Behavior\ReadHtmlCacheBehavior [ RunTime:0.003000s ]
SQL: SHOW COLUMNS FROM `app2_setting` [ RunTime:0.007000s ]
SQL: SELECT `key`,`value` FROM `app2_setting`  [ RunTime:0.000000s ]
NOTIC: [2] unlink(C:\wamp\www\ThinkPHPCMS\Public\Runtime\Temp/71df8fced343b2a8ba67c00a47a67b50.php): No such file or directory C:\wamp\www\ThinkPHPCMS\Libs\ThinkPHP\Library\Think\Cache\Driver\File.class.php 第 157 行.
INFO: Run \Common\Behavior\SettingBehavior [ RunTime:0.027002s ]
INFO: [ app_begin ] --END-- [ RunTime:0.031002s ]
SQL: SHOW COLUMNS FROM `app2_menu` [ RunTime:0.005000s ]
SQL: SELECT * FROM `app2_menu` WHERE ( `id` = 43 ) LIMIT 1   [ RunTime:0.001000s ]
SQL: SELECT * FROM `app2_menu` WHERE ( `id` = 42 ) LIMIT 1   [ RunTime:0.000000s ]
SQL: SELECT * FROM `app2_menu` WHERE ( `id` = 4 ) LIMIT 1   [ RunTime:0.000000s ]
INFO: [ view_parse ] --START--
INFO: [ template_filter ] --START--
INFO: Run Behavior\ContentReplaceBehavior [ RunTime:0.000000s ]
INFO: [ template_filter ] --END-- [ RunTime:0.001000s ]
INFO: Run Behavior\ParseTemplateBehavior [ RunTime:0.027001s ]
INFO: [ view_parse ] --END-- [ RunTime:0.030001s ]
INFO: [ view_filter ] --START--
INFO: Run Behavior\WriteHtmlCacheBehavior [ RunTime:0.000000s ]
INFO: [ view_filter ] --END-- [ RunTime:0.001000s ]
INFO: [ app_end ] --START--
INFO: Run Behavior\ShowPageTraceBehavior [ RunTime:0.001000s ]
INFO: [ app_end ] --END-- [ RunTime:0.001000s ]

[ 2015-09-21T10:29:09+08:00 ] 127.0.0.1 /thinkphpcms/index.php?m=admin&c=admin&a=memberlist&grid=datagrid
INFO: [ app_begin ] --START--
INFO: Run Behavior\ReadHtmlCacheBehavior [ RunTime:0.002000s ]
SQL: SHOW COLUMNS FROM `app2_setting` [ RunTime:0.003000s ]
SQL: SELECT `key`,`value` FROM `app2_setting`  [ RunTime:0.001000s ]
NOTIC: [2] unlink(C:\wamp\www\ThinkPHPCMS\Public\Runtime\Temp/71df8fced343b2a8ba67c00a47a67b50.php): No such file or directory C:\wamp\www\ThinkPHPCMS\Libs\ThinkPHP\Library\Think\Cache\Driver\File.class.php 第 157 行.
INFO: Run \Common\Behavior\SettingBehavior [ RunTime:0.022001s ]
INFO: [ app_begin ] --END-- [ RunTime:0.024001s ]
SQL: SHOW COLUMNS FROM `app2_admin` [ RunTime:0.004000s ]
SQL: SELECT COUNT(*) AS tp_count FROM `app2_admin` LIMIT 1   [ RunTime:0.000000s ]
SQL: SHOW COLUMNS FROM `app2_admin` [ RunTime:0.004001s ]
SQL: SELECT A.userid,A.username,A.lastloginip,A.email,A.realname,AR.rolename,FROM_UNIXTIME(A.lastlogintime,'%Y-%m-%d %H:%i:%s') as lastlogintime FROM app2_admin A INNER JOIN app2_admin_role AR on AR.roleid = A.roleid  ORDER BY userid asc LIMIT 0,20   [ RunTime:0.006000s ]

[ 2015-09-21T10:29:12+08:00 ] 127.0.0.1 /thinkphpcms/index.php?m=admin&c=index&a=public_menuleft
INFO: [ app_begin ] --START--
INFO: Run Behavior\ReadHtmlCacheBehavior [ RunTime:0.001000s ]
SQL: SHOW COLUMNS FROM `app2_setting` [ RunTime:0.015001s ]
SQL: SELECT `key`,`value` FROM `app2_setting`  [ RunTime:0.001000s ]
NOTIC: [2] unlink(C:\wamp\www\ThinkPHPCMS\Public\Runtime\Temp/71df8fced343b2a8ba67c00a47a67b50.php): No such file or directory C:\wamp\www\ThinkPHPCMS\Libs\ThinkPHP\Library\Think\Cache\Driver\File.class.php 第 157 行.
INFO: Run \Common\Behavior\SettingBehavior [ RunTime:0.076004s ]
INFO: [ app_begin ] --END-- [ RunTime:0.123007s ]
SQL: SHOW COLUMNS FROM `app2_menu` [ RunTime:0.010000s ]
SQL: SELECT * FROM `app2_menu` WHERE ( `parentid` = 3 ) AND ( `display` = 1 ) ORDER BY listorder ASC LIMIT 1000   [ RunTime:0.001001s ]
SQL: SELECT * FROM `app2_menu` WHERE ( `parentid` = 34 ) AND ( `display` = 1 ) ORDER BY listorder ASC LIMIT 1000   [ RunTime:0.001000s ]

[ 2015-09-21T10:29:13+08:00 ] 127.0.0.1 /thinkphpcms/index.php?m=admin&c=category&a=categorylist&menuid=36&_=1442802553528
INFO: [ app_begin ] --START--
INFO: Run Behavior\ReadHtmlCacheBehavior [ RunTime:0.001000s ]
SQL: SHOW COLUMNS FROM `app2_setting` [ RunTime:0.004000s ]
SQL: SELECT `key`,`value` FROM `app2_setting`  [ RunTime:0.001000s ]
NOTIC: [2] unlink(C:\wamp\www\ThinkPHPCMS\Public\Runtime\Temp/71df8fced343b2a8ba67c00a47a67b50.php): No such file or directory C:\wamp\www\ThinkPHPCMS\Libs\ThinkPHP\Library\Think\Cache\Driver\File.class.php 第 157 行.
INFO: Run \Common\Behavior\SettingBehavior [ RunTime:0.081004s ]
INFO: [ app_begin ] --END-- [ RunTime:0.085005s ]
SQL: SHOW COLUMNS FROM `app2_menu` [ RunTime:0.005000s ]
SQL: SELECT * FROM `app2_menu` WHERE ( `id` = 36 ) LIMIT 1   [ RunTime:0.001000s ]
SQL: SELECT * FROM `app2_menu` WHERE ( `id` = 34 ) LIMIT 1   [ RunTime:0.001000s ]
SQL: SELECT * FROM `app2_menu` WHERE ( `id` = 3 ) LIMIT 1   [ RunTime:0.000000s ]
INFO: [ view_parse ] --START--
INFO: [ template_filter ] --START--
INFO: Run Behavior\ContentReplaceBehavior [ RunTime:0.000000s ]
INFO: [ template_filter ] --END-- [ RunTime:0.000000s ]
INFO: Run Behavior\ParseTemplateBehavior [ RunTime:0.029002s ]
INFO: [ view_parse ] --END-- [ RunTime:0.029002s ]
INFO: [ view_filter ] --START--
INFO: Run Behavior\WriteHtmlCacheBehavior [ RunTime:0.000000s ]
INFO: [ view_filter ] --END-- [ RunTime:0.001000s ]
INFO: [ app_end ] --START--
INFO: Run Behavior\ShowPageTraceBehavior [ RunTime:0.000000s ]
INFO: [ app_end ] --END-- [ RunTime:0.002000s ]

[ 2015-09-21T10:29:14+08:00 ] 127.0.0.1 /thinkphpcms/index.php?m=admin&c=category&a=categorylist&grid=treegrid
INFO: [ app_begin ] --START--
INFO: Run Behavior\ReadHtmlCacheBehavior [ RunTime:0.002000s ]
SQL: SHOW COLUMNS FROM `app2_setting` [ RunTime:0.004000s ]
SQL: SELECT `key`,`value` FROM `app2_setting`  [ RunTime:0.001000s ]
NOTIC: [2] unlink(C:\wamp\www\ThinkPHPCMS\Public\Runtime\Temp/71df8fced343b2a8ba67c00a47a67b50.php): No such file or directory C:\wamp\www\ThinkPHPCMS\Libs\ThinkPHP\Library\Think\Cache\Driver\File.class.php 第 157 行.
INFO: Run \Common\Behavior\SettingBehavior [ RunTime:0.022001s ]
INFO: [ app_begin ] --END-- [ RunTime:0.024001s ]
SQL: SHOW COLUMNS FROM `app2_category` [ RunTime:0.009000s ]
SQL: SELECT `catid`,`catname`,`type`,`description`,`ismenu`,`listorder`,`catid` as `operateid` FROM `app2_category` WHERE ( `parentid` = 0 ) ORDER BY `listorder` ASC,`catid` DESC  [ RunTime:0.001000s ]

[ 2015-09-21T10:29:15+08:00 ] 127.0.0.1 /thinkphpcms/index.php?m=admin&c=content&a=index&menuid=35&_=1442802554874
INFO: [ app_begin ] --START--
INFO: Run Behavior\ReadHtmlCacheBehavior [ RunTime:0.002000s ]
SQL: SHOW COLUMNS FROM `app2_setting` [ RunTime:0.006001s ]
SQL: SELECT `key`,`value` FROM `app2_setting`  [ RunTime:0.002000s ]
NOTIC: [2] unlink(C:\wamp\www\ThinkPHPCMS\Public\Runtime\Temp/71df8fced343b2a8ba67c00a47a67b50.php): No such file or directory C:\wamp\www\ThinkPHPCMS\Libs\ThinkPHP\Library\Think\Cache\Driver\File.class.php 第 157 行.
INFO: Run \Common\Behavior\SettingBehavior [ RunTime:0.028002s ]
INFO: [ app_begin ] --END-- [ RunTime:0.031002s ]
SQL: SHOW COLUMNS FROM `app2_menu` [ RunTime:0.004000s ]
SQL: SELECT * FROM `app2_menu` WHERE ( `id` = 35 ) LIMIT 1   [ RunTime:0.000000s ]
SQL: SELECT * FROM `app2_menu` WHERE ( `id` = 34 ) LIMIT 1   [ RunTime:0.000000s ]
SQL: SELECT * FROM `app2_menu` WHERE ( `id` = 3 ) LIMIT 1   [ RunTime:0.001000s ]
NOTIC: [8] Use of undefined constant currentpos - assumed 'currentpos' C:\wamp\www\ThinkPHPCMS\App\Admin\Controller\ContentController.class.php 第 47 行.
INFO: [ view_parse ] --START--
INFO: [ template_filter ] --START--
INFO: Run Behavior\ContentReplaceBehavior [ RunTime:0.000000s ]
INFO: [ template_filter ] --END-- [ RunTime:0.001000s ]
INFO: Run Behavior\ParseTemplateBehavior [ RunTime:0.019001s ]
INFO: [ view_parse ] --END-- [ RunTime:0.020001s ]
INFO: [ view_filter ] --START--
INFO: Run Behavior\WriteHtmlCacheBehavior [ RunTime:0.001001s ]
INFO: [ view_filter ] --END-- [ RunTime:0.001001s ]
INFO: [ app_end ] --START--
INFO: Run Behavior\ShowPageTraceBehavior [ RunTime:0.002000s ]
INFO: [ app_end ] --END-- [ RunTime:0.002000s ]

[ 2015-09-21T10:29:15+08:00 ] 127.0.0.1 /thinkphpcms/index.php?m=admin&c=content&a=public_right&_=1442802555042
INFO: [ app_begin ] --START--
INFO: Run Behavior\ReadHtmlCacheBehavior [ RunTime:0.008001s ]
SQL: SHOW COLUMNS FROM `app2_setting` [ RunTime:0.005000s ]
SQL: SELECT `key`,`value` FROM `app2_setting`  [ RunTime:0.000000s ]
NOTIC: [2] unlink(C:\wamp\www\ThinkPHPCMS\Public\Runtime\Temp/71df8fced343b2a8ba67c00a47a67b50.php): No such file or directory C:\wamp\www\ThinkPHPCMS\Libs\ThinkPHP\Library\Think\Cache\Driver\File.class.php 第 157 行.
INFO: Run \Common\Behavior\SettingBehavior [ RunTime:0.029001s ]
INFO: [ app_begin ] --END-- [ RunTime:0.037002s ]
INFO: [ view_parse ] --START--
INFO: [ template_filter ] --START--
INFO: Run Behavior\ContentReplaceBehavior [ RunTime:0.001000s ]
INFO: [ template_filter ] --END-- [ RunTime:0.001000s ]
INFO: Run Behavior\ParseTemplateBehavior [ RunTime:0.066004s ]
INFO: [ view_parse ] --END-- [ RunTime:0.066004s ]
INFO: [ view_filter ] --START--
INFO: Run Behavior\WriteHtmlCacheBehavior [ RunTime:0.001000s ]
INFO: [ view_filter ] --END-- [ RunTime:0.001000s ]
INFO: [ app_end ] --START--
INFO: Run Behavior\ShowPageTraceBehavior [ RunTime:0.001000s ]
INFO: [ app_end ] --END-- [ RunTime:0.001000s ]

[ 2015-09-21T10:29:15+08:00 ] 127.0.0.1 /thinkphpcms/index.php?m=admin&c=content&a=public_welcome&_=1442802555055
INFO: [ app_begin ] --START--
INFO: Run Behavior\ReadHtmlCacheBehavior [ RunTime:0.002000s ]
SQL: SHOW COLUMNS FROM `app2_setting` [ RunTime:0.003000s ]
SQL: SELECT `key`,`value` FROM `app2_setting`  [ RunTime:0.001000s ]
NOTIC: [2] unlink(C:\wamp\www\ThinkPHPCMS\Public\Runtime\Temp/71df8fced343b2a8ba67c00a47a67b50.php): No such file or directory C:\wamp\www\ThinkPHPCMS\Libs\ThinkPHP\Library\Think\Cache\Driver\File.class.php 第 157 行.
INFO: Run \Common\Behavior\SettingBehavior [ RunTime:0.074004s ]
INFO: [ app_begin ] --END-- [ RunTime:0.076004s ]
INFO: [ view_parse ] --START--
INFO: [ template_filter ] --START--
INFO: Run Behavior\ContentReplaceBehavior [ RunTime:0.000000s ]
INFO: [ template_filter ] --END-- [ RunTime:0.001000s ]
INFO: Run Behavior\ParseTemplateBehavior [ RunTime:0.011000s ]
INFO: [ view_parse ] --END-- [ RunTime:0.012000s ]
INFO: [ view_filter ] --START--
INFO: Run Behavior\WriteHtmlCacheBehavior [ RunTime:0.001000s ]
INFO: [ view_filter ] --END-- [ RunTime:0.001000s ]
INFO: [ app_end ] --START--
INFO: Run Behavior\ShowPageTraceBehavior [ RunTime:0.001000s ]
INFO: [ app_end ] --END-- [ RunTime:0.001000s ]

[ 2015-09-21T10:29:15+08:00 ] 127.0.0.1 /thinkphpcms/index.php?m=admin&c=content&a=public_right
INFO: [ app_begin ] --START--
INFO: Run Behavior\ReadHtmlCacheBehavior [ RunTime:0.002000s ]
SQL: SHOW COLUMNS FROM `app2_setting` [ RunTime:0.005000s ]
SQL: SELECT `key`,`value` FROM `app2_setting`  [ RunTime:0.001000s ]
NOTIC: [2] unlink(C:\wamp\www\ThinkPHPCMS\Public\Runtime\Temp/71df8fced343b2a8ba67c00a47a67b50.php): No such file or directory C:\wamp\www\ThinkPHPCMS\Libs\ThinkPHP\Library\Think\Cache\Driver\File.class.php 第 157 行.
INFO: Run \Common\Behavior\SettingBehavior [ RunTime:0.036002s ]
INFO: [ app_begin ] --END-- [ RunTime:0.038002s ]
SQL: SHOW COLUMNS FROM `app2_category` [ RunTime:0.004000s ]
SQL: SELECT catid as id,`catname` as `text`,`type`,`url` FROM `app2_category` WHERE ( `parentid` = 0 ) AND ( `ismenu` = 1 ) AND ( `type` <> 2 ) ORDER BY `listorder` ASC,`id` DESC  [ RunTime:0.001000s ]

[ 2015-09-21T10:29:15+08:00 ] 127.0.0.1 /thinkphpcms/index.php?m=admin&c=content&a=public_right
INFO: [ app_begin ] --START--
INFO: Run Behavior\ReadHtmlCacheBehavior [ RunTime:0.001000s ]
SQL: SHOW COLUMNS FROM `app2_setting` [ RunTime:0.003000s ]
SQL: SELECT `key`,`value` FROM `app2_setting`  [ RunTime:0.001000s ]
NOTIC: [2] unlink(C:\wamp\www\ThinkPHPCMS\Public\Runtime\Temp/71df8fced343b2a8ba67c00a47a67b50.php): No such file or directory C:\wamp\www\ThinkPHPCMS\Libs\ThinkPHP\Library\Think\Cache\Driver\File.class.php 第 157 行.
INFO: Run \Common\Behavior\SettingBehavior [ RunTime:0.017001s ]
INFO: [ app_begin ] --END-- [ RunTime:0.019001s ]
SQL: SHOW COLUMNS FROM `app2_category` [ RunTime:0.005000s ]
SQL: SELECT catid as id,`catname` as `text`,`type`,`url` FROM `app2_category` WHERE ( `parentid` = 0 ) AND ( `ismenu` = 1 ) AND ( `type` <> 2 ) ORDER BY `listorder` ASC,`id` DESC  [ RunTime:0.000000s ]

[ 2015-09-21T10:29:16+08:00 ] 127.0.0.1 /thinkphpcms/index.php?m=admin&c=index&a=public_menuleft
INFO: [ app_begin ] --START--
INFO: Run Behavior\ReadHtmlCacheBehavior [ RunTime:0.001000s ]
SQL: SHOW COLUMNS FROM `app2_setting` [ RunTime:0.011001s ]
SQL: SELECT `key`,`value` FROM `app2_setting`  [ RunTime:0.000000s ]
NOTIC: [2] unlink(C:\wamp\www\ThinkPHPCMS\Public\Runtime\Temp/71df8fced343b2a8ba67c00a47a67b50.php): No such file or directory C:\wamp\www\ThinkPHPCMS\Libs\ThinkPHP\Library\Think\Cache\Driver\File.class.php 第 157 行.
INFO: Run \Common\Behavior\SettingBehavior [ RunTime:0.052003s ]
INFO: [ app_begin ] --END-- [ RunTime:0.054003s ]
SQL: SHOW COLUMNS FROM `app2_menu` [ RunTime:0.011001s ]
SQL: SELECT * FROM `app2_menu` WHERE ( `parentid` = 5 ) AND ( `display` = 1 ) ORDER BY listorder ASC LIMIT 1000   [ RunTime:0.000000s ]
SQL: SELECT * FROM `app2_menu` WHERE ( `parentid` = 14 ) AND ( `display` = 1 ) ORDER BY listorder ASC LIMIT 1000   [ RunTime:0.001000s ]

[ 2015-09-21T10:29:18+08:00 ] 127.0.0.1 /thinkphpcms/index.php?m=admin&c=system&a=menulist&menuid=16&_=1442802558125
INFO: [ app_begin ] --START--
INFO: Run Behavior\ReadHtmlCacheBehavior [ RunTime:0.001000s ]
SQL: SHOW COLUMNS FROM `app2_setting` [ RunTime:0.005000s ]
SQL: SELECT `key`,`value` FROM `app2_setting`  [ RunTime:0.000000s ]
NOTIC: [2] unlink(C:\wamp\www\ThinkPHPCMS\Public\Runtime\Temp/71df8fced343b2a8ba67c00a47a67b50.php): No such file or directory C:\wamp\www\ThinkPHPCMS\Libs\ThinkPHP\Library\Think\Cache\Driver\File.class.php 第 157 行.
INFO: Run \Common\Behavior\SettingBehavior [ RunTime:0.041002s ]
INFO: [ app_begin ] --END-- [ RunTime:0.043002s ]
SQL: SHOW COLUMNS FROM `app2_menu` [ RunTime:0.007001s ]
SQL: SELECT * FROM `app2_menu` WHERE ( `id` = 16 ) LIMIT 1   [ RunTime:0.000000s ]
SQL: SELECT * FROM `app2_menu` WHERE ( `id` = 14 ) LIMIT 1   [ RunTime:0.001000s ]
SQL: SELECT * FROM `app2_menu` WHERE ( `id` = 5 ) LIMIT 1   [ RunTime:0.001000s ]
INFO: [ view_parse ] --START--
INFO: [ template_filter ] --START--
INFO: Run Behavior\ContentReplaceBehavior [ RunTime:0.000000s ]
INFO: [ template_filter ] --END-- [ RunTime:0.001000s ]
INFO: Run Behavior\ParseTemplateBehavior [ RunTime:0.033002s ]
INFO: [ view_parse ] --END-- [ RunTime:0.033002s ]
INFO: [ view_filter ] --START--
INFO: Run Behavior\WriteHtmlCacheBehavior [ RunTime:0.000000s ]
INFO: [ view_filter ] --END-- [ RunTime:0.001000s ]
INFO: [ app_end ] --START--
INFO: Run Behavior\ShowPageTraceBehavior [ RunTime:0.001000s ]
INFO: [ app_end ] --END-- [ RunTime:0.001000s ]

[ 2015-09-21T10:29:18+08:00 ] 127.0.0.1 /thinkphpcms/index.php?m=admin&c=system&a=menulist&grid=treegrid
INFO: [ app_begin ] --START--
INFO: Run Behavior\ReadHtmlCacheBehavior [ RunTime:0.001000s ]
SQL: SHOW COLUMNS FROM `app2_setting` [ RunTime:0.004000s ]
SQL: SELECT `key`,`value` FROM `app2_setting`  [ RunTime:0.000000s ]
NOTIC: [2] unlink(C:\wamp\www\ThinkPHPCMS\Public\Runtime\Temp/71df8fced343b2a8ba67c00a47a67b50.php): No such file or directory C:\wamp\www\ThinkPHPCMS\Libs\ThinkPHP\Library\Think\Cache\Driver\File.class.php 第 157 行.
INFO: Run \Common\Behavior\SettingBehavior [ RunTime:0.022001s ]
INFO: [ app_begin ] --END-- [ RunTime:0.024001s ]
SQL: SHOW COLUMNS FROM `app2_menu` [ RunTime:0.003000s ]

[ 2015-09-21T10:33:54+08:00 ] 127.0.0.1 /thinkphpcms/index.php?m=admin&c=index&a=index
INFO: [ app_begin ] --START--
INFO: Run Behavior\ReadHtmlCacheBehavior [ RunTime:0.002001s ]
SQL: SHOW COLUMNS FROM `app2_setting` [ RunTime:0.003000s ]
SQL: SELECT `key`,`value` FROM `app2_setting`  [ RunTime:0.002000s ]
NOTIC: [2] unlink(C:\wamp\www\ThinkPHPCMS\Public\Runtime\Temp/71df8fced343b2a8ba67c00a47a67b50.php): No such file or directory C:\wamp\www\ThinkPHPCMS\Libs\ThinkPHP\Library\Think\Cache\Driver\File.class.php 第 157 行.
INFO: Run \Common\Behavior\SettingBehavior [ RunTime:0.027001s ]
INFO: [ app_begin ] --END-- [ RunTime:0.034002s ]
INFO: [ view_parse ] --START--
INFO: [ template_filter ] --START--
INFO: Run Behavior\ContentReplaceBehavior [ RunTime:0.001000s ]
INFO: [ template_filter ] --END-- [ RunTime:0.001000s ]
INFO: Run Behavior\ParseTemplateBehavior [ RunTime:0.021001s ]
INFO: [ view_parse ] --END-- [ RunTime:0.021001s ]
INFO: [ view_filter ] --START--
INFO: Run Behavior\WriteHtmlCacheBehavior [ RunTime:0.001000s ]
INFO: [ view_filter ] --END-- [ RunTime:0.002000s ]

[ 2015-09-21T10:33:55+08:00 ] 127.0.0.1 /thinkphpcms/index.php?m=admin&c=index&a=login
INFO: [ app_begin ] --START--
INFO: Run Behavior\ReadHtmlCacheBehavior [ RunTime:0.002000s ]
SQL: SHOW COLUMNS FROM `app2_setting` [ RunTime:0.004000s ]
SQL: SELECT `key`,`value` FROM `app2_setting`  [ RunTime:0.009000s ]
NOTIC: [2] unlink(C:\wamp\www\ThinkPHPCMS\Public\Runtime\Temp/71df8fced343b2a8ba67c00a47a67b50.php): No such file or directory C:\wamp\www\ThinkPHPCMS\Libs\ThinkPHP\Library\Think\Cache\Driver\File.class.php 第 157 行.
INFO: Run \Common\Behavior\SettingBehavior [ RunTime:0.043003s ]
INFO: [ app_begin ] --END-- [ RunTime:0.045003s ]
INFO: [ view_parse ] --START--
INFO: [ template_filter ] --START--
INFO: Run Behavior\ContentReplaceBehavior [ RunTime:0.001000s ]
INFO: [ template_filter ] --END-- [ RunTime:0.001000s ]
INFO: Run Behavior\ParseTemplateBehavior [ RunTime:0.027002s ]
INFO: [ view_parse ] --END-- [ RunTime:0.027002s ]
INFO: [ view_filter ] --START--
INFO: Run Behavior\WriteHtmlCacheBehavior [ RunTime:0.001000s ]
INFO: [ view_filter ] --END-- [ RunTime:0.002000s ]
INFO: [ app_end ] --START--
INFO: Run Behavior\ShowPageTraceBehavior [ RunTime:0.001000s ]
INFO: [ app_end ] --END-- [ RunTime:0.001000s ]

[ 2015-09-21T10:33:56+08:00 ] 127.0.0.1 /thinkphpcms/index.php?m=admin&c=index&a=code&code_len=4&font_size=14&width=100&height=28&code=1442802835
INFO: [ app_begin ] --START--
INFO: Run Behavior\ReadHtmlCacheBehavior [ RunTime:0.002000s ]
SQL: SHOW COLUMNS FROM `app2_setting` [ RunTime:0.004001s ]
SQL: SELECT `key`,`value` FROM `app2_setting`  [ RunTime:0.001000s ]
NOTIC: [2] unlink(C:\wamp\www\ThinkPHPCMS\Public\Runtime\Temp/71df8fced343b2a8ba67c00a47a67b50.php): No such file or directory C:\wamp\www\ThinkPHPCMS\Libs\ThinkPHP\Library\Think\Cache\Driver\File.class.php 第 157 行.
INFO: Run \Common\Behavior\SettingBehavior [ RunTime:0.026002s ]
INFO: [ app_begin ] --END-- [ RunTime:0.029002s ]
INFO: [ app_end ] --START--
INFO: Run Behavior\ShowPageTraceBehavior [ RunTime:0.002000s ]
INFO: [ app_end ] --END-- [ RunTime:0.002000s ]

[ 2015-09-21T10:34:03+08:00 ] 127.0.0.1 /thinkphpcms/index.php?m=admin&c=index&a=login&dosubmit=1
INFO: [ app_begin ] --START--
INFO: Run Behavior\ReadHtmlCacheBehavior [ RunTime:0.002000s ]
SQL: SHOW COLUMNS FROM `app2_setting` [ RunTime:0.004000s ]
SQL: SELECT `key`,`value` FROM `app2_setting`  [ RunTime:0.001000s ]
NOTIC: [2] unlink(C:\wamp\www\ThinkPHPCMS\Public\Runtime\Temp/71df8fced343b2a8ba67c00a47a67b50.php): No such file or directory C:\wamp\www\ThinkPHPCMS\Libs\ThinkPHP\Library\Think\Cache\Driver\File.class.php 第 157 行.
INFO: Run \Common\Behavior\SettingBehavior [ RunTime:0.021001s ]
INFO: [ app_begin ] --END-- [ RunTime:0.023001s ]
SQL: SHOW COLUMNS FROM `app2_admin` [ RunTime:0.004000s ]
SQL: SHOW COLUMNS FROM `app2_times` [ RunTime:0.004000s ]
SQL: SELECT * FROM `app2_admin` WHERE ( `username` = 'admin' ) LIMIT 1   [ RunTime:0.001000s ]
SQL: SELECT * FROM `app2_times` WHERE ( `username` = 'admin' ) AND ( `isadmin` = 1 ) LIMIT 1   [ RunTime:0.001000s ]
SQL: DELETE FROM `app2_times` WHERE ( `username` = 'admin' ) [ RunTime:0.000000s ]
SQL: UPDATE `app2_admin` SET `lastloginip`='127.0.0.1',`lastlogintime`=1442802843 WHERE ( `userid` = 1 ) [ RunTime:0.000000s ]

[ 2015-09-21T10:34:04+08:00 ] 127.0.0.1 /thinkphpcms/index.php?m=admin&c=index&a=index
INFO: [ app_begin ] --START--
INFO: Run Behavior\ReadHtmlCacheBehavior [ RunTime:0.002000s ]
SQL: SHOW COLUMNS FROM `app2_setting` [ RunTime:0.003000s ]
SQL: SELECT `key`,`value` FROM `app2_setting`  [ RunTime:0.001000s ]
NOTIC: [2] unlink(C:\wamp\www\ThinkPHPCMS\Public\Runtime\Temp/71df8fced343b2a8ba67c00a47a67b50.php): No such file or directory C:\wamp\www\ThinkPHPCMS\Libs\ThinkPHP\Library\Think\Cache\Driver\File.class.php 第 157 行.
INFO: Run \Common\Behavior\SettingBehavior [ RunTime:0.020001s ]
INFO: [ app_begin ] --END-- [ RunTime:0.022001s ]
SQL: SHOW COLUMNS FROM `app2_admin` [ RunTime:0.004000s ]
SQL: SHOW COLUMNS FROM `app2_menu` [ RunTime:0.005000s ]
SQL: SHOW COLUMNS FROM `app2_admin_role` [ RunTime:0.011001s ]
SQL: SELECT `userid`,`username`,`roleid`,`encrypt`,`lastloginip`,`lastlogintime`,`email`,`realname` FROM `app2_admin` WHERE ( `userid` = 1 ) LIMIT 1   [ RunTime:0.001000s ]
SQL: SELECT `rolename` FROM `app2_admin_role` WHERE ( `roleid` = 1 ) LIMIT 1   [ RunTime:0.000000s ]
SQL: SELECT * FROM `app2_menu` WHERE ( `parentid` = 0 ) AND ( `display` = 1 ) ORDER BY listorder ASC LIMIT 1000   [ RunTime:0.002000s ]
INFO: [ view_parse ] --START--
INFO: [ template_filter ] --START--
INFO: Run Behavior\ContentReplaceBehavior [ RunTime:0.000000s ]
INFO: [ template_filter ] --END-- [ RunTime:0.000000s ]
INFO: Run Behavior\ParseTemplateBehavior [ RunTime:0.029002s ]
INFO: [ view_parse ] --END-- [ RunTime:0.029002s ]
INFO: [ view_filter ] --START--
INFO: Run Behavior\WriteHtmlCacheBehavior [ RunTime:0.002000s ]
INFO: [ view_filter ] --END-- [ RunTime:0.003000s ]
INFO: [ app_end ] --START--
INFO: Run Behavior\ShowPageTraceBehavior [ RunTime:0.002000s ]
INFO: [ app_end ] --END-- [ RunTime:0.002000s ]

[ 2015-09-21T10:34:07+08:00 ] 127.0.0.1 /thinkphpcms/index.php?m=admin&c=index&a=public_main&_=1442802844665
INFO: [ app_begin ] --START--
INFO: Run Behavior\ReadHtmlCacheBehavior [ RunTime:0.001001s ]
SQL: SHOW COLUMNS FROM `app2_setting` [ RunTime:0.003001s ]
SQL: SELECT `key`,`value` FROM `app2_setting`  [ RunTime:0.001000s ]
NOTIC: [2] unlink(C:\wamp\www\ThinkPHPCMS\Public\Runtime\Temp/71df8fced343b2a8ba67c00a47a67b50.php): No such file or directory C:\wamp\www\ThinkPHPCMS\Libs\ThinkPHP\Library\Think\Cache\Driver\File.class.php 第 157 行.
INFO: Run \Common\Behavior\SettingBehavior [ RunTime:0.020001s ]
INFO: [ app_begin ] --END-- [ RunTime:0.022002s ]
SQL: SHOW COLUMNS FROM `app2_admin` [ RunTime:0.004000s ]
SQL: SHOW COLUMNS FROM `app2_admin_role` [ RunTime:0.003001s ]
SQL: SELECT `userid`,`username`,`roleid`,`encrypt`,`lastloginip`,`lastlogintime`,`email`,`realname` FROM `app2_admin` WHERE ( `userid` = 1 ) LIMIT 1   [ RunTime:0.001000s ]
SQL: SELECT `rolename` FROM `app2_admin_role` WHERE ( `roleid` = 1 ) LIMIT 1   [ RunTime:0.001000s ]
NOTIC: [2048] Non-static method Admin\Common\Sysinfo::getinfo() should not be called statically, assuming $this from incompatible context C:\wamp\www\ThinkPHPCMS\App\Admin\Controller\IndexController.class.php 第 111 行.
NOTIC: [2048] Non-static method Admin\Common\Sysinfo::sys_windows() should not be called statically, assuming $this from incompatible context C:\wamp\www\ThinkPHPCMS\App\Admin\Common\Sysinfo.class.php 第 19 行.
NOTIC: [2048] Non-static method Admin\Common\Sysinfo::GetWMI() should not be called statically, assuming $this from incompatible context C:\wamp\www\ThinkPHPCMS\App\Admin\Common\Sysinfo.class.php 第 250 行.
NOTIC: [2] reset() expects parameter 1 to be array, object given C:\wamp\www\ThinkPHPCMS\App\Admin\Common\Sysinfo.class.php 第 300 行.
NOTIC: [2048] Non-static method Admin\Common\Sysinfo::GetWMI() should not be called statically, assuming $this from incompatible context C:\wamp\www\ThinkPHPCMS\App\Admin\Common\Sysinfo.class.php 第 262 行.
NOTIC: [2] reset() expects parameter 1 to be array, object given C:\wamp\www\ThinkPHPCMS\App\Admin\Common\Sysinfo.class.php 第 300 行.
NOTIC: [2048] Non-static method Admin\Common\Sysinfo::GetWMI() should not be called statically, assuming $this from incompatible context C:\wamp\www\ThinkPHPCMS\App\Admin\Common\Sysinfo.class.php 第 285 行.
NOTIC: [2] reset() expects parameter 1 to be array, object given C:\wamp\www\ThinkPHPCMS\App\Admin\Common\Sysinfo.class.php 第 300 行.
NOTIC: [2048] Non-static method Admin\Common\Sysinfo::GetWMI() should not be called statically, assuming $this from incompatible context C:\wamp\www\ThinkPHPCMS\App\Admin\Common\Sysinfo.class.php 第 288 行.
NOTIC: [2] reset() expects parameter 1 to be array, object given C:\wamp\www\ThinkPHPCMS\App\Admin\Common\Sysinfo.class.php 第 300 行.
NOTIC: [8] Undefined index: memCached C:\wamp\www\ThinkPHPCMS\App\Admin\Common\Sysinfo.class.php 第 25 行.
NOTIC: [8] Undefined index: memRealPercent C:\wamp\www\ThinkPHPCMS\App\Admin\Common\Sysinfo.class.php 第 25 行.
NOTIC: [8] Undefined index: memCachedPercent C:\wamp\www\ThinkPHPCMS\App\Admin\Common\Sysinfo.class.php 第 25 行.
NOTIC: [8] Undefined index: swapTotal C:\wamp\www\ThinkPHPCMS\App\Admin\Common\Sysinfo.class.php 第 25 行.
NOTIC: [8] Undefined index: swapUsed C:\wamp\www\ThinkPHPCMS\App\Admin\Common\Sysinfo.class.php 第 25 行.
NOTIC: [8] Undefined index: swapFree C:\wamp\www\ThinkPHPCMS\App\Admin\Common\Sysinfo.class.php 第 25 行.
NOTIC: [8] Undefined index: swapPercent C:\wamp\www\ThinkPHPCMS\App\Admin\Common\Sysinfo.class.php 第 25 行.
NOTIC: [2] file(/proc/net/dev): failed to open stream: No such file or directory C:\wamp\www\ThinkPHPCMS\App\Admin\Common\Sysinfo.class.php 第 33 行.
NOTIC: [8] Undefined index: memBuffers C:\wamp\www\ThinkPHPCMS\App\Admin\Common\Sysinfo.class.php 第 68 行.
NOTIC: [8] Undefined index: memRealUsed C:\wamp\www\ThinkPHPCMS\App\Admin\Common\Sysinfo.class.php 第 73 行.
NOTIC: [8] Undefined index: memRealFree C:\wamp\www\ThinkPHPCMS\App\Admin\Common\Sysinfo.class.php 第 74 行.
NOTIC: [8] Undefined offset: 2 C:\wamp\www\ThinkPHPCMS\App\Admin\Common\Sysinfo.class.php 第 82 行.
NOTIC: [8] Undefined offset: 3 C:\wamp\www\ThinkPHPCMS\App\Admin\Common\Sysinfo.class.php 第 83 行.
NOTIC: [8] Undefined offset: 4 C:\wamp\www\ThinkPHPCMS\App\Admin\Common\Sysinfo.class.php 第 84 行.
NOTIC: [8] Undefined offset: 5 C:\wamp\www\ThinkPHPCMS\App\Admin\Common\Sysinfo.class.php 第 85 行.
NOTIC: [8] Undefined offset: 6 C:\wamp\www\ThinkPHPCMS\App\Admin\Common\Sysinfo.class.php 第 86 行.
NOTIC: [8] Undefined offset: 7 C:\wamp\www\ThinkPHPCMS\App\Admin\Common\Sysinfo.class.php 第 87 行.
NOTIC: [8] Undefined offset: 8 C:\wamp\www\ThinkPHPCMS\App\Admin\Common\Sysinfo.class.php 第 88 行.
NOTIC: [8] Undefined offset: 9 C:\wamp\www\ThinkPHPCMS\App\Admin\Common\Sysinfo.class.php 第 89 行.
NOTIC: [8] Undefined offset: 10 C:\wamp\www\ThinkPHPCMS\App\Admin\Common\Sysinfo.class.php 第 90 行.
NOTIC: [8] Undefined variable: NetInput C:\wamp\www\ThinkPHPCMS\App\Admin\Common\Sysinfo.class.php 第 91 行.
NOTIC: [8] Undefined variable: NetInput C:\wamp\www\ThinkPHPCMS\App\Admin\Common\Sysinfo.class.php 第 92 行.
NOTIC: [8] Undefined variable: NetInput C:\wamp\www\ThinkPHPCMS\App\Admin\Common\Sysinfo.class.php 第 93 行.
NOTIC: [8] Undefined variable: NetInput C:\wamp\www\ThinkPHPCMS\App\Admin\Common\Sysinfo.class.php 第 94 行.
NOTIC: [8] Undefined variable: NetInput C:\wamp\www\ThinkPHPCMS\App\Admin\Common\Sysinfo.class.php 第 95 行.
NOTIC: [8] Undefined variable: NetInput C:\wamp\www\ThinkPHPCMS\App\Admin\Common\Sysinfo.class.php 第 96 行.
NOTIC: [8] Undefined variable: NetInput C:\wamp\www\ThinkPHPCMS\App\Admin\Common\Sysinfo.class.php 第 97 行.
NOTIC: [8] Undefined variable: NetInput C:\wamp\www\ThinkPHPCMS\App\Admin\Common\Sysinfo.class.php 第 98 行.
NOTIC: [8] Undefined variable: NetInput C:\wamp\www\ThinkPHPCMS\App\Admin\Common\Sysinfo.class.php 第 99 行.
NOTIC: [2] file(/proc/net/dev): failed to open stream: No such file or directory C:\wamp\www\ThinkPHPCMS\App\Admin\Controller\IndexController.class.php 第 115 行.
INFO: [ view_parse ] --START--
INFO: [ template_filter ] --START--
INFO: Run Behavior\ContentReplaceBehavior [ RunTime:0.000000s ]
INFO: [ template_filter ] --END-- [ RunTime:0.000000s ]
INFO: Run Behavior\ParseTemplateBehavior [ RunTime:0.040002s ]
INFO: [ view_parse ] --END-- [ RunTime:0.040002s ]
INFO: [ view_filter ] --START--
INFO: Run Behavior\WriteHtmlCacheBehavior [ RunTime:0.001000s ]
INFO: [ view_filter ] --END-- [ RunTime:0.001000s ]
INFO: [ app_end ] --START--
INFO: Run Behavior\ShowPageTraceBehavior [ RunTime:0.002000s ]
INFO: [ app_end ] --END-- [ RunTime:0.002000s ]

[ 2015-09-21T10:34:07+08:00 ] 127.0.0.1 /thinkphpcms/index.php?m=admin&c=index&a=public_menuleft
INFO: [ app_begin ] --START--
INFO: Run Behavior\ReadHtmlCacheBehavior [ RunTime:0.001000s ]
SQL: SHOW COLUMNS FROM `app2_setting` [ RunTime:0.003000s ]
SQL: SELECT `key`,`value` FROM `app2_setting`  [ RunTime:0.000000s ]
NOTIC: [2] unlink(C:\wamp\www\ThinkPHPCMS\Public\Runtime\Temp/71df8fced343b2a8ba67c00a47a67b50.php): No such file or directory C:\wamp\www\ThinkPHPCMS\Libs\ThinkPHP\Library\Think\Cache\Driver\File.class.php 第 157 行.
INFO: Run \Common\Behavior\SettingBehavior [ RunTime:0.019001s ]
INFO: [ app_begin ] --END-- [ RunTime:0.021001s ]
SQL: SHOW COLUMNS FROM `app2_menu` [ RunTime:0.005000s ]
SQL: SELECT * FROM `app2_menu` WHERE ( `parentid` = 1 ) AND ( `display` = 1 ) ORDER BY listorder ASC LIMIT 1000   [ RunTime:0.006001s ]
SQL: SELECT * FROM `app2_menu` WHERE ( `parentid` = 6 ) AND ( `display` = 1 ) ORDER BY listorder ASC LIMIT 1000   [ RunTime:0.001000s ]
SQL: SELECT * FROM `app2_menu` WHERE ( `parentid` = 47 ) AND ( `display` = 1 ) ORDER BY listorder ASC LIMIT 1000   [ RunTime:0.000000s ]
SQL: SELECT * FROM `app2_menu` WHERE ( `parentid` = 49 ) AND ( `display` = 1 ) ORDER BY listorder ASC LIMIT 1000   [ RunTime:0.001000s ]

[ 2015-09-21T10:34:09+08:00 ] 127.0.0.1 /thinkphpcms/index.php?m=admin&c=optiondata&a=optionlist&menuid=50&_=1442802849352
INFO: [ app_begin ] --START--
INFO: Run Behavior\ReadHtmlCacheBehavior [ RunTime:0.001000s ]
SQL: SHOW COLUMNS FROM `app2_setting` [ RunTime:0.005000s ]
SQL: SELECT `key`,`value` FROM `app2_setting`  [ RunTime:0.001001s ]
NOTIC: [2] unlink(C:\wamp\www\ThinkPHPCMS\Public\Runtime\Temp/71df8fced343b2a8ba67c00a47a67b50.php): No such file or directory C:\wamp\www\ThinkPHPCMS\Libs\ThinkPHP\Library\Think\Cache\Driver\File.class.php 第 157 行.
INFO: Run \Common\Behavior\SettingBehavior [ RunTime:0.069004s ]
INFO: [ app_begin ] --END-- [ RunTime:0.071005s ]
INFO: [ view_parse ] --START--
INFO: [ template_filter ] --START--
INFO: Run Behavior\ContentReplaceBehavior [ RunTime:0.000000s ]
INFO: [ template_filter ] --END-- [ RunTime:0.001000s ]
INFO: Run Behavior\ParseTemplateBehavior [ RunTime:0.034002s ]
INFO: [ view_parse ] --END-- [ RunTime:0.034002s ]
INFO: [ view_filter ] --START--
INFO: Run Behavior\WriteHtmlCacheBehavior [ RunTime:0.001000s ]
INFO: [ view_filter ] --END-- [ RunTime:0.001000s ]
INFO: [ app_end ] --START--
INFO: Run Behavior\ShowPageTraceBehavior [ RunTime:0.005001s ]
INFO: [ app_end ] --END-- [ RunTime:0.006001s ]

[ 2015-09-21T10:34:10+08:00 ] 127.0.0.1 /thinkphpcms/index.php?m=admin&c=dictdata&a=getdictnamejson&id=200
INFO: [ app_begin ] --START--
INFO: Run Behavior\ReadHtmlCacheBehavior [ RunTime:0.002000s ]
SQL: SHOW COLUMNS FROM `app2_setting` [ RunTime:0.004000s ]
SQL: SELECT `key`,`value` FROM `app2_setting`  [ RunTime:0.001000s ]
NOTIC: [2] unlink(C:\wamp\www\ThinkPHPCMS\Public\Runtime\Temp/71df8fced343b2a8ba67c00a47a67b50.php): No such file or directory C:\wamp\www\ThinkPHPCMS\Libs\ThinkPHP\Library\Think\Cache\Driver\File.class.php 第 157 行.
INFO: Run \Common\Behavior\SettingBehavior [ RunTime:0.025002s ]
INFO: [ app_begin ] --END-- [ RunTime:0.027002s ]
SQL: SHOW COLUMNS FROM `app2_data_dict` [ RunTime:0.005001s ]
SQL: SELECT `type_id`,`type_name` FROM `app2_data_dict` WHERE ( `belong_type` = 200 )  [ RunTime:0.001000s ]
INFO: [ app_end ] --START--
INFO: Run Behavior\ShowPageTraceBehavior [ RunTime:0.001000s ]
INFO: [ app_end ] --END-- [ RunTime:0.003000s ]

[ 2015-09-21T10:34:10+08:00 ] 127.0.0.1 /thinkphpcms/index.php?m=admin&c=dictdata&a=getdictnamejson&id=100
INFO: [ app_begin ] --START--
INFO: Run Behavior\ReadHtmlCacheBehavior [ RunTime:0.001000s ]
SQL: SHOW COLUMNS FROM `app2_setting` [ RunTime:0.004000s ]
SQL: SELECT `key`,`value` FROM `app2_setting`  [ RunTime:0.000000s ]
NOTIC: [2] unlink(C:\wamp\www\ThinkPHPCMS\Public\Runtime\Temp/71df8fced343b2a8ba67c00a47a67b50.php): No such file or directory C:\wamp\www\ThinkPHPCMS\Libs\ThinkPHP\Library\Think\Cache\Driver\File.class.php 第 157 行.
INFO: Run \Common\Behavior\SettingBehavior [ RunTime:0.023001s ]
INFO: [ app_begin ] --END-- [ RunTime:0.025002s ]
SQL: SHOW COLUMNS FROM `app2_data_dict` [ RunTime:0.004001s ]
SQL: SELECT `type_id`,`type_name` FROM `app2_data_dict` WHERE ( `belong_type` = 100 )  [ RunTime:0.000000s ]
INFO: [ app_end ] --START--
INFO: Run Behavior\ShowPageTraceBehavior [ RunTime:0.001000s ]
INFO: [ app_end ] --END-- [ RunTime:0.001000s ]

[ 2015-09-21T10:34:10+08:00 ] 127.0.0.1 /thinkphpcms/index.php?m=admin&c=optiondata&a=optionlist
INFO: [ app_begin ] --START--
INFO: Run Behavior\ReadHtmlCacheBehavior [ RunTime:0.001000s ]
SQL: SHOW COLUMNS FROM `app2_setting` [ RunTime:0.003000s ]
SQL: SELECT `key`,`value` FROM `app2_setting`  [ RunTime:0.000000s ]
NOTIC: [2] unlink(C:\wamp\www\ThinkPHPCMS\Public\Runtime\Temp/71df8fced343b2a8ba67c00a47a67b50.php): No such file or directory C:\wamp\www\ThinkPHPCMS\Libs\ThinkPHP\Library\Think\Cache\Driver\File.class.php 第 157 行.
INFO: Run \Common\Behavior\SettingBehavior [ RunTime:0.025001s ]
INFO: [ app_begin ] --END-- [ RunTime:0.027001s ]
INFO: [ view_parse ] --START--
INFO: [ template_filter ] --START--
INFO: Run Behavior\ContentReplaceBehavior [ RunTime:0.000000s ]
INFO: [ template_filter ] --END-- [ RunTime:0.000000s ]
INFO: Run Behavior\ParseTemplateBehavior [ RunTime:0.017001s ]
INFO: [ view_parse ] --END-- [ RunTime:0.017001s ]
INFO: [ view_filter ] --START--
INFO: Run Behavior\WriteHtmlCacheBehavior [ RunTime:0.001000s ]
INFO: [ view_filter ] --END-- [ RunTime:0.001000s ]
INFO: [ app_end ] --START--
INFO: Run Behavior\ShowPageTraceBehavior [ RunTime:0.001000s ]
INFO: [ app_end ] --END-- [ RunTime:0.002000s ]

[ 2015-09-21T10:34:10+08:00 ] 127.0.0.1 /thinkphpcms/index.php?m=admin&c=optiondata&a=optionlist
INFO: [ app_begin ] --START--
INFO: Run Behavior\ReadHtmlCacheBehavior [ RunTime:0.001000s ]
SQL: SHOW COLUMNS FROM `app2_setting` [ RunTime:0.003001s ]
SQL: SELECT `key`,`value` FROM `app2_setting`  [ RunTime:0.000000s ]
NOTIC: [2] unlink(C:\wamp\www\ThinkPHPCMS\Public\Runtime\Temp/71df8fced343b2a8ba67c00a47a67b50.php): No such file or directory C:\wamp\www\ThinkPHPCMS\Libs\ThinkPHP\Library\Think\Cache\Driver\File.class.php 第 157 行.
INFO: Run \Common\Behavior\SettingBehavior [ RunTime:0.019001s ]
INFO: [ app_begin ] --END-- [ RunTime:0.021001s ]
INFO: [ view_parse ] --START--
INFO: [ template_filter ] --START--
INFO: Run Behavior\ContentReplaceBehavior [ RunTime:0.000000s ]
INFO: [ template_filter ] --END-- [ RunTime:0.001000s ]
INFO: Run Behavior\ParseTemplateBehavior [ RunTime:0.017001s ]
INFO: [ view_parse ] --END-- [ RunTime:0.017001s ]
INFO: [ view_filter ] --START--
INFO: Run Behavior\WriteHtmlCacheBehavior [ RunTime:0.001000s ]
INFO: [ view_filter ] --END-- [ RunTime:0.002000s ]
INFO: [ app_end ] --START--
INFO: Run Behavior\ShowPageTraceBehavior [ RunTime:0.002000s ]
INFO: [ app_end ] --END-- [ RunTime:0.002000s ]

[ 2015-09-21T10:34:10+08:00 ] 127.0.0.1 /thinkphpcms/index.php?m=admin&c=optiondata&a=optionlist
INFO: [ app_begin ] --START--
INFO: Run Behavior\ReadHtmlCacheBehavior [ RunTime:0.000000s ]
SQL: SHOW COLUMNS FROM `app2_setting` [ RunTime:0.003000s ]
SQL: SELECT `key`,`value` FROM `app2_setting`  [ RunTime:0.000000s ]
NOTIC: [2] unlink(C:\wamp\www\ThinkPHPCMS\Public\Runtime\Temp/71df8fced343b2a8ba67c00a47a67b50.php): No such file or directory C:\wamp\www\ThinkPHPCMS\Libs\ThinkPHP\Library\Think\Cache\Driver\File.class.php 第 157 行.
INFO: Run \Common\Behavior\SettingBehavior [ RunTime:0.020001s ]
INFO: [ app_begin ] --END-- [ RunTime:0.023001s ]
INFO: [ view_parse ] --START--
INFO: [ template_filter ] --START--
INFO: Run Behavior\ContentReplaceBehavior [ RunTime:0.000000s ]
INFO: [ template_filter ] --END-- [ RunTime:0.000000s ]
INFO: Run Behavior\ParseTemplateBehavior [ RunTime:0.020001s ]
INFO: [ view_parse ] --END-- [ RunTime:0.020001s ]
INFO: [ view_filter ] --START--
INFO: Run Behavior\WriteHtmlCacheBehavior [ RunTime:0.001000s ]
INFO: [ view_filter ] --END-- [ RunTime:0.001000s ]
INFO: [ app_end ] --START--
INFO: Run Behavior\ShowPageTraceBehavior [ RunTime:0.001000s ]
INFO: [ app_end ] --END-- [ RunTime:0.001000s ]

[ 2015-09-21T10:34:10+08:00 ] 127.0.0.1 /thinkphpcms/index.php?m=admin&c=optiondata&a=optionlist
INFO: [ app_begin ] --START--
INFO: Run Behavior\ReadHtmlCacheBehavior [ RunTime:0.002000s ]
SQL: SHOW COLUMNS FROM `app2_setting` [ RunTime:0.004000s ]
SQL: SELECT `key`,`value` FROM `app2_setting`  [ RunTime:0.001000s ]
NOTIC: [2] unlink(C:\wamp\www\ThinkPHPCMS\Public\Runtime\Temp/71df8fced343b2a8ba67c00a47a67b50.php): No such file or directory C:\wamp\www\ThinkPHPCMS\Libs\ThinkPHP\Library\Think\Cache\Driver\File.class.php 第 157 行.
INFO: Run \Common\Behavior\SettingBehavior [ RunTime:0.019001s ]
INFO: [ app_begin ] --END-- [ RunTime:0.022001s ]
SQL: SHOW COLUMNS FROM `app2_optiondata` [ RunTime:0.004001s ]
SQL: SELECT COUNT(*) AS tp_count FROM `app2_optiondata` LIMIT 1   [ RunTime:0.000000s ]
SQL: SELECT * FROM `app2_optiondata` WHERE ( `course` = 201 ) AND ( `type` = 101 ) LIMIT 0,15   [ RunTime:0.001000s ]
SQL: SHOW COLUMNS FROM `app2_data_dict` [ RunTime:0.003000s ]
SQL: SELECT `type_id`,`type_name` FROM `app2_data_dict` WHERE ( `type_id` = 201 )  [ RunTime:0.000000s ]
SQL: SELECT `type_id`,`type_name` FROM `app2_data_dict` WHERE ( `type_id` = 101 )  [ RunTime:0.001000s ]
SQL: SELECT `type_id`,`type_name` FROM `app2_data_dict` WHERE ( `type_id` = 201 )  [ RunTime:0.000000s ]
SQL: SELECT `type_id`,`type_name` FROM `app2_data_dict` WHERE ( `type_id` = 101 )  [ RunTime:0.000000s ]
SQL: SELECT `type_id`,`type_name` FROM `app2_data_dict` WHERE ( `type_id` = 201 )  [ RunTime:0.000000s ]
SQL: SELECT `type_id`,`type_name` FROM `app2_data_dict` WHERE ( `type_id` = 101 )  [ RunTime:0.000000s ]
SQL: SELECT `type_id`,`type_name` FROM `app2_data_dict` WHERE ( `type_id` = 201 )  [ RunTime:0.000000s ]
SQL: SELECT `type_id`,`type_name` FROM `app2_data_dict` WHERE ( `type_id` = 101 )  [ RunTime:0.000000s ]
SQL: SELECT `type_id`,`type_name` FROM `app2_data_dict` WHERE ( `type_id` = 201 )  [ RunTime:0.000000s ]
SQL: SELECT `type_id`,`type_name` FROM `app2_data_dict` WHERE ( `type_id` = 101 )  [ RunTime:0.000000s ]
SQL: SELECT `type_id`,`type_name` FROM `app2_data_dict` WHERE ( `type_id` = 201 )  [ RunTime:0.000000s ]
SQL: SELECT `type_id`,`type_name` FROM `app2_data_dict` WHERE ( `type_id` = 101 )  [ RunTime:0.000000s ]
INFO: [ app_end ] --START--
INFO: Run Behavior\ShowPageTraceBehavior [ RunTime:0.002000s ]
INFO: [ app_end ] --END-- [ RunTime:0.002000s ]

[ 2015-09-21T10:34:13+08:00 ] 127.0.0.1 /thinkphpcms/index.php?m=admin&c=optiondata&a=optionlist
INFO: [ app_begin ] --START--
INFO: Run Behavior\ReadHtmlCacheBehavior [ RunTime:0.001000s ]
SQL: SHOW COLUMNS FROM `app2_setting` [ RunTime:0.014001s ]
SQL: SELECT `key`,`value` FROM `app2_setting`  [ RunTime:0.000000s ]
NOTIC: [2] unlink(C:\wamp\www\ThinkPHPCMS\Public\Runtime\Temp/71df8fced343b2a8ba67c00a47a67b50.php): No such file or directory C:\wamp\www\ThinkPHPCMS\Libs\ThinkPHP\Library\Think\Cache\Driver\File.class.php 第 157 行.
INFO: Run \Common\Behavior\SettingBehavior [ RunTime:0.061004s ]
INFO: [ app_begin ] --END-- [ RunTime:0.074004s ]
SQL: SHOW COLUMNS FROM `app2_optiondata` [ RunTime:0.006001s ]
SQL: SELECT COUNT(*) AS tp_count FROM `app2_optiondata` LIMIT 1   [ RunTime:0.001000s ]
SQL: SELECT * FROM `app2_optiondata` WHERE ( `course` = 202 ) AND ( `type` = 101 ) LIMIT 0,15   [ RunTime:0.000000s ]
INFO: [ app_end ] --START--
INFO: Run Behavior\ShowPageTraceBehavior [ RunTime:0.001000s ]
INFO: [ app_end ] --END-- [ RunTime:0.001000s ]

[ 2015-09-21T10:34:15+08:00 ] 127.0.0.1 /thinkphpcms/index.php?m=admin&c=optiondata&a=optionlist
INFO: [ app_begin ] --START--
INFO: Run Behavior\ReadHtmlCacheBehavior [ RunTime:0.001000s ]
SQL: SHOW COLUMNS FROM `app2_setting` [ RunTime:0.029001s ]
SQL: SELECT `key`,`value` FROM `app2_setting`  [ RunTime:0.001000s ]
NOTIC: [2] unlink(C:\wamp\www\ThinkPHPCMS\Public\Runtime\Temp/71df8fced343b2a8ba67c00a47a67b50.php): No such file or directory C:\wamp\www\ThinkPHPCMS\Libs\ThinkPHP\Library\Think\Cache\Driver\File.class.php 第 157 行.
INFO: Run \Common\Behavior\SettingBehavior [ RunTime:0.112006s ]
INFO: [ app_begin ] --END-- [ RunTime:0.114006s ]
SQL: SHOW COLUMNS FROM `app2_optiondata` [ RunTime:0.019001s ]
SQL: SELECT COUNT(*) AS tp_count FROM `app2_optiondata` LIMIT 1   [ RunTime:0.000000s ]
SQL: SELECT * FROM `app2_optiondata` WHERE ( `course` = 201 ) AND ( `type` = 101 ) LIMIT 0,15   [ RunTime:0.001000s ]
SQL: SHOW COLUMNS FROM `app2_data_dict` [ RunTime:0.012001s ]
SQL: SELECT `type_id`,`type_name` FROM `app2_data_dict` WHERE ( `type_id` = 201 )  [ RunTime:0.001000s ]
SQL: SELECT `type_id`,`type_name` FROM `app2_data_dict` WHERE ( `type_id` = 101 )  [ RunTime:0.001000s ]
SQL: SELECT `type_id`,`type_name` FROM `app2_data_dict` WHERE ( `type_id` = 201 )  [ RunTime:0.001000s ]
SQL: SELECT `type_id`,`type_name` FROM `app2_data_dict` WHERE ( `type_id` = 101 )  [ RunTime:0.001000s ]
SQL: SELECT `type_id`,`type_name` FROM `app2_data_dict` WHERE ( `type_id` = 201 )  [ RunTime:0.001000s ]
SQL: SELECT `type_id`,`type_name` FROM `app2_data_dict` WHERE ( `type_id` = 101 )  [ RunTime:0.002000s ]
SQL: SELECT `type_id`,`type_name` FROM `app2_data_dict` WHERE ( `type_id` = 201 )  [ RunTime:0.001000s ]
SQL: SELECT `type_id`,`type_name` FROM `app2_data_dict` WHERE ( `type_id` = 101 )  [ RunTime:0.000000s ]
SQL: SELECT `type_id`,`type_name` FROM `app2_data_dict` WHERE ( `type_id` = 201 )  [ RunTime:0.001000s ]
SQL: SELECT `type_id`,`type_name` FROM `app2_data_dict` WHERE ( `type_id` = 101 )  [ RunTime:0.003000s ]
SQL: SELECT `type_id`,`type_name` FROM `app2_data_dict` WHERE ( `type_id` = 201 )  [ RunTime:0.000000s ]
SQL: SELECT `type_id`,`type_name` FROM `app2_data_dict` WHERE ( `type_id` = 101 )  [ RunTime:0.001000s ]
INFO: [ app_end ] --START--
INFO: Run Behavior\ShowPageTraceBehavior [ RunTime:0.003000s ]
INFO: [ app_end ] --END-- [ RunTime:0.003000s ]

[ 2015-09-21T10:34:17+08:00 ] 127.0.0.1 /thinkphpcms/index.php?m=admin&c=optiondata&a=optionlist
INFO: [ app_begin ] --START--
INFO: Run Behavior\ReadHtmlCacheBehavior [ RunTime:0.030001s ]
SQL: SHOW COLUMNS FROM `app2_setting` [ RunTime:0.004000s ]
SQL: SELECT `key`,`value` FROM `app2_setting`  [ RunTime:0.001001s ]
NOTIC: [2] unlink(C:\wamp\www\ThinkPHPCMS\Public\Runtime\Temp/71df8fced343b2a8ba67c00a47a67b50.php): No such file or directory C:\wamp\www\ThinkPHPCMS\Libs\ThinkPHP\Library\Think\Cache\Driver\File.class.php 第 157 行.
INFO: Run \Common\Behavior\SettingBehavior [ RunTime:0.076005s ]
INFO: [ app_begin ] --END-- [ RunTime:0.122007s ]
SQL: SHOW COLUMNS FROM `app2_optiondata` [ RunTime:0.006000s ]
SQL: SELECT COUNT(*) AS tp_count FROM `app2_optiondata` LIMIT 1   [ RunTime:0.001000s ]
SQL: SELECT * FROM `app2_optiondata` WHERE ( `course` = 201 ) AND ( `type` = 102 ) LIMIT 0,15   [ RunTime:0.001000s ]
SQL: SHOW COLUMNS FROM `app2_data_dict` [ RunTime:0.004000s ]
SQL: SELECT `type_id`,`type_name` FROM `app2_data_dict` WHERE ( `type_id` = 201 )  [ RunTime:0.001000s ]
SQL: SELECT `type_id`,`type_name` FROM `app2_data_dict` WHERE ( `type_id` = 102 )  [ RunTime:0.001000s ]
SQL: SELECT `type_id`,`type_name` FROM `app2_data_dict` WHERE ( `type_id` = 201 )  [ RunTime:0.001000s ]
SQL: SELECT `type_id`,`type_name` FROM `app2_data_dict` WHERE ( `type_id` = 102 )  [ RunTime:0.000000s ]
SQL: SELECT `type_id`,`type_name` FROM `app2_data_dict` WHERE ( `type_id` = 201 )  [ RunTime:0.001000s ]
SQL: SELECT `type_id`,`type_name` FROM `app2_data_dict` WHERE ( `type_id` = 102 )  [ RunTime:0.000000s ]
SQL: SELECT `type_id`,`type_name` FROM `app2_data_dict` WHERE ( `type_id` = 201 )  [ RunTime:0.001000s ]
SQL: SELECT `type_id`,`type_name` FROM `app2_data_dict` WHERE ( `type_id` = 102 )  [ RunTime:0.000000s ]
INFO: [ app_end ] --START--
INFO: Run Behavior\ShowPageTraceBehavior [ RunTime:0.002000s ]
INFO: [ app_end ] --END-- [ RunTime:0.002000s ]

