[ 2015-10-23T12:33:17+08:00 ] 127.0.0.1 /thinkphpcms/index.php?m=&c=index&a=login
ERR: _STORAGE_WRITE_ERROR_:/var/www/thinkphpcms/Public/Runtime/Cache/Home/8df5ab5bc57ac123cb83027efc586628.php

[ 2015-10-23T12:33:18+08:00 ] 127.0.0.1 /thinkphpcms/index.php?m=&c=index&a=login
ERR: _STORAGE_WRITE_ERROR_:/var/www/thinkphpcms/Public/Runtime/Cache/Home/8df5ab5bc57ac123cb83027efc586628.php

[ 2015-10-23T13:19:12+08:00 ] 127.0.0.1 /thinkphpcms/index.php/home/index/question
INFO: [ app_begin ] --START--
INFO: Run Behavior\ReadHtmlCacheBehavior [ RunTime:0.000030s ]
NOTIC: [8192] mysql_connect(): The mysql extension is deprecated and will be removed in the future: use mysqli or PDO instead /var/www/thinkphpcms/Libs/ThinkPHP/Library/Think/Db/Driver/Mysql.class.php 第 52 行.
SQL: SHOW COLUMNS FROM `app_setting` [ RunTime:0.001140s ]
ERR: 1146:Table 'app.app_setting' doesn't exist
 [ SQL语句 ] : SHOW COLUMNS FROM `app_setting`
SQL: SELECT `key`,`value` FROM `app_setting`  [ RunTime:0.000231s ]
ERR: 1146:Table 'app.app_setting' doesn't exist
 [ SQL语句 ] : SELECT `key`,`value` FROM `app_setting` 
NOTIC: [2] unlink(/var/www/thinkphpcms/Public/Runtime/Temp/71df8fced343b2a8ba67c00a47a67b50.php): No such file or directory /var/www/thinkphpcms/Libs/ThinkPHP/Library/Think/Cache/Driver/File.class.php 第 157 行.
INFO: Run \Common\Behavior\SettingBehavior [ RunTime:0.003738s ]
INFO: [ app_begin ] --END-- [ RunTime:0.003839s ]
SQL: SHOW COLUMNS FROM `app_paper_content` [ RunTime:0.001240s ]
SQL: SELECT `question_num` FROM `app_paper_content` WHERE ( `paper_id` = '201001' ) LIMIT 1   [ RunTime:0.000411s ]
SQL: SELECT `content` FROM `app_paper_content` WHERE ( `paper_id` = '201001' ) LIMIT 1   [ RunTime:0.000252s ]
SQL: SHOW COLUMNS FROM `app_option` [ RunTime:0.001231s ]
SQL: SELECT `title`,`type` FROM `app_option` WHERE ( question_id=2011010001 ) LIMIT 1   [ RunTime:0.001278s ]
SQL: SELECT `a`,`b`,`c`,`d`,`e`,`f`,`g`,`h` FROM `app_option` WHERE ( `question_id` = '2011010001' ) LIMIT 1   [ RunTime:0.000666s ]

[ 2015-10-23T13:19:12+08:00 ] 127.0.0.1 /thinkphpcms/index.php/home/index/getOldAnswer
INFO: [ app_begin ] --START--
INFO: Run Behavior\ReadHtmlCacheBehavior [ RunTime:0.000049s ]
NOTIC: [8192] mysql_connect(): The mysql extension is deprecated and will be removed in the future: use mysqli or PDO instead /var/www/thinkphpcms/Libs/ThinkPHP/Library/Think/Db/Driver/Mysql.class.php 第 52 行.
SQL: SHOW COLUMNS FROM `app_setting` [ RunTime:0.000938s ]
ERR: 1146:Table 'app.app_setting' doesn't exist
 [ SQL语句 ] : SHOW COLUMNS FROM `app_setting`
SQL: SELECT `key`,`value` FROM `app_setting`  [ RunTime:0.000179s ]
ERR: 1146:Table 'app.app_setting' doesn't exist
 [ SQL语句 ] : SELECT `key`,`value` FROM `app_setting` 
NOTIC: [2] unlink(/var/www/thinkphpcms/Public/Runtime/Temp/71df8fced343b2a8ba67c00a47a67b50.php): No such file or directory /var/www/thinkphpcms/Libs/ThinkPHP/Library/Think/Cache/Driver/File.class.php 第 157 行.
INFO: Run \Common\Behavior\SettingBehavior [ RunTime:0.003626s ]
INFO: [ app_begin ] --END-- [ RunTime:0.003815s ]
SQL: SHOW COLUMNS FROM `app_submit_exam` [ RunTime:0.000953s ]
SQL: SELECT `answer` FROM `app_submit_exam` WHERE ( `student_id` = '123' ) AND ( `paper_id` = '201001' ) AND ( `num` = '1' ) LIMIT 1   [ RunTime:0.000377s ]

