[ 2015-10-25T17:31:24+08:00 ] 192.168.0.103 /thinkphpcms/index.php/home/index/question
INFO: [ app_begin ] --START--
INFO: Run Behavior\ReadHtmlCacheBehavior [ RunTime:0.000044s ]
NOTIC: [8192] mysql_connect(): The mysql extension is deprecated and will be removed in the future: use mysqli or PDO instead /var/www/thinkphpcms/Libs/ThinkPHP/Library/Think/Db/Driver/Mysql.class.php 第 52 行.
SQL: SHOW COLUMNS FROM `app_setting` [ RunTime:0.000503s ]
ERR: 1146:Table 'app.app_setting' doesn't exist
 [ SQL语句 ] : SHOW COLUMNS FROM `app_setting`
SQL: SELECT `key`,`value` FROM `app_setting`  [ RunTime:0.000140s ]
ERR: 1146:Table 'app.app_setting' doesn't exist
 [ SQL语句 ] : SELECT `key`,`value` FROM `app_setting` 
NOTIC: [2] unlink(/var/www/thinkphpcms/Public/Runtime/Temp/71df8fced343b2a8ba67c00a47a67b50.php): No such file or directory /var/www/thinkphpcms/Libs/ThinkPHP/Library/Think/Cache/Driver/File.class.php 第 157 行.
INFO: Run \Common\Behavior\SettingBehavior [ RunTime:0.002723s ]
INFO: [ app_begin ] --END-- [ RunTime:0.002860s ]
SQL: SHOW COLUMNS FROM `app_paper_content` [ RunTime:0.002191s ]
SQL: SELECT `question_num` FROM `app_paper_content` WHERE ( `paper_id` = '201001' ) LIMIT 1   [ RunTime:0.001663s ]
SQL: SELECT `content` FROM `app_paper_content` WHERE ( `paper_id` = '201001' ) LIMIT 1   [ RunTime:0.000497s ]
SQL: SHOW COLUMNS FROM `app_option` [ RunTime:0.001548s ]
SQL: SELECT `title`,`type` FROM `app_option` WHERE ( question_id=2011010003 ) LIMIT 1   [ RunTime:0.000559s ]
SQL: SELECT `a`,`b`,`c`,`d`,`e`,`f`,`g`,`h` FROM `app_option` WHERE ( `question_id` = '2011010003' ) LIMIT 1   [ RunTime:0.000476s ]

[ 2015-10-25T17:31:24+08:00 ] 192.168.0.103 /thinkphpcms/index.php/home/index/getOldAnswer
INFO: [ app_begin ] --START--
INFO: Run Behavior\ReadHtmlCacheBehavior [ RunTime:0.000028s ]
NOTIC: [8192] mysql_connect(): The mysql extension is deprecated and will be removed in the future: use mysqli or PDO instead /var/www/thinkphpcms/Libs/ThinkPHP/Library/Think/Db/Driver/Mysql.class.php 第 52 行.
SQL: SHOW COLUMNS FROM `app_setting` [ RunTime:0.000619s ]
ERR: 1146:Table 'app.app_setting' doesn't exist
 [ SQL语句 ] : SHOW COLUMNS FROM `app_setting`
SQL: SELECT `key`,`value` FROM `app_setting`  [ RunTime:0.000260s ]
ERR: 1146:Table 'app.app_setting' doesn't exist
 [ SQL语句 ] : SELECT `key`,`value` FROM `app_setting` 
NOTIC: [2] unlink(/var/www/thinkphpcms/Public/Runtime/Temp/71df8fced343b2a8ba67c00a47a67b50.php): No such file or directory /var/www/thinkphpcms/Libs/ThinkPHP/Library/Think/Cache/Driver/File.class.php 第 157 行.
INFO: Run \Common\Behavior\SettingBehavior [ RunTime:0.003923s ]
INFO: [ app_begin ] --END-- [ RunTime:0.004021s ]
SQL: SHOW COLUMNS FROM `app_submit_exam` [ RunTime:0.000958s ]
SQL: SELECT `answer` FROM `app_submit_exam` WHERE ( `student_id` = '123' ) AND ( `paper_id` = '201001' ) AND ( `num` = '5' ) LIMIT 1   [ RunTime:0.000542s ]

[ 2015-10-25T17:34:11+08:00 ] 192.168.0.103 /thinkphpcms/index.php/home/index/question
INFO: [ app_begin ] --START--
INFO: Run Behavior\ReadHtmlCacheBehavior [ RunTime:0.000073s ]
NOTIC: [8192] mysql_connect(): The mysql extension is deprecated and will be removed in the future: use mysqli or PDO instead /var/www/thinkphpcms/Libs/ThinkPHP/Library/Think/Db/Driver/Mysql.class.php 第 52 行.
SQL: SHOW COLUMNS FROM `app_setting` [ RunTime:0.000880s ]
ERR: 1146:Table 'app.app_setting' doesn't exist
 [ SQL语句 ] : SHOW COLUMNS FROM `app_setting`
SQL: SELECT `key`,`value` FROM `app_setting`  [ RunTime:0.000212s ]
ERR: 1146:Table 'app.app_setting' doesn't exist
 [ SQL语句 ] : SELECT `key`,`value` FROM `app_setting` 
NOTIC: [2] unlink(/var/www/thinkphpcms/Public/Runtime/Temp/71df8fced343b2a8ba67c00a47a67b50.php): No such file or directory /var/www/thinkphpcms/Libs/ThinkPHP/Library/Think/Cache/Driver/File.class.php 第 157 行.
INFO: Run \Common\Behavior\SettingBehavior [ RunTime:0.005628s ]
INFO: [ app_begin ] --END-- [ RunTime:0.005955s ]
SQL: SHOW COLUMNS FROM `app_paper_content` [ RunTime:0.001066s ]
SQL: SELECT `question_num` FROM `app_paper_content` WHERE ( `paper_id` = '201001' ) LIMIT 1   [ RunTime:0.000326s ]
SQL: SELECT `content` FROM `app_paper_content` WHERE ( `paper_id` = '201001' ) LIMIT 1   [ RunTime:0.000427s ]
SQL: SHOW COLUMNS FROM `app_option` [ RunTime:0.000914s ]
SQL: SELECT `title`,`type` FROM `app_option` WHERE ( question_id=2011030001 ) LIMIT 1   [ RunTime:0.000387s ]
SQL: SELECT `a`,`b`,`c`,`d`,`e`,`f`,`g`,`h` FROM `app_option` WHERE ( `question_id` = '2011030001' ) LIMIT 1   [ RunTime:0.000292s ]

[ 2015-10-25T17:34:11+08:00 ] 192.168.0.103 /thinkphpcms/index.php/home/index/getOldAnswer
INFO: [ app_begin ] --START--
INFO: Run Behavior\ReadHtmlCacheBehavior [ RunTime:0.000134s ]
NOTIC: [8192] mysql_connect(): The mysql extension is deprecated and will be removed in the future: use mysqli or PDO instead /var/www/thinkphpcms/Libs/ThinkPHP/Library/Think/Db/Driver/Mysql.class.php 第 52 行.
SQL: SHOW COLUMNS FROM `app_setting` [ RunTime:0.000845s ]
ERR: 1146:Table 'app.app_setting' doesn't exist
 [ SQL语句 ] : SHOW COLUMNS FROM `app_setting`
SQL: SELECT `key`,`value` FROM `app_setting`  [ RunTime:0.000409s ]
ERR: 1146:Table 'app.app_setting' doesn't exist
 [ SQL语句 ] : SELECT `key`,`value` FROM `app_setting` 
NOTIC: [2] unlink(/var/www/thinkphpcms/Public/Runtime/Temp/71df8fced343b2a8ba67c00a47a67b50.php): No such file or directory /var/www/thinkphpcms/Libs/ThinkPHP/Library/Think/Cache/Driver/File.class.php 第 157 行.
INFO: Run \Common\Behavior\SettingBehavior [ RunTime:0.003761s ]
INFO: [ app_begin ] --END-- [ RunTime:0.004016s ]
SQL: SHOW COLUMNS FROM `app_submit_exam` [ RunTime:0.001287s ]
SQL: SELECT `answer` FROM `app_submit_exam` WHERE ( `student_id` = '123' ) AND ( `paper_id` = '201001' ) AND ( `num` = '3' ) LIMIT 1   [ RunTime:0.000391s ]

[ 2015-10-25T17:34:12+08:00 ] 192.168.0.103 /thinkphpcms/index.php/home/index/question
INFO: [ app_begin ] --START--
INFO: Run Behavior\ReadHtmlCacheBehavior [ RunTime:0.000112s ]
NOTIC: [8192] mysql_connect(): The mysql extension is deprecated and will be removed in the future: use mysqli or PDO instead /var/www/thinkphpcms/Libs/ThinkPHP/Library/Think/Db/Driver/Mysql.class.php 第 52 行.
SQL: SHOW COLUMNS FROM `app_setting` [ RunTime:0.001140s ]
ERR: 1146:Table 'app.app_setting' doesn't exist
 [ SQL语句 ] : SHOW COLUMNS FROM `app_setting`
SQL: SELECT `key`,`value` FROM `app_setting`  [ RunTime:0.000172s ]
ERR: 1146:Table 'app.app_setting' doesn't exist
 [ SQL语句 ] : SELECT `key`,`value` FROM `app_setting` 
NOTIC: [2] unlink(/var/www/thinkphpcms/Public/Runtime/Temp/71df8fced343b2a8ba67c00a47a67b50.php): No such file or directory /var/www/thinkphpcms/Libs/ThinkPHP/Library/Think/Cache/Driver/File.class.php 第 157 行.
INFO: Run \Common\Behavior\SettingBehavior [ RunTime:0.005739s ]
INFO: [ app_begin ] --END-- [ RunTime:0.005975s ]
SQL: SHOW COLUMNS FROM `app_paper_content` [ RunTime:0.001034s ]
SQL: SELECT `question_num` FROM `app_paper_content` WHERE ( `paper_id` = '201001' ) LIMIT 1   [ RunTime:0.000301s ]
SQL: SELECT `content` FROM `app_paper_content` WHERE ( `paper_id` = '201001' ) LIMIT 1   [ RunTime:0.000155s ]
SQL: SHOW COLUMNS FROM `app_option` [ RunTime:0.000902s ]
SQL: SELECT `title`,`type` FROM `app_option` WHERE ( question_id=2011020001 ) LIMIT 1   [ RunTime:0.000316s ]
SQL: SELECT `a`,`b`,`c`,`d`,`e`,`f`,`g`,`h` FROM `app_option` WHERE ( `question_id` = '2011020001' ) LIMIT 1   [ RunTime:0.000239s ]

[ 2015-10-25T17:34:12+08:00 ] 192.168.0.103 /thinkphpcms/index.php/home/index/getOldAnswer
INFO: [ app_begin ] --START--
INFO: Run Behavior\ReadHtmlCacheBehavior [ RunTime:0.000051s ]
NOTIC: [8192] mysql_connect(): The mysql extension is deprecated and will be removed in the future: use mysqli or PDO instead /var/www/thinkphpcms/Libs/ThinkPHP/Library/Think/Db/Driver/Mysql.class.php 第 52 行.
SQL: SHOW COLUMNS FROM `app_setting` [ RunTime:0.000716s ]
ERR: 1146:Table 'app.app_setting' doesn't exist
 [ SQL语句 ] : SHOW COLUMNS FROM `app_setting`
SQL: SELECT `key`,`value` FROM `app_setting`  [ RunTime:0.000226s ]
ERR: 1146:Table 'app.app_setting' doesn't exist
 [ SQL语句 ] : SELECT `key`,`value` FROM `app_setting` 
NOTIC: [2] unlink(/var/www/thinkphpcms/Public/Runtime/Temp/71df8fced343b2a8ba67c00a47a67b50.php): No such file or directory /var/www/thinkphpcms/Libs/ThinkPHP/Library/Think/Cache/Driver/File.class.php 第 157 行.
INFO: Run \Common\Behavior\SettingBehavior [ RunTime:0.003584s ]
INFO: [ app_begin ] --END-- [ RunTime:0.003743s ]
SQL: SHOW COLUMNS FROM `app_submit_exam` [ RunTime:0.001060s ]
SQL: SELECT `answer` FROM `app_submit_exam` WHERE ( `student_id` = '123' ) AND ( `paper_id` = '201001' ) AND ( `num` = '2' ) LIMIT 1   [ RunTime:0.000433s ]

[ 2015-10-25T17:34:14+08:00 ] 192.168.0.103 /thinkphpcms/index.php/home/index/question
INFO: [ app_begin ] --START--
INFO: Run Behavior\ReadHtmlCacheBehavior [ RunTime:0.000144s ]
NOTIC: [8192] mysql_connect(): The mysql extension is deprecated and will be removed in the future: use mysqli or PDO instead /var/www/thinkphpcms/Libs/ThinkPHP/Library/Think/Db/Driver/Mysql.class.php 第 52 行.
SQL: SHOW COLUMNS FROM `app_setting` [ RunTime:0.000824s ]
ERR: 1146:Table 'app.app_setting' doesn't exist
 [ SQL语句 ] : SHOW COLUMNS FROM `app_setting`
SQL: SELECT `key`,`value` FROM `app_setting`  [ RunTime:0.000195s ]
ERR: 1146:Table 'app.app_setting' doesn't exist
 [ SQL语句 ] : SELECT `key`,`value` FROM `app_setting` 
NOTIC: [2] unlink(/var/www/thinkphpcms/Public/Runtime/Temp/71df8fced343b2a8ba67c00a47a67b50.php): No such file or directory /var/www/thinkphpcms/Libs/ThinkPHP/Library/Think/Cache/Driver/File.class.php 第 157 行.
INFO: Run \Common\Behavior\SettingBehavior [ RunTime:0.003672s ]
INFO: [ app_begin ] --END-- [ RunTime:0.003990s ]
SQL: SHOW COLUMNS FROM `app_paper_content` [ RunTime:0.001261s ]
SQL: SELECT `question_num` FROM `app_paper_content` WHERE ( `paper_id` = '201001' ) LIMIT 1   [ RunTime:0.000358s ]
SQL: SELECT `content` FROM `app_paper_content` WHERE ( `paper_id` = '201001' ) LIMIT 1   [ RunTime:0.000346s ]
SQL: SHOW COLUMNS FROM `app_option` [ RunTime:0.000812s ]
SQL: SELECT `title`,`type` FROM `app_option` WHERE ( question_id=2011010001 ) LIMIT 1   [ RunTime:0.000725s ]
SQL: SELECT `a`,`b`,`c`,`d`,`e`,`f`,`g`,`h` FROM `app_option` WHERE ( `question_id` = '2011010001' ) LIMIT 1   [ RunTime:0.000932s ]

[ 2015-10-25T17:34:14+08:00 ] 192.168.0.103 /thinkphpcms/index.php/home/index/getOldAnswer
INFO: [ app_begin ] --START--
INFO: Run Behavior\ReadHtmlCacheBehavior [ RunTime:0.000057s ]
NOTIC: [8192] mysql_connect(): The mysql extension is deprecated and will be removed in the future: use mysqli or PDO instead /var/www/thinkphpcms/Libs/ThinkPHP/Library/Think/Db/Driver/Mysql.class.php 第 52 行.
SQL: SHOW COLUMNS FROM `app_setting` [ RunTime:0.000814s ]
ERR: 1146:Table 'app.app_setting' doesn't exist
 [ SQL语句 ] : SHOW COLUMNS FROM `app_setting`
SQL: SELECT `key`,`value` FROM `app_setting`  [ RunTime:0.000273s ]
ERR: 1146:Table 'app.app_setting' doesn't exist
 [ SQL语句 ] : SELECT `key`,`value` FROM `app_setting` 
NOTIC: [2] unlink(/var/www/thinkphpcms/Public/Runtime/Temp/71df8fced343b2a8ba67c00a47a67b50.php): No such file or directory /var/www/thinkphpcms/Libs/ThinkPHP/Library/Think/Cache/Driver/File.class.php 第 157 行.
INFO: Run \Common\Behavior\SettingBehavior [ RunTime:0.003303s ]
INFO: [ app_begin ] --END-- [ RunTime:0.003475s ]
SQL: SHOW COLUMNS FROM `app_submit_exam` [ RunTime:0.008794s ]
SQL: SELECT `answer` FROM `app_submit_exam` WHERE ( `student_id` = '123' ) AND ( `paper_id` = '201001' ) AND ( `num` = '1' ) LIMIT 1   [ RunTime:0.000546s ]

[ 2015-10-25T17:34:15+08:00 ] 192.168.0.103 /thinkphpcms/index.php/home/index/question
INFO: [ app_begin ] --START--
INFO: Run Behavior\ReadHtmlCacheBehavior [ RunTime:0.000113s ]
NOTIC: [8192] mysql_connect(): The mysql extension is deprecated and will be removed in the future: use mysqli or PDO instead /var/www/thinkphpcms/Libs/ThinkPHP/Library/Think/Db/Driver/Mysql.class.php 第 52 行.
SQL: SHOW COLUMNS FROM `app_setting` [ RunTime:0.000956s ]
ERR: 1146:Table 'app.app_setting' doesn't exist
 [ SQL语句 ] : SHOW COLUMNS FROM `app_setting`
SQL: SELECT `key`,`value` FROM `app_setting`  [ RunTime:0.000157s ]
ERR: 1146:Table 'app.app_setting' doesn't exist
 [ SQL语句 ] : SELECT `key`,`value` FROM `app_setting` 
NOTIC: [2] unlink(/var/www/thinkphpcms/Public/Runtime/Temp/71df8fced343b2a8ba67c00a47a67b50.php): No such file or directory /var/www/thinkphpcms/Libs/ThinkPHP/Library/Think/Cache/Driver/File.class.php 第 157 行.
INFO: Run \Common\Behavior\SettingBehavior [ RunTime:0.004833s ]
INFO: [ app_begin ] --END-- [ RunTime:0.005173s ]
SQL: SHOW COLUMNS FROM `app_paper_content` [ RunTime:0.000889s ]
SQL: SELECT `question_num` FROM `app_paper_content` WHERE ( `paper_id` = '201001' ) LIMIT 1   [ RunTime:0.000399s ]
SQL: SELECT `content` FROM `app_paper_content` WHERE ( `paper_id` = '201001' ) LIMIT 1   [ RunTime:0.000262s ]
SQL: SHOW COLUMNS FROM `app_option` [ RunTime:0.001163s ]
SQL: SELECT `title`,`type` FROM `app_option` WHERE ( question_id=2011020001 ) LIMIT 1   [ RunTime:0.000501s ]
SQL: SELECT `a`,`b`,`c`,`d`,`e`,`f`,`g`,`h` FROM `app_option` WHERE ( `question_id` = '2011020001' ) LIMIT 1   [ RunTime:0.000756s ]

[ 2015-10-25T17:34:15+08:00 ] 192.168.0.103 /thinkphpcms/index.php/home/index/getOldAnswer
INFO: [ app_begin ] --START--
INFO: Run Behavior\ReadHtmlCacheBehavior [ RunTime:0.000068s ]
NOTIC: [8192] mysql_connect(): The mysql extension is deprecated and will be removed in the future: use mysqli or PDO instead /var/www/thinkphpcms/Libs/ThinkPHP/Library/Think/Db/Driver/Mysql.class.php 第 52 行.
SQL: SHOW COLUMNS FROM `app_setting` [ RunTime:0.000649s ]
ERR: 1146:Table 'app.app_setting' doesn't exist
 [ SQL语句 ] : SHOW COLUMNS FROM `app_setting`
SQL: SELECT `key`,`value` FROM `app_setting`  [ RunTime:0.000268s ]
ERR: 1146:Table 'app.app_setting' doesn't exist
 [ SQL语句 ] : SELECT `key`,`value` FROM `app_setting` 
NOTIC: [2] unlink(/var/www/thinkphpcms/Public/Runtime/Temp/71df8fced343b2a8ba67c00a47a67b50.php): No such file or directory /var/www/thinkphpcms/Libs/ThinkPHP/Library/Think/Cache/Driver/File.class.php 第 157 行.
INFO: Run \Common\Behavior\SettingBehavior [ RunTime:0.008521s ]
INFO: [ app_begin ] --END-- [ RunTime:0.008761s ]
SQL: SHOW COLUMNS FROM `app_submit_exam` [ RunTime:0.000876s ]
SQL: SELECT `answer` FROM `app_submit_exam` WHERE ( `student_id` = '123' ) AND ( `paper_id` = '201001' ) AND ( `num` = '2' ) LIMIT 1   [ RunTime:0.000418s ]

[ 2015-10-25T17:34:28+08:00 ] 192.168.0.103 /thinkphpcms/index.php/home/index/question
INFO: [ app_begin ] --START--
INFO: Run Behavior\ReadHtmlCacheBehavior [ RunTime:0.000074s ]
NOTIC: [8192] mysql_connect(): The mysql extension is deprecated and will be removed in the future: use mysqli or PDO instead /var/www/thinkphpcms/Libs/ThinkPHP/Library/Think/Db/Driver/Mysql.class.php 第 52 行.
SQL: SHOW COLUMNS FROM `app_setting` [ RunTime:0.000594s ]
ERR: 1146:Table 'app.app_setting' doesn't exist
 [ SQL语句 ] : SHOW COLUMNS FROM `app_setting`
SQL: SELECT `key`,`value` FROM `app_setting`  [ RunTime:0.000358s ]
ERR: 1146:Table 'app.app_setting' doesn't exist
 [ SQL语句 ] : SELECT `key`,`value` FROM `app_setting` 
NOTIC: [2] unlink(/var/www/thinkphpcms/Public/Runtime/Temp/71df8fced343b2a8ba67c00a47a67b50.php): No such file or directory /var/www/thinkphpcms/Libs/ThinkPHP/Library/Think/Cache/Driver/File.class.php 第 157 行.
INFO: Run \Common\Behavior\SettingBehavior [ RunTime:0.007178s ]
INFO: [ app_begin ] --END-- [ RunTime:0.007479s ]
SQL: SHOW COLUMNS FROM `app_paper_content` [ RunTime:0.000988s ]
SQL: SELECT `question_num` FROM `app_paper_content` WHERE ( `paper_id` = '201001' ) LIMIT 1   [ RunTime:0.000325s ]
SQL: SELECT `content` FROM `app_paper_content` WHERE ( `paper_id` = '201001' ) LIMIT 1   [ RunTime:0.000241s ]
SQL: SHOW COLUMNS FROM `app_option` [ RunTime:0.000838s ]
SQL: SELECT `title`,`type` FROM `app_option` WHERE ( question_id=2011010002 ) LIMIT 1   [ RunTime:0.000363s ]
SQL: SELECT `a`,`b`,`c`,`d`,`e`,`f`,`g`,`h` FROM `app_option` WHERE ( `question_id` = '2011010002' ) LIMIT 1   [ RunTime:0.000223s ]

[ 2015-10-25T17:34:28+08:00 ] 192.168.0.103 /thinkphpcms/index.php/home/index/getOldAnswer
INFO: [ app_begin ] --START--
INFO: Run Behavior\ReadHtmlCacheBehavior [ RunTime:0.000051s ]
NOTIC: [8192] mysql_connect(): The mysql extension is deprecated and will be removed in the future: use mysqli or PDO instead /var/www/thinkphpcms/Libs/ThinkPHP/Library/Think/Db/Driver/Mysql.class.php 第 52 行.
SQL: SHOW COLUMNS FROM `app_setting` [ RunTime:0.000892s ]
ERR: 1146:Table 'app.app_setting' doesn't exist
 [ SQL语句 ] : SHOW COLUMNS FROM `app_setting`
SQL: SELECT `key`,`value` FROM `app_setting`  [ RunTime:0.000245s ]
ERR: 1146:Table 'app.app_setting' doesn't exist
 [ SQL语句 ] : SELECT `key`,`value` FROM `app_setting` 
NOTIC: [2] unlink(/var/www/thinkphpcms/Public/Runtime/Temp/71df8fced343b2a8ba67c00a47a67b50.php): No such file or directory /var/www/thinkphpcms/Libs/ThinkPHP/Library/Think/Cache/Driver/File.class.php 第 157 行.
INFO: Run \Common\Behavior\SettingBehavior [ RunTime:0.003988s ]
INFO: [ app_begin ] --END-- [ RunTime:0.004181s ]
SQL: SHOW COLUMNS FROM `app_submit_exam` [ RunTime:0.006451s ]
SQL: SELECT `answer` FROM `app_submit_exam` WHERE ( `student_id` = '123' ) AND ( `paper_id` = '201001' ) AND ( `num` = '4' ) LIMIT 1   [ RunTime:0.000615s ]

[ 2015-10-25T17:34:52+08:00 ] 192.168.0.103 /thinkphpcms/index.php/home/index/question
INFO: [ app_begin ] --START--
INFO: Run Behavior\ReadHtmlCacheBehavior [ RunTime:0.000062s ]
NOTIC: [8192] mysql_connect(): The mysql extension is deprecated and will be removed in the future: use mysqli or PDO instead /var/www/thinkphpcms/Libs/ThinkPHP/Library/Think/Db/Driver/Mysql.class.php 第 52 行.
SQL: SHOW COLUMNS FROM `app_setting` [ RunTime:0.000500s ]
ERR: 1146:Table 'app.app_setting' doesn't exist
 [ SQL语句 ] : SHOW COLUMNS FROM `app_setting`
SQL: SELECT `key`,`value` FROM `app_setting`  [ RunTime:0.000241s ]
ERR: 1146:Table 'app.app_setting' doesn't exist
 [ SQL语句 ] : SELECT `key`,`value` FROM `app_setting` 
NOTIC: [2] unlink(/var/www/thinkphpcms/Public/Runtime/Temp/71df8fced343b2a8ba67c00a47a67b50.php): No such file or directory /var/www/thinkphpcms/Libs/ThinkPHP/Library/Think/Cache/Driver/File.class.php 第 157 行.
INFO: Run \Common\Behavior\SettingBehavior [ RunTime:0.003511s ]
INFO: [ app_begin ] --END-- [ RunTime:0.003698s ]
SQL: SHOW COLUMNS FROM `app_paper_content` [ RunTime:0.000914s ]
SQL: SELECT `question_num` FROM `app_paper_content` WHERE ( `paper_id` = '201001' ) LIMIT 1   [ RunTime:0.000232s ]
SQL: SELECT `content` FROM `app_paper_content` WHERE ( `paper_id` = '201001' ) LIMIT 1   [ RunTime:0.000153s ]
SQL: SHOW COLUMNS FROM `app_option` [ RunTime:0.000796s ]
SQL: SELECT `title`,`type` FROM `app_option` WHERE ( question_id=2011020001 ) LIMIT 1   [ RunTime:0.000292s ]
SQL: SELECT `a`,`b`,`c`,`d`,`e`,`f`,`g`,`h` FROM `app_option` WHERE ( `question_id` = '2011020001' ) LIMIT 1   [ RunTime:0.000204s ]

[ 2015-10-25T17:34:53+08:00 ] 192.168.0.103 /thinkphpcms/index.php/home/index/getOldAnswer
INFO: [ app_begin ] --START--
INFO: Run Behavior\ReadHtmlCacheBehavior [ RunTime:0.000051s ]
NOTIC: [8192] mysql_connect(): The mysql extension is deprecated and will be removed in the future: use mysqli or PDO instead /var/www/thinkphpcms/Libs/ThinkPHP/Library/Think/Db/Driver/Mysql.class.php 第 52 行.
SQL: SHOW COLUMNS FROM `app_setting` [ RunTime:0.000976s ]
ERR: 1146:Table 'app.app_setting' doesn't exist
 [ SQL语句 ] : SHOW COLUMNS FROM `app_setting`
SQL: SELECT `key`,`value` FROM `app_setting`  [ RunTime:0.000283s ]
ERR: 1146:Table 'app.app_setting' doesn't exist
 [ SQL语句 ] : SELECT `key`,`value` FROM `app_setting` 
NOTIC: [2] unlink(/var/www/thinkphpcms/Public/Runtime/Temp/71df8fced343b2a8ba67c00a47a67b50.php): No such file or directory /var/www/thinkphpcms/Libs/ThinkPHP/Library/Think/Cache/Driver/File.class.php 第 157 行.
INFO: Run \Common\Behavior\SettingBehavior [ RunTime:0.007584s ]
INFO: [ app_begin ] --END-- [ RunTime:0.007744s ]
SQL: SHOW COLUMNS FROM `app_submit_exam` [ RunTime:0.000946s ]
SQL: SELECT `answer` FROM `app_submit_exam` WHERE ( `student_id` = '123' ) AND ( `paper_id` = '201001' ) AND ( `num` = '2' ) LIMIT 1   [ RunTime:0.000438s ]

[ 2015-10-25T17:34:59+08:00 ] 192.168.0.103 /thinkphpcms/index.php/home/index/question
INFO: [ app_begin ] --START--
INFO: Run Behavior\ReadHtmlCacheBehavior [ RunTime:0.000182s ]
NOTIC: [8192] mysql_connect(): The mysql extension is deprecated and will be removed in the future: use mysqli or PDO instead /var/www/thinkphpcms/Libs/ThinkPHP/Library/Think/Db/Driver/Mysql.class.php 第 52 行.
SQL: SHOW COLUMNS FROM `app_setting` [ RunTime:0.000901s ]
ERR: 1146:Table 'app.app_setting' doesn't exist
 [ SQL语句 ] : SHOW COLUMNS FROM `app_setting`
SQL: SELECT `key`,`value` FROM `app_setting`  [ RunTime:0.000255s ]
ERR: 1146:Table 'app.app_setting' doesn't exist
 [ SQL语句 ] : SELECT `key`,`value` FROM `app_setting` 
NOTIC: [2] unlink(/var/www/thinkphpcms/Public/Runtime/Temp/71df8fced343b2a8ba67c00a47a67b50.php): No such file or directory /var/www/thinkphpcms/Libs/ThinkPHP/Library/Think/Cache/Driver/File.class.php 第 157 行.
INFO: Run \Common\Behavior\SettingBehavior [ RunTime:0.003836s ]
INFO: [ app_begin ] --END-- [ RunTime:0.004161s ]
SQL: SHOW COLUMNS FROM `app_paper_content` [ RunTime:0.001441s ]
SQL: SELECT `question_num` FROM `app_paper_content` WHERE ( `paper_id` = '201001' ) LIMIT 1   [ RunTime:0.000496s ]
SQL: SELECT `content` FROM `app_paper_content` WHERE ( `paper_id` = '201001' ) LIMIT 1   [ RunTime:0.000774s ]
SQL: SHOW COLUMNS FROM `app_option` [ RunTime:0.002167s ]
SQL: SELECT `title`,`type` FROM `app_option` WHERE ( question_id=2011010001 ) LIMIT 1   [ RunTime:0.000377s ]
SQL: SELECT `a`,`b`,`c`,`d`,`e`,`f`,`g`,`h` FROM `app_option` WHERE ( `question_id` = '2011010001' ) LIMIT 1   [ RunTime:0.000221s ]

[ 2015-10-25T17:34:59+08:00 ] 192.168.0.103 /thinkphpcms/index.php/home/index/getOldAnswer
INFO: [ app_begin ] --START--
INFO: Run Behavior\ReadHtmlCacheBehavior [ RunTime:0.000027s ]
NOTIC: [8192] mysql_connect(): The mysql extension is deprecated and will be removed in the future: use mysqli or PDO instead /var/www/thinkphpcms/Libs/ThinkPHP/Library/Think/Db/Driver/Mysql.class.php 第 52 行.
SQL: SHOW COLUMNS FROM `app_setting` [ RunTime:0.002742s ]
ERR: 1146:Table 'app.app_setting' doesn't exist
 [ SQL语句 ] : SHOW COLUMNS FROM `app_setting`
SQL: SELECT `key`,`value` FROM `app_setting`  [ RunTime:0.000480s ]
ERR: 1146:Table 'app.app_setting' doesn't exist
 [ SQL语句 ] : SELECT `key`,`value` FROM `app_setting` 
NOTIC: [2] unlink(/var/www/thinkphpcms/Public/Runtime/Temp/71df8fced343b2a8ba67c00a47a67b50.php): No such file or directory /var/www/thinkphpcms/Libs/ThinkPHP/Library/Think/Cache/Driver/File.class.php 第 157 行.
INFO: Run \Common\Behavior\SettingBehavior [ RunTime:0.006453s ]
INFO: [ app_begin ] --END-- [ RunTime:0.006553s ]
SQL: SHOW COLUMNS FROM `app_submit_exam` [ RunTime:0.001621s ]
SQL: SELECT `answer` FROM `app_submit_exam` WHERE ( `student_id` = '123' ) AND ( `paper_id` = '201001' ) AND ( `num` = '1' ) LIMIT 1   [ RunTime:0.000376s ]

[ 2015-10-25T17:35:00+08:00 ] 192.168.0.103 /thinkphpcms/index.php/home/index/question
INFO: [ app_begin ] --START--
INFO: Run Behavior\ReadHtmlCacheBehavior [ RunTime:0.000104s ]
NOTIC: [8192] mysql_connect(): The mysql extension is deprecated and will be removed in the future: use mysqli or PDO instead /var/www/thinkphpcms/Libs/ThinkPHP/Library/Think/Db/Driver/Mysql.class.php 第 52 行.
SQL: SHOW COLUMNS FROM `app_setting` [ RunTime:0.000664s ]
ERR: 1146:Table 'app.app_setting' doesn't exist
 [ SQL语句 ] : SHOW COLUMNS FROM `app_setting`
SQL: SELECT `key`,`value` FROM `app_setting`  [ RunTime:0.000208s ]
ERR: 1146:Table 'app.app_setting' doesn't exist
 [ SQL语句 ] : SELECT `key`,`value` FROM `app_setting` 
NOTIC: [2] unlink(/var/www/thinkphpcms/Public/Runtime/Temp/71df8fced343b2a8ba67c00a47a67b50.php): No such file or directory /var/www/thinkphpcms/Libs/ThinkPHP/Library/Think/Cache/Driver/File.class.php 第 157 行.
INFO: Run \Common\Behavior\SettingBehavior [ RunTime:0.004287s ]
INFO: [ app_begin ] --END-- [ RunTime:0.004587s ]
SQL: SHOW COLUMNS FROM `app_paper_content` [ RunTime:0.001421s ]
SQL: SELECT `question_num` FROM `app_paper_content` WHERE ( `paper_id` = '201001' ) LIMIT 1   [ RunTime:0.000339s ]
SQL: SELECT `content` FROM `app_paper_content` WHERE ( `paper_id` = '201001' ) LIMIT 1   [ RunTime:0.000250s ]
SQL: SHOW COLUMNS FROM `app_option` [ RunTime:0.000892s ]
SQL: SELECT `title`,`type` FROM `app_option` WHERE ( question_id=2011020001 ) LIMIT 1   [ RunTime:0.000407s ]
SQL: SELECT `a`,`b`,`c`,`d`,`e`,`f`,`g`,`h` FROM `app_option` WHERE ( `question_id` = '2011020001' ) LIMIT 1   [ RunTime:0.000397s ]

[ 2015-10-25T17:35:00+08:00 ] 192.168.0.103 /thinkphpcms/index.php/home/index/getOldAnswer
INFO: [ app_begin ] --START--
INFO: Run Behavior\ReadHtmlCacheBehavior [ RunTime:0.000037s ]
NOTIC: [8192] mysql_connect(): The mysql extension is deprecated and will be removed in the future: use mysqli or PDO instead /var/www/thinkphpcms/Libs/ThinkPHP/Library/Think/Db/Driver/Mysql.class.php 第 52 行.
SQL: SHOW COLUMNS FROM `app_setting` [ RunTime:0.000709s ]
ERR: 1146:Table 'app.app_setting' doesn't exist
 [ SQL语句 ] : SHOW COLUMNS FROM `app_setting`
SQL: SELECT `key`,`value` FROM `app_setting`  [ RunTime:0.000233s ]
ERR: 1146:Table 'app.app_setting' doesn't exist
 [ SQL语句 ] : SELECT `key`,`value` FROM `app_setting` 
NOTIC: [2] unlink(/var/www/thinkphpcms/Public/Runtime/Temp/71df8fced343b2a8ba67c00a47a67b50.php): No such file or directory /var/www/thinkphpcms/Libs/ThinkPHP/Library/Think/Cache/Driver/File.class.php 第 157 行.
INFO: Run \Common\Behavior\SettingBehavior [ RunTime:0.009494s ]
INFO: [ app_begin ] --END-- [ RunTime:0.009603s ]
SQL: SHOW COLUMNS FROM `app_submit_exam` [ RunTime:0.000872s ]
SQL: SELECT `answer` FROM `app_submit_exam` WHERE ( `student_id` = '123' ) AND ( `paper_id` = '201001' ) AND ( `num` = '2' ) LIMIT 1   [ RunTime:0.000556s ]

[ 2015-10-25T17:35:01+08:00 ] 192.168.0.103 /thinkphpcms/index.php/home/index/question
INFO: [ app_begin ] --START--
INFO: Run Behavior\ReadHtmlCacheBehavior [ RunTime:0.000053s ]
NOTIC: [8192] mysql_connect(): The mysql extension is deprecated and will be removed in the future: use mysqli or PDO instead /var/www/thinkphpcms/Libs/ThinkPHP/Library/Think/Db/Driver/Mysql.class.php 第 52 行.
SQL: SHOW COLUMNS FROM `app_setting` [ RunTime:0.001239s ]
ERR: 1146:Table 'app.app_setting' doesn't exist
 [ SQL语句 ] : SHOW COLUMNS FROM `app_setting`
SQL: SELECT `key`,`value` FROM `app_setting`  [ RunTime:0.000295s ]
ERR: 1146:Table 'app.app_setting' doesn't exist
 [ SQL语句 ] : SELECT `key`,`value` FROM `app_setting` 
NOTIC: [2] unlink(/var/www/thinkphpcms/Public/Runtime/Temp/71df8fced343b2a8ba67c00a47a67b50.php): No such file or directory /var/www/thinkphpcms/Libs/ThinkPHP/Library/Think/Cache/Driver/File.class.php 第 157 行.
INFO: Run \Common\Behavior\SettingBehavior [ RunTime:0.003975s ]
INFO: [ app_begin ] --END-- [ RunTime:0.004154s ]
SQL: SHOW COLUMNS FROM `app_paper_content` [ RunTime:0.003080s ]
SQL: SELECT `question_num` FROM `app_paper_content` WHERE ( `paper_id` = '201001' ) LIMIT 1   [ RunTime:0.000549s ]
SQL: SELECT `content` FROM `app_paper_content` WHERE ( `paper_id` = '201001' ) LIMIT 1   [ RunTime:0.000330s ]
SQL: SHOW COLUMNS FROM `app_option` [ RunTime:0.001063s ]
SQL: SELECT `title`,`type` FROM `app_option` WHERE ( question_id=2011030001 ) LIMIT 1   [ RunTime:0.001105s ]
SQL: SELECT `a`,`b`,`c`,`d`,`e`,`f`,`g`,`h` FROM `app_option` WHERE ( `question_id` = '2011030001' ) LIMIT 1   [ RunTime:0.000476s ]

[ 2015-10-25T17:35:01+08:00 ] 192.168.0.103 /thinkphpcms/index.php/home/index/getOldAnswer
INFO: [ app_begin ] --START--
INFO: Run Behavior\ReadHtmlCacheBehavior [ RunTime:0.000113s ]
NOTIC: [8192] mysql_connect(): The mysql extension is deprecated and will be removed in the future: use mysqli or PDO instead /var/www/thinkphpcms/Libs/ThinkPHP/Library/Think/Db/Driver/Mysql.class.php 第 52 行.
SQL: SHOW COLUMNS FROM `app_setting` [ RunTime:0.000986s ]
ERR: 1146:Table 'app.app_setting' doesn't exist
 [ SQL语句 ] : SHOW COLUMNS FROM `app_setting`
SQL: SELECT `key`,`value` FROM `app_setting`  [ RunTime:0.000322s ]
ERR: 1146:Table 'app.app_setting' doesn't exist
 [ SQL语句 ] : SELECT `key`,`value` FROM `app_setting` 
NOTIC: [2] unlink(/var/www/thinkphpcms/Public/Runtime/Temp/71df8fced343b2a8ba67c00a47a67b50.php): No such file or directory /var/www/thinkphpcms/Libs/ThinkPHP/Library/Think/Cache/Driver/File.class.php 第 157 行.
INFO: Run \Common\Behavior\SettingBehavior [ RunTime:0.003870s ]
INFO: [ app_begin ] --END-- [ RunTime:0.004097s ]
SQL: SHOW COLUMNS FROM `app_submit_exam` [ RunTime:0.001297s ]
SQL: SELECT `answer` FROM `app_submit_exam` WHERE ( `student_id` = '123' ) AND ( `paper_id` = '201001' ) AND ( `num` = '3' ) LIMIT 1   [ RunTime:0.001002s ]

[ 2015-10-25T17:35:02+08:00 ] 192.168.0.103 /thinkphpcms/index.php/home/index/question
INFO: [ app_begin ] --START--
INFO: Run Behavior\ReadHtmlCacheBehavior [ RunTime:0.000058s ]
NOTIC: [8192] mysql_connect(): The mysql extension is deprecated and will be removed in the future: use mysqli or PDO instead /var/www/thinkphpcms/Libs/ThinkPHP/Library/Think/Db/Driver/Mysql.class.php 第 52 行.
SQL: SHOW COLUMNS FROM `app_setting` [ RunTime:0.001776s ]
ERR: 1146:Table 'app.app_setting' doesn't exist
 [ SQL语句 ] : SHOW COLUMNS FROM `app_setting`
SQL: SELECT `key`,`value` FROM `app_setting`  [ RunTime:0.000239s ]
ERR: 1146:Table 'app.app_setting' doesn't exist
 [ SQL语句 ] : SELECT `key`,`value` FROM `app_setting` 
NOTIC: [2] unlink(/var/www/thinkphpcms/Public/Runtime/Temp/71df8fced343b2a8ba67c00a47a67b50.php): No such file or directory /var/www/thinkphpcms/Libs/ThinkPHP/Library/Think/Cache/Driver/File.class.php 第 157 行.
INFO: Run \Common\Behavior\SettingBehavior [ RunTime:0.005193s ]
INFO: [ app_begin ] --END-- [ RunTime:0.005406s ]
SQL: SHOW COLUMNS FROM `app_paper_content` [ RunTime:0.001157s ]
SQL: SELECT `question_num` FROM `app_paper_content` WHERE ( `paper_id` = '201001' ) LIMIT 1   [ RunTime:0.000420s ]
SQL: SELECT `content` FROM `app_paper_content` WHERE ( `paper_id` = '201001' ) LIMIT 1   [ RunTime:0.000201s ]
SQL: SHOW COLUMNS FROM `app_option` [ RunTime:0.000810s ]
SQL: SELECT `title`,`type` FROM `app_option` WHERE ( question_id=2011010002 ) LIMIT 1   [ RunTime:0.000254s ]
SQL: SELECT `a`,`b`,`c`,`d`,`e`,`f`,`g`,`h` FROM `app_option` WHERE ( `question_id` = '2011010002' ) LIMIT 1   [ RunTime:0.000182s ]

[ 2015-10-25T17:35:02+08:00 ] 192.168.0.103 /thinkphpcms/index.php/home/index/getOldAnswer
INFO: [ app_begin ] --START--
INFO: Run Behavior\ReadHtmlCacheBehavior [ RunTime:0.000054s ]
NOTIC: [8192] mysql_connect(): The mysql extension is deprecated and will be removed in the future: use mysqli or PDO instead /var/www/thinkphpcms/Libs/ThinkPHP/Library/Think/Db/Driver/Mysql.class.php 第 52 行.
SQL: SHOW COLUMNS FROM `app_setting` [ RunTime:0.000697s ]
ERR: 1146:Table 'app.app_setting' doesn't exist
 [ SQL语句 ] : SHOW COLUMNS FROM `app_setting`
SQL: SELECT `key`,`value` FROM `app_setting`  [ RunTime:0.000131s ]
ERR: 1146:Table 'app.app_setting' doesn't exist
 [ SQL语句 ] : SELECT `key`,`value` FROM `app_setting` 
NOTIC: [2] unlink(/var/www/thinkphpcms/Public/Runtime/Temp/71df8fced343b2a8ba67c00a47a67b50.php): No such file or directory /var/www/thinkphpcms/Libs/ThinkPHP/Library/Think/Cache/Driver/File.class.php 第 157 行.
INFO: Run \Common\Behavior\SettingBehavior [ RunTime:0.003259s ]
INFO: [ app_begin ] --END-- [ RunTime:0.003422s ]
SQL: SHOW COLUMNS FROM `app_submit_exam` [ RunTime:0.000860s ]
SQL: SELECT `answer` FROM `app_submit_exam` WHERE ( `student_id` = '123' ) AND ( `paper_id` = '201001' ) AND ( `num` = '4' ) LIMIT 1   [ RunTime:0.000325s ]

[ 2015-10-25T17:36:58+08:00 ] 192.168.0.103 /thinkphpcms/index.php/home/index/question
INFO: [ app_begin ] --START--
INFO: Run Behavior\ReadHtmlCacheBehavior [ RunTime:0.000055s ]
NOTIC: [8192] mysql_connect(): The mysql extension is deprecated and will be removed in the future: use mysqli or PDO instead /var/www/thinkphpcms/Libs/ThinkPHP/Library/Think/Db/Driver/Mysql.class.php 第 52 行.
SQL: SHOW COLUMNS FROM `app_setting` [ RunTime:0.000617s ]
ERR: 1146:Table 'app.app_setting' doesn't exist
 [ SQL语句 ] : SHOW COLUMNS FROM `app_setting`
SQL: SELECT `key`,`value` FROM `app_setting`  [ RunTime:0.000126s ]
ERR: 1146:Table 'app.app_setting' doesn't exist
 [ SQL语句 ] : SELECT `key`,`value` FROM `app_setting` 
NOTIC: [2] unlink(/var/www/thinkphpcms/Public/Runtime/Temp/71df8fced343b2a8ba67c00a47a67b50.php): No such file or directory /var/www/thinkphpcms/Libs/ThinkPHP/Library/Think/Cache/Driver/File.class.php 第 157 行.
INFO: Run \Common\Behavior\SettingBehavior [ RunTime:0.002633s ]
INFO: [ app_begin ] --END-- [ RunTime:0.002794s ]
SQL: SHOW COLUMNS FROM `app_paper_content` [ RunTime:0.000722s ]
SQL: SELECT `question_num` FROM `app_paper_content` WHERE ( `paper_id` = '201001' ) LIMIT 1   [ RunTime:0.000294s ]
SQL: SELECT `content` FROM `app_paper_content` WHERE ( `paper_id` = '201001' ) LIMIT 1   [ RunTime:0.000209s ]
SQL: SHOW COLUMNS FROM `app_option` [ RunTime:0.001073s ]
SQL: SELECT `title`,`type` FROM `app_option` WHERE ( question_id=2011020001 ) LIMIT 1   [ RunTime:0.000262s ]
SQL: SELECT `a`,`b`,`c`,`d`,`e`,`f`,`g`,`h` FROM `app_option` WHERE ( `question_id` = '2011020001' ) LIMIT 1   [ RunTime:0.000302s ]

[ 2015-10-25T17:36:58+08:00 ] 192.168.0.103 /thinkphpcms/index.php/home/index/getOldAnswer
INFO: [ app_begin ] --START--
INFO: Run Behavior\ReadHtmlCacheBehavior [ RunTime:0.000080s ]
NOTIC: [8192] mysql_connect(): The mysql extension is deprecated and will be removed in the future: use mysqli or PDO instead /var/www/thinkphpcms/Libs/ThinkPHP/Library/Think/Db/Driver/Mysql.class.php 第 52 行.
SQL: SHOW COLUMNS FROM `app_setting` [ RunTime:0.001183s ]
ERR: 1146:Table 'app.app_setting' doesn't exist
 [ SQL语句 ] : SHOW COLUMNS FROM `app_setting`
SQL: SELECT `key`,`value` FROM `app_setting`  [ RunTime:0.000243s ]
ERR: 1146:Table 'app.app_setting' doesn't exist
 [ SQL语句 ] : SELECT `key`,`value` FROM `app_setting` 
NOTIC: [2] unlink(/var/www/thinkphpcms/Public/Runtime/Temp/71df8fced343b2a8ba67c00a47a67b50.php): No such file or directory /var/www/thinkphpcms/Libs/ThinkPHP/Library/Think/Cache/Driver/File.class.php 第 157 行.
INFO: Run \Common\Behavior\SettingBehavior [ RunTime:0.007910s ]
INFO: [ app_begin ] --END-- [ RunTime:0.008091s ]
SQL: SHOW COLUMNS FROM `app_submit_exam` [ RunTime:0.000839s ]
SQL: SELECT `answer` FROM `app_submit_exam` WHERE ( `student_id` = '123' ) AND ( `paper_id` = '201001' ) AND ( `num` = '2' ) LIMIT 1   [ RunTime:0.000380s ]

[ 2015-10-25T17:36:59+08:00 ] 192.168.0.103 /thinkphpcms/index.php/home/index/question
INFO: [ app_begin ] --START--
INFO: Run Behavior\ReadHtmlCacheBehavior [ RunTime:0.000383s ]
NOTIC: [8192] mysql_connect(): The mysql extension is deprecated and will be removed in the future: use mysqli or PDO instead /var/www/thinkphpcms/Libs/ThinkPHP/Library/Think/Db/Driver/Mysql.class.php 第 52 行.
SQL: SHOW COLUMNS FROM `app_setting` [ RunTime:0.000868s ]
ERR: 1146:Table 'app.app_setting' doesn't exist
 [ SQL语句 ] : SHOW COLUMNS FROM `app_setting`
SQL: SELECT `key`,`value` FROM `app_setting`  [ RunTime:0.000145s ]
ERR: 1146:Table 'app.app_setting' doesn't exist
 [ SQL语句 ] : SELECT `key`,`value` FROM `app_setting` 
NOTIC: [2] unlink(/var/www/thinkphpcms/Public/Runtime/Temp/71df8fced343b2a8ba67c00a47a67b50.php): No such file or directory /var/www/thinkphpcms/Libs/ThinkPHP/Library/Think/Cache/Driver/File.class.php 第 157 行.
INFO: Run \Common\Behavior\SettingBehavior [ RunTime:0.003548s ]
INFO: [ app_begin ] --END-- [ RunTime:0.004020s ]
SQL: SHOW COLUMNS FROM `app_paper_content` [ RunTime:0.001340s ]
SQL: SELECT `question_num` FROM `app_paper_content` WHERE ( `paper_id` = '201001' ) LIMIT 1   [ RunTime:0.000258s ]
SQL: SELECT `content` FROM `app_paper_content` WHERE ( `paper_id` = '201001' ) LIMIT 1   [ RunTime:0.000148s ]
SQL: SHOW COLUMNS FROM `app_option` [ RunTime:0.000653s ]
SQL: SELECT `title`,`type` FROM `app_option` WHERE ( question_id=2011030001 ) LIMIT 1   [ RunTime:0.000265s ]
SQL: SELECT `a`,`b`,`c`,`d`,`e`,`f`,`g`,`h` FROM `app_option` WHERE ( `question_id` = '2011030001' ) LIMIT 1   [ RunTime:0.000187s ]

[ 2015-10-25T17:36:59+08:00 ] 192.168.0.103 /thinkphpcms/index.php/home/index/getOldAnswer
INFO: [ app_begin ] --START--
INFO: Run Behavior\ReadHtmlCacheBehavior [ RunTime:0.000039s ]
NOTIC: [8192] mysql_connect(): The mysql extension is deprecated and will be removed in the future: use mysqli or PDO instead /var/www/thinkphpcms/Libs/ThinkPHP/Library/Think/Db/Driver/Mysql.class.php 第 52 行.
SQL: SHOW COLUMNS FROM `app_setting` [ RunTime:0.000849s ]
ERR: 1146:Table 'app.app_setting' doesn't exist
 [ SQL语句 ] : SHOW COLUMNS FROM `app_setting`
SQL: SELECT `key`,`value` FROM `app_setting`  [ RunTime:0.000213s ]
ERR: 1146:Table 'app.app_setting' doesn't exist
 [ SQL语句 ] : SELECT `key`,`value` FROM `app_setting` 
NOTIC: [2] unlink(/var/www/thinkphpcms/Public/Runtime/Temp/71df8fced343b2a8ba67c00a47a67b50.php): No such file or directory /var/www/thinkphpcms/Libs/ThinkPHP/Library/Think/Cache/Driver/File.class.php 第 157 行.
INFO: Run \Common\Behavior\SettingBehavior [ RunTime:0.004632s ]
INFO: [ app_begin ] --END-- [ RunTime:0.004759s ]
SQL: SHOW COLUMNS FROM `app_submit_exam` [ RunTime:0.000798s ]
SQL: SELECT `answer` FROM `app_submit_exam` WHERE ( `student_id` = '123' ) AND ( `paper_id` = '201001' ) AND ( `num` = '3' ) LIMIT 1   [ RunTime:0.000373s ]

[ 2015-10-25T17:37:00+08:00 ] 192.168.0.103 /thinkphpcms/index.php/home/index/question
INFO: [ app_begin ] --START--
INFO: Run Behavior\ReadHtmlCacheBehavior [ RunTime:0.000060s ]
NOTIC: [8192] mysql_connect(): The mysql extension is deprecated and will be removed in the future: use mysqli or PDO instead /var/www/thinkphpcms/Libs/ThinkPHP/Library/Think/Db/Driver/Mysql.class.php 第 52 行.
SQL: SHOW COLUMNS FROM `app_setting` [ RunTime:0.000665s ]
ERR: 1146:Table 'app.app_setting' doesn't exist
 [ SQL语句 ] : SHOW COLUMNS FROM `app_setting`
SQL: SELECT `key`,`value` FROM `app_setting`  [ RunTime:0.000255s ]
ERR: 1146:Table 'app.app_setting' doesn't exist
 [ SQL语句 ] : SELECT `key`,`value` FROM `app_setting` 
NOTIC: [2] unlink(/var/www/thinkphpcms/Public/Runtime/Temp/71df8fced343b2a8ba67c00a47a67b50.php): No such file or directory /var/www/thinkphpcms/Libs/ThinkPHP/Library/Think/Cache/Driver/File.class.php 第 157 行.
INFO: Run \Common\Behavior\SettingBehavior [ RunTime:0.003890s ]
INFO: [ app_begin ] --END-- [ RunTime:0.004053s ]
SQL: SHOW COLUMNS FROM `app_paper_content` [ RunTime:0.001147s ]
SQL: SELECT `question_num` FROM `app_paper_content` WHERE ( `paper_id` = '201001' ) LIMIT 1   [ RunTime:0.000315s ]
SQL: SELECT `content` FROM `app_paper_content` WHERE ( `paper_id` = '201001' ) LIMIT 1   [ RunTime:0.000245s ]
SQL: SHOW COLUMNS FROM `app_option` [ RunTime:0.001077s ]
SQL: SELECT `title`,`type` FROM `app_option` WHERE ( question_id=2011020001 ) LIMIT 1   [ RunTime:0.000580s ]
SQL: SELECT `a`,`b`,`c`,`d`,`e`,`f`,`g`,`h` FROM `app_option` WHERE ( `question_id` = '2011020001' ) LIMIT 1   [ RunTime:0.000273s ]

[ 2015-10-25T17:37:01+08:00 ] 192.168.0.103 /thinkphpcms/index.php/home/index/getOldAnswer
INFO: [ app_begin ] --START--
INFO: Run Behavior\ReadHtmlCacheBehavior [ RunTime:0.000106s ]
NOTIC: [8192] mysql_connect(): The mysql extension is deprecated and will be removed in the future: use mysqli or PDO instead /var/www/thinkphpcms/Libs/ThinkPHP/Library/Think/Db/Driver/Mysql.class.php 第 52 行.
SQL: SHOW COLUMNS FROM `app_setting` [ RunTime:0.000699s ]
ERR: 1146:Table 'app.app_setting' doesn't exist
 [ SQL语句 ] : SHOW COLUMNS FROM `app_setting`
SQL: SELECT `key`,`value` FROM `app_setting`  [ RunTime:0.000258s ]
ERR: 1146:Table 'app.app_setting' doesn't exist
 [ SQL语句 ] : SELECT `key`,`value` FROM `app_setting` 
NOTIC: [2] unlink(/var/www/thinkphpcms/Public/Runtime/Temp/71df8fced343b2a8ba67c00a47a67b50.php): No such file or directory /var/www/thinkphpcms/Libs/ThinkPHP/Library/Think/Cache/Driver/File.class.php 第 157 行.
INFO: Run \Common\Behavior\SettingBehavior [ RunTime:0.004564s ]
INFO: [ app_begin ] --END-- [ RunTime:0.004776s ]
SQL: SHOW COLUMNS FROM `app_submit_exam` [ RunTime:0.000864s ]
SQL: SELECT `answer` FROM `app_submit_exam` WHERE ( `student_id` = '123' ) AND ( `paper_id` = '201001' ) AND ( `num` = '2' ) LIMIT 1   [ RunTime:0.000369s ]

[ 2015-10-25T17:37:02+08:00 ] 192.168.0.103 /thinkphpcms/index.php/home/index/question
INFO: [ app_begin ] --START--
INFO: Run Behavior\ReadHtmlCacheBehavior [ RunTime:0.000041s ]
NOTIC: [8192] mysql_connect(): The mysql extension is deprecated and will be removed in the future: use mysqli or PDO instead /var/www/thinkphpcms/Libs/ThinkPHP/Library/Think/Db/Driver/Mysql.class.php 第 52 行.
SQL: SHOW COLUMNS FROM `app_setting` [ RunTime:0.000510s ]
ERR: 1146:Table 'app.app_setting' doesn't exist
 [ SQL语句 ] : SHOW COLUMNS FROM `app_setting`
SQL: SELECT `key`,`value` FROM `app_setting`  [ RunTime:0.000124s ]
ERR: 1146:Table 'app.app_setting' doesn't exist
 [ SQL语句 ] : SELECT `key`,`value` FROM `app_setting` 
NOTIC: [2] unlink(/var/www/thinkphpcms/Public/Runtime/Temp/71df8fced343b2a8ba67c00a47a67b50.php): No such file or directory /var/www/thinkphpcms/Libs/ThinkPHP/Library/Think/Cache/Driver/File.class.php 第 157 行.
INFO: Run \Common\Behavior\SettingBehavior [ RunTime:0.003353s ]
INFO: [ app_begin ] --END-- [ RunTime:0.003481s ]
SQL: SHOW COLUMNS FROM `app_paper_content` [ RunTime:0.000788s ]
SQL: SELECT `question_num` FROM `app_paper_content` WHERE ( `paper_id` = '201001' ) LIMIT 1   [ RunTime:0.000217s ]
SQL: SELECT `content` FROM `app_paper_content` WHERE ( `paper_id` = '201001' ) LIMIT 1   [ RunTime:0.000298s ]
SQL: SHOW COLUMNS FROM `app_option` [ RunTime:0.000761s ]
SQL: SELECT `title`,`type` FROM `app_option` WHERE ( question_id=2011010001 ) LIMIT 1   [ RunTime:0.000243s ]
SQL: SELECT `a`,`b`,`c`,`d`,`e`,`f`,`g`,`h` FROM `app_option` WHERE ( `question_id` = '2011010001' ) LIMIT 1   [ RunTime:0.000190s ]

[ 2015-10-25T17:37:02+08:00 ] 192.168.0.103 /thinkphpcms/index.php/home/index/getOldAnswer
INFO: [ app_begin ] --START--
INFO: Run Behavior\ReadHtmlCacheBehavior [ RunTime:0.000055s ]
NOTIC: [8192] mysql_connect(): The mysql extension is deprecated and will be removed in the future: use mysqli or PDO instead /var/www/thinkphpcms/Libs/ThinkPHP/Library/Think/Db/Driver/Mysql.class.php 第 52 行.
SQL: SHOW COLUMNS FROM `app_setting` [ RunTime:0.001027s ]
ERR: 1146:Table 'app.app_setting' doesn't exist
 [ SQL语句 ] : SHOW COLUMNS FROM `app_setting`
SQL: SELECT `key`,`value` FROM `app_setting`  [ RunTime:0.000192s ]
ERR: 1146:Table 'app.app_setting' doesn't exist
 [ SQL语句 ] : SELECT `key`,`value` FROM `app_setting` 
NOTIC: [2] unlink(/var/www/thinkphpcms/Public/Runtime/Temp/71df8fced343b2a8ba67c00a47a67b50.php): No such file or directory /var/www/thinkphpcms/Libs/ThinkPHP/Library/Think/Cache/Driver/File.class.php 第 157 行.
INFO: Run \Common\Behavior\SettingBehavior [ RunTime:0.006700s ]
INFO: [ app_begin ] --END-- [ RunTime:0.006859s ]
SQL: SHOW COLUMNS FROM `app_submit_exam` [ RunTime:0.001516s ]
SQL: SELECT `answer` FROM `app_submit_exam` WHERE ( `student_id` = '123' ) AND ( `paper_id` = '201001' ) AND ( `num` = '1' ) LIMIT 1   [ RunTime:0.000366s ]

[ 2015-10-25T17:37:03+08:00 ] 192.168.0.103 /thinkphpcms/index.php/home/index/question
INFO: [ app_begin ] --START--
INFO: Run Behavior\ReadHtmlCacheBehavior [ RunTime:0.000029s ]
NOTIC: [8192] mysql_connect(): The mysql extension is deprecated and will be removed in the future: use mysqli or PDO instead /var/www/thinkphpcms/Libs/ThinkPHP/Library/Think/Db/Driver/Mysql.class.php 第 52 行.
SQL: SHOW COLUMNS FROM `app_setting` [ RunTime:0.001609s ]
ERR: 1146:Table 'app.app_setting' doesn't exist
 [ SQL语句 ] : SHOW COLUMNS FROM `app_setting`
SQL: SELECT `key`,`value` FROM `app_setting`  [ RunTime:0.000186s ]
ERR: 1146:Table 'app.app_setting' doesn't exist
 [ SQL语句 ] : SELECT `key`,`value` FROM `app_setting` 
NOTIC: [2] unlink(/var/www/thinkphpcms/Public/Runtime/Temp/71df8fced343b2a8ba67c00a47a67b50.php): No such file or directory /var/www/thinkphpcms/Libs/ThinkPHP/Library/Think/Cache/Driver/File.class.php 第 157 行.
INFO: Run \Common\Behavior\SettingBehavior [ RunTime:0.004010s ]
INFO: [ app_begin ] --END-- [ RunTime:0.004134s ]
SQL: SHOW COLUMNS FROM `app_paper_content` [ RunTime:0.000780s ]
SQL: SELECT `question_num` FROM `app_paper_content` WHERE ( `paper_id` = '201001' ) LIMIT 1   [ RunTime:0.000295s ]
SQL: SELECT `content` FROM `app_paper_content` WHERE ( `paper_id` = '201001' ) LIMIT 1   [ RunTime:0.000348s ]
SQL: SHOW COLUMNS FROM `app_option` [ RunTime:0.000915s ]
SQL: SELECT `title`,`type` FROM `app_option` WHERE ( question_id=2011020001 ) LIMIT 1   [ RunTime:0.000383s ]
SQL: SELECT `a`,`b`,`c`,`d`,`e`,`f`,`g`,`h` FROM `app_option` WHERE ( `question_id` = '2011020001' ) LIMIT 1   [ RunTime:0.000261s ]

[ 2015-10-25T17:37:03+08:00 ] 192.168.0.103 /thinkphpcms/index.php/home/index/getOldAnswer
INFO: [ app_begin ] --START--
INFO: Run Behavior\ReadHtmlCacheBehavior [ RunTime:0.000041s ]
NOTIC: [8192] mysql_connect(): The mysql extension is deprecated and will be removed in the future: use mysqli or PDO instead /var/www/thinkphpcms/Libs/ThinkPHP/Library/Think/Db/Driver/Mysql.class.php 第 52 行.
SQL: SHOW COLUMNS FROM `app_setting` [ RunTime:0.000525s ]
ERR: 1146:Table 'app.app_setting' doesn't exist
 [ SQL语句 ] : SHOW COLUMNS FROM `app_setting`
SQL: SELECT `key`,`value` FROM `app_setting`  [ RunTime:0.000122s ]
ERR: 1146:Table 'app.app_setting' doesn't exist
 [ SQL语句 ] : SELECT `key`,`value` FROM `app_setting` 
NOTIC: [2] unlink(/var/www/thinkphpcms/Public/Runtime/Temp/71df8fced343b2a8ba67c00a47a67b50.php): No such file or directory /var/www/thinkphpcms/Libs/ThinkPHP/Library/Think/Cache/Driver/File.class.php 第 157 行.
INFO: Run \Common\Behavior\SettingBehavior [ RunTime:0.002852s ]
INFO: [ app_begin ] --END-- [ RunTime:0.002994s ]
SQL: SHOW COLUMNS FROM `app_submit_exam` [ RunTime:0.000655s ]
SQL: SELECT `answer` FROM `app_submit_exam` WHERE ( `student_id` = '123' ) AND ( `paper_id` = '201001' ) AND ( `num` = '2' ) LIMIT 1   [ RunTime:0.000271s ]

[ 2015-10-25T17:46:04+08:00 ] 192.168.0.103 /thinkphpcms/index.php/home/index/question
INFO: [ app_begin ] --START--
INFO: Run Behavior\ReadHtmlCacheBehavior [ RunTime:0.000048s ]
NOTIC: [8192] mysql_connect(): The mysql extension is deprecated and will be removed in the future: use mysqli or PDO instead /var/www/thinkphpcms/Libs/ThinkPHP/Library/Think/Db/Driver/Mysql.class.php 第 52 行.
SQL: SHOW COLUMNS FROM `app_setting` [ RunTime:0.000859s ]
ERR: 1146:Table 'app.app_setting' doesn't exist
 [ SQL语句 ] : SHOW COLUMNS FROM `app_setting`
SQL: SELECT `key`,`value` FROM `app_setting`  [ RunTime:0.000337s ]
ERR: 1146:Table 'app.app_setting' doesn't exist
 [ SQL语句 ] : SELECT `key`,`value` FROM `app_setting` 
NOTIC: [2] unlink(/var/www/thinkphpcms/Public/Runtime/Temp/71df8fced343b2a8ba67c00a47a67b50.php): No such file or directory /var/www/thinkphpcms/Libs/ThinkPHP/Library/Think/Cache/Driver/File.class.php 第 157 行.
INFO: Run \Common\Behavior\SettingBehavior [ RunTime:0.009068s ]
INFO: [ app_begin ] --END-- [ RunTime:0.009227s ]
SQL: SHOW COLUMNS FROM `app_paper_content` [ RunTime:0.002482s ]
SQL: SELECT `question_num` FROM `app_paper_content` WHERE ( `paper_id` = '201001' ) LIMIT 1   [ RunTime:0.000438s ]
SQL: SELECT `content` FROM `app_paper_content` WHERE ( `paper_id` = '201001' ) LIMIT 1   [ RunTime:0.001043s ]
SQL: SHOW COLUMNS FROM `app_option` [ RunTime:0.002875s ]
SQL: SELECT `title`,`type` FROM `app_option` WHERE ( question_id=2011010001 ) LIMIT 1   [ RunTime:0.000457s ]
SQL: SELECT `a`,`b`,`c`,`d`,`e`,`f`,`g`,`h` FROM `app_option` WHERE ( `question_id` = '2011010001' ) LIMIT 1   [ RunTime:0.000333s ]

[ 2015-10-25T17:46:04+08:00 ] 192.168.0.103 /thinkphpcms/index.php/home/index/getOldAnswer
INFO: [ app_begin ] --START--
INFO: Run Behavior\ReadHtmlCacheBehavior [ RunTime:0.000043s ]
NOTIC: [8192] mysql_connect(): The mysql extension is deprecated and will be removed in the future: use mysqli or PDO instead /var/www/thinkphpcms/Libs/ThinkPHP/Library/Think/Db/Driver/Mysql.class.php 第 52 行.
SQL: SHOW COLUMNS FROM `app_setting` [ RunTime:0.001785s ]
ERR: 1146:Table 'app.app_setting' doesn't exist
 [ SQL语句 ] : SHOW COLUMNS FROM `app_setting`
SQL: SELECT `key`,`value` FROM `app_setting`  [ RunTime:0.000478s ]
ERR: 1146:Table 'app.app_setting' doesn't exist
 [ SQL语句 ] : SELECT `key`,`value` FROM `app_setting` 
NOTIC: [2] unlink(/var/www/thinkphpcms/Public/Runtime/Temp/71df8fced343b2a8ba67c00a47a67b50.php): No such file or directory /var/www/thinkphpcms/Libs/ThinkPHP/Library/Think/Cache/Driver/File.class.php 第 157 行.
INFO: Run \Common\Behavior\SettingBehavior [ RunTime:0.021223s ]
INFO: [ app_begin ] --END-- [ RunTime:0.021356s ]
SQL: SHOW COLUMNS FROM `app_submit_exam` [ RunTime:0.003455s ]
SQL: SELECT `answer` FROM `app_submit_exam` WHERE ( `student_id` = '123' ) AND ( `paper_id` = '201001' ) AND ( `num` = '1' ) LIMIT 1   [ RunTime:0.000667s ]

[ 2015-10-25T17:54:03+08:00 ] 192.168.0.114 /thinkphpcms/index.php/home/index/question
INFO: [ app_begin ] --START--
INFO: Run Behavior\ReadHtmlCacheBehavior [ RunTime:0.000046s ]
NOTIC: [8192] mysql_connect(): The mysql extension is deprecated and will be removed in the future: use mysqli or PDO instead /var/www/thinkphpcms/Libs/ThinkPHP/Library/Think/Db/Driver/Mysql.class.php 第 52 行.
SQL: SHOW COLUMNS FROM `app_setting` [ RunTime:0.000706s ]
ERR: 1146:Table 'app.app_setting' doesn't exist
 [ SQL语句 ] : SHOW COLUMNS FROM `app_setting`
SQL: SELECT `key`,`value` FROM `app_setting`  [ RunTime:0.001645s ]
ERR: 1146:Table 'app.app_setting' doesn't exist
 [ SQL语句 ] : SELECT `key`,`value` FROM `app_setting` 
NOTIC: [2] unlink(/var/www/thinkphpcms/Public/Runtime/Temp/71df8fced343b2a8ba67c00a47a67b50.php): No such file or directory /var/www/thinkphpcms/Libs/ThinkPHP/Library/Think/Cache/Driver/File.class.php 第 157 行.
INFO: Run \Common\Behavior\SettingBehavior [ RunTime:0.006587s ]
INFO: [ app_begin ] --END-- [ RunTime:0.006727s ]
SQL: SHOW COLUMNS FROM `app_paper_content` [ RunTime:0.001895s ]
SQL: SELECT `question_num` FROM `app_paper_content` WHERE ( `paper_id` = '201001' ) LIMIT 1   [ RunTime:0.000335s ]
SQL: SELECT `content` FROM `app_paper_content` WHERE ( `paper_id` = '201001' ) LIMIT 1   [ RunTime:0.000155s ]
SQL: SHOW COLUMNS FROM `app_option` [ RunTime:0.000689s ]
SQL: SELECT `title`,`type` FROM `app_option` WHERE ( question_id=2011010001 ) LIMIT 1   [ RunTime:0.000998s ]
SQL: SELECT `a`,`b`,`c`,`d`,`e`,`f`,`g`,`h` FROM `app_option` WHERE ( `question_id` = '2011010001' ) LIMIT 1   [ RunTime:0.000882s ]

[ 2015-10-25T17:54:03+08:00 ] 192.168.0.114 /thinkphpcms/index.php/home/index/getOldAnswer
INFO: [ app_begin ] --START--
INFO: Run Behavior\ReadHtmlCacheBehavior [ RunTime:0.000030s ]
NOTIC: [8192] mysql_connect(): The mysql extension is deprecated and will be removed in the future: use mysqli or PDO instead /var/www/thinkphpcms/Libs/ThinkPHP/Library/Think/Db/Driver/Mysql.class.php 第 52 行.
SQL: SHOW COLUMNS FROM `app_setting` [ RunTime:0.000626s ]
ERR: 1146:Table 'app.app_setting' doesn't exist
 [ SQL语句 ] : SHOW COLUMNS FROM `app_setting`
SQL: SELECT `key`,`value` FROM `app_setting`  [ RunTime:0.000280s ]
ERR: 1146:Table 'app.app_setting' doesn't exist
 [ SQL语句 ] : SELECT `key`,`value` FROM `app_setting` 
NOTIC: [2] unlink(/var/www/thinkphpcms/Public/Runtime/Temp/71df8fced343b2a8ba67c00a47a67b50.php): No such file or directory /var/www/thinkphpcms/Libs/ThinkPHP/Library/Think/Cache/Driver/File.class.php 第 157 行.
INFO: Run \Common\Behavior\SettingBehavior [ RunTime:0.002942s ]
INFO: [ app_begin ] --END-- [ RunTime:0.003035s ]
SQL: SHOW COLUMNS FROM `app_submit_exam` [ RunTime:0.000819s ]
SQL: SELECT `answer` FROM `app_submit_exam` WHERE ( `student_id` = '123' ) AND ( `paper_id` = '201001' ) AND ( `num` = '1' ) LIMIT 1   [ RunTime:0.000349s ]

