[ 2015-11-03T12:30:23+08:00 ] 127.0.0.1 /thinkphpcms/index.php?m=&c=index&a=user
ERR: Access denied for user 'root'@'localhost' (using password: YES)

[ 2015-11-03T12:30:31+08:00 ] 127.0.0.1 /thinkphpcms/index.php?m=&c=index&a=user
ERR: Access denied for user 'root'@'localhost' (using password: NO)

[ 2015-11-03T12:30:36+08:00 ] 127.0.0.1 /thinkphpcms/index.php?m=&c=index&a=user
ERR: Access denied for user 'root'@'localhost' (using password: NO)

[ 2015-11-03T12:31:11+08:00 ] 127.0.0.1 /thinkphpcms/index.php?m=&c=index&a=user
ERR: Access denied for user 'root'@'localhost' (using password: YES)

[ 2015-11-03T12:31:12+08:00 ] 127.0.0.1 /thinkphpcms/index.php?m=&c=index&a=user
ERR: Access denied for user 'root'@'localhost' (using password: YES)

[ 2015-11-03T12:31:16+08:00 ] 127.0.0.1 /thinkphpcms/index.php?m=&c=index&a=user
ERR: Access denied for user 'root'@'localhost' (using password: YES)

[ 2015-11-03T12:31:35+08:00 ] 127.0.0.1 /thinkphpcms/index.php?m=&c=index&a=user
ERR: Access denied for user 'root'@'localhost' (using password: NO)

[ 2015-11-03T12:31:36+08:00 ] 127.0.0.1 /thinkphpcms/index.php?m=&c=index&a=user
ERR: Access denied for user 'root'@'localhost' (using password: NO)

[ 2015-11-03T12:37:03+08:00 ] 127.0.0.1 /thinkphpcms/index.php/home/index/question
INFO: [ app_begin ] --START--
INFO: Run Behavior\ReadHtmlCacheBehavior [ RunTime:0.000035s ]
NOTIC: [8192] mysql_connect(): The mysql extension is deprecated and will be removed in the future: use mysqli or PDO instead /var/www/thinkphpcms/Libs/ThinkPHP/Library/Think/Db/Driver/Mysql.class.php 第 52 行.
SQL: SHOW COLUMNS FROM `app_setting` [ RunTime:0.000884s ]
ERR: 1146:Table 'app.app_setting' doesn't exist
 [ SQL语句 ] : SHOW COLUMNS FROM `app_setting`
SQL: SELECT `key`,`value` FROM `app_setting`  [ RunTime:0.000299s ]
ERR: 1146:Table 'app.app_setting' doesn't exist
 [ SQL语句 ] : SELECT `key`,`value` FROM `app_setting` 
NOTIC: [2] unlink(/var/www/thinkphpcms/Public/Runtime/Temp/71df8fced343b2a8ba67c00a47a67b50.php): No such file or directory /var/www/thinkphpcms/Libs/ThinkPHP/Library/Think/Cache/Driver/File.class.php 第 157 行.
INFO: Run \Common\Behavior\SettingBehavior [ RunTime:0.005633s ]
INFO: [ app_begin ] --END-- [ RunTime:0.005806s ]
SQL: SHOW COLUMNS FROM `app_paper_content` [ RunTime:0.001193s ]
SQL: SELECT `question_num` FROM `app_paper_content` WHERE ( `paper_id` = '201002' ) LIMIT 1   [ RunTime:0.000372s ]
SQL: SELECT `content` FROM `app_paper_content` WHERE ( `paper_id` = '201002' ) LIMIT 1   [ RunTime:0.000514s ]
SQL: SHOW COLUMNS FROM `app_option` [ RunTime:0.001126s ]
SQL: SELECT `title`,`type` FROM `app_option` WHERE ( question_id=2011010001 ) LIMIT 1   [ RunTime:0.000614s ]
SQL: SELECT `a`,`b`,`c`,`d`,`e`,`f`,`g`,`h` FROM `app_option` WHERE ( `question_id` = '2011010001' ) LIMIT 1   [ RunTime:0.000695s ]

[ 2015-11-03T12:37:03+08:00 ] 127.0.0.1 /thinkphpcms/index.php/home/index/getOldAnswer
INFO: [ app_begin ] --START--
INFO: Run Behavior\ReadHtmlCacheBehavior [ RunTime:0.000118s ]
NOTIC: [8192] mysql_connect(): The mysql extension is deprecated and will be removed in the future: use mysqli or PDO instead /var/www/thinkphpcms/Libs/ThinkPHP/Library/Think/Db/Driver/Mysql.class.php 第 52 行.
SQL: SHOW COLUMNS FROM `app_setting` [ RunTime:0.001217s ]
ERR: 1146:Table 'app.app_setting' doesn't exist
 [ SQL语句 ] : SHOW COLUMNS FROM `app_setting`
SQL: SELECT `key`,`value` FROM `app_setting`  [ RunTime:0.000554s ]
ERR: 1146:Table 'app.app_setting' doesn't exist
 [ SQL语句 ] : SELECT `key`,`value` FROM `app_setting` 
NOTIC: [2] unlink(/var/www/thinkphpcms/Public/Runtime/Temp/71df8fced343b2a8ba67c00a47a67b50.php): No such file or directory /var/www/thinkphpcms/Libs/ThinkPHP/Library/Think/Cache/Driver/File.class.php 第 157 行.
INFO: Run \Common\Behavior\SettingBehavior [ RunTime:0.005867s ]
INFO: [ app_begin ] --END-- [ RunTime:0.006112s ]
SQL: SHOW COLUMNS FROM `app_submit_exam` [ RunTime:0.000906s ]
SQL: SELECT `answer` FROM `app_submit_exam` WHERE ( `student_id` = '123' ) AND ( `paper_id` = '201002' ) AND ( `num` = '1' ) LIMIT 1   [ RunTime:0.000376s ]

[ 2015-11-03T12:37:06+08:00 ] 127.0.0.1 /thinkphpcms/index.php/home/index/question
INFO: [ app_begin ] --START--
INFO: Run Behavior\ReadHtmlCacheBehavior [ RunTime:0.000030s ]
NOTIC: [8192] mysql_connect(): The mysql extension is deprecated and will be removed in the future: use mysqli or PDO instead /var/www/thinkphpcms/Libs/ThinkPHP/Library/Think/Db/Driver/Mysql.class.php 第 52 行.
SQL: SHOW COLUMNS FROM `app_setting` [ RunTime:0.000586s ]
ERR: 1146:Table 'app.app_setting' doesn't exist
 [ SQL语句 ] : SHOW COLUMNS FROM `app_setting`
SQL: SELECT `key`,`value` FROM `app_setting`  [ RunTime:0.000240s ]
ERR: 1146:Table 'app.app_setting' doesn't exist
 [ SQL语句 ] : SELECT `key`,`value` FROM `app_setting` 
NOTIC: [2] unlink(/var/www/thinkphpcms/Public/Runtime/Temp/71df8fced343b2a8ba67c00a47a67b50.php): No such file or directory /var/www/thinkphpcms/Libs/ThinkPHP/Library/Think/Cache/Driver/File.class.php 第 157 行.
INFO: Run \Common\Behavior\SettingBehavior [ RunTime:0.005821s ]
INFO: [ app_begin ] --END-- [ RunTime:0.005918s ]
SQL: SHOW COLUMNS FROM `app_paper_content` [ RunTime:0.000886s ]
SQL: SELECT `question_num` FROM `app_paper_content` WHERE ( `paper_id` = '201002' ) LIMIT 1   [ RunTime:0.000386s ]
SQL: SELECT `content` FROM `app_paper_content` WHERE ( `paper_id` = '201002' ) LIMIT 1   [ RunTime:0.000306s ]
SQL: SHOW COLUMNS FROM `app_option` [ RunTime:0.000777s ]
SQL: SELECT `title`,`type` FROM `app_option` WHERE ( question_id=2011030001 ) LIMIT 1   [ RunTime:0.000354s ]
SQL: SELECT `a`,`b`,`c`,`d`,`e`,`f`,`g`,`h` FROM `app_option` WHERE ( `question_id` = '2011030001' ) LIMIT 1   [ RunTime:0.001090s ]

[ 2015-11-03T12:37:06+08:00 ] 127.0.0.1 /thinkphpcms/index.php/home/index/getOldAnswer
INFO: [ app_begin ] --START--
INFO: Run Behavior\ReadHtmlCacheBehavior [ RunTime:0.000026s ]
NOTIC: [8192] mysql_connect(): The mysql extension is deprecated and will be removed in the future: use mysqli or PDO instead /var/www/thinkphpcms/Libs/ThinkPHP/Library/Think/Db/Driver/Mysql.class.php 第 52 行.
SQL: SHOW COLUMNS FROM `app_setting` [ RunTime:0.000733s ]
ERR: 1146:Table 'app.app_setting' doesn't exist
 [ SQL语句 ] : SHOW COLUMNS FROM `app_setting`
SQL: SELECT `key`,`value` FROM `app_setting`  [ RunTime:0.000144s ]
ERR: 1146:Table 'app.app_setting' doesn't exist
 [ SQL语句 ] : SELECT `key`,`value` FROM `app_setting` 
NOTIC: [2] unlink(/var/www/thinkphpcms/Public/Runtime/Temp/71df8fced343b2a8ba67c00a47a67b50.php): No such file or directory /var/www/thinkphpcms/Libs/ThinkPHP/Library/Think/Cache/Driver/File.class.php 第 157 行.
INFO: Run \Common\Behavior\SettingBehavior [ RunTime:0.003871s ]
INFO: [ app_begin ] --END-- [ RunTime:0.003968s ]
SQL: SHOW COLUMNS FROM `app_submit_exam` [ RunTime:0.001077s ]
SQL: SELECT `answer` FROM `app_submit_exam` WHERE ( `student_id` = '123' ) AND ( `paper_id` = '201002' ) AND ( `num` = '3' ) LIMIT 1   [ RunTime:0.000360s ]

[ 2015-11-03T12:37:09+08:00 ] 127.0.0.1 /thinkphpcms/index.php/home/index/question
INFO: [ app_begin ] --START--
INFO: Run Behavior\ReadHtmlCacheBehavior [ RunTime:0.000031s ]
NOTIC: [8192] mysql_connect(): The mysql extension is deprecated and will be removed in the future: use mysqli or PDO instead /var/www/thinkphpcms/Libs/ThinkPHP/Library/Think/Db/Driver/Mysql.class.php 第 52 行.
SQL: SHOW COLUMNS FROM `app_setting` [ RunTime:0.001110s ]
ERR: 1146:Table 'app.app_setting' doesn't exist
 [ SQL语句 ] : SHOW COLUMNS FROM `app_setting`
SQL: SELECT `key`,`value` FROM `app_setting`  [ RunTime:0.000165s ]
ERR: 1146:Table 'app.app_setting' doesn't exist
 [ SQL语句 ] : SELECT `key`,`value` FROM `app_setting` 
NOTIC: [2] unlink(/var/www/thinkphpcms/Public/Runtime/Temp/71df8fced343b2a8ba67c00a47a67b50.php): No such file or directory /var/www/thinkphpcms/Libs/ThinkPHP/Library/Think/Cache/Driver/File.class.php 第 157 行.
INFO: Run \Common\Behavior\SettingBehavior [ RunTime:0.004770s ]
INFO: [ app_begin ] --END-- [ RunTime:0.004877s ]
SQL: SHOW COLUMNS FROM `app_paper_content` [ RunTime:0.002868s ]
SQL: SELECT `question_num` FROM `app_paper_content` WHERE ( `paper_id` = '201002' ) LIMIT 1   [ RunTime:0.000522s ]
SQL: SELECT `content` FROM `app_paper_content` WHERE ( `paper_id` = '201002' ) LIMIT 1   [ RunTime:0.000292s ]
SQL: SHOW COLUMNS FROM `app_option` [ RunTime:0.000753s ]
SQL: SELECT `title`,`type` FROM `app_option` WHERE ( question_id=2011020001 ) LIMIT 1   [ RunTime:0.000327s ]
SQL: SELECT `a`,`b`,`c`,`d`,`e`,`f`,`g`,`h` FROM `app_option` WHERE ( `question_id` = '2011020001' ) LIMIT 1   [ RunTime:0.001055s ]

[ 2015-11-03T12:37:09+08:00 ] 127.0.0.1 /thinkphpcms/index.php/home/index/getOldAnswer
INFO: [ app_begin ] --START--
INFO: Run Behavior\ReadHtmlCacheBehavior [ RunTime:0.000028s ]
NOTIC: [8192] mysql_connect(): The mysql extension is deprecated and will be removed in the future: use mysqli or PDO instead /var/www/thinkphpcms/Libs/ThinkPHP/Library/Think/Db/Driver/Mysql.class.php 第 52 行.
SQL: SHOW COLUMNS FROM `app_setting` [ RunTime:0.000555s ]
ERR: 1146:Table 'app.app_setting' doesn't exist
 [ SQL语句 ] : SHOW COLUMNS FROM `app_setting`
SQL: SELECT `key`,`value` FROM `app_setting`  [ RunTime:0.000128s ]
ERR: 1146:Table 'app.app_setting' doesn't exist
 [ SQL语句 ] : SELECT `key`,`value` FROM `app_setting` 
NOTIC: [2] unlink(/var/www/thinkphpcms/Public/Runtime/Temp/71df8fced343b2a8ba67c00a47a67b50.php): No such file or directory /var/www/thinkphpcms/Libs/ThinkPHP/Library/Think/Cache/Driver/File.class.php 第 157 行.
INFO: Run \Common\Behavior\SettingBehavior [ RunTime:0.003852s ]
INFO: [ app_begin ] --END-- [ RunTime:0.003938s ]
SQL: SHOW COLUMNS FROM `app_submit_exam` [ RunTime:0.000768s ]
SQL: SELECT `answer` FROM `app_submit_exam` WHERE ( `student_id` = '123' ) AND ( `paper_id` = '201002' ) AND ( `num` = '2' ) LIMIT 1   [ RunTime:0.000265s ]

[ 2015-11-03T12:37:10+08:00 ] 127.0.0.1 /thinkphpcms/index.php/home/index/question
INFO: [ app_begin ] --START--
INFO: Run Behavior\ReadHtmlCacheBehavior [ RunTime:0.000029s ]
NOTIC: [8192] mysql_connect(): The mysql extension is deprecated and will be removed in the future: use mysqli or PDO instead /var/www/thinkphpcms/Libs/ThinkPHP/Library/Think/Db/Driver/Mysql.class.php 第 52 行.
SQL: SHOW COLUMNS FROM `app_setting` [ RunTime:0.000554s ]
ERR: 1146:Table 'app.app_setting' doesn't exist
 [ SQL语句 ] : SHOW COLUMNS FROM `app_setting`
SQL: SELECT `key`,`value` FROM `app_setting`  [ RunTime:0.000219s ]
ERR: 1146:Table 'app.app_setting' doesn't exist
 [ SQL语句 ] : SELECT `key`,`value` FROM `app_setting` 
NOTIC: [2] unlink(/var/www/thinkphpcms/Public/Runtime/Temp/71df8fced343b2a8ba67c00a47a67b50.php): No such file or directory /var/www/thinkphpcms/Libs/ThinkPHP/Library/Think/Cache/Driver/File.class.php 第 157 行.
INFO: Run \Common\Behavior\SettingBehavior [ RunTime:0.006259s ]
INFO: [ app_begin ] --END-- [ RunTime:0.006354s ]
SQL: SHOW COLUMNS FROM `app_paper_content` [ RunTime:0.000928s ]
SQL: SELECT `question_num` FROM `app_paper_content` WHERE ( `paper_id` = '201002' ) LIMIT 1   [ RunTime:0.000330s ]
SQL: SELECT `content` FROM `app_paper_content` WHERE ( `paper_id` = '201002' ) LIMIT 1   [ RunTime:0.000341s ]
SQL: SHOW COLUMNS FROM `app_option` [ RunTime:0.001137s ]
SQL: SELECT `title`,`type` FROM `app_option` WHERE ( question_id=2011010001 ) LIMIT 1   [ RunTime:0.000387s ]
SQL: SELECT `a`,`b`,`c`,`d`,`e`,`f`,`g`,`h` FROM `app_option` WHERE ( `question_id` = '2011010001' ) LIMIT 1   [ RunTime:0.000331s ]

[ 2015-11-03T12:37:10+08:00 ] 127.0.0.1 /thinkphpcms/index.php/home/index/getOldAnswer
INFO: [ app_begin ] --START--
INFO: Run Behavior\ReadHtmlCacheBehavior [ RunTime:0.000052s ]
NOTIC: [8192] mysql_connect(): The mysql extension is deprecated and will be removed in the future: use mysqli or PDO instead /var/www/thinkphpcms/Libs/ThinkPHP/Library/Think/Db/Driver/Mysql.class.php 第 52 行.
SQL: SHOW COLUMNS FROM `app_setting` [ RunTime:0.000931s ]
ERR: 1146:Table 'app.app_setting' doesn't exist
 [ SQL语句 ] : SHOW COLUMNS FROM `app_setting`
SQL: SELECT `key`,`value` FROM `app_setting`  [ RunTime:0.000239s ]
ERR: 1146:Table 'app.app_setting' doesn't exist
 [ SQL语句 ] : SELECT `key`,`value` FROM `app_setting` 
NOTIC: [2] unlink(/var/www/thinkphpcms/Public/Runtime/Temp/71df8fced343b2a8ba67c00a47a67b50.php): No such file or directory /var/www/thinkphpcms/Libs/ThinkPHP/Library/Think/Cache/Driver/File.class.php 第 157 行.
INFO: Run \Common\Behavior\SettingBehavior [ RunTime:0.004389s ]
INFO: [ app_begin ] --END-- [ RunTime:0.004512s ]
SQL: SHOW COLUMNS FROM `app_submit_exam` [ RunTime:0.000833s ]
SQL: SELECT `answer` FROM `app_submit_exam` WHERE ( `student_id` = '123' ) AND ( `paper_id` = '201002' ) AND ( `num` = '1' ) LIMIT 1   [ RunTime:0.000393s ]

[ 2015-11-03T12:37:11+08:00 ] 127.0.0.1 /thinkphpcms/index.php/home/index/question
INFO: [ app_begin ] --START--
INFO: Run Behavior\ReadHtmlCacheBehavior [ RunTime:0.000028s ]
NOTIC: [8192] mysql_connect(): The mysql extension is deprecated and will be removed in the future: use mysqli or PDO instead /var/www/thinkphpcms/Libs/ThinkPHP/Library/Think/Db/Driver/Mysql.class.php 第 52 行.
SQL: SHOW COLUMNS FROM `app_setting` [ RunTime:0.000603s ]
ERR: 1146:Table 'app.app_setting' doesn't exist
 [ SQL语句 ] : SHOW COLUMNS FROM `app_setting`
SQL: SELECT `key`,`value` FROM `app_setting`  [ RunTime:0.000260s ]
ERR: 1146:Table 'app.app_setting' doesn't exist
 [ SQL语句 ] : SELECT `key`,`value` FROM `app_setting` 
NOTIC: [2] unlink(/var/www/thinkphpcms/Public/Runtime/Temp/71df8fced343b2a8ba67c00a47a67b50.php): No such file or directory /var/www/thinkphpcms/Libs/ThinkPHP/Library/Think/Cache/Driver/File.class.php 第 157 行.
INFO: Run \Common\Behavior\SettingBehavior [ RunTime:0.005377s ]
INFO: [ app_begin ] --END-- [ RunTime:0.005463s ]
SQL: SHOW COLUMNS FROM `app_paper_content` [ RunTime:0.000759s ]
SQL: SELECT `question_num` FROM `app_paper_content` WHERE ( `paper_id` = '201002' ) LIMIT 1   [ RunTime:0.000477s ]
SQL: SELECT `content` FROM `app_paper_content` WHERE ( `paper_id` = '201002' ) LIMIT 1   [ RunTime:0.000329s ]
SQL: SHOW COLUMNS FROM `app_option` [ RunTime:0.000763s ]
SQL: SELECT `title`,`type` FROM `app_option` WHERE ( question_id=2011030001 ) LIMIT 1   [ RunTime:0.000378s ]
SQL: SELECT `a`,`b`,`c`,`d`,`e`,`f`,`g`,`h` FROM `app_option` WHERE ( `question_id` = '2011030001' ) LIMIT 1   [ RunTime:0.000317s ]

[ 2015-11-03T12:37:11+08:00 ] 127.0.0.1 /thinkphpcms/index.php/home/index/getOldAnswer
INFO: [ app_begin ] --START--
INFO: Run Behavior\ReadHtmlCacheBehavior [ RunTime:0.000063s ]
NOTIC: [8192] mysql_connect(): The mysql extension is deprecated and will be removed in the future: use mysqli or PDO instead /var/www/thinkphpcms/Libs/ThinkPHP/Library/Think/Db/Driver/Mysql.class.php 第 52 行.
SQL: SHOW COLUMNS FROM `app_setting` [ RunTime:0.000940s ]
ERR: 1146:Table 'app.app_setting' doesn't exist
 [ SQL语句 ] : SHOW COLUMNS FROM `app_setting`
SQL: SELECT `key`,`value` FROM `app_setting`  [ RunTime:0.000148s ]
ERR: 1146:Table 'app.app_setting' doesn't exist
 [ SQL语句 ] : SELECT `key`,`value` FROM `app_setting` 
NOTIC: [2] unlink(/var/www/thinkphpcms/Public/Runtime/Temp/71df8fced343b2a8ba67c00a47a67b50.php): No such file or directory /var/www/thinkphpcms/Libs/ThinkPHP/Library/Think/Cache/Driver/File.class.php 第 157 行.
INFO: Run \Common\Behavior\SettingBehavior [ RunTime:0.004285s ]
INFO: [ app_begin ] --END-- [ RunTime:0.004457s ]
SQL: SHOW COLUMNS FROM `app_submit_exam` [ RunTime:0.001125s ]
SQL: SELECT `answer` FROM `app_submit_exam` WHERE ( `student_id` = '123' ) AND ( `paper_id` = '201002' ) AND ( `num` = '3' ) LIMIT 1   [ RunTime:0.000347s ]

[ 2015-11-03T12:37:13+08:00 ] 127.0.0.1 /thinkphpcms/index.php/home/index/question
INFO: [ app_begin ] --START--
INFO: Run Behavior\ReadHtmlCacheBehavior [ RunTime:0.000030s ]
NOTIC: [8192] mysql_connect(): The mysql extension is deprecated and will be removed in the future: use mysqli or PDO instead /var/www/thinkphpcms/Libs/ThinkPHP/Library/Think/Db/Driver/Mysql.class.php 第 52 行.
SQL: SHOW COLUMNS FROM `app_setting` [ RunTime:0.000720s ]
ERR: 1146:Table 'app.app_setting' doesn't exist
 [ SQL语句 ] : SHOW COLUMNS FROM `app_setting`
SQL: SELECT `key`,`value` FROM `app_setting`  [ RunTime:0.000246s ]
ERR: 1146:Table 'app.app_setting' doesn't exist
 [ SQL语句 ] : SELECT `key`,`value` FROM `app_setting` 
NOTIC: [2] unlink(/var/www/thinkphpcms/Public/Runtime/Temp/71df8fced343b2a8ba67c00a47a67b50.php): No such file or directory /var/www/thinkphpcms/Libs/ThinkPHP/Library/Think/Cache/Driver/File.class.php 第 157 行.
INFO: Run \Common\Behavior\SettingBehavior [ RunTime:0.004804s ]
INFO: [ app_begin ] --END-- [ RunTime:0.004901s ]
SQL: SHOW COLUMNS FROM `app_paper_content` [ RunTime:0.000765s ]
SQL: SELECT `question_num` FROM `app_paper_content` WHERE ( `paper_id` = '201002' ) LIMIT 1   [ RunTime:0.000388s ]
SQL: SELECT `content` FROM `app_paper_content` WHERE ( `paper_id` = '201002' ) LIMIT 1   [ RunTime:0.000317s ]
SQL: SHOW COLUMNS FROM `app_option` [ RunTime:0.000833s ]
SQL: SELECT `title`,`type` FROM `app_option` WHERE ( question_id=2011020001 ) LIMIT 1   [ RunTime:0.000350s ]
SQL: SELECT `a`,`b`,`c`,`d`,`e`,`f`,`g`,`h` FROM `app_option` WHERE ( `question_id` = '2011020001' ) LIMIT 1   [ RunTime:0.000314s ]

[ 2015-11-03T12:37:13+08:00 ] 127.0.0.1 /thinkphpcms/index.php/home/index/getOldAnswer
INFO: [ app_begin ] --START--
INFO: Run Behavior\ReadHtmlCacheBehavior [ RunTime:0.000035s ]
NOTIC: [8192] mysql_connect(): The mysql extension is deprecated and will be removed in the future: use mysqli or PDO instead /var/www/thinkphpcms/Libs/ThinkPHP/Library/Think/Db/Driver/Mysql.class.php 第 52 行.
SQL: SHOW COLUMNS FROM `app_setting` [ RunTime:0.000577s ]
ERR: 1146:Table 'app.app_setting' doesn't exist
 [ SQL语句 ] : SHOW COLUMNS FROM `app_setting`
SQL: SELECT `key`,`value` FROM `app_setting`  [ RunTime:0.000226s ]
ERR: 1146:Table 'app.app_setting' doesn't exist
 [ SQL语句 ] : SELECT `key`,`value` FROM `app_setting` 
NOTIC: [2] unlink(/var/www/thinkphpcms/Public/Runtime/Temp/71df8fced343b2a8ba67c00a47a67b50.php): No such file or directory /var/www/thinkphpcms/Libs/ThinkPHP/Library/Think/Cache/Driver/File.class.php 第 157 行.
INFO: Run \Common\Behavior\SettingBehavior [ RunTime:0.003540s ]
INFO: [ app_begin ] --END-- [ RunTime:0.003692s ]
SQL: SHOW COLUMNS FROM `app_submit_exam` [ RunTime:0.001447s ]
SQL: SELECT `answer` FROM `app_submit_exam` WHERE ( `student_id` = '123' ) AND ( `paper_id` = '201002' ) AND ( `num` = '2' ) LIMIT 1   [ RunTime:0.000460s ]

[ 2015-11-03T12:37:15+08:00 ] 127.0.0.1 /thinkphpcms/index.php/home/index/submit
INFO: [ app_begin ] --START--
INFO: Run Behavior\ReadHtmlCacheBehavior [ RunTime:0.000029s ]
NOTIC: [8192] mysql_connect(): The mysql extension is deprecated and will be removed in the future: use mysqli or PDO instead /var/www/thinkphpcms/Libs/ThinkPHP/Library/Think/Db/Driver/Mysql.class.php 第 52 行.
SQL: SHOW COLUMNS FROM `app_setting` [ RunTime:0.000570s ]
ERR: 1146:Table 'app.app_setting' doesn't exist
 [ SQL语句 ] : SHOW COLUMNS FROM `app_setting`
SQL: SELECT `key`,`value` FROM `app_setting`  [ RunTime:0.000149s ]
ERR: 1146:Table 'app.app_setting' doesn't exist
 [ SQL语句 ] : SELECT `key`,`value` FROM `app_setting` 
NOTIC: [2] unlink(/var/www/thinkphpcms/Public/Runtime/Temp/71df8fced343b2a8ba67c00a47a67b50.php): No such file or directory /var/www/thinkphpcms/Libs/ThinkPHP/Library/Think/Cache/Driver/File.class.php 第 157 行.
INFO: Run \Common\Behavior\SettingBehavior [ RunTime:0.002755s ]
INFO: [ app_begin ] --END-- [ RunTime:0.002844s ]
SQL: SHOW COLUMNS FROM `app_paper_content` [ RunTime:0.001103s ]
SQL: SELECT `content` FROM `app_paper_content` WHERE ( `paper_id` = '201002' ) LIMIT 1   [ RunTime:0.000402s ]
SQL: SHOW COLUMNS FROM `app_option` [ RunTime:0.001219s ]
SQL: SELECT `question_id`,`type`,`course_id` FROM `app_option` WHERE ( `question_id` = '2011020001' ) LIMIT 1   [ RunTime:0.000463s ]
SQL: SHOW COLUMNS FROM `app_submit_exam` [ RunTime:0.001291s ]
SQL: REPLACE INTO `app_submit_exam` (`submit_id`,`num`,`paper_id`,`student_id`,`course_id`,`question_id`,`type`,`answer`) VALUES ('2010021232011020001','2','201002','123','201','2011020001','102','4;2') [ RunTime:0.006770s ]

[ 2015-11-03T12:37:15+08:00 ] 127.0.0.1 /thinkphpcms/index.php/home/index/question
INFO: [ app_begin ] --START--
INFO: Run Behavior\ReadHtmlCacheBehavior [ RunTime:0.000061s ]
NOTIC: [8192] mysql_connect(): The mysql extension is deprecated and will be removed in the future: use mysqli or PDO instead /var/www/thinkphpcms/Libs/ThinkPHP/Library/Think/Db/Driver/Mysql.class.php 第 52 行.
SQL: SHOW COLUMNS FROM `app_setting` [ RunTime:0.000872s ]
ERR: 1146:Table 'app.app_setting' doesn't exist
 [ SQL语句 ] : SHOW COLUMNS FROM `app_setting`
SQL: SELECT `key`,`value` FROM `app_setting`  [ RunTime:0.000317s ]
ERR: 1146:Table 'app.app_setting' doesn't exist
 [ SQL语句 ] : SELECT `key`,`value` FROM `app_setting` 
NOTIC: [2] unlink(/var/www/thinkphpcms/Public/Runtime/Temp/71df8fced343b2a8ba67c00a47a67b50.php): No such file or directory /var/www/thinkphpcms/Libs/ThinkPHP/Library/Think/Cache/Driver/File.class.php 第 157 行.
INFO: Run \Common\Behavior\SettingBehavior [ RunTime:0.005425s ]
INFO: [ app_begin ] --END-- [ RunTime:0.005594s ]
SQL: SHOW COLUMNS FROM `app_paper_content` [ RunTime:0.001868s ]
SQL: SELECT `question_num` FROM `app_paper_content` WHERE ( `paper_id` = '201002' ) LIMIT 1   [ RunTime:0.000554s ]
SQL: SELECT `content` FROM `app_paper_content` WHERE ( `paper_id` = '201002' ) LIMIT 1   [ RunTime:0.000379s ]
SQL: SHOW COLUMNS FROM `app_option` [ RunTime:0.001245s ]
SQL: SELECT `title`,`type` FROM `app_option` WHERE ( question_id=2011030001 ) LIMIT 1   [ RunTime:0.000462s ]
SQL: SELECT `a`,`b`,`c`,`d`,`e`,`f`,`g`,`h` FROM `app_option` WHERE ( `question_id` = '2011030001' ) LIMIT 1   [ RunTime:0.000315s ]

[ 2015-11-03T12:37:15+08:00 ] 127.0.0.1 /thinkphpcms/index.php/home/index/getOldAnswer
INFO: [ app_begin ] --START--
INFO: Run Behavior\ReadHtmlCacheBehavior [ RunTime:0.000028s ]
NOTIC: [8192] mysql_connect(): The mysql extension is deprecated and will be removed in the future: use mysqli or PDO instead /var/www/thinkphpcms/Libs/ThinkPHP/Library/Think/Db/Driver/Mysql.class.php 第 52 行.
SQL: SHOW COLUMNS FROM `app_setting` [ RunTime:0.000973s ]
ERR: 1146:Table 'app.app_setting' doesn't exist
 [ SQL语句 ] : SHOW COLUMNS FROM `app_setting`
SQL: SELECT `key`,`value` FROM `app_setting`  [ RunTime:0.000273s ]
ERR: 1146:Table 'app.app_setting' doesn't exist
 [ SQL语句 ] : SELECT `key`,`value` FROM `app_setting` 
NOTIC: [2] unlink(/var/www/thinkphpcms/Public/Runtime/Temp/71df8fced343b2a8ba67c00a47a67b50.php): No such file or directory /var/www/thinkphpcms/Libs/ThinkPHP/Library/Think/Cache/Driver/File.class.php 第 157 行.
INFO: Run \Common\Behavior\SettingBehavior [ RunTime:0.004581s ]
INFO: [ app_begin ] --END-- [ RunTime:0.004671s ]
SQL: SHOW COLUMNS FROM `app_submit_exam` [ RunTime:0.000850s ]
SQL: SELECT `answer` FROM `app_submit_exam` WHERE ( `student_id` = '123' ) AND ( `paper_id` = '201002' ) AND ( `num` = '3' ) LIMIT 1   [ RunTime:0.000365s ]

[ 2015-11-03T12:37:16+08:00 ] 127.0.0.1 /thinkphpcms/index.php/home/index/submit
INFO: [ app_begin ] --START--
INFO: Run Behavior\ReadHtmlCacheBehavior [ RunTime:0.000033s ]
NOTIC: [8192] mysql_connect(): The mysql extension is deprecated and will be removed in the future: use mysqli or PDO instead /var/www/thinkphpcms/Libs/ThinkPHP/Library/Think/Db/Driver/Mysql.class.php 第 52 行.
SQL: SHOW COLUMNS FROM `app_setting` [ RunTime:0.000757s ]
ERR: 1146:Table 'app.app_setting' doesn't exist
 [ SQL语句 ] : SHOW COLUMNS FROM `app_setting`
SQL: SELECT `key`,`value` FROM `app_setting`  [ RunTime:0.000303s ]
ERR: 1146:Table 'app.app_setting' doesn't exist
 [ SQL语句 ] : SELECT `key`,`value` FROM `app_setting` 
NOTIC: [2] unlink(/var/www/thinkphpcms/Public/Runtime/Temp/71df8fced343b2a8ba67c00a47a67b50.php): No such file or directory /var/www/thinkphpcms/Libs/ThinkPHP/Library/Think/Cache/Driver/File.class.php 第 157 行.
INFO: Run \Common\Behavior\SettingBehavior [ RunTime:0.039367s ]
INFO: [ app_begin ] --END-- [ RunTime:0.039475s ]
SQL: SHOW COLUMNS FROM `app_paper_content` [ RunTime:0.001059s ]
SQL: SELECT `content` FROM `app_paper_content` WHERE ( `paper_id` = '201002' ) LIMIT 1   [ RunTime:0.000341s ]
SQL: SHOW COLUMNS FROM `app_option` [ RunTime:0.000782s ]
SQL: SELECT `question_id`,`type`,`course_id` FROM `app_option` WHERE ( `question_id` = '2011030001' ) LIMIT 1   [ RunTime:0.000343s ]
SQL: SHOW COLUMNS FROM `app_submit_exam` [ RunTime:0.000845s ]
SQL: REPLACE INTO `app_submit_exam` (`submit_id`,`num`,`paper_id`,`student_id`,`course_id`,`question_id`,`type`,`answer`) VALUES ('2010021232011030001','3','201002','123','201','2011030001','103','1') [ RunTime:0.003188s ]

[ 2015-11-03T12:37:17+08:00 ] 127.0.0.1 /thinkphpcms/index.php/home/index/submit
INFO: [ app_begin ] --START--
INFO: Run Behavior\ReadHtmlCacheBehavior [ RunTime:0.000028s ]
NOTIC: [8192] mysql_connect(): The mysql extension is deprecated and will be removed in the future: use mysqli or PDO instead /var/www/thinkphpcms/Libs/ThinkPHP/Library/Think/Db/Driver/Mysql.class.php 第 52 行.
SQL: SHOW COLUMNS FROM `app_setting` [ RunTime:0.000601s ]
ERR: 1146:Table 'app.app_setting' doesn't exist
 [ SQL语句 ] : SHOW COLUMNS FROM `app_setting`
SQL: SELECT `key`,`value` FROM `app_setting`  [ RunTime:0.000276s ]
ERR: 1146:Table 'app.app_setting' doesn't exist
 [ SQL语句 ] : SELECT `key`,`value` FROM `app_setting` 
NOTIC: [2] unlink(/var/www/thinkphpcms/Public/Runtime/Temp/71df8fced343b2a8ba67c00a47a67b50.php): No such file or directory /var/www/thinkphpcms/Libs/ThinkPHP/Library/Think/Cache/Driver/File.class.php 第 157 行.
INFO: Run \Common\Behavior\SettingBehavior [ RunTime:0.006041s ]
INFO: [ app_begin ] --END-- [ RunTime:0.006127s ]
SQL: SHOW COLUMNS FROM `app_paper_content` [ RunTime:0.000790s ]
SQL: SELECT `content` FROM `app_paper_content` WHERE ( `paper_id` = '201002' ) LIMIT 1   [ RunTime:0.000374s ]
SQL: SHOW COLUMNS FROM `app_option` [ RunTime:0.001149s ]
SQL: SELECT `question_id`,`type`,`course_id` FROM `app_option` WHERE ( `question_id` = '2011030001' ) LIMIT 1   [ RunTime:0.000372s ]
SQL: SHOW COLUMNS FROM `app_submit_exam` [ RunTime:0.001724s ]
SQL: REPLACE INTO `app_submit_exam` (`submit_id`,`num`,`paper_id`,`student_id`,`course_id`,`question_id`,`type`,`answer`) VALUES ('2010021232011030001','3','201002','123','201','2011030001','103','1') [ RunTime:0.003854s ]

[ 2015-11-03T12:37:17+08:00 ] 127.0.0.1 /thinkphpcms/index.php/home/index/submit
INFO: [ app_begin ] --START--
INFO: Run Behavior\ReadHtmlCacheBehavior [ RunTime:0.000028s ]
NOTIC: [8192] mysql_connect(): The mysql extension is deprecated and will be removed in the future: use mysqli or PDO instead /var/www/thinkphpcms/Libs/ThinkPHP/Library/Think/Db/Driver/Mysql.class.php 第 52 行.
SQL: SHOW COLUMNS FROM `app_setting` [ RunTime:0.000934s ]
ERR: 1146:Table 'app.app_setting' doesn't exist
 [ SQL语句 ] : SHOW COLUMNS FROM `app_setting`
SQL: SELECT `key`,`value` FROM `app_setting`  [ RunTime:0.000282s ]
ERR: 1146:Table 'app.app_setting' doesn't exist
 [ SQL语句 ] : SELECT `key`,`value` FROM `app_setting` 
NOTIC: [2] unlink(/var/www/thinkphpcms/Public/Runtime/Temp/71df8fced343b2a8ba67c00a47a67b50.php): No such file or directory /var/www/thinkphpcms/Libs/ThinkPHP/Library/Think/Cache/Driver/File.class.php 第 157 行.
INFO: Run \Common\Behavior\SettingBehavior [ RunTime:0.005277s ]
INFO: [ app_begin ] --END-- [ RunTime:0.005365s ]
SQL: SHOW COLUMNS FROM `app_paper_content` [ RunTime:0.000756s ]
SQL: SELECT `content` FROM `app_paper_content` WHERE ( `paper_id` = '201002' ) LIMIT 1   [ RunTime:0.000309s ]
SQL: SHOW COLUMNS FROM `app_option` [ RunTime:0.000822s ]
SQL: SELECT `question_id`,`type`,`course_id` FROM `app_option` WHERE ( `question_id` = '2011030001' ) LIMIT 1   [ RunTime:0.000405s ]
SQL: SHOW COLUMNS FROM `app_submit_exam` [ RunTime:0.000748s ]
SQL: REPLACE INTO `app_submit_exam` (`submit_id`,`num`,`paper_id`,`student_id`,`course_id`,`question_id`,`type`,`answer`) VALUES ('2010021232011030001','3','201002','123','201','2011030001','103','1') [ RunTime:0.003449s ]

[ 2015-11-03T12:37:18+08:00 ] 127.0.0.1 /thinkphpcms/index.php/home/index/question
INFO: [ app_begin ] --START--
INFO: Run Behavior\ReadHtmlCacheBehavior [ RunTime:0.000029s ]
NOTIC: [8192] mysql_connect(): The mysql extension is deprecated and will be removed in the future: use mysqli or PDO instead /var/www/thinkphpcms/Libs/ThinkPHP/Library/Think/Db/Driver/Mysql.class.php 第 52 行.
SQL: SHOW COLUMNS FROM `app_setting` [ RunTime:0.000518s ]
ERR: 1146:Table 'app.app_setting' doesn't exist
 [ SQL语句 ] : SHOW COLUMNS FROM `app_setting`
SQL: SELECT `key`,`value` FROM `app_setting`  [ RunTime:0.000124s ]
ERR: 1146:Table 'app.app_setting' doesn't exist
 [ SQL语句 ] : SELECT `key`,`value` FROM `app_setting` 
NOTIC: [2] unlink(/var/www/thinkphpcms/Public/Runtime/Temp/71df8fced343b2a8ba67c00a47a67b50.php): No such file or directory /var/www/thinkphpcms/Libs/ThinkPHP/Library/Think/Cache/Driver/File.class.php 第 157 行.
INFO: Run \Common\Behavior\SettingBehavior [ RunTime:0.004728s ]
INFO: [ app_begin ] --END-- [ RunTime:0.004825s ]
SQL: SHOW COLUMNS FROM `app_paper_content` [ RunTime:0.000683s ]
SQL: SELECT `question_num` FROM `app_paper_content` WHERE ( `paper_id` = '201002' ) LIMIT 1   [ RunTime:0.000216s ]
SQL: SELECT `content` FROM `app_paper_content` WHERE ( `paper_id` = '201002' ) LIMIT 1   [ RunTime:0.000150s ]
SQL: SHOW COLUMNS FROM `app_option` [ RunTime:0.000608s ]
SQL: SELECT `title`,`type` FROM `app_option` WHERE ( question_id=2011020001 ) LIMIT 1   [ RunTime:0.000335s ]
SQL: SELECT `a`,`b`,`c`,`d`,`e`,`f`,`g`,`h` FROM `app_option` WHERE ( `question_id` = '2011020001' ) LIMIT 1   [ RunTime:0.000205s ]

[ 2015-11-03T12:37:18+08:00 ] 127.0.0.1 /thinkphpcms/index.php/home/index/getOldAnswer
INFO: [ app_begin ] --START--
INFO: Run Behavior\ReadHtmlCacheBehavior [ RunTime:0.000029s ]
NOTIC: [8192] mysql_connect(): The mysql extension is deprecated and will be removed in the future: use mysqli or PDO instead /var/www/thinkphpcms/Libs/ThinkPHP/Library/Think/Db/Driver/Mysql.class.php 第 52 行.
SQL: SHOW COLUMNS FROM `app_setting` [ RunTime:0.000733s ]
ERR: 1146:Table 'app.app_setting' doesn't exist
 [ SQL语句 ] : SHOW COLUMNS FROM `app_setting`
SQL: SELECT `key`,`value` FROM `app_setting`  [ RunTime:0.000260s ]
ERR: 1146:Table 'app.app_setting' doesn't exist
 [ SQL语句 ] : SELECT `key`,`value` FROM `app_setting` 
NOTIC: [2] unlink(/var/www/thinkphpcms/Public/Runtime/Temp/71df8fced343b2a8ba67c00a47a67b50.php): No such file or directory /var/www/thinkphpcms/Libs/ThinkPHP/Library/Think/Cache/Driver/File.class.php 第 157 行.
INFO: Run \Common\Behavior\SettingBehavior [ RunTime:0.005183s ]
INFO: [ app_begin ] --END-- [ RunTime:0.005272s ]
SQL: SHOW COLUMNS FROM `app_submit_exam` [ RunTime:0.000902s ]
SQL: SELECT `answer` FROM `app_submit_exam` WHERE ( `student_id` = '123' ) AND ( `paper_id` = '201002' ) AND ( `num` = '2' ) LIMIT 1   [ RunTime:0.000397s ]

[ 2015-11-03T12:37:19+08:00 ] 127.0.0.1 /thinkphpcms/index.php/home/index/question
INFO: [ app_begin ] --START--
INFO: Run Behavior\ReadHtmlCacheBehavior [ RunTime:0.000030s ]
NOTIC: [8192] mysql_connect(): The mysql extension is deprecated and will be removed in the future: use mysqli or PDO instead /var/www/thinkphpcms/Libs/ThinkPHP/Library/Think/Db/Driver/Mysql.class.php 第 52 行.
SQL: SHOW COLUMNS FROM `app_setting` [ RunTime:0.000859s ]
ERR: 1146:Table 'app.app_setting' doesn't exist
 [ SQL语句 ] : SHOW COLUMNS FROM `app_setting`
SQL: SELECT `key`,`value` FROM `app_setting`  [ RunTime:0.000341s ]
ERR: 1146:Table 'app.app_setting' doesn't exist
 [ SQL语句 ] : SELECT `key`,`value` FROM `app_setting` 
NOTIC: [2] unlink(/var/www/thinkphpcms/Public/Runtime/Temp/71df8fced343b2a8ba67c00a47a67b50.php): No such file or directory /var/www/thinkphpcms/Libs/ThinkPHP/Library/Think/Cache/Driver/File.class.php 第 157 行.
INFO: Run \Common\Behavior\SettingBehavior [ RunTime:0.005090s ]
INFO: [ app_begin ] --END-- [ RunTime:0.005200s ]
SQL: SHOW COLUMNS FROM `app_paper_content` [ RunTime:0.000792s ]
SQL: SELECT `question_num` FROM `app_paper_content` WHERE ( `paper_id` = '201002' ) LIMIT 1   [ RunTime:0.000408s ]
SQL: SELECT `content` FROM `app_paper_content` WHERE ( `paper_id` = '201002' ) LIMIT 1   [ RunTime:0.000319s ]
SQL: SHOW COLUMNS FROM `app_option` [ RunTime:0.001151s ]
SQL: SELECT `title`,`type` FROM `app_option` WHERE ( question_id=2011010001 ) LIMIT 1   [ RunTime:0.000387s ]
SQL: SELECT `a`,`b`,`c`,`d`,`e`,`f`,`g`,`h` FROM `app_option` WHERE ( `question_id` = '2011010001' ) LIMIT 1   [ RunTime:0.000346s ]

[ 2015-11-03T12:37:19+08:00 ] 127.0.0.1 /thinkphpcms/index.php/home/index/getOldAnswer
INFO: [ app_begin ] --START--
INFO: Run Behavior\ReadHtmlCacheBehavior [ RunTime:0.000027s ]
NOTIC: [8192] mysql_connect(): The mysql extension is deprecated and will be removed in the future: use mysqli or PDO instead /var/www/thinkphpcms/Libs/ThinkPHP/Library/Think/Db/Driver/Mysql.class.php 第 52 行.
SQL: SHOW COLUMNS FROM `app_setting` [ RunTime:0.000528s ]
ERR: 1146:Table 'app.app_setting' doesn't exist
 [ SQL语句 ] : SHOW COLUMNS FROM `app_setting`
SQL: SELECT `key`,`value` FROM `app_setting`  [ RunTime:0.000142s ]
ERR: 1146:Table 'app.app_setting' doesn't exist
 [ SQL语句 ] : SELECT `key`,`value` FROM `app_setting` 
NOTIC: [2] unlink(/var/www/thinkphpcms/Public/Runtime/Temp/71df8fced343b2a8ba67c00a47a67b50.php): No such file or directory /var/www/thinkphpcms/Libs/ThinkPHP/Library/Think/Cache/Driver/File.class.php 第 157 行.
INFO: Run \Common\Behavior\SettingBehavior [ RunTime:0.003376s ]
INFO: [ app_begin ] --END-- [ RunTime:0.003460s ]
SQL: SHOW COLUMNS FROM `app_submit_exam` [ RunTime:0.001084s ]
SQL: SELECT `answer` FROM `app_submit_exam` WHERE ( `student_id` = '123' ) AND ( `paper_id` = '201002' ) AND ( `num` = '1' ) LIMIT 1   [ RunTime:0.000274s ]

[ 2015-11-03T12:37:24+08:00 ] 127.0.0.1 /thinkphpcms/index.php/home/index/submit
INFO: [ app_begin ] --START--
INFO: Run Behavior\ReadHtmlCacheBehavior [ RunTime:0.000105s ]
NOTIC: [8192] mysql_connect(): The mysql extension is deprecated and will be removed in the future: use mysqli or PDO instead /var/www/thinkphpcms/Libs/ThinkPHP/Library/Think/Db/Driver/Mysql.class.php 第 52 行.
SQL: SHOW COLUMNS FROM `app_setting` [ RunTime:0.000615s ]
ERR: 1146:Table 'app.app_setting' doesn't exist
 [ SQL语句 ] : SHOW COLUMNS FROM `app_setting`
SQL: SELECT `key`,`value` FROM `app_setting`  [ RunTime:0.000238s ]
ERR: 1146:Table 'app.app_setting' doesn't exist
 [ SQL语句 ] : SELECT `key`,`value` FROM `app_setting` 
NOTIC: [2] unlink(/var/www/thinkphpcms/Public/Runtime/Temp/71df8fced343b2a8ba67c00a47a67b50.php): No such file or directory /var/www/thinkphpcms/Libs/ThinkPHP/Library/Think/Cache/Driver/File.class.php 第 157 行.
INFO: Run \Common\Behavior\SettingBehavior [ RunTime:0.006075s ]
INFO: [ app_begin ] --END-- [ RunTime:0.006315s ]
SQL: SHOW COLUMNS FROM `app_paper_content` [ RunTime:0.000725s ]
SQL: SELECT `content` FROM `app_paper_content` WHERE ( `paper_id` = '201002' ) LIMIT 1   [ RunTime:0.000309s ]
SQL: SHOW COLUMNS FROM `app_option` [ RunTime:0.000937s ]
SQL: SELECT `question_id`,`type`,`course_id` FROM `app_option` WHERE ( `question_id` = '2011010001' ) LIMIT 1   [ RunTime:0.000397s ]
SQL: SHOW COLUMNS FROM `app_submit_exam` [ RunTime:0.000744s ]
SQL: REPLACE INTO `app_submit_exam` (`submit_id`,`num`,`paper_id`,`student_id`,`course_id`,`question_id`,`type`,`answer`) VALUES ('2010021232011010001','1','201002','123','201','2011010001','101','3') [ RunTime:0.003282s ]

[ 2015-11-03T12:37:24+08:00 ] 127.0.0.1 /thinkphpcms/index.php/home/index/question
INFO: [ app_begin ] --START--
INFO: Run Behavior\ReadHtmlCacheBehavior [ RunTime:0.000072s ]
NOTIC: [8192] mysql_connect(): The mysql extension is deprecated and will be removed in the future: use mysqli or PDO instead /var/www/thinkphpcms/Libs/ThinkPHP/Library/Think/Db/Driver/Mysql.class.php 第 52 行.
SQL: SHOW COLUMNS FROM `app_setting` [ RunTime:0.000838s ]
ERR: 1146:Table 'app.app_setting' doesn't exist
 [ SQL语句 ] : SHOW COLUMNS FROM `app_setting`
SQL: SELECT `key`,`value` FROM `app_setting`  [ RunTime:0.000152s ]
ERR: 1146:Table 'app.app_setting' doesn't exist
 [ SQL语句 ] : SELECT `key`,`value` FROM `app_setting` 
NOTIC: [2] unlink(/var/www/thinkphpcms/Public/Runtime/Temp/71df8fced343b2a8ba67c00a47a67b50.php): No such file or directory /var/www/thinkphpcms/Libs/ThinkPHP/Library/Think/Cache/Driver/File.class.php 第 157 行.
INFO: Run \Common\Behavior\SettingBehavior [ RunTime:0.004517s ]
INFO: [ app_begin ] --END-- [ RunTime:0.004672s ]
SQL: SHOW COLUMNS FROM `app_paper_content` [ RunTime:0.000859s ]
SQL: SELECT `question_num` FROM `app_paper_content` WHERE ( `paper_id` = '201002' ) LIMIT 1   [ RunTime:0.000349s ]
SQL: SELECT `content` FROM `app_paper_content` WHERE ( `paper_id` = '201002' ) LIMIT 1   [ RunTime:0.000303s ]
SQL: SHOW COLUMNS FROM `app_option` [ RunTime:0.000823s ]
SQL: SELECT `title`,`type` FROM `app_option` WHERE ( question_id=2011020001 ) LIMIT 1   [ RunTime:0.000377s ]
SQL: SELECT `a`,`b`,`c`,`d`,`e`,`f`,`g`,`h` FROM `app_option` WHERE ( `question_id` = '2011020001' ) LIMIT 1   [ RunTime:0.000332s ]

[ 2015-11-03T12:37:24+08:00 ] 127.0.0.1 /thinkphpcms/index.php/home/index/getOldAnswer
INFO: [ app_begin ] --START--
INFO: Run Behavior\ReadHtmlCacheBehavior [ RunTime:0.000026s ]
NOTIC: [8192] mysql_connect(): The mysql extension is deprecated and will be removed in the future: use mysqli or PDO instead /var/www/thinkphpcms/Libs/ThinkPHP/Library/Think/Db/Driver/Mysql.class.php 第 52 行.
SQL: SHOW COLUMNS FROM `app_setting` [ RunTime:0.000622s ]
ERR: 1146:Table 'app.app_setting' doesn't exist
 [ SQL语句 ] : SHOW COLUMNS FROM `app_setting`
SQL: SELECT `key`,`value` FROM `app_setting`  [ RunTime:0.000205s ]
ERR: 1146:Table 'app.app_setting' doesn't exist
 [ SQL语句 ] : SELECT `key`,`value` FROM `app_setting` 
NOTIC: [2] unlink(/var/www/thinkphpcms/Public/Runtime/Temp/71df8fced343b2a8ba67c00a47a67b50.php): No such file or directory /var/www/thinkphpcms/Libs/ThinkPHP/Library/Think/Cache/Driver/File.class.php 第 157 行.
INFO: Run \Common\Behavior\SettingBehavior [ RunTime:0.004046s ]
INFO: [ app_begin ] --END-- [ RunTime:0.004130s ]
SQL: SHOW COLUMNS FROM `app_submit_exam` [ RunTime:0.001363s ]
SQL: SELECT `answer` FROM `app_submit_exam` WHERE ( `student_id` = '123' ) AND ( `paper_id` = '201002' ) AND ( `num` = '2' ) LIMIT 1   [ RunTime:0.000400s ]

[ 2015-11-03T12:37:25+08:00 ] 127.0.0.1 /thinkphpcms/index.php/home/index/submit
INFO: [ app_begin ] --START--
INFO: Run Behavior\ReadHtmlCacheBehavior [ RunTime:0.000027s ]
NOTIC: [8192] mysql_connect(): The mysql extension is deprecated and will be removed in the future: use mysqli or PDO instead /var/www/thinkphpcms/Libs/ThinkPHP/Library/Think/Db/Driver/Mysql.class.php 第 52 行.
SQL: SHOW COLUMNS FROM `app_setting` [ RunTime:0.000858s ]
ERR: 1146:Table 'app.app_setting' doesn't exist
 [ SQL语句 ] : SHOW COLUMNS FROM `app_setting`
SQL: SELECT `key`,`value` FROM `app_setting`  [ RunTime:0.000214s ]
ERR: 1146:Table 'app.app_setting' doesn't exist
 [ SQL语句 ] : SELECT `key`,`value` FROM `app_setting` 
NOTIC: [2] unlink(/var/www/thinkphpcms/Public/Runtime/Temp/71df8fced343b2a8ba67c00a47a67b50.php): No such file or directory /var/www/thinkphpcms/Libs/ThinkPHP/Library/Think/Cache/Driver/File.class.php 第 157 行.
INFO: Run \Common\Behavior\SettingBehavior [ RunTime:0.006000s ]
INFO: [ app_begin ] --END-- [ RunTime:0.006100s ]
SQL: SHOW COLUMNS FROM `app_paper_content` [ RunTime:0.001105s ]
SQL: SELECT `content` FROM `app_paper_content` WHERE ( `paper_id` = '201002' ) LIMIT 1   [ RunTime:0.000369s ]
SQL: SHOW COLUMNS FROM `app_option` [ RunTime:0.001163s ]
SQL: SELECT `question_id`,`type`,`course_id` FROM `app_option` WHERE ( `question_id` = '2011020001' ) LIMIT 1   [ RunTime:0.000447s ]
SQL: SHOW COLUMNS FROM `app_submit_exam` [ RunTime:0.001829s ]
SQL: REPLACE INTO `app_submit_exam` (`submit_id`,`num`,`paper_id`,`student_id`,`course_id`,`question_id`,`type`,`answer`) VALUES ('2010021232011020001','2','201002','123','201','2011020001','102','4;2') [ RunTime:0.003624s ]

[ 2015-11-03T12:37:25+08:00 ] 127.0.0.1 /thinkphpcms/index.php/home/index/question
INFO: [ app_begin ] --START--
INFO: Run Behavior\ReadHtmlCacheBehavior [ RunTime:0.000060s ]
NOTIC: [8192] mysql_connect(): The mysql extension is deprecated and will be removed in the future: use mysqli or PDO instead /var/www/thinkphpcms/Libs/ThinkPHP/Library/Think/Db/Driver/Mysql.class.php 第 52 行.
SQL: SHOW COLUMNS FROM `app_setting` [ RunTime:0.000825s ]
ERR: 1146:Table 'app.app_setting' doesn't exist
 [ SQL语句 ] : SHOW COLUMNS FROM `app_setting`
SQL: SELECT `key`,`value` FROM `app_setting`  [ RunTime:0.000271s ]
ERR: 1146:Table 'app.app_setting' doesn't exist
 [ SQL语句 ] : SELECT `key`,`value` FROM `app_setting` 
NOTIC: [2] unlink(/var/www/thinkphpcms/Public/Runtime/Temp/71df8fced343b2a8ba67c00a47a67b50.php): No such file or directory /var/www/thinkphpcms/Libs/ThinkPHP/Library/Think/Cache/Driver/File.class.php 第 157 行.
INFO: Run \Common\Behavior\SettingBehavior [ RunTime:0.004659s ]
INFO: [ app_begin ] --END-- [ RunTime:0.004825s ]
SQL: SHOW COLUMNS FROM `app_paper_content` [ RunTime:0.000795s ]
SQL: SELECT `question_num` FROM `app_paper_content` WHERE ( `paper_id` = '201002' ) LIMIT 1   [ RunTime:0.000352s ]
SQL: SELECT `content` FROM `app_paper_content` WHERE ( `paper_id` = '201002' ) LIMIT 1   [ RunTime:0.000201s ]
SQL: SHOW COLUMNS FROM `app_option` [ RunTime:0.000992s ]
SQL: SELECT `title`,`type` FROM `app_option` WHERE ( question_id=2011030001 ) LIMIT 1   [ RunTime:0.000452s ]
SQL: SELECT `a`,`b`,`c`,`d`,`e`,`f`,`g`,`h` FROM `app_option` WHERE ( `question_id` = '2011030001' ) LIMIT 1   [ RunTime:0.000305s ]

[ 2015-11-03T12:37:25+08:00 ] 127.0.0.1 /thinkphpcms/index.php/home/index/getOldAnswer
INFO: [ app_begin ] --START--
INFO: Run Behavior\ReadHtmlCacheBehavior [ RunTime:0.000028s ]
NOTIC: [8192] mysql_connect(): The mysql extension is deprecated and will be removed in the future: use mysqli or PDO instead /var/www/thinkphpcms/Libs/ThinkPHP/Library/Think/Db/Driver/Mysql.class.php 第 52 行.
SQL: SHOW COLUMNS FROM `app_setting` [ RunTime:0.000520s ]
ERR: 1146:Table 'app.app_setting' doesn't exist
 [ SQL语句 ] : SHOW COLUMNS FROM `app_setting`
SQL: SELECT `key`,`value` FROM `app_setting`  [ RunTime:0.000139s ]
ERR: 1146:Table 'app.app_setting' doesn't exist
 [ SQL语句 ] : SELECT `key`,`value` FROM `app_setting` 
NOTIC: [2] unlink(/var/www/thinkphpcms/Public/Runtime/Temp/71df8fced343b2a8ba67c00a47a67b50.php): No such file or directory /var/www/thinkphpcms/Libs/ThinkPHP/Library/Think/Cache/Driver/File.class.php 第 157 行.
INFO: Run \Common\Behavior\SettingBehavior [ RunTime:0.002735s ]
INFO: [ app_begin ] --END-- [ RunTime:0.002827s ]
SQL: SHOW COLUMNS FROM `app_submit_exam` [ RunTime:0.000821s ]
SQL: SELECT `answer` FROM `app_submit_exam` WHERE ( `student_id` = '123' ) AND ( `paper_id` = '201002' ) AND ( `num` = '3' ) LIMIT 1   [ RunTime:0.000262s ]

[ 2015-11-03T12:37:26+08:00 ] 127.0.0.1 /thinkphpcms/index.php/home/index/question
INFO: [ app_begin ] --START--
INFO: Run Behavior\ReadHtmlCacheBehavior [ RunTime:0.000028s ]
NOTIC: [8192] mysql_connect(): The mysql extension is deprecated and will be removed in the future: use mysqli or PDO instead /var/www/thinkphpcms/Libs/ThinkPHP/Library/Think/Db/Driver/Mysql.class.php 第 52 行.
SQL: SHOW COLUMNS FROM `app_setting` [ RunTime:0.000506s ]
ERR: 1146:Table 'app.app_setting' doesn't exist
 [ SQL语句 ] : SHOW COLUMNS FROM `app_setting`
SQL: SELECT `key`,`value` FROM `app_setting`  [ RunTime:0.000165s ]
ERR: 1146:Table 'app.app_setting' doesn't exist
 [ SQL语句 ] : SELECT `key`,`value` FROM `app_setting` 
NOTIC: [2] unlink(/var/www/thinkphpcms/Public/Runtime/Temp/71df8fced343b2a8ba67c00a47a67b50.php): No such file or directory /var/www/thinkphpcms/Libs/ThinkPHP/Library/Think/Cache/Driver/File.class.php 第 157 行.
INFO: Run \Common\Behavior\SettingBehavior [ RunTime:0.002119s ]
INFO: [ app_begin ] --END-- [ RunTime:0.002207s ]
SQL: SHOW COLUMNS FROM `app_paper_content` [ RunTime:0.000805s ]
SQL: SELECT `question_num` FROM `app_paper_content` WHERE ( `paper_id` = '201002' ) LIMIT 1   [ RunTime:0.000367s ]
SQL: SELECT `content` FROM `app_paper_content` WHERE ( `paper_id` = '201002' ) LIMIT 1   [ RunTime:0.000312s ]
SQL: SHOW COLUMNS FROM `app_option` [ RunTime:0.001726s ]
SQL: SELECT `title`,`type` FROM `app_option` WHERE ( question_id=2011020001 ) LIMIT 1   [ RunTime:0.000396s ]
SQL: SELECT `a`,`b`,`c`,`d`,`e`,`f`,`g`,`h` FROM `app_option` WHERE ( `question_id` = '2011020001' ) LIMIT 1   [ RunTime:0.000327s ]

[ 2015-11-03T12:37:27+08:00 ] 127.0.0.1 /thinkphpcms/index.php/home/index/getOldAnswer
INFO: [ app_begin ] --START--
INFO: Run Behavior\ReadHtmlCacheBehavior [ RunTime:0.000028s ]
NOTIC: [8192] mysql_connect(): The mysql extension is deprecated and will be removed in the future: use mysqli or PDO instead /var/www/thinkphpcms/Libs/ThinkPHP/Library/Think/Db/Driver/Mysql.class.php 第 52 行.
SQL: SHOW COLUMNS FROM `app_setting` [ RunTime:0.000661s ]
ERR: 1146:Table 'app.app_setting' doesn't exist
 [ SQL语句 ] : SHOW COLUMNS FROM `app_setting`
SQL: SELECT `key`,`value` FROM `app_setting`  [ RunTime:0.000222s ]
ERR: 1146:Table 'app.app_setting' doesn't exist
 [ SQL语句 ] : SELECT `key`,`value` FROM `app_setting` 
NOTIC: [2] unlink(/var/www/thinkphpcms/Public/Runtime/Temp/71df8fced343b2a8ba67c00a47a67b50.php): No such file or directory /var/www/thinkphpcms/Libs/ThinkPHP/Library/Think/Cache/Driver/File.class.php 第 157 行.
INFO: Run \Common\Behavior\SettingBehavior [ RunTime:0.005547s ]
INFO: [ app_begin ] --END-- [ RunTime:0.005653s ]
SQL: SHOW COLUMNS FROM `app_submit_exam` [ RunTime:0.000943s ]
SQL: SELECT `answer` FROM `app_submit_exam` WHERE ( `student_id` = '123' ) AND ( `paper_id` = '201002' ) AND ( `num` = '2' ) LIMIT 1   [ RunTime:0.000469s ]

[ 2015-11-03T12:37:28+08:00 ] 127.0.0.1 /thinkphpcms/index.php/home/index/submit
INFO: [ app_begin ] --START--
INFO: Run Behavior\ReadHtmlCacheBehavior [ RunTime:0.000028s ]
NOTIC: [8192] mysql_connect(): The mysql extension is deprecated and will be removed in the future: use mysqli or PDO instead /var/www/thinkphpcms/Libs/ThinkPHP/Library/Think/Db/Driver/Mysql.class.php 第 52 行.
SQL: SHOW COLUMNS FROM `app_setting` [ RunTime:0.000795s ]
ERR: 1146:Table 'app.app_setting' doesn't exist
 [ SQL语句 ] : SHOW COLUMNS FROM `app_setting`
SQL: SELECT `key`,`value` FROM `app_setting`  [ RunTime:0.000668s ]
ERR: 1146:Table 'app.app_setting' doesn't exist
 [ SQL语句 ] : SELECT `key`,`value` FROM `app_setting` 
NOTIC: [2] unlink(/var/www/thinkphpcms/Public/Runtime/Temp/71df8fced343b2a8ba67c00a47a67b50.php): No such file or directory /var/www/thinkphpcms/Libs/ThinkPHP/Library/Think/Cache/Driver/File.class.php 第 157 行.
INFO: Run \Common\Behavior\SettingBehavior [ RunTime:0.006893s ]
INFO: [ app_begin ] --END-- [ RunTime:0.006981s ]
SQL: SHOW COLUMNS FROM `app_paper_content` [ RunTime:0.000944s ]
SQL: SELECT `content` FROM `app_paper_content` WHERE ( `paper_id` = '201002' ) LIMIT 1   [ RunTime:0.000338s ]
SQL: SHOW COLUMNS FROM `app_option` [ RunTime:0.000784s ]
SQL: SELECT `question_id`,`type`,`course_id` FROM `app_option` WHERE ( `question_id` = '2011020001' ) LIMIT 1   [ RunTime:0.000333s ]
SQL: SHOW COLUMNS FROM `app_submit_exam` [ RunTime:0.000687s ]
SQL: REPLACE INTO `app_submit_exam` (`submit_id`,`num`,`paper_id`,`student_id`,`course_id`,`question_id`,`type`,`answer`) VALUES ('2010021232011020001','2','201002','123','201','2011020001','102','4;3;2') [ RunTime:0.002904s ]

[ 2015-11-03T12:37:28+08:00 ] 127.0.0.1 /thinkphpcms/index.php/home/index/question
INFO: [ app_begin ] --START--
INFO: Run Behavior\ReadHtmlCacheBehavior [ RunTime:0.000026s ]
NOTIC: [8192] mysql_connect(): The mysql extension is deprecated and will be removed in the future: use mysqli or PDO instead /var/www/thinkphpcms/Libs/ThinkPHP/Library/Think/Db/Driver/Mysql.class.php 第 52 行.
SQL: SHOW COLUMNS FROM `app_setting` [ RunTime:0.000800s ]
ERR: 1146:Table 'app.app_setting' doesn't exist
 [ SQL语句 ] : SHOW COLUMNS FROM `app_setting`
SQL: SELECT `key`,`value` FROM `app_setting`  [ RunTime:0.000412s ]
ERR: 1146:Table 'app.app_setting' doesn't exist
 [ SQL语句 ] : SELECT `key`,`value` FROM `app_setting` 
NOTIC: [2] unlink(/var/www/thinkphpcms/Public/Runtime/Temp/71df8fced343b2a8ba67c00a47a67b50.php): No such file or directory /var/www/thinkphpcms/Libs/ThinkPHP/Library/Think/Cache/Driver/File.class.php 第 157 行.
INFO: Run \Common\Behavior\SettingBehavior [ RunTime:0.005426s ]
INFO: [ app_begin ] --END-- [ RunTime:0.005512s ]
SQL: SHOW COLUMNS FROM `app_paper_content` [ RunTime:0.001222s ]
SQL: SELECT `question_num` FROM `app_paper_content` WHERE ( `paper_id` = '201002' ) LIMIT 1   [ RunTime:0.000461s ]
SQL: SELECT `content` FROM `app_paper_content` WHERE ( `paper_id` = '201002' ) LIMIT 1   [ RunTime:0.000434s ]
SQL: SHOW COLUMNS FROM `app_option` [ RunTime:0.001091s ]
SQL: SELECT `title`,`type` FROM `app_option` WHERE ( question_id=2011030001 ) LIMIT 1   [ RunTime:0.000841s ]
SQL: SELECT `a`,`b`,`c`,`d`,`e`,`f`,`g`,`h` FROM `app_option` WHERE ( `question_id` = '2011030001' ) LIMIT 1   [ RunTime:0.000795s ]

[ 2015-11-03T12:37:28+08:00 ] 127.0.0.1 /thinkphpcms/index.php/home/index/getOldAnswer
INFO: [ app_begin ] --START--
INFO: Run Behavior\ReadHtmlCacheBehavior [ RunTime:0.000047s ]
NOTIC: [8192] mysql_connect(): The mysql extension is deprecated and will be removed in the future: use mysqli or PDO instead /var/www/thinkphpcms/Libs/ThinkPHP/Library/Think/Db/Driver/Mysql.class.php 第 52 行.
SQL: SHOW COLUMNS FROM `app_setting` [ RunTime:0.000620s ]
ERR: 1146:Table 'app.app_setting' doesn't exist
 [ SQL语句 ] : SHOW COLUMNS FROM `app_setting`
SQL: SELECT `key`,`value` FROM `app_setting`  [ RunTime:0.000209s ]
ERR: 1146:Table 'app.app_setting' doesn't exist
 [ SQL语句 ] : SELECT `key`,`value` FROM `app_setting` 
NOTIC: [2] unlink(/var/www/thinkphpcms/Public/Runtime/Temp/71df8fced343b2a8ba67c00a47a67b50.php): No such file or directory /var/www/thinkphpcms/Libs/ThinkPHP/Library/Think/Cache/Driver/File.class.php 第 157 行.
INFO: Run \Common\Behavior\SettingBehavior [ RunTime:0.004312s ]
INFO: [ app_begin ] --END-- [ RunTime:0.004439s ]
SQL: SHOW COLUMNS FROM `app_submit_exam` [ RunTime:0.000923s ]
SQL: SELECT `answer` FROM `app_submit_exam` WHERE ( `student_id` = '123' ) AND ( `paper_id` = '201002' ) AND ( `num` = '3' ) LIMIT 1   [ RunTime:0.000455s ]

[ 2015-11-03T12:37:29+08:00 ] 127.0.0.1 /thinkphpcms/index.php/home/index/question
INFO: [ app_begin ] --START--
INFO: Run Behavior\ReadHtmlCacheBehavior [ RunTime:0.000046s ]
NOTIC: [8192] mysql_connect(): The mysql extension is deprecated and will be removed in the future: use mysqli or PDO instead /var/www/thinkphpcms/Libs/ThinkPHP/Library/Think/Db/Driver/Mysql.class.php 第 52 行.
SQL: SHOW COLUMNS FROM `app_setting` [ RunTime:0.001232s ]
ERR: 1146:Table 'app.app_setting' doesn't exist
 [ SQL语句 ] : SHOW COLUMNS FROM `app_setting`
SQL: SELECT `key`,`value` FROM `app_setting`  [ RunTime:0.000242s ]
ERR: 1146:Table 'app.app_setting' doesn't exist
 [ SQL语句 ] : SELECT `key`,`value` FROM `app_setting` 
NOTIC: [2] unlink(/var/www/thinkphpcms/Public/Runtime/Temp/71df8fced343b2a8ba67c00a47a67b50.php): No such file or directory /var/www/thinkphpcms/Libs/ThinkPHP/Library/Think/Cache/Driver/File.class.php 第 157 行.
INFO: Run \Common\Behavior\SettingBehavior [ RunTime:0.006416s ]
INFO: [ app_begin ] --END-- [ RunTime:0.006563s ]
SQL: SHOW COLUMNS FROM `app_paper_content` [ RunTime:0.000807s ]
SQL: SELECT `question_num` FROM `app_paper_content` WHERE ( `paper_id` = '201002' ) LIMIT 1   [ RunTime:0.000350s ]
SQL: SELECT `content` FROM `app_paper_content` WHERE ( `paper_id` = '201002' ) LIMIT 1   [ RunTime:0.000298s ]
SQL: SHOW COLUMNS FROM `app_option` [ RunTime:0.000748s ]
SQL: SELECT `title`,`type` FROM `app_option` WHERE ( question_id=2011020001 ) LIMIT 1   [ RunTime:0.000347s ]
SQL: SELECT `a`,`b`,`c`,`d`,`e`,`f`,`g`,`h` FROM `app_option` WHERE ( `question_id` = '2011020001' ) LIMIT 1   [ RunTime:0.000318s ]

[ 2015-11-03T12:37:29+08:00 ] 127.0.0.1 /thinkphpcms/index.php/home/index/getOldAnswer
INFO: [ app_begin ] --START--
INFO: Run Behavior\ReadHtmlCacheBehavior [ RunTime:0.000048s ]
NOTIC: [8192] mysql_connect(): The mysql extension is deprecated and will be removed in the future: use mysqli or PDO instead /var/www/thinkphpcms/Libs/ThinkPHP/Library/Think/Db/Driver/Mysql.class.php 第 52 行.
SQL: SHOW COLUMNS FROM `app_setting` [ RunTime:0.000678s ]
ERR: 1146:Table 'app.app_setting' doesn't exist
 [ SQL语句 ] : SHOW COLUMNS FROM `app_setting`
SQL: SELECT `key`,`value` FROM `app_setting`  [ RunTime:0.000231s ]
ERR: 1146:Table 'app.app_setting' doesn't exist
 [ SQL语句 ] : SELECT `key`,`value` FROM `app_setting` 
NOTIC: [2] unlink(/var/www/thinkphpcms/Public/Runtime/Temp/71df8fced343b2a8ba67c00a47a67b50.php): No such file or directory /var/www/thinkphpcms/Libs/ThinkPHP/Library/Think/Cache/Driver/File.class.php 第 157 行.
INFO: Run \Common\Behavior\SettingBehavior [ RunTime:0.004745s ]
INFO: [ app_begin ] --END-- [ RunTime:0.004882s ]
SQL: SHOW COLUMNS FROM `app_submit_exam` [ RunTime:0.000898s ]
SQL: SELECT `answer` FROM `app_submit_exam` WHERE ( `student_id` = '123' ) AND ( `paper_id` = '201002' ) AND ( `num` = '2' ) LIMIT 1   [ RunTime:0.000364s ]

[ 2015-11-03T12:41:00+08:00 ] 127.0.0.1 /thinkphpcms/index.php/home/index/question
INFO: [ app_begin ] --START--
INFO: Run Behavior\ReadHtmlCacheBehavior [ RunTime:0.000088s ]
NOTIC: [8192] mysql_connect(): The mysql extension is deprecated and will be removed in the future: use mysqli or PDO instead /var/www/thinkphpcms/Libs/ThinkPHP/Library/Think/Db/Driver/Mysql.class.php 第 52 行.
SQL: SHOW COLUMNS FROM `app_setting` [ RunTime:0.000947s ]
ERR: 1146:Table 'app.app_setting' doesn't exist
 [ SQL语句 ] : SHOW COLUMNS FROM `app_setting`
SQL: SELECT `key`,`value` FROM `app_setting`  [ RunTime:0.000282s ]
ERR: 1146:Table 'app.app_setting' doesn't exist
 [ SQL语句 ] : SELECT `key`,`value` FROM `app_setting` 
NOTIC: [2] unlink(/var/www/thinkphpcms/Public/Runtime/Temp/71df8fced343b2a8ba67c00a47a67b50.php): No such file or directory /var/www/thinkphpcms/Libs/ThinkPHP/Library/Think/Cache/Driver/File.class.php 第 157 行.
INFO: Run \Common\Behavior\SettingBehavior [ RunTime:0.006766s ]
INFO: [ app_begin ] --END-- [ RunTime:0.006989s ]
SQL: SHOW COLUMNS FROM `app_paper_content` [ RunTime:0.002134s ]
SQL: SELECT `question_num` FROM `app_paper_content` WHERE ( `paper_id` = '201002' ) LIMIT 1   [ RunTime:0.000394s ]
SQL: SELECT `content` FROM `app_paper_content` WHERE ( `paper_id` = '201002' ) LIMIT 1   [ RunTime:0.000372s ]
SQL: SHOW COLUMNS FROM `app_option` [ RunTime:0.001636s ]
SQL: SELECT `title`,`type` FROM `app_option` WHERE ( question_id=2011010001 ) LIMIT 1   [ RunTime:0.000511s ]
SQL: SELECT `a`,`b`,`c`,`d`,`e`,`f`,`g`,`h` FROM `app_option` WHERE ( `question_id` = '2011010001' ) LIMIT 1   [ RunTime:0.000478s ]

[ 2015-11-03T12:41:00+08:00 ] 127.0.0.1 /thinkphpcms/index.php/home/index/getOldAnswer
INFO: [ app_begin ] --START--
INFO: Run Behavior\ReadHtmlCacheBehavior [ RunTime:0.000036s ]
NOTIC: [8192] mysql_connect(): The mysql extension is deprecated and will be removed in the future: use mysqli or PDO instead /var/www/thinkphpcms/Libs/ThinkPHP/Library/Think/Db/Driver/Mysql.class.php 第 52 行.
SQL: SHOW COLUMNS FROM `app_setting` [ RunTime:0.000774s ]
ERR: 1146:Table 'app.app_setting' doesn't exist
 [ SQL语句 ] : SHOW COLUMNS FROM `app_setting`
SQL: SELECT `key`,`value` FROM `app_setting`  [ RunTime:0.000380s ]
ERR: 1146:Table 'app.app_setting' doesn't exist
 [ SQL语句 ] : SELECT `key`,`value` FROM `app_setting` 
NOTIC: [2] unlink(/var/www/thinkphpcms/Public/Runtime/Temp/71df8fced343b2a8ba67c00a47a67b50.php): No such file or directory /var/www/thinkphpcms/Libs/ThinkPHP/Library/Think/Cache/Driver/File.class.php 第 157 行.
INFO: Run \Common\Behavior\SettingBehavior [ RunTime:0.006872s ]
INFO: [ app_begin ] --END-- [ RunTime:0.007001s ]
SQL: SHOW COLUMNS FROM `app_submit_exam` [ RunTime:0.001382s ]
SQL: SELECT `answer` FROM `app_submit_exam` WHERE ( `student_id` = '123' ) AND ( `paper_id` = '201002' ) AND ( `num` = '1' ) LIMIT 1   [ RunTime:0.000436s ]

[ 2015-11-03T12:43:09+08:00 ] 127.0.0.1 /thinkphpcms/index.php/home/index/question
INFO: [ app_begin ] --START--
INFO: Run Behavior\ReadHtmlCacheBehavior [ RunTime:0.000044s ]
NOTIC: [8192] mysql_connect(): The mysql extension is deprecated and will be removed in the future: use mysqli or PDO instead /var/www/thinkphpcms/Libs/ThinkPHP/Library/Think/Db/Driver/Mysql.class.php 第 52 行.
SQL: SHOW COLUMNS FROM `app_setting` [ RunTime:0.001009s ]
ERR: 1146:Table 'app.app_setting' doesn't exist
 [ SQL语句 ] : SHOW COLUMNS FROM `app_setting`
SQL: SELECT `key`,`value` FROM `app_setting`  [ RunTime:0.000286s ]
ERR: 1146:Table 'app.app_setting' doesn't exist
 [ SQL语句 ] : SELECT `key`,`value` FROM `app_setting` 
NOTIC: [2] unlink(/var/www/thinkphpcms/Public/Runtime/Temp/71df8fced343b2a8ba67c00a47a67b50.php): No such file or directory /var/www/thinkphpcms/Libs/ThinkPHP/Library/Think/Cache/Driver/File.class.php 第 157 行.
INFO: Run \Common\Behavior\SettingBehavior [ RunTime:0.004927s ]
INFO: [ app_begin ] --END-- [ RunTime:0.005044s ]
SQL: SHOW COLUMNS FROM `app_paper_content` [ RunTime:0.000961s ]
SQL: SELECT `question_num` FROM `app_paper_content` WHERE ( `paper_id` = '201002' ) LIMIT 1   [ RunTime:0.000386s ]
SQL: SELECT `content` FROM `app_paper_content` WHERE ( `paper_id` = '201002' ) LIMIT 1   [ RunTime:0.000308s ]
SQL: SHOW COLUMNS FROM `app_option` [ RunTime:0.001225s ]
SQL: SELECT `title`,`type` FROM `app_option` WHERE ( question_id=2011010001 ) LIMIT 1   [ RunTime:0.000387s ]
SQL: SELECT `a`,`b`,`c`,`d`,`e`,`f`,`g`,`h` FROM `app_option` WHERE ( `question_id` = '2011010001' ) LIMIT 1   [ RunTime:0.000324s ]

[ 2015-11-03T12:43:09+08:00 ] 127.0.0.1 /thinkphpcms/index.php/home/index/getOldAnswer
INFO: [ app_begin ] --START--
INFO: Run Behavior\ReadHtmlCacheBehavior [ RunTime:0.000044s ]
NOTIC: [8192] mysql_connect(): The mysql extension is deprecated and will be removed in the future: use mysqli or PDO instead /var/www/thinkphpcms/Libs/ThinkPHP/Library/Think/Db/Driver/Mysql.class.php 第 52 行.
SQL: SHOW COLUMNS FROM `app_setting` [ RunTime:0.000862s ]
ERR: 1146:Table 'app.app_setting' doesn't exist
 [ SQL语句 ] : SHOW COLUMNS FROM `app_setting`
SQL: SELECT `key`,`value` FROM `app_setting`  [ RunTime:0.000233s ]
ERR: 1146:Table 'app.app_setting' doesn't exist
 [ SQL语句 ] : SELECT `key`,`value` FROM `app_setting` 
NOTIC: [2] unlink(/var/www/thinkphpcms/Public/Runtime/Temp/71df8fced343b2a8ba67c00a47a67b50.php): No such file or directory /var/www/thinkphpcms/Libs/ThinkPHP/Library/Think/Cache/Driver/File.class.php 第 157 行.
INFO: Run \Common\Behavior\SettingBehavior [ RunTime:0.003864s ]
INFO: [ app_begin ] --END-- [ RunTime:0.003998s ]
SQL: SHOW COLUMNS FROM `app_submit_exam` [ RunTime:0.001117s ]
SQL: SELECT `answer` FROM `app_submit_exam` WHERE ( `student_id` = '123' ) AND ( `paper_id` = '201002' ) AND ( `num` = '1' ) LIMIT 1   [ RunTime:0.000409s ]

[ 2015-11-03T12:43:11+08:00 ] 127.0.0.1 /thinkphpcms/index.php/home/index/question
INFO: [ app_begin ] --START--
INFO: Run Behavior\ReadHtmlCacheBehavior [ RunTime:0.000029s ]
NOTIC: [8192] mysql_connect(): The mysql extension is deprecated and will be removed in the future: use mysqli or PDO instead /var/www/thinkphpcms/Libs/ThinkPHP/Library/Think/Db/Driver/Mysql.class.php 第 52 行.
SQL: SHOW COLUMNS FROM `app_setting` [ RunTime:0.000686s ]
ERR: 1146:Table 'app.app_setting' doesn't exist
 [ SQL语句 ] : SHOW COLUMNS FROM `app_setting`
SQL: SELECT `key`,`value` FROM `app_setting`  [ RunTime:0.000281s ]
ERR: 1146:Table 'app.app_setting' doesn't exist
 [ SQL语句 ] : SELECT `key`,`value` FROM `app_setting` 
NOTIC: [2] unlink(/var/www/thinkphpcms/Public/Runtime/Temp/71df8fced343b2a8ba67c00a47a67b50.php): No such file or directory /var/www/thinkphpcms/Libs/ThinkPHP/Library/Think/Cache/Driver/File.class.php 第 157 行.
INFO: Run \Common\Behavior\SettingBehavior [ RunTime:0.004291s ]
INFO: [ app_begin ] --END-- [ RunTime:0.004391s ]
SQL: SHOW COLUMNS FROM `app_paper_content` [ RunTime:0.000742s ]
SQL: SELECT `question_num` FROM `app_paper_content` WHERE ( `paper_id` = '201002' ) LIMIT 1   [ RunTime:0.000316s ]
SQL: SELECT `content` FROM `app_paper_content` WHERE ( `paper_id` = '201002' ) LIMIT 1   [ RunTime:0.000257s ]
SQL: SHOW COLUMNS FROM `app_option` [ RunTime:0.000988s ]
SQL: SELECT `title`,`type` FROM `app_option` WHERE ( question_id=2011030001 ) LIMIT 1   [ RunTime:0.000342s ]
SQL: SELECT `a`,`b`,`c`,`d`,`e`,`f`,`g`,`h` FROM `app_option` WHERE ( `question_id` = '2011030001' ) LIMIT 1   [ RunTime:0.000300s ]

[ 2015-11-03T12:43:11+08:00 ] 127.0.0.1 /thinkphpcms/index.php/home/index/getOldAnswer
INFO: [ app_begin ] --START--
INFO: Run Behavior\ReadHtmlCacheBehavior [ RunTime:0.000028s ]
NOTIC: [8192] mysql_connect(): The mysql extension is deprecated and will be removed in the future: use mysqli or PDO instead /var/www/thinkphpcms/Libs/ThinkPHP/Library/Think/Db/Driver/Mysql.class.php 第 52 行.
SQL: SHOW COLUMNS FROM `app_setting` [ RunTime:0.000639s ]
ERR: 1146:Table 'app.app_setting' doesn't exist
 [ SQL语句 ] : SHOW COLUMNS FROM `app_setting`
SQL: SELECT `key`,`value` FROM `app_setting`  [ RunTime:0.000218s ]
ERR: 1146:Table 'app.app_setting' doesn't exist
 [ SQL语句 ] : SELECT `key`,`value` FROM `app_setting` 
NOTIC: [2] unlink(/var/www/thinkphpcms/Public/Runtime/Temp/71df8fced343b2a8ba67c00a47a67b50.php): No such file or directory /var/www/thinkphpcms/Libs/ThinkPHP/Library/Think/Cache/Driver/File.class.php 第 157 行.
INFO: Run \Common\Behavior\SettingBehavior [ RunTime:0.004434s ]
INFO: [ app_begin ] --END-- [ RunTime:0.004522s ]
SQL: SHOW COLUMNS FROM `app_submit_exam` [ RunTime:0.000806s ]
SQL: SELECT `answer` FROM `app_submit_exam` WHERE ( `student_id` = '123' ) AND ( `paper_id` = '201002' ) AND ( `num` = '3' ) LIMIT 1   [ RunTime:0.000370s ]

