[ 2015-12-14T18:31:57+08:00 ] 127.0.0.1 /thinkphpcms/index.php?m=admin&c=index&a=index
INFO: [ app_begin ] --START--
INFO: Run Behavior\ReadHtmlCacheBehavior [ RunTime:0.001000s ]
SQL: SHOW COLUMNS FROM `app2_setting` [ RunTime:0.005000s ]
SQL: SELECT `key`,`value` FROM `app2_setting`  [ RunTime:0.001000s ]
NOTIC: [2] unlink(C:\wamp\www\ThinkPHPCMS\Public\Runtime\Temp/71df8fced343b2a8ba67c00a47a67b50.php): No such file or directory C:\wamp\www\ThinkPHPCMS\Libs\ThinkPHP\Library\Think\Cache\Driver\File.class.php 第 157 行.
INFO: Run \Common\Behavior\SettingBehavior [ RunTime:0.024002s ]
INFO: [ app_begin ] --END-- [ RunTime:0.026002s ]
SQL: SHOW COLUMNS FROM `app2_admin` [ RunTime:0.010001s ]
SQL: SHOW COLUMNS FROM `app2_menu` [ RunTime:0.008000s ]
SQL: SHOW COLUMNS FROM `app2_admin_role` [ RunTime:0.005001s ]
SQL: SELECT `userid`,`username`,`roleid`,`encrypt`,`lastloginip`,`lastlogintime`,`email`,`realname` FROM `app2_admin` WHERE ( `userid` = 1 ) LIMIT 1   [ RunTime:0.001000s ]
SQL: SELECT `rolename` FROM `app2_admin_role` WHERE ( `roleid` = 1 ) LIMIT 1   [ RunTime:0.001000s ]
SQL: SELECT * FROM `app2_menu` WHERE ( `parentid` = 0 ) AND ( `display` = 1 ) ORDER BY listorder ASC LIMIT 1000   [ RunTime:0.001000s ]
INFO: [ view_parse ] --START--
INFO: [ template_filter ] --START--
INFO: Run Behavior\ContentReplaceBehavior [ RunTime:0.001000s ]
INFO: [ template_filter ] --END-- [ RunTime:0.001000s ]
INFO: Run Behavior\ParseTemplateBehavior [ RunTime:0.033002s ]
INFO: [ view_parse ] --END-- [ RunTime:0.033002s ]
INFO: [ view_filter ] --START--
INFO: Run Behavior\WriteHtmlCacheBehavior [ RunTime:0.000000s ]
INFO: [ view_filter ] --END-- [ RunTime:0.000000s ]
INFO: [ app_end ] --START--
INFO: Run Behavior\ShowPageTraceBehavior [ RunTime:0.007000s ]
INFO: [ app_end ] --END-- [ RunTime:0.007000s ]

[ 2015-12-14T18:32:02+08:00 ] 127.0.0.1 /thinkphpcms/index.php?m=admin&c=index&a=public_main&_=1450089118076
INFO: [ app_begin ] --START--
INFO: Run Behavior\ReadHtmlCacheBehavior [ RunTime:0.000000s ]
SQL: SHOW COLUMNS FROM `app2_setting` [ RunTime:0.003000s ]
SQL: SELECT `key`,`value` FROM `app2_setting`  [ RunTime:0.002000s ]
NOTIC: [2] unlink(C:\wamp\www\ThinkPHPCMS\Public\Runtime\Temp/71df8fced343b2a8ba67c00a47a67b50.php): No such file or directory C:\wamp\www\ThinkPHPCMS\Libs\ThinkPHP\Library\Think\Cache\Driver\File.class.php 第 157 行.
INFO: Run \Common\Behavior\SettingBehavior [ RunTime:0.028002s ]
INFO: [ app_begin ] --END-- [ RunTime:0.031002s ]
SQL: SHOW COLUMNS FROM `app2_admin` [ RunTime:0.014000s ]
SQL: SHOW COLUMNS FROM `app2_admin_role` [ RunTime:0.003000s ]
SQL: SELECT `userid`,`username`,`roleid`,`encrypt`,`lastloginip`,`lastlogintime`,`email`,`realname` FROM `app2_admin` WHERE ( `userid` = 1 ) LIMIT 1   [ RunTime:0.000000s ]
SQL: SELECT `rolename` FROM `app2_admin_role` WHERE ( `roleid` = 1 ) LIMIT 1   [ RunTime:0.001000s ]
NOTIC: [2048] Non-static method Admin\Common\Sysinfo::getinfo() should not be called statically, assuming $this from incompatible context C:\wamp\www\ThinkPHPCMS\App\Admin\Controller\IndexController.class.php 第 111 行.
NOTIC: [2048] Non-static method Admin\Common\Sysinfo::sys_windows() should not be called statically, assuming $this from incompatible context C:\wamp\www\ThinkPHPCMS\App\Admin\Common\Sysinfo.class.php 第 19 行.
NOTIC: [2048] Non-static method Admin\Common\Sysinfo::GetWMI() should not be called statically, assuming $this from incompatible context C:\wamp\www\ThinkPHPCMS\App\Admin\Common\Sysinfo.class.php 第 250 行.
NOTIC: [2] reset() expects parameter 1 to be array, object given C:\wamp\www\ThinkPHPCMS\App\Admin\Common\Sysinfo.class.php 第 300 行.
NOTIC: [2] reset() expects parameter 1 to be array, object given C:\wamp\www\ThinkPHPCMS\App\Admin\Common\Sysinfo.class.php 第 300 行.
NOTIC: [2048] Non-static method Admin\Common\Sysinfo::GetWMI() should not be called statically, assuming $this from incompatible context C:\wamp\www\ThinkPHPCMS\App\Admin\Common\Sysinfo.class.php 第 262 行.
NOTIC: [2] reset() expects parameter 1 to be array, object given C:\wamp\www\ThinkPHPCMS\App\Admin\Common\Sysinfo.class.php 第 300 行.
NOTIC: [2048] Non-static method Admin\Common\Sysinfo::GetWMI() should not be called statically, assuming $this from incompatible context C:\wamp\www\ThinkPHPCMS\App\Admin\Common\Sysinfo.class.php 第 285 行.
NOTIC: [2] reset() expects parameter 1 to be array, object given C:\wamp\www\ThinkPHPCMS\App\Admin\Common\Sysinfo.class.php 第 300 行.
NOTIC: [2048] Non-static method Admin\Common\Sysinfo::GetWMI() should not be called statically, assuming $this from incompatible context C:\wamp\www\ThinkPHPCMS\App\Admin\Common\Sysinfo.class.php 第 288 行.
NOTIC: [2] reset() expects parameter 1 to be array, object given C:\wamp\www\ThinkPHPCMS\App\Admin\Common\Sysinfo.class.php 第 300 行.
NOTIC: [2] reset() expects parameter 1 to be array, object given C:\wamp\www\ThinkPHPCMS\App\Admin\Common\Sysinfo.class.php 第 300 行.
NOTIC: [8] Undefined index: memCached C:\wamp\www\ThinkPHPCMS\App\Admin\Common\Sysinfo.class.php 第 25 行.
NOTIC: [8] Undefined index: memRealPercent C:\wamp\www\ThinkPHPCMS\App\Admin\Common\Sysinfo.class.php 第 25 行.
NOTIC: [8] Undefined index: memCachedPercent C:\wamp\www\ThinkPHPCMS\App\Admin\Common\Sysinfo.class.php 第 25 行.
NOTIC: [8] Undefined index: swapTotal C:\wamp\www\ThinkPHPCMS\App\Admin\Common\Sysinfo.class.php 第 25 行.
NOTIC: [8] Undefined index: swapUsed C:\wamp\www\ThinkPHPCMS\App\Admin\Common\Sysinfo.class.php 第 25 行.
NOTIC: [8] Undefined index: swapFree C:\wamp\www\ThinkPHPCMS\App\Admin\Common\Sysinfo.class.php 第 25 行.
NOTIC: [8] Undefined index: swapPercent C:\wamp\www\ThinkPHPCMS\App\Admin\Common\Sysinfo.class.php 第 25 行.
NOTIC: [2] file(/proc/net/dev): failed to open stream: No such file or directory C:\wamp\www\ThinkPHPCMS\App\Admin\Common\Sysinfo.class.php 第 33 行.
NOTIC: [8] Undefined index: memBuffers C:\wamp\www\ThinkPHPCMS\App\Admin\Common\Sysinfo.class.php 第 68 行.
NOTIC: [8] Undefined index: memRealUsed C:\wamp\www\ThinkPHPCMS\App\Admin\Common\Sysinfo.class.php 第 73 行.
NOTIC: [8] Undefined index: memRealFree C:\wamp\www\ThinkPHPCMS\App\Admin\Common\Sysinfo.class.php 第 74 行.
NOTIC: [8] Undefined offset: 2 C:\wamp\www\ThinkPHPCMS\App\Admin\Common\Sysinfo.class.php 第 82 行.
NOTIC: [8] Undefined offset: 3 C:\wamp\www\ThinkPHPCMS\App\Admin\Common\Sysinfo.class.php 第 83 行.
NOTIC: [8] Undefined offset: 4 C:\wamp\www\ThinkPHPCMS\App\Admin\Common\Sysinfo.class.php 第 84 行.
NOTIC: [8] Undefined offset: 5 C:\wamp\www\ThinkPHPCMS\App\Admin\Common\Sysinfo.class.php 第 85 行.
NOTIC: [8] Undefined offset: 6 C:\wamp\www\ThinkPHPCMS\App\Admin\Common\Sysinfo.class.php 第 86 行.
NOTIC: [8] Undefined offset: 7 C:\wamp\www\ThinkPHPCMS\App\Admin\Common\Sysinfo.class.php 第 87 行.
NOTIC: [8] Undefined offset: 8 C:\wamp\www\ThinkPHPCMS\App\Admin\Common\Sysinfo.class.php 第 88 行.
NOTIC: [8] Undefined offset: 9 C:\wamp\www\ThinkPHPCMS\App\Admin\Common\Sysinfo.class.php 第 89 行.
NOTIC: [8] Undefined offset: 10 C:\wamp\www\ThinkPHPCMS\App\Admin\Common\Sysinfo.class.php 第 90 行.
NOTIC: [8] Undefined variable: NetInput C:\wamp\www\ThinkPHPCMS\App\Admin\Common\Sysinfo.class.php 第 91 行.
NOTIC: [8] Undefined variable: NetInput C:\wamp\www\ThinkPHPCMS\App\Admin\Common\Sysinfo.class.php 第 92 行.
NOTIC: [8] Undefined variable: NetInput C:\wamp\www\ThinkPHPCMS\App\Admin\Common\Sysinfo.class.php 第 93 行.
NOTIC: [8] Undefined variable: NetInput C:\wamp\www\ThinkPHPCMS\App\Admin\Common\Sysinfo.class.php 第 94 行.
NOTIC: [8] Undefined variable: NetInput C:\wamp\www\ThinkPHPCMS\App\Admin\Common\Sysinfo.class.php 第 95 行.
NOTIC: [8] Undefined variable: NetInput C:\wamp\www\ThinkPHPCMS\App\Admin\Common\Sysinfo.class.php 第 96 行.
NOTIC: [8] Undefined variable: NetInput C:\wamp\www\ThinkPHPCMS\App\Admin\Common\Sysinfo.class.php 第 97 行.
NOTIC: [8] Undefined variable: NetInput C:\wamp\www\ThinkPHPCMS\App\Admin\Common\Sysinfo.class.php 第 98 行.
NOTIC: [8] Undefined variable: NetInput C:\wamp\www\ThinkPHPCMS\App\Admin\Common\Sysinfo.class.php 第 99 行.
NOTIC: [2] file(/proc/net/dev): failed to open stream: No such file or directory C:\wamp\www\ThinkPHPCMS\App\Admin\Controller\IndexController.class.php 第 115 行.
INFO: [ view_parse ] --START--
INFO: [ template_filter ] --START--
INFO: Run Behavior\ContentReplaceBehavior [ RunTime:0.000000s ]
INFO: [ template_filter ] --END-- [ RunTime:0.001000s ]
INFO: Run Behavior\ParseTemplateBehavior [ RunTime:0.013001s ]
INFO: [ view_parse ] --END-- [ RunTime:0.013001s ]
INFO: [ view_filter ] --START--
INFO: Run Behavior\WriteHtmlCacheBehavior [ RunTime:0.000000s ]
INFO: [ view_filter ] --END-- [ RunTime:0.000000s ]
INFO: [ app_end ] --START--
INFO: Run Behavior\ShowPageTraceBehavior [ RunTime:0.000000s ]
INFO: [ app_end ] --END-- [ RunTime:0.000000s ]

[ 2015-12-14T18:32:02+08:00 ] 127.0.0.1 /thinkphpcms/index.php?m=admin&c=index&a=public_menuleft
INFO: [ app_begin ] --START--
INFO: Run Behavior\ReadHtmlCacheBehavior [ RunTime:0.001000s ]
SQL: SHOW COLUMNS FROM `app2_setting` [ RunTime:0.010000s ]
SQL: SELECT `key`,`value` FROM `app2_setting`  [ RunTime:0.000000s ]
NOTIC: [2] unlink(C:\wamp\www\ThinkPHPCMS\Public\Runtime\Temp/71df8fced343b2a8ba67c00a47a67b50.php): No such file or directory C:\wamp\www\ThinkPHPCMS\Libs\ThinkPHP\Library\Think\Cache\Driver\File.class.php 第 157 行.
INFO: Run \Common\Behavior\SettingBehavior [ RunTime:0.044003s ]
INFO: [ app_begin ] --END-- [ RunTime:0.046003s ]
SQL: SHOW COLUMNS FROM `app2_menu` [ RunTime:0.000000s ]
SQL: SELECT * FROM `app2_menu` WHERE ( `parentid` = 1 ) AND ( `display` = 1 ) ORDER BY listorder ASC LIMIT 1000   [ RunTime:0.000000s ]
SQL: SELECT * FROM `app2_menu` WHERE ( `parentid` = 6 ) AND ( `display` = 1 ) ORDER BY listorder ASC LIMIT 1000   [ RunTime:0.000000s ]
SQL: SELECT * FROM `app2_menu` WHERE ( `parentid` = 47 ) AND ( `display` = 1 ) ORDER BY listorder ASC LIMIT 1000   [ RunTime:0.000000s ]
SQL: SELECT * FROM `app2_menu` WHERE ( `parentid` = 49 ) AND ( `display` = 1 ) ORDER BY listorder ASC LIMIT 1000   [ RunTime:0.000000s ]
SQL: SELECT * FROM `app2_menu` WHERE ( `parentid` = 53 ) AND ( `display` = 1 ) ORDER BY listorder ASC LIMIT 1000   [ RunTime:0.000000s ]

[ 2015-12-14T18:32:35+08:00 ] 127.0.0.1 /thinkphpcms/index.php?m=admin&c=paperdata&a=paperlist&menuid=54&_=1450089155702
INFO: [ app_begin ] --START--
INFO: Run Behavior\ReadHtmlCacheBehavior [ RunTime:0.003000s ]
SQL: SHOW COLUMNS FROM `app2_setting` [ RunTime:0.004000s ]
SQL: SELECT `key`,`value` FROM `app2_setting`  [ RunTime:0.001000s ]
NOTIC: [2] unlink(C:\wamp\www\ThinkPHPCMS\Public\Runtime\Temp/71df8fced343b2a8ba67c00a47a67b50.php): No such file or directory C:\wamp\www\ThinkPHPCMS\Libs\ThinkPHP\Library\Think\Cache\Driver\File.class.php 第 157 行.
INFO: Run \Common\Behavior\SettingBehavior [ RunTime:0.044002s ]
INFO: [ app_begin ] --END-- [ RunTime:0.049002s ]
INFO: [ view_parse ] --START--
INFO: [ template_filter ] --START--
INFO: Run Behavior\ContentReplaceBehavior [ RunTime:0.001000s ]
INFO: [ template_filter ] --END-- [ RunTime:0.003000s ]
INFO: Run Behavior\ParseTemplateBehavior [ RunTime:0.022001s ]
INFO: [ view_parse ] --END-- [ RunTime:0.023001s ]
INFO: [ view_filter ] --START--
INFO: Run Behavior\WriteHtmlCacheBehavior [ RunTime:0.002000s ]
INFO: [ view_filter ] --END-- [ RunTime:0.002000s ]
INFO: [ app_end ] --START--
INFO: Run Behavior\ShowPageTraceBehavior [ RunTime:0.002000s ]
INFO: [ app_end ] --END-- [ RunTime:0.002000s ]

[ 2015-12-14T18:32:35+08:00 ] 127.0.0.1 /thinkphpcms/index.php?m=admin&c=dictdata&a=getdictnamejson&id=200
INFO: [ app_begin ] --START--
INFO: Run Behavior\ReadHtmlCacheBehavior [ RunTime:0.002001s ]
SQL: SHOW COLUMNS FROM `app2_setting` [ RunTime:0.005001s ]
SQL: SELECT `key`,`value` FROM `app2_setting`  [ RunTime:0.001000s ]
NOTIC: [2] unlink(C:\wamp\www\ThinkPHPCMS\Public\Runtime\Temp/71df8fced343b2a8ba67c00a47a67b50.php): No such file or directory C:\wamp\www\ThinkPHPCMS\Libs\ThinkPHP\Library\Think\Cache\Driver\File.class.php 第 157 行.
INFO: Run \Common\Behavior\SettingBehavior [ RunTime:0.020001s ]
INFO: [ app_begin ] --END-- [ RunTime:0.022002s ]
SQL: SHOW COLUMNS FROM `app2_data_dict` [ RunTime:0.005001s ]
SQL: SELECT `type_id`,`type_name` FROM `app2_data_dict` WHERE ( `belong_type` = 200 )  [ RunTime:0.001000s ]
INFO: [ app_end ] --START--
INFO: Run Behavior\ShowPageTraceBehavior [ RunTime:0.001000s ]
INFO: [ app_end ] --END-- [ RunTime:0.001000s ]

[ 2015-12-14T18:32:36+08:00 ] 127.0.0.1 /thinkphpcms/index.php?m=admin&c=dictdata&a=getdictnamejson&id=200
INFO: [ app_begin ] --START--
INFO: Run Behavior\ReadHtmlCacheBehavior [ RunTime:0.000000s ]
SQL: SHOW COLUMNS FROM `app2_setting` [ RunTime:0.002000s ]
SQL: SELECT `key`,`value` FROM `app2_setting`  [ RunTime:0.000000s ]
NOTIC: [2] unlink(C:\wamp\www\ThinkPHPCMS\Public\Runtime\Temp/71df8fced343b2a8ba67c00a47a67b50.php): No such file or directory C:\wamp\www\ThinkPHPCMS\Libs\ThinkPHP\Library\Think\Cache\Driver\File.class.php 第 157 行.
INFO: Run \Common\Behavior\SettingBehavior [ RunTime:0.013001s ]
INFO: [ app_begin ] --END-- [ RunTime:0.014001s ]
SQL: SHOW COLUMNS FROM `app2_data_dict` [ RunTime:0.002000s ]
SQL: SELECT `type_id`,`type_name` FROM `app2_data_dict` WHERE ( `belong_type` = 200 )  [ RunTime:0.000000s ]
INFO: [ app_end ] --START--
INFO: Run Behavior\ShowPageTraceBehavior [ RunTime:0.002001s ]
INFO: [ app_end ] --END-- [ RunTime:0.002001s ]

[ 2015-12-14T18:32:36+08:00 ] 127.0.0.1 /thinkphpcms/index.php?m=admin&c=paperdata&a=paperlist
INFO: [ app_begin ] --START--
INFO: Run Behavior\ReadHtmlCacheBehavior [ RunTime:0.002000s ]
SQL: SHOW COLUMNS FROM `app2_setting` [ RunTime:0.006000s ]
SQL: SELECT `key`,`value` FROM `app2_setting`  [ RunTime:0.001000s ]
NOTIC: [2] unlink(C:\wamp\www\ThinkPHPCMS\Public\Runtime\Temp/71df8fced343b2a8ba67c00a47a67b50.php): No such file or directory C:\wamp\www\ThinkPHPCMS\Libs\ThinkPHP\Library\Think\Cache\Driver\File.class.php 第 157 行.
INFO: Run \Common\Behavior\SettingBehavior [ RunTime:0.038002s ]
INFO: [ app_begin ] --END-- [ RunTime:0.040002s ]
INFO: [ view_parse ] --START--
INFO: [ template_filter ] --START--
INFO: Run Behavior\ContentReplaceBehavior [ RunTime:0.001000s ]
INFO: [ template_filter ] --END-- [ RunTime:0.002000s ]
INFO: Run Behavior\ParseTemplateBehavior [ RunTime:0.020001s ]
INFO: [ view_parse ] --END-- [ RunTime:0.020001s ]
INFO: [ view_filter ] --START--
INFO: Run Behavior\WriteHtmlCacheBehavior [ RunTime:0.001000s ]
INFO: [ view_filter ] --END-- [ RunTime:0.001000s ]
INFO: [ app_end ] --START--
INFO: Run Behavior\ShowPageTraceBehavior [ RunTime:0.001000s ]
INFO: [ app_end ] --END-- [ RunTime:0.001000s ]

[ 2015-12-14T18:32:36+08:00 ] 127.0.0.1 /thinkphpcms/index.php?m=admin&c=paperdata&a=paperlist
INFO: [ app_begin ] --START--
INFO: Run Behavior\ReadHtmlCacheBehavior [ RunTime:0.002000s ]
SQL: SHOW COLUMNS FROM `app2_setting` [ RunTime:0.002500s ]
SQL: SELECT `key`,`value` FROM `app2_setting`  [ RunTime:0.007500s ]
NOTIC: [2] unlink(C:\wamp\www\ThinkPHPCMS\Public\Runtime\Temp/71df8fced343b2a8ba67c00a47a67b50.php): No such file or directory C:\wamp\www\ThinkPHPCMS\Libs\ThinkPHP\Library\Think\Cache\Driver\File.class.php 第 157 行.
INFO: Run \Common\Behavior\SettingBehavior [ RunTime:0.094504s ]
INFO: [ app_begin ] --END-- [ RunTime:0.096504s ]
INFO: [ view_parse ] --START--
INFO: [ template_filter ] --START--
INFO: Run Behavior\ContentReplaceBehavior [ RunTime:0.000000s ]
INFO: [ template_filter ] --END-- [ RunTime:0.000000s ]
INFO: Run Behavior\ParseTemplateBehavior [ RunTime:0.015001s ]
INFO: [ view_parse ] --END-- [ RunTime:0.015001s ]
INFO: [ view_filter ] --START--
INFO: Run Behavior\WriteHtmlCacheBehavior [ RunTime:0.005000s ]
INFO: [ view_filter ] --END-- [ RunTime:0.005000s ]
INFO: [ app_end ] --START--
INFO: Run Behavior\ShowPageTraceBehavior [ RunTime:0.002000s ]
INFO: [ app_end ] --END-- [ RunTime:0.002000s ]

[ 2015-12-14T18:32:36+08:00 ] 127.0.0.1 /thinkphpcms/index.php?m=admin&c=paperdata&a=paperlist
INFO: [ app_begin ] --START--
INFO: Run Behavior\ReadHtmlCacheBehavior [ RunTime:0.001000s ]
SQL: SHOW COLUMNS FROM `app2_setting` [ RunTime:0.007001s ]
SQL: SELECT `key`,`value` FROM `app2_setting`  [ RunTime:0.001000s ]
NOTIC: [2] unlink(C:\wamp\www\ThinkPHPCMS\Public\Runtime\Temp/71df8fced343b2a8ba67c00a47a67b50.php): No such file or directory C:\wamp\www\ThinkPHPCMS\Libs\ThinkPHP\Library\Think\Cache\Driver\File.class.php 第 157 行.
INFO: Run \Common\Behavior\SettingBehavior [ RunTime:0.049002s ]
INFO: [ app_begin ] --END-- [ RunTime:0.055002s ]
SQL: SHOW COLUMNS FROM `app2_paper_content` [ RunTime:0.003000s ]
SQL: SELECT * FROM `app2_paper_content` WHERE ( `course_id` = '201' ) LIMIT 0,15   [ RunTime:0.001001s ]
SQL: SELECT COUNT(*) AS tp_count FROM `app2_paper_content` WHERE ( `course_id` = '201' ) LIMIT 1   [ RunTime:0.001000s ]
SQL: SHOW COLUMNS FROM `app2_data_dict` [ RunTime:0.004000s ]
SQL: SELECT `type_id`,`type_name` FROM `app2_data_dict` WHERE ( `type_id` = 201 )  [ RunTime:0.001000s ]
SQL: SELECT `type_id`,`type_name` FROM `app2_data_dict` WHERE ( `type_id` = 201 )  [ RunTime:0.001000s ]
SQL: SELECT `type_id`,`type_name` FROM `app2_data_dict` WHERE ( `type_id` = 201 )  [ RunTime:0.000000s ]
SQL: SELECT `type_id`,`type_name` FROM `app2_data_dict` WHERE ( `type_id` = 201 )  [ RunTime:0.002000s ]
SQL: SELECT `type_id`,`type_name` FROM `app2_data_dict` WHERE ( `type_id` = 201 )  [ RunTime:0.001000s ]
SQL: SELECT `type_id`,`type_name` FROM `app2_data_dict` WHERE ( `type_id` = 201 )  [ RunTime:0.001001s ]
SQL: SELECT `type_id`,`type_name` FROM `app2_data_dict` WHERE ( `type_id` = 201 )  [ RunTime:0.001000s ]
SQL: SELECT `type_id`,`type_name` FROM `app2_data_dict` WHERE ( `type_id` = 201 )  [ RunTime:0.001000s ]
SQL: SELECT `type_id`,`type_name` FROM `app2_data_dict` WHERE ( `type_id` = 201 )  [ RunTime:0.001000s ]
SQL: SELECT `type_id`,`type_name` FROM `app2_data_dict` WHERE ( `type_id` = 201 )  [ RunTime:0.000000s ]
SQL: SELECT `type_id`,`type_name` FROM `app2_data_dict` WHERE ( `type_id` = 201 )  [ RunTime:0.001000s ]
SQL: SELECT `type_id`,`type_name` FROM `app2_data_dict` WHERE ( `type_id` = 201 )  [ RunTime:0.001000s ]
SQL: SELECT `type_id`,`type_name` FROM `app2_data_dict` WHERE ( `type_id` = 201 )  [ RunTime:0.001000s ]
SQL: SELECT `type_id`,`type_name` FROM `app2_data_dict` WHERE ( `type_id` = 201 )  [ RunTime:0.001000s ]
SQL: SELECT `type_id`,`type_name` FROM `app2_data_dict` WHERE ( `type_id` = 201 )  [ RunTime:0.001000s ]
INFO: [ app_end ] --START--
INFO: Run Behavior\ShowPageTraceBehavior [ RunTime:0.000000s ]
INFO: [ app_end ] --END-- [ RunTime:0.000000s ]

[ 2015-12-14T18:32:37+08:00 ] 127.0.0.1 /thinkphpcms/index.php?m=admin&c=paperdata&a=paperlist
INFO: [ app_begin ] --START--
INFO: Run Behavior\ReadHtmlCacheBehavior [ RunTime:0.002000s ]
SQL: SHOW COLUMNS FROM `app2_setting` [ RunTime:0.004001s ]
SQL: SELECT `key`,`value` FROM `app2_setting`  [ RunTime:0.001000s ]
NOTIC: [2] unlink(C:\wamp\www\ThinkPHPCMS\Public\Runtime\Temp/71df8fced343b2a8ba67c00a47a67b50.php): No such file or directory C:\wamp\www\ThinkPHPCMS\Libs\ThinkPHP\Library\Think\Cache\Driver\File.class.php 第 157 行.
INFO: Run \Common\Behavior\SettingBehavior [ RunTime:0.035002s ]
INFO: [ app_begin ] --END-- [ RunTime:0.038003s ]
SQL: SHOW COLUMNS FROM `app2_paper_content` [ RunTime:0.003000s ]
SQL: SELECT * FROM `app2_paper_content` WHERE ( `course_id` = '201' ) LIMIT 0,15   [ RunTime:0.001000s ]
SQL: SELECT COUNT(*) AS tp_count FROM `app2_paper_content` WHERE ( `course_id` = '201' ) LIMIT 1   [ RunTime:0.000000s ]
SQL: SHOW COLUMNS FROM `app2_data_dict` [ RunTime:0.004001s ]
SQL: SELECT `type_id`,`type_name` FROM `app2_data_dict` WHERE ( `type_id` = 201 )  [ RunTime:0.001000s ]
SQL: SELECT `type_id`,`type_name` FROM `app2_data_dict` WHERE ( `type_id` = 201 )  [ RunTime:0.001000s ]
SQL: SELECT `type_id`,`type_name` FROM `app2_data_dict` WHERE ( `type_id` = 201 )  [ RunTime:0.001000s ]
SQL: SELECT `type_id`,`type_name` FROM `app2_data_dict` WHERE ( `type_id` = 201 )  [ RunTime:0.002000s ]
SQL: SELECT `type_id`,`type_name` FROM `app2_data_dict` WHERE ( `type_id` = 201 )  [ RunTime:0.001000s ]
SQL: SELECT `type_id`,`type_name` FROM `app2_data_dict` WHERE ( `type_id` = 201 )  [ RunTime:0.001000s ]
SQL: SELECT `type_id`,`type_name` FROM `app2_data_dict` WHERE ( `type_id` = 201 )  [ RunTime:0.000000s ]
SQL: SELECT `type_id`,`type_name` FROM `app2_data_dict` WHERE ( `type_id` = 201 )  [ RunTime:0.002000s ]
SQL: SELECT `type_id`,`type_name` FROM `app2_data_dict` WHERE ( `type_id` = 201 )  [ RunTime:0.001000s ]
SQL: SELECT `type_id`,`type_name` FROM `app2_data_dict` WHERE ( `type_id` = 201 )  [ RunTime:0.000000s ]
SQL: SELECT `type_id`,`type_name` FROM `app2_data_dict` WHERE ( `type_id` = 201 )  [ RunTime:0.000000s ]
SQL: SELECT `type_id`,`type_name` FROM `app2_data_dict` WHERE ( `type_id` = 201 )  [ RunTime:0.000000s ]
SQL: SELECT `type_id`,`type_name` FROM `app2_data_dict` WHERE ( `type_id` = 201 )  [ RunTime:0.000000s ]
SQL: SELECT `type_id`,`type_name` FROM `app2_data_dict` WHERE ( `type_id` = 201 )  [ RunTime:0.000000s ]
SQL: SELECT `type_id`,`type_name` FROM `app2_data_dict` WHERE ( `type_id` = 201 )  [ RunTime:0.001000s ]
INFO: [ app_end ] --START--
INFO: Run Behavior\ShowPageTraceBehavior [ RunTime:0.001000s ]
INFO: [ app_end ] --END-- [ RunTime:0.001000s ]

[ 2015-12-14T18:32:38+08:00 ] 127.0.0.1 /thinkphpcms/index.php?m=admin&c=paperdata&a=addoptionlist&paper_id=201001&_=1450089158774
INFO: [ app_begin ] --START--
INFO: Run Behavior\ReadHtmlCacheBehavior [ RunTime:0.002000s ]
SQL: SHOW COLUMNS FROM `app2_setting` [ RunTime:0.006001s ]
SQL: SELECT `key`,`value` FROM `app2_setting`  [ RunTime:0.001000s ]
NOTIC: [2] unlink(C:\wamp\www\ThinkPHPCMS\Public\Runtime\Temp/71df8fced343b2a8ba67c00a47a67b50.php): No such file or directory C:\wamp\www\ThinkPHPCMS\Libs\ThinkPHP\Library\Think\Cache\Driver\File.class.php 第 157 行.
INFO: Run \Common\Behavior\SettingBehavior [ RunTime:0.029002s ]
INFO: [ app_begin ] --END-- [ RunTime:0.032002s ]
SQL: SHOW COLUMNS FROM `app2_paper_content` [ RunTime:0.004001s ]
SQL: SELECT * FROM `app2_paper_content` WHERE ( paper_id=201001 )  [ RunTime:0.001000s ]
INFO: [ view_parse ] --START--
INFO: [ template_filter ] --START--
INFO: Run Behavior\ContentReplaceBehavior [ RunTime:0.000000s ]
INFO: [ template_filter ] --END-- [ RunTime:0.001000s ]
INFO: Run Behavior\ParseTemplateBehavior [ RunTime:0.023001s ]
INFO: [ view_parse ] --END-- [ RunTime:0.023001s ]
INFO: [ view_filter ] --START--
INFO: Run Behavior\WriteHtmlCacheBehavior [ RunTime:0.002000s ]
INFO: [ view_filter ] --END-- [ RunTime:0.003000s ]
INFO: [ app_end ] --START--
INFO: Run Behavior\ShowPageTraceBehavior [ RunTime:0.004001s ]
INFO: [ app_end ] --END-- [ RunTime:0.004001s ]

[ 2015-12-14T18:32:39+08:00 ] 127.0.0.1 /thinkphpcms/index.php?m=admin&c=dictdata&a=getdictnamejson&id=100
INFO: [ app_begin ] --START--
INFO: Run Behavior\ReadHtmlCacheBehavior [ RunTime:0.001000s ]
SQL: SHOW COLUMNS FROM `app2_setting` [ RunTime:0.006000s ]
SQL: SELECT `key`,`value` FROM `app2_setting`  [ RunTime:0.002000s ]
NOTIC: [2] unlink(C:\wamp\www\ThinkPHPCMS\Public\Runtime\Temp/71df8fced343b2a8ba67c00a47a67b50.php): No such file or directory C:\wamp\www\ThinkPHPCMS\Libs\ThinkPHP\Library\Think\Cache\Driver\File.class.php 第 157 行.
INFO: Run \Common\Behavior\SettingBehavior [ RunTime:0.039002s ]
INFO: [ app_begin ] --END-- [ RunTime:0.043002s ]
SQL: SHOW COLUMNS FROM `app2_data_dict` [ RunTime:0.004000s ]
SQL: SELECT `type_id`,`type_name` FROM `app2_data_dict` WHERE ( `belong_type` = 100 )  [ RunTime:0.001000s ]
INFO: [ app_end ] --START--
INFO: Run Behavior\ShowPageTraceBehavior [ RunTime:0.002000s ]
INFO: [ app_end ] --END-- [ RunTime:0.002000s ]

[ 2015-12-14T18:32:39+08:00 ] 127.0.0.1 /thinkphpcms/index.php?m=admin&c=dictdata&a=getdictnamejson&id=200
INFO: [ app_begin ] --START--
INFO: Run Behavior\ReadHtmlCacheBehavior [ RunTime:0.001000s ]
SQL: SHOW COLUMNS FROM `app2_setting` [ RunTime:0.008000s ]
SQL: SELECT `key`,`value` FROM `app2_setting`  [ RunTime:0.009001s ]
NOTIC: [2] unlink(C:\wamp\www\ThinkPHPCMS\Public\Runtime\Temp/71df8fced343b2a8ba67c00a47a67b50.php): No such file or directory C:\wamp\www\ThinkPHPCMS\Libs\ThinkPHP\Library\Think\Cache\Driver\File.class.php 第 157 行.
INFO: Run \Common\Behavior\SettingBehavior [ RunTime:0.039002s ]
INFO: [ app_begin ] --END-- [ RunTime:0.075004s ]
SQL: SHOW COLUMNS FROM `app2_data_dict` [ RunTime:0.006000s ]
SQL: SELECT `type_id`,`type_name` FROM `app2_data_dict` WHERE ( `belong_type` = 200 )  [ RunTime:0.020001s ]
INFO: [ app_end ] --START--
INFO: Run Behavior\ShowPageTraceBehavior [ RunTime:0.002001s ]
INFO: [ app_end ] --END-- [ RunTime:0.002001s ]

[ 2015-12-14T18:32:39+08:00 ] 127.0.0.1 /thinkphpcms/index.php?m=admin&c=paperdata&a=addoptionlist&paper_id=201001
INFO: [ app_begin ] --START--
INFO: Run Behavior\ReadHtmlCacheBehavior [ RunTime:0.003000s ]
SQL: SHOW COLUMNS FROM `app2_setting` [ RunTime:0.033002s ]
SQL: SELECT `key`,`value` FROM `app2_setting`  [ RunTime:0.001000s ]
NOTIC: [2] unlink(C:\wamp\www\ThinkPHPCMS\Public\Runtime\Temp/71df8fced343b2a8ba67c00a47a67b50.php): No such file or directory C:\wamp\www\ThinkPHPCMS\Libs\ThinkPHP\Library\Think\Cache\Driver\File.class.php 第 157 行.
INFO: Run \Common\Behavior\SettingBehavior [ RunTime:0.062003s ]
INFO: [ app_begin ] --END-- [ RunTime:0.065003s ]
SQL: SHOW COLUMNS FROM `app2_paper_content` [ RunTime:0.004000s ]
SQL: SELECT * FROM `app2_paper_content` WHERE ( paper_id=201001 )  [ RunTime:0.001000s ]
INFO: [ view_parse ] --START--
INFO: [ template_filter ] --START--
INFO: Run Behavior\ContentReplaceBehavior [ RunTime:0.001000s ]
INFO: [ template_filter ] --END-- [ RunTime:0.001000s ]
INFO: Run Behavior\ParseTemplateBehavior [ RunTime:0.035002s ]
INFO: [ view_parse ] --END-- [ RunTime:0.035002s ]
INFO: [ view_filter ] --START--
INFO: Run Behavior\WriteHtmlCacheBehavior [ RunTime:0.002000s ]
INFO: [ view_filter ] --END-- [ RunTime:0.002000s ]
INFO: [ app_end ] --START--
INFO: Run Behavior\ShowPageTraceBehavior [ RunTime:0.002001s ]
INFO: [ app_end ] --END-- [ RunTime:0.003001s ]

[ 2015-12-14T18:32:39+08:00 ] 127.0.0.1 /thinkphpcms/index.php?m=admin&c=paperdata&a=addoptionlist&paper_id=201001
INFO: [ app_begin ] --START--
INFO: Run Behavior\ReadHtmlCacheBehavior [ RunTime:0.003000s ]
SQL: SHOW COLUMNS FROM `app2_setting` [ RunTime:0.004000s ]
SQL: SELECT `key`,`value` FROM `app2_setting`  [ RunTime:0.001000s ]
NOTIC: [2] unlink(C:\wamp\www\ThinkPHPCMS\Public\Runtime\Temp/71df8fced343b2a8ba67c00a47a67b50.php): No such file or directory C:\wamp\www\ThinkPHPCMS\Libs\ThinkPHP\Library\Think\Cache\Driver\File.class.php 第 157 行.
INFO: Run \Common\Behavior\SettingBehavior [ RunTime:0.079005s ]
INFO: [ app_begin ] --END-- [ RunTime:0.082005s ]
SQL: SHOW COLUMNS FROM `app2_paper_content` [ RunTime:0.003000s ]
SQL: SELECT * FROM `app2_paper_content` WHERE ( paper_id=201001 )  [ RunTime:0.003000s ]
INFO: [ view_parse ] --START--
INFO: [ template_filter ] --START--
INFO: Run Behavior\ContentReplaceBehavior [ RunTime:0.000000s ]
INFO: [ template_filter ] --END-- [ RunTime:0.000000s ]
INFO: Run Behavior\ParseTemplateBehavior [ RunTime:0.045002s ]
INFO: [ view_parse ] --END-- [ RunTime:0.046002s ]
INFO: [ view_filter ] --START--
INFO: Run Behavior\WriteHtmlCacheBehavior [ RunTime:0.001000s ]
INFO: [ view_filter ] --END-- [ RunTime:0.001000s ]
INFO: [ app_end ] --START--
INFO: Run Behavior\ShowPageTraceBehavior [ RunTime:0.002000s ]
INFO: [ app_end ] --END-- [ RunTime:0.003000s ]

[ 2015-12-14T18:32:39+08:00 ] 127.0.0.1 /thinkphpcms/index.php?m=admin&c=paperdata&a=addoptionlist&paper_id=201001
INFO: [ app_begin ] --START--
INFO: Run Behavior\ReadHtmlCacheBehavior [ RunTime:0.001000s ]
SQL: SHOW COLUMNS FROM `app2_setting` [ RunTime:0.003000s ]
SQL: SELECT `key`,`value` FROM `app2_setting`  [ RunTime:0.000000s ]
NOTIC: [2] unlink(C:\wamp\www\ThinkPHPCMS\Public\Runtime\Temp/71df8fced343b2a8ba67c00a47a67b50.php): No such file or directory C:\wamp\www\ThinkPHPCMS\Libs\ThinkPHP\Library\Think\Cache\Driver\File.class.php 第 157 行.
INFO: Run \Common\Behavior\SettingBehavior [ RunTime:0.037002s ]
INFO: [ app_begin ] --END-- [ RunTime:0.039002s ]
SQL: SHOW COLUMNS FROM `app2_paper_content` [ RunTime:0.007000s ]
SQL: SELECT * FROM `app2_paper_content` WHERE ( paper_id=201001 )  [ RunTime:0.001000s ]
INFO: [ view_parse ] --START--
INFO: [ template_filter ] --START--
INFO: Run Behavior\ContentReplaceBehavior [ RunTime:0.000000s ]
INFO: [ template_filter ] --END-- [ RunTime:0.000000s ]
INFO: Run Behavior\ParseTemplateBehavior [ RunTime:0.029001s ]
INFO: [ view_parse ] --END-- [ RunTime:0.030001s ]
INFO: [ view_filter ] --START--
INFO: Run Behavior\WriteHtmlCacheBehavior [ RunTime:0.000000s ]
INFO: [ view_filter ] --END-- [ RunTime:0.000000s ]
INFO: [ app_end ] --START--
INFO: Run Behavior\ShowPageTraceBehavior [ RunTime:0.000000s ]
INFO: [ app_end ] --END-- [ RunTime:0.000000s ]

[ 2015-12-14T18:32:39+08:00 ] 127.0.0.1 /thinkphpcms/index.php?m=admin&c=paperdata&a=addoptionlist&paper_id=201001
INFO: [ app_begin ] --START--
INFO: Run Behavior\ReadHtmlCacheBehavior [ RunTime:0.006001s ]
SQL: SHOW COLUMNS FROM `app2_setting` [ RunTime:0.007000s ]
SQL: SELECT `key`,`value` FROM `app2_setting`  [ RunTime:0.002000s ]
NOTIC: [2] unlink(C:\wamp\www\ThinkPHPCMS\Public\Runtime\Temp/71df8fced343b2a8ba67c00a47a67b50.php): No such file or directory C:\wamp\www\ThinkPHPCMS\Libs\ThinkPHP\Library\Think\Cache\Driver\File.class.php 第 157 行.
INFO: Run \Common\Behavior\SettingBehavior [ RunTime:0.068004s ]
INFO: [ app_begin ] --END-- [ RunTime:0.076005s ]
SQL: SHOW COLUMNS FROM `app2_paper_content` [ RunTime:0.004000s ]
SQL: SELECT * FROM `app2_paper_content` WHERE ( `paper_id` = 201001 )  [ RunTime:0.001000s ]
SQL: SHOW COLUMNS FROM `app2_optiondata` [ RunTime:0.002001s ]
SQL: SELECT COUNT(*) AS tp_count FROM `app2_optiondata` WHERE ( `type` = '101' ) AND ( `question_id` NOT IN ('2011010002','2011030001','2011010001','2011010003','2011030004','2011030007','2011030009','2011030010','2011030015','2011030017','2011030011','2011030014','2011030020','2011030022','2011030019','2011030024','2011030026','2011030016','2011030023','2011030028','2011030008','2011030018','2011030025','2011030031','2011030013','2011030029','2011030032','2011030012','2011030027','2011030033','2011030035','2011030036','2011030039','2011030302','2011030300','2011030299','2011030297','2011030298','2011030294','2011030295','2011030296','2011030291','2011030292','2011030293','2011030301') ) LIMIT 1   [ RunTime:0.001000s ]
SQL: SELECT * FROM `app2_optiondata` WHERE ( `type` = '101' ) AND ( `question_id` NOT IN ('2011010002','2011030001','2011010001','2011010003','2011030004','2011030007','2011030009','2011030010','2011030015','2011030017','2011030011','2011030014','2011030020','2011030022','2011030019','2011030024','2011030026','2011030016','2011030023','2011030028','2011030008','2011030018','2011030025','2011030031','2011030013','2011030029','2011030032','2011030012','2011030027','2011030033','2011030035','2011030036','2011030039','2011030302','2011030300','2011030299','2011030297','2011030298','2011030294','2011030295','2011030296','2011030291','2011030292','2011030293','2011030301') ) LIMIT 0,15   [ RunTime:0.002000s ]
SQL: SHOW COLUMNS FROM `app2_data_dict` [ RunTime:0.003000s ]
SQL: SELECT `type_id`,`type_name` FROM `app2_data_dict` WHERE ( `type_id` = 201 )  [ RunTime:0.001000s ]
SQL: SELECT `type_id`,`type_name` FROM `app2_data_dict` WHERE ( `type_id` = 101 )  [ RunTime:0.001000s ]
SQL: SELECT `type_id`,`type_name` FROM `app2_data_dict` WHERE ( `type_id` = 201 )  [ RunTime:0.001000s ]
SQL: SELECT `type_id`,`type_name` FROM `app2_data_dict` WHERE ( `type_id` = 101 )  [ RunTime:0.000000s ]
SQL: SELECT `type_id`,`type_name` FROM `app2_data_dict` WHERE ( `type_id` = 201 )  [ RunTime:0.000000s ]
SQL: SELECT `type_id`,`type_name` FROM `app2_data_dict` WHERE ( `type_id` = 101 )  [ RunTime:0.000000s ]
SQL: SELECT `type_id`,`type_name` FROM `app2_data_dict` WHERE ( `type_id` = 201 )  [ RunTime:0.000000s ]
SQL: SELECT `type_id`,`type_name` FROM `app2_data_dict` WHERE ( `type_id` = 101 )  [ RunTime:0.000000s ]
SQL: SELECT `type_id`,`type_name` FROM `app2_data_dict` WHERE ( `type_id` = 201 )  [ RunTime:0.000000s ]
SQL: SELECT `type_id`,`type_name` FROM `app2_data_dict` WHERE ( `type_id` = 101 )  [ RunTime:0.000000s ]
SQL: SELECT `type_id`,`type_name` FROM `app2_data_dict` WHERE ( `type_id` = 201 )  [ RunTime:0.000000s ]
SQL: SELECT `type_id`,`type_name` FROM `app2_data_dict` WHERE ( `type_id` = 101 )  [ RunTime:0.010000s ]
SQL: SELECT `type_id`,`type_name` FROM `app2_data_dict` WHERE ( `type_id` = 201 )  [ RunTime:0.000000s ]
SQL: SELECT `type_id`,`type_name` FROM `app2_data_dict` WHERE ( `type_id` = 101 )  [ RunTime:0.000000s ]
SQL: SELECT `type_id`,`type_name` FROM `app2_data_dict` WHERE ( `type_id` = 201 )  [ RunTime:0.000000s ]
SQL: SELECT `type_id`,`type_name` FROM `app2_data_dict` WHERE ( `type_id` = 101 )  [ RunTime:0.000000s ]
SQL: SELECT `type_id`,`type_name` FROM `app2_data_dict` WHERE ( `type_id` = 201 )  [ RunTime:0.000000s ]
SQL: SELECT `type_id`,`type_name` FROM `app2_data_dict` WHERE ( `type_id` = 101 )  [ RunTime:0.000000s ]
SQL: SELECT `type_id`,`type_name` FROM `app2_data_dict` WHERE ( `type_id` = 201 )  [ RunTime:0.000000s ]
SQL: SELECT `type_id`,`type_name` FROM `app2_data_dict` WHERE ( `type_id` = 101 )  [ RunTime:0.000000s ]
SQL: SELECT `type_id`,`type_name` FROM `app2_data_dict` WHERE ( `type_id` = 201 )  [ RunTime:0.010000s ]
SQL: SELECT `type_id`,`type_name` FROM `app2_data_dict` WHERE ( `type_id` = 101 )  [ RunTime:0.000000s ]
SQL: SELECT `type_id`,`type_name` FROM `app2_data_dict` WHERE ( `type_id` = 201 )  [ RunTime:0.001000s ]
SQL: SELECT `type_id`,`type_name` FROM `app2_data_dict` WHERE ( `type_id` = 101 )  [ RunTime:0.000000s ]
SQL: SELECT `type_id`,`type_name` FROM `app2_data_dict` WHERE ( `type_id` = 201 )  [ RunTime:0.000000s ]
SQL: SELECT `type_id`,`type_name` FROM `app2_data_dict` WHERE ( `type_id` = 101 )  [ RunTime:0.001000s ]
SQL: SELECT `type_id`,`type_name` FROM `app2_data_dict` WHERE ( `type_id` = 201 )  [ RunTime:0.001000s ]
SQL: SELECT `type_id`,`type_name` FROM `app2_data_dict` WHERE ( `type_id` = 101 )  [ RunTime:0.000000s ]
SQL: SELECT `type_id`,`type_name` FROM `app2_data_dict` WHERE ( `type_id` = 201 )  [ RunTime:0.000000s ]
SQL: SELECT `type_id`,`type_name` FROM `app2_data_dict` WHERE ( `type_id` = 101 )  [ RunTime:0.001000s ]
INFO: [ app_end ] --START--
INFO: Run Behavior\ShowPageTraceBehavior [ RunTime:0.001000s ]
INFO: [ app_end ] --END-- [ RunTime:0.001000s ]

[ 2015-12-14T18:32:41+08:00 ] 127.0.0.1 /thinkphpcms/index.php?m=admin&c=optiondata&a=optionedit&id=2011030005
INFO: [ app_begin ] --START--
INFO: Run Behavior\ReadHtmlCacheBehavior [ RunTime:0.008001s ]
SQL: SHOW COLUMNS FROM `app2_setting` [ RunTime:0.003000s ]
SQL: SELECT `key`,`value` FROM `app2_setting`  [ RunTime:0.001000s ]
NOTIC: [2] unlink(C:\wamp\www\ThinkPHPCMS\Public\Runtime\Temp/71df8fced343b2a8ba67c00a47a67b50.php): No such file or directory C:\wamp\www\ThinkPHPCMS\Libs\ThinkPHP\Library\Think\Cache\Driver\File.class.php 第 157 行.
INFO: Run \Common\Behavior\SettingBehavior [ RunTime:0.045002s ]
INFO: [ app_begin ] --END-- [ RunTime:0.060003s ]
SQL: SHOW COLUMNS FROM `app2_optiondata` [ RunTime:0.003001s ]
SQL: SELECT * FROM `app2_optiondata` WHERE ( question_id=2011030005 )  [ RunTime:0.002000s ]
INFO: [ view_parse ] --START--
INFO: [ template_filter ] --START--
INFO: Run Behavior\ContentReplaceBehavior [ RunTime:0.001000s ]
INFO: [ template_filter ] --END-- [ RunTime:0.001000s ]
INFO: Run Behavior\ParseTemplateBehavior [ RunTime:0.018001s ]
INFO: [ view_parse ] --END-- [ RunTime:0.019001s ]
INFO: [ view_filter ] --START--
INFO: Run Behavior\WriteHtmlCacheBehavior [ RunTime:0.000000s ]
INFO: [ view_filter ] --END-- [ RunTime:0.001000s ]
INFO: [ app_end ] --START--
INFO: Run Behavior\ShowPageTraceBehavior [ RunTime:0.001000s ]
INFO: [ app_end ] --END-- [ RunTime:0.001000s ]

[ 2015-12-14T18:32:41+08:00 ] 127.0.0.1 /thinkphpcms/index.php?m=admin&c=dictdata&a=getdictnamejson&id=200
INFO: [ app_begin ] --START--
INFO: Run Behavior\ReadHtmlCacheBehavior [ RunTime:0.001000s ]
SQL: SHOW COLUMNS FROM `app2_setting` [ RunTime:0.004000s ]
SQL: SELECT `key`,`value` FROM `app2_setting`  [ RunTime:0.000000s ]
NOTIC: [2] unlink(C:\wamp\www\ThinkPHPCMS\Public\Runtime\Temp/71df8fced343b2a8ba67c00a47a67b50.php): No such file or directory C:\wamp\www\ThinkPHPCMS\Libs\ThinkPHP\Library\Think\Cache\Driver\File.class.php 第 157 行.
INFO: Run \Common\Behavior\SettingBehavior [ RunTime:0.081004s ]
INFO: [ app_begin ] --END-- [ RunTime:0.083004s ]
SQL: SHOW COLUMNS FROM `app2_data_dict` [ RunTime:0.005000s ]
SQL: SELECT `type_id`,`type_name` FROM `app2_data_dict` WHERE ( `belong_type` = 200 )  [ RunTime:0.000000s ]
INFO: [ app_end ] --START--
INFO: Run Behavior\ShowPageTraceBehavior [ RunTime:0.000000s ]
INFO: [ app_end ] --END-- [ RunTime:0.001000s ]

[ 2015-12-14T18:32:42+08:00 ] 127.0.0.1 /thinkphpcms/index.php/admin/Optiondata/getOptionData
INFO: [ app_begin ] --START--
INFO: Run Behavior\ReadHtmlCacheBehavior [ RunTime:0.001000s ]
SQL: SHOW COLUMNS FROM `app2_setting` [ RunTime:0.008001s ]
SQL: SELECT `key`,`value` FROM `app2_setting`  [ RunTime:0.001000s ]
NOTIC: [2] unlink(C:\wamp\www\ThinkPHPCMS\Public\Runtime\Temp/71df8fced343b2a8ba67c00a47a67b50.php): No such file or directory C:\wamp\www\ThinkPHPCMS\Libs\ThinkPHP\Library\Think\Cache\Driver\File.class.php 第 157 行.
INFO: Run \Common\Behavior\SettingBehavior [ RunTime:0.067004s ]
INFO: [ app_begin ] --END-- [ RunTime:0.068004s ]
SQL: SHOW COLUMNS FROM `app2_optiondata` [ RunTime:0.009001s ]
SQL: SELECT * FROM `app2_optiondata` WHERE ( question_id=2011030005 )  [ RunTime:0.001000s ]

[ 2015-12-14T18:32:42+08:00 ] 127.0.0.1 /thinkphpcms/index.php?m=admin&c=dictdata&a=getdictnamejson&id=100
INFO: [ app_begin ] --START--
INFO: Run Behavior\ReadHtmlCacheBehavior [ RunTime:0.002000s ]
SQL: SHOW COLUMNS FROM `app2_setting` [ RunTime:0.004000s ]
SQL: SELECT `key`,`value` FROM `app2_setting`  [ RunTime:0.000000s ]
NOTIC: [2] unlink(C:\wamp\www\ThinkPHPCMS\Public\Runtime\Temp/71df8fced343b2a8ba67c00a47a67b50.php): No such file or directory C:\wamp\www\ThinkPHPCMS\Libs\ThinkPHP\Library\Think\Cache\Driver\File.class.php 第 157 行.
INFO: Run \Common\Behavior\SettingBehavior [ RunTime:0.052003s ]
INFO: [ app_begin ] --END-- [ RunTime:0.055003s ]
SQL: SHOW COLUMNS FROM `app2_data_dict` [ RunTime:0.004001s ]
SQL: SELECT `type_id`,`type_name` FROM `app2_data_dict` WHERE ( `belong_type` = 100 )  [ RunTime:0.003000s ]
INFO: [ app_end ] --START--
INFO: Run Behavior\ShowPageTraceBehavior [ RunTime:0.002000s ]
INFO: [ app_end ] --END-- [ RunTime:0.003000s ]

[ 2015-12-14T18:38:00+08:00 ] 127.0.0.1 /thinkphpcms/index.php?m=admin&c=paperdata&a=paperlist&menuid=54&_=1450089480468
INFO: [ app_begin ] --START--
INFO: Run Behavior\ReadHtmlCacheBehavior [ RunTime:0.003000s ]
SQL: SHOW COLUMNS FROM `app2_setting` [ RunTime:0.004000s ]
SQL: SELECT `key`,`value` FROM `app2_setting`  [ RunTime:0.000000s ]
NOTIC: [2] unlink(C:\wamp\www\ThinkPHPCMS\Public\Runtime\Temp/71df8fced343b2a8ba67c00a47a67b50.php): No such file or directory C:\wamp\www\ThinkPHPCMS\Libs\ThinkPHP\Library\Think\Cache\Driver\File.class.php 第 157 行.
INFO: Run \Common\Behavior\SettingBehavior [ RunTime:0.030001s ]
INFO: [ app_begin ] --END-- [ RunTime:0.033001s ]
INFO: [ view_parse ] --START--
INFO: [ template_filter ] --START--
INFO: Run Behavior\ContentReplaceBehavior [ RunTime:0.000000s ]
INFO: [ template_filter ] --END-- [ RunTime:0.001000s ]
INFO: Run Behavior\ParseTemplateBehavior [ RunTime:0.019001s ]
INFO: [ view_parse ] --END-- [ RunTime:0.019001s ]
INFO: [ view_filter ] --START--
INFO: Run Behavior\WriteHtmlCacheBehavior [ RunTime:0.000000s ]
INFO: [ view_filter ] --END-- [ RunTime:0.001000s ]
INFO: [ app_end ] --START--
INFO: Run Behavior\ShowPageTraceBehavior [ RunTime:0.000000s ]
INFO: [ app_end ] --END-- [ RunTime:0.000000s ]

[ 2015-12-14T18:38:00+08:00 ] 127.0.0.1 /thinkphpcms/index.php?m=admin&c=dictdata&a=getdictnamejson&id=200
INFO: [ app_begin ] --START--
INFO: Run Behavior\ReadHtmlCacheBehavior [ RunTime:0.000000s ]
SQL: SHOW COLUMNS FROM `app2_setting` [ RunTime:0.005001s ]
SQL: SELECT `key`,`value` FROM `app2_setting`  [ RunTime:0.000000s ]
NOTIC: [2] unlink(C:\wamp\www\ThinkPHPCMS\Public\Runtime\Temp/71df8fced343b2a8ba67c00a47a67b50.php): No such file or directory C:\wamp\www\ThinkPHPCMS\Libs\ThinkPHP\Library\Think\Cache\Driver\File.class.php 第 157 行.
INFO: Run \Common\Behavior\SettingBehavior [ RunTime:0.032002s ]
INFO: [ app_begin ] --END-- [ RunTime:0.034002s ]
SQL: SHOW COLUMNS FROM `app2_data_dict` [ RunTime:0.003001s ]
SQL: SELECT `type_id`,`type_name` FROM `app2_data_dict` WHERE ( `belong_type` = 200 )  [ RunTime:0.001000s ]
INFO: [ app_end ] --START--
INFO: Run Behavior\ShowPageTraceBehavior [ RunTime:0.002000s ]
INFO: [ app_end ] --END-- [ RunTime:0.002000s ]

[ 2015-12-14T18:38:00+08:00 ] 127.0.0.1 /thinkphpcms/index.php?m=admin&c=dictdata&a=getdictnamejson&id=200
INFO: [ app_begin ] --START--
INFO: Run Behavior\ReadHtmlCacheBehavior [ RunTime:0.001000s ]
SQL: SHOW COLUMNS FROM `app2_setting` [ RunTime:0.002000s ]
SQL: SELECT `key`,`value` FROM `app2_setting`  [ RunTime:0.000000s ]
NOTIC: [2] unlink(C:\wamp\www\ThinkPHPCMS\Public\Runtime\Temp/71df8fced343b2a8ba67c00a47a67b50.php): No such file or directory C:\wamp\www\ThinkPHPCMS\Libs\ThinkPHP\Library\Think\Cache\Driver\File.class.php 第 157 行.
INFO: Run \Common\Behavior\SettingBehavior [ RunTime:0.015001s ]
INFO: [ app_begin ] --END-- [ RunTime:0.018001s ]
SQL: SHOW COLUMNS FROM `app2_data_dict` [ RunTime:0.004001s ]
SQL: SELECT `type_id`,`type_name` FROM `app2_data_dict` WHERE ( `belong_type` = 200 )  [ RunTime:0.000000s ]
INFO: [ app_end ] --START--
INFO: Run Behavior\ShowPageTraceBehavior [ RunTime:0.000000s ]
INFO: [ app_end ] --END-- [ RunTime:0.000000s ]

[ 2015-12-14T18:38:01+08:00 ] 127.0.0.1 /thinkphpcms/index.php?m=admin&c=paperdata&a=paperlist
INFO: [ app_begin ] --START--
INFO: Run Behavior\ReadHtmlCacheBehavior [ RunTime:0.001000s ]
SQL: SHOW COLUMNS FROM `app2_setting` [ RunTime:0.005001s ]
SQL: SELECT `key`,`value` FROM `app2_setting`  [ RunTime:0.000000s ]
NOTIC: [2] unlink(C:\wamp\www\ThinkPHPCMS\Public\Runtime\Temp/71df8fced343b2a8ba67c00a47a67b50.php): No such file or directory C:\wamp\www\ThinkPHPCMS\Libs\ThinkPHP\Library\Think\Cache\Driver\File.class.php 第 157 行.
INFO: Run \Common\Behavior\SettingBehavior [ RunTime:0.024002s ]
INFO: [ app_begin ] --END-- [ RunTime:0.025002s ]
INFO: [ view_parse ] --START--
INFO: [ template_filter ] --START--
INFO: Run Behavior\ContentReplaceBehavior [ RunTime:0.001000s ]
INFO: [ template_filter ] --END-- [ RunTime:0.002000s ]
INFO: Run Behavior\ParseTemplateBehavior [ RunTime:0.047003s ]
INFO: [ view_parse ] --END-- [ RunTime:0.050003s ]
INFO: [ view_filter ] --START--
INFO: Run Behavior\WriteHtmlCacheBehavior [ RunTime:0.002000s ]
INFO: [ view_filter ] --END-- [ RunTime:0.002000s ]
INFO: [ app_end ] --START--
INFO: Run Behavior\ShowPageTraceBehavior [ RunTime:0.021002s ]
INFO: [ app_end ] --END-- [ RunTime:0.022002s ]

[ 2015-12-14T18:38:01+08:00 ] 127.0.0.1 /thinkphpcms/index.php?m=admin&c=paperdata&a=paperlist
INFO: [ app_begin ] --START--
INFO: Run Behavior\ReadHtmlCacheBehavior [ RunTime:0.007000s ]
SQL: SHOW COLUMNS FROM `app2_setting` [ RunTime:0.006000s ]
SQL: SELECT `key`,`value` FROM `app2_setting`  [ RunTime:0.002001s ]
NOTIC: [2] unlink(C:\wamp\www\ThinkPHPCMS\Public\Runtime\Temp/71df8fced343b2a8ba67c00a47a67b50.php): No such file or directory C:\wamp\www\ThinkPHPCMS\Libs\ThinkPHP\Library\Think\Cache\Driver\File.class.php 第 157 行.
INFO: Run \Common\Behavior\SettingBehavior [ RunTime:0.060004s ]
INFO: [ app_begin ] --END-- [ RunTime:0.069004s ]
INFO: [ view_parse ] --START--
INFO: [ template_filter ] --START--
INFO: Run Behavior\ContentReplaceBehavior [ RunTime:0.009000s ]
INFO: [ template_filter ] --END-- [ RunTime:0.009000s ]
INFO: Run Behavior\ParseTemplateBehavior [ RunTime:0.065004s ]
INFO: [ view_parse ] --END-- [ RunTime:0.065004s ]
INFO: [ view_filter ] --START--
INFO: Run Behavior\WriteHtmlCacheBehavior [ RunTime:0.003000s ]
INFO: [ view_filter ] --END-- [ RunTime:0.011000s ]
INFO: [ app_end ] --START--
INFO: Run Behavior\ShowPageTraceBehavior [ RunTime:0.008000s ]
INFO: [ app_end ] --END-- [ RunTime:0.008000s ]

[ 2015-12-14T18:38:01+08:00 ] 127.0.0.1 /thinkphpcms/index.php?m=admin&c=paperdata&a=paperlist
INFO: [ app_begin ] --START--
INFO: Run Behavior\ReadHtmlCacheBehavior [ RunTime:0.002000s ]
SQL: SHOW COLUMNS FROM `app2_setting` [ RunTime:0.003001s ]
SQL: SELECT `key`,`value` FROM `app2_setting`  [ RunTime:0.002000s ]
NOTIC: [2] unlink(C:\wamp\www\ThinkPHPCMS\Public\Runtime\Temp/71df8fced343b2a8ba67c00a47a67b50.php): No such file or directory C:\wamp\www\ThinkPHPCMS\Libs\ThinkPHP\Library\Think\Cache\Driver\File.class.php 第 157 行.
INFO: Run \Common\Behavior\SettingBehavior [ RunTime:0.084005s ]
INFO: [ app_begin ] --END-- [ RunTime:0.087005s ]
SQL: SHOW COLUMNS FROM `app2_paper_content` [ RunTime:0.014000s ]
SQL: SELECT * FROM `app2_paper_content` WHERE ( `course_id` = '201' ) LIMIT 0,15   [ RunTime:0.001000s ]
SQL: SELECT COUNT(*) AS tp_count FROM `app2_paper_content` WHERE ( `course_id` = '201' ) LIMIT 1   [ RunTime:0.001000s ]
SQL: SHOW COLUMNS FROM `app2_data_dict` [ RunTime:0.009000s ]
SQL: SELECT `type_id`,`type_name` FROM `app2_data_dict` WHERE ( `type_id` = 201 )  [ RunTime:0.001001s ]
SQL: SELECT `type_id`,`type_name` FROM `app2_data_dict` WHERE ( `type_id` = 201 )  [ RunTime:0.000000s ]
SQL: SELECT `type_id`,`type_name` FROM `app2_data_dict` WHERE ( `type_id` = 201 )  [ RunTime:0.001000s ]
SQL: SELECT `type_id`,`type_name` FROM `app2_data_dict` WHERE ( `type_id` = 201 )  [ RunTime:0.000000s ]
SQL: SELECT `type_id`,`type_name` FROM `app2_data_dict` WHERE ( `type_id` = 201 )  [ RunTime:0.006001s ]
SQL: SELECT `type_id`,`type_name` FROM `app2_data_dict` WHERE ( `type_id` = 201 )  [ RunTime:0.002000s ]
SQL: SELECT `type_id`,`type_name` FROM `app2_data_dict` WHERE ( `type_id` = 201 )  [ RunTime:0.001000s ]
SQL: SELECT `type_id`,`type_name` FROM `app2_data_dict` WHERE ( `type_id` = 201 )  [ RunTime:0.002000s ]
SQL: SELECT `type_id`,`type_name` FROM `app2_data_dict` WHERE ( `type_id` = 201 )  [ RunTime:0.001000s ]
SQL: SELECT `type_id`,`type_name` FROM `app2_data_dict` WHERE ( `type_id` = 201 )  [ RunTime:0.001000s ]
SQL: SELECT `type_id`,`type_name` FROM `app2_data_dict` WHERE ( `type_id` = 201 )  [ RunTime:0.001000s ]
SQL: SELECT `type_id`,`type_name` FROM `app2_data_dict` WHERE ( `type_id` = 201 )  [ RunTime:0.001000s ]
SQL: SELECT `type_id`,`type_name` FROM `app2_data_dict` WHERE ( `type_id` = 201 )  [ RunTime:0.005000s ]
SQL: SELECT `type_id`,`type_name` FROM `app2_data_dict` WHERE ( `type_id` = 201 )  [ RunTime:0.002000s ]
SQL: SELECT `type_id`,`type_name` FROM `app2_data_dict` WHERE ( `type_id` = 201 )  [ RunTime:0.003000s ]
INFO: [ app_end ] --START--
INFO: Run Behavior\ShowPageTraceBehavior [ RunTime:0.003000s ]
INFO: [ app_end ] --END-- [ RunTime:0.003000s ]

[ 2015-12-14T18:39:26+08:00 ] 127.0.0.1 /thinkphpcms/index.php?m=admin&c=paperdata&a=addoptionlist&paper_id=201001&_=1450089566755
INFO: [ app_begin ] --START--
INFO: Run Behavior\ReadHtmlCacheBehavior [ RunTime:0.003001s ]
SQL: SHOW COLUMNS FROM `app2_setting` [ RunTime:0.003000s ]
SQL: SELECT `key`,`value` FROM `app2_setting`  [ RunTime:0.001000s ]
NOTIC: [2] unlink(C:\wamp\www\ThinkPHPCMS\Public\Runtime\Temp/71df8fced343b2a8ba67c00a47a67b50.php): No such file or directory C:\wamp\www\ThinkPHPCMS\Libs\ThinkPHP\Library\Think\Cache\Driver\File.class.php 第 157 行.
INFO: Run \Common\Behavior\SettingBehavior [ RunTime:0.028001s ]
INFO: [ app_begin ] --END-- [ RunTime:0.033002s ]
SQL: SHOW COLUMNS FROM `app2_paper_content` [ RunTime:0.006000s ]
SQL: SELECT * FROM `app2_paper_content` WHERE ( paper_id=201001 )  [ RunTime:0.002000s ]
INFO: [ view_parse ] --START--
INFO: [ template_filter ] --START--
INFO: Run Behavior\ContentReplaceBehavior [ RunTime:0.001000s ]
INFO: [ template_filter ] --END-- [ RunTime:0.001000s ]
INFO: Run Behavior\ParseTemplateBehavior [ RunTime:0.023002s ]
INFO: [ view_parse ] --END-- [ RunTime:0.023002s ]
INFO: [ view_filter ] --START--
INFO: Run Behavior\WriteHtmlCacheBehavior [ RunTime:0.002000s ]
INFO: [ view_filter ] --END-- [ RunTime:0.003000s ]
INFO: [ app_end ] --START--
INFO: Run Behavior\ShowPageTraceBehavior [ RunTime:0.003000s ]
INFO: [ app_end ] --END-- [ RunTime:0.005000s ]

[ 2015-12-14T18:39:27+08:00 ] 127.0.0.1 /thinkphpcms/index.php?m=admin&c=dictdata&a=getdictnamejson&id=200
INFO: [ app_begin ] --START--
INFO: Run Behavior\ReadHtmlCacheBehavior [ RunTime:0.002000s ]
SQL: SHOW COLUMNS FROM `app2_setting` [ RunTime:0.003001s ]
SQL: SELECT `key`,`value` FROM `app2_setting`  [ RunTime:0.000000s ]
NOTIC: [2] unlink(C:\wamp\www\ThinkPHPCMS\Public\Runtime\Temp/71df8fced343b2a8ba67c00a47a67b50.php): No such file or directory C:\wamp\www\ThinkPHPCMS\Libs\ThinkPHP\Library\Think\Cache\Driver\File.class.php 第 157 行.
INFO: Run \Common\Behavior\SettingBehavior [ RunTime:0.019002s ]
INFO: [ app_begin ] --END-- [ RunTime:0.021002s ]
SQL: SHOW COLUMNS FROM `app2_data_dict` [ RunTime:0.003000s ]
SQL: SELECT `type_id`,`type_name` FROM `app2_data_dict` WHERE ( `belong_type` = 200 )  [ RunTime:0.009000s ]
INFO: [ app_end ] --START--
INFO: Run Behavior\ShowPageTraceBehavior [ RunTime:0.001000s ]
INFO: [ app_end ] --END-- [ RunTime:0.001000s ]

[ 2015-12-14T18:39:27+08:00 ] 127.0.0.1 /thinkphpcms/index.php?m=admin&c=paperdata&a=addoptionlist&paper_id=201001
INFO: [ app_begin ] --START--
INFO: Run Behavior\ReadHtmlCacheBehavior [ RunTime:0.001000s ]
SQL: SHOW COLUMNS FROM `app2_setting` [ RunTime:0.004000s ]
SQL: SELECT `key`,`value` FROM `app2_setting`  [ RunTime:0.001000s ]
NOTIC: [2] unlink(C:\wamp\www\ThinkPHPCMS\Public\Runtime\Temp/71df8fced343b2a8ba67c00a47a67b50.php): No such file or directory C:\wamp\www\ThinkPHPCMS\Libs\ThinkPHP\Library\Think\Cache\Driver\File.class.php 第 157 行.
INFO: Run \Common\Behavior\SettingBehavior [ RunTime:0.036002s ]
INFO: [ app_begin ] --END-- [ RunTime:0.037002s ]
SQL: SHOW COLUMNS FROM `app2_paper_content` [ RunTime:0.003000s ]
SQL: SELECT * FROM `app2_paper_content` WHERE ( paper_id=201001 )  [ RunTime:0.000000s ]
INFO: [ view_parse ] --START--
INFO: [ template_filter ] --START--
INFO: Run Behavior\ContentReplaceBehavior [ RunTime:0.000000s ]
INFO: [ template_filter ] --END-- [ RunTime:0.000000s ]
INFO: Run Behavior\ParseTemplateBehavior [ RunTime:0.039003s ]
INFO: [ view_parse ] --END-- [ RunTime:0.039003s ]
INFO: [ view_filter ] --START--
INFO: Run Behavior\WriteHtmlCacheBehavior [ RunTime:0.001000s ]
INFO: [ view_filter ] --END-- [ RunTime:0.002000s ]
INFO: [ app_end ] --START--
INFO: Run Behavior\ShowPageTraceBehavior [ RunTime:0.002000s ]
INFO: [ app_end ] --END-- [ RunTime:0.002000s ]

[ 2015-12-14T18:39:27+08:00 ] 127.0.0.1 /thinkphpcms/index.php?m=admin&c=paperdata&a=addoptionlist&paper_id=201001
INFO: [ app_begin ] --START--
INFO: Run Behavior\ReadHtmlCacheBehavior [ RunTime:0.001000s ]
SQL: SHOW COLUMNS FROM `app2_setting` [ RunTime:0.005001s ]
SQL: SELECT `key`,`value` FROM `app2_setting`  [ RunTime:0.001000s ]
NOTIC: [2] unlink(C:\wamp\www\ThinkPHPCMS\Public\Runtime\Temp/71df8fced343b2a8ba67c00a47a67b50.php): No such file or directory C:\wamp\www\ThinkPHPCMS\Libs\ThinkPHP\Library\Think\Cache\Driver\File.class.php 第 157 行.
INFO: Run \Common\Behavior\SettingBehavior [ RunTime:0.052003s ]
INFO: [ app_begin ] --END-- [ RunTime:0.054003s ]
SQL: SHOW COLUMNS FROM `app2_paper_content` [ RunTime:0.003001s ]
SQL: SELECT * FROM `app2_paper_content` WHERE ( paper_id=201001 )  [ RunTime:0.001000s ]
INFO: [ view_parse ] --START--
INFO: [ template_filter ] --START--
INFO: Run Behavior\ContentReplaceBehavior [ RunTime:0.000000s ]
INFO: [ template_filter ] --END-- [ RunTime:0.000000s ]
INFO: Run Behavior\ParseTemplateBehavior [ RunTime:0.024001s ]
INFO: [ view_parse ] --END-- [ RunTime:0.024001s ]
INFO: [ view_filter ] --START--
INFO: Run Behavior\WriteHtmlCacheBehavior [ RunTime:0.004000s ]
INFO: [ view_filter ] --END-- [ RunTime:0.004000s ]
INFO: [ app_end ] --START--
INFO: Run Behavior\ShowPageTraceBehavior [ RunTime:0.005001s ]
INFO: [ app_end ] --END-- [ RunTime:0.005001s ]

[ 2015-12-14T18:39:27+08:00 ] 127.0.0.1 /thinkphpcms/index.php?m=admin&c=dictdata&a=getdictnamejson&id=100
INFO: [ app_begin ] --START--
INFO: Run Behavior\ReadHtmlCacheBehavior [ RunTime:0.002001s ]
SQL: SHOW COLUMNS FROM `app2_setting` [ RunTime:0.003001s ]
SQL: SELECT `key`,`value` FROM `app2_setting`  [ RunTime:0.000000s ]
NOTIC: [2] unlink(C:\wamp\www\ThinkPHPCMS\Public\Runtime\Temp/71df8fced343b2a8ba67c00a47a67b50.php): No such file or directory C:\wamp\www\ThinkPHPCMS\Libs\ThinkPHP\Library\Think\Cache\Driver\File.class.php 第 157 行.
INFO: Run \Common\Behavior\SettingBehavior [ RunTime:0.055003s ]
INFO: [ app_begin ] --END-- [ RunTime:0.061004s ]
SQL: SHOW COLUMNS FROM `app2_data_dict` [ RunTime:0.007000s ]
SQL: SELECT `type_id`,`type_name` FROM `app2_data_dict` WHERE ( `belong_type` = 100 )  [ RunTime:0.001000s ]
INFO: [ app_end ] --START--
INFO: Run Behavior\ShowPageTraceBehavior [ RunTime:0.004000s ]
INFO: [ app_end ] --END-- [ RunTime:0.004000s ]

[ 2015-12-14T18:39:27+08:00 ] 127.0.0.1 /thinkphpcms/index.php?m=admin&c=paperdata&a=addoptionlist&paper_id=201001
INFO: [ app_begin ] --START--
INFO: Run Behavior\ReadHtmlCacheBehavior [ RunTime:0.002000s ]
SQL: SHOW COLUMNS FROM `app2_setting` [ RunTime:0.005001s ]
SQL: SELECT `key`,`value` FROM `app2_setting`  [ RunTime:0.000000s ]
NOTIC: [2] unlink(C:\wamp\www\ThinkPHPCMS\Public\Runtime\Temp/71df8fced343b2a8ba67c00a47a67b50.php): No such file or directory C:\wamp\www\ThinkPHPCMS\Libs\ThinkPHP\Library\Think\Cache\Driver\File.class.php 第 157 行.
INFO: Run \Common\Behavior\SettingBehavior [ RunTime:0.065004s ]
INFO: [ app_begin ] --END-- [ RunTime:0.069004s ]
SQL: SHOW COLUMNS FROM `app2_paper_content` [ RunTime:0.005000s ]
SQL: SELECT * FROM `app2_paper_content` WHERE ( paper_id=201001 )  [ RunTime:0.000000s ]
INFO: [ view_parse ] --START--
INFO: [ template_filter ] --START--
INFO: Run Behavior\ContentReplaceBehavior [ RunTime:0.001000s ]
INFO: [ template_filter ] --END-- [ RunTime:0.001000s ]
INFO: Run Behavior\ParseTemplateBehavior [ RunTime:0.020001s ]
INFO: [ view_parse ] --END-- [ RunTime:0.020001s ]
INFO: [ view_filter ] --START--
INFO: Run Behavior\WriteHtmlCacheBehavior [ RunTime:0.001000s ]
INFO: [ view_filter ] --END-- [ RunTime:0.001000s ]
INFO: [ app_end ] --START--
INFO: Run Behavior\ShowPageTraceBehavior [ RunTime:0.002000s ]
INFO: [ app_end ] --END-- [ RunTime:0.002000s ]

[ 2015-12-14T18:39:27+08:00 ] 127.0.0.1 /thinkphpcms/index.php?m=admin&c=paperdata&a=addoptionlist&paper_id=201001
INFO: [ app_begin ] --START--
INFO: Run Behavior\ReadHtmlCacheBehavior [ RunTime:0.001000s ]
SQL: SHOW COLUMNS FROM `app2_setting` [ RunTime:0.005000s ]
SQL: SELECT `key`,`value` FROM `app2_setting`  [ RunTime:0.001000s ]
NOTIC: [2] unlink(C:\wamp\www\ThinkPHPCMS\Public\Runtime\Temp/71df8fced343b2a8ba67c00a47a67b50.php): No such file or directory C:\wamp\www\ThinkPHPCMS\Libs\ThinkPHP\Library\Think\Cache\Driver\File.class.php 第 157 行.
INFO: Run \Common\Behavior\SettingBehavior [ RunTime:0.027001s ]
INFO: [ app_begin ] --END-- [ RunTime:0.029001s ]
SQL: SHOW COLUMNS FROM `app2_paper_content` [ RunTime:0.005000s ]
SQL: SELECT * FROM `app2_paper_content` WHERE ( `paper_id` = 201001 )  [ RunTime:0.001000s ]
SQL: SHOW COLUMNS FROM `app2_optiondata` [ RunTime:0.003000s ]
SQL: SELECT COUNT(*) AS tp_count FROM `app2_optiondata` WHERE ( `type` = '101' ) AND ( `question_id` NOT IN ('2011010002','2011030001','2011010001','2011010003','2011030004','2011030007','2011030009','2011030010','2011030015','2011030017','2011030011','2011030014','2011030020','2011030022','2011030019','2011030024','2011030026','2011030016','2011030023','2011030028','2011030008','2011030018','2011030025','2011030031','2011030013','2011030029','2011030032','2011030012','2011030027','2011030033','2011030035','2011030036','2011030039','2011030302','2011030300','2011030299','2011030297','2011030298','2011030294','2011030295','2011030296','2011030291','2011030292','2011030293','2011030301') ) LIMIT 1   [ RunTime:0.002001s ]
SQL: SELECT * FROM `app2_optiondata` WHERE ( `type` = '101' ) AND ( `question_id` NOT IN ('2011010002','2011030001','2011010001','2011010003','2011030004','2011030007','2011030009','2011030010','2011030015','2011030017','2011030011','2011030014','2011030020','2011030022','2011030019','2011030024','2011030026','2011030016','2011030023','2011030028','2011030008','2011030018','2011030025','2011030031','2011030013','2011030029','2011030032','2011030012','2011030027','2011030033','2011030035','2011030036','2011030039','2011030302','2011030300','2011030299','2011030297','2011030298','2011030294','2011030295','2011030296','2011030291','2011030292','2011030293','2011030301') ) LIMIT 0,15   [ RunTime:0.001000s ]
SQL: SHOW COLUMNS FROM `app2_data_dict` [ RunTime:0.004000s ]
SQL: SELECT `type_id`,`type_name` FROM `app2_data_dict` WHERE ( `type_id` = 201 )  [ RunTime:0.001000s ]
SQL: SELECT `type_id`,`type_name` FROM `app2_data_dict` WHERE ( `type_id` = 101 )  [ RunTime:0.001000s ]
SQL: SELECT `type_id`,`type_name` FROM `app2_data_dict` WHERE ( `type_id` = 201 )  [ RunTime:0.001000s ]
SQL: SELECT `type_id`,`type_name` FROM `app2_data_dict` WHERE ( `type_id` = 101 )  [ RunTime:0.000000s ]
SQL: SELECT `type_id`,`type_name` FROM `app2_data_dict` WHERE ( `type_id` = 201 )  [ RunTime:0.000000s ]
SQL: SELECT `type_id`,`type_name` FROM `app2_data_dict` WHERE ( `type_id` = 101 )  [ RunTime:0.000000s ]
SQL: SELECT `type_id`,`type_name` FROM `app2_data_dict` WHERE ( `type_id` = 201 )  [ RunTime:0.000000s ]
SQL: SELECT `type_id`,`type_name` FROM `app2_data_dict` WHERE ( `type_id` = 101 )  [ RunTime:0.000000s ]
SQL: SELECT `type_id`,`type_name` FROM `app2_data_dict` WHERE ( `type_id` = 201 )  [ RunTime:0.000000s ]
SQL: SELECT `type_id`,`type_name` FROM `app2_data_dict` WHERE ( `type_id` = 101 )  [ RunTime:0.000000s ]
SQL: SELECT `type_id`,`type_name` FROM `app2_data_dict` WHERE ( `type_id` = 201 )  [ RunTime:0.000000s ]
SQL: SELECT `type_id`,`type_name` FROM `app2_data_dict` WHERE ( `type_id` = 101 )  [ RunTime:0.000000s ]
SQL: SELECT `type_id`,`type_name` FROM `app2_data_dict` WHERE ( `type_id` = 201 )  [ RunTime:0.000000s ]
SQL: SELECT `type_id`,`type_name` FROM `app2_data_dict` WHERE ( `type_id` = 101 )  [ RunTime:0.000000s ]
SQL: SELECT `type_id`,`type_name` FROM `app2_data_dict` WHERE ( `type_id` = 201 )  [ RunTime:0.000000s ]
SQL: SELECT `type_id`,`type_name` FROM `app2_data_dict` WHERE ( `type_id` = 101 )  [ RunTime:0.010000s ]
SQL: SELECT `type_id`,`type_name` FROM `app2_data_dict` WHERE ( `type_id` = 201 )  [ RunTime:0.000000s ]
SQL: SELECT `type_id`,`type_name` FROM `app2_data_dict` WHERE ( `type_id` = 101 )  [ RunTime:0.000000s ]
SQL: SELECT `type_id`,`type_name` FROM `app2_data_dict` WHERE ( `type_id` = 201 )  [ RunTime:0.000000s ]
SQL: SELECT `type_id`,`type_name` FROM `app2_data_dict` WHERE ( `type_id` = 101 )  [ RunTime:0.000000s ]
SQL: SELECT `type_id`,`type_name` FROM `app2_data_dict` WHERE ( `type_id` = 201 )  [ RunTime:0.000000s ]
SQL: SELECT `type_id`,`type_name` FROM `app2_data_dict` WHERE ( `type_id` = 101 )  [ RunTime:0.000000s ]
SQL: SELECT `type_id`,`type_name` FROM `app2_data_dict` WHERE ( `type_id` = 201 )  [ RunTime:0.000000s ]
SQL: SELECT `type_id`,`type_name` FROM `app2_data_dict` WHERE ( `type_id` = 101 )  [ RunTime:0.000000s ]
SQL: SELECT `type_id`,`type_name` FROM `app2_data_dict` WHERE ( `type_id` = 201 )  [ RunTime:0.010000s ]
SQL: SELECT `type_id`,`type_name` FROM `app2_data_dict` WHERE ( `type_id` = 101 )  [ RunTime:0.002500s ]
SQL: SELECT `type_id`,`type_name` FROM `app2_data_dict` WHERE ( `type_id` = 201 )  [ RunTime:0.000000s ]
SQL: SELECT `type_id`,`type_name` FROM `app2_data_dict` WHERE ( `type_id` = 101 )  [ RunTime:0.002500s ]
SQL: SELECT `type_id`,`type_name` FROM `app2_data_dict` WHERE ( `type_id` = 201 )  [ RunTime:0.000000s ]
SQL: SELECT `type_id`,`type_name` FROM `app2_data_dict` WHERE ( `type_id` = 101 )  [ RunTime:0.000000s ]
INFO: [ app_end ] --START--
INFO: Run Behavior\ShowPageTraceBehavior [ RunTime:0.000000s ]
INFO: [ app_end ] --END-- [ RunTime:0.000000s ]

[ 2015-12-14T18:41:57+08:00 ] 127.0.0.1 /thinkphpcms/index.php?m=admin&c=index&a=public_sessionlife
INFO: [ app_begin ] --START--
INFO: Run Behavior\ReadHtmlCacheBehavior [ RunTime:0.000000s ]
SQL: SHOW COLUMNS FROM `app2_setting` [ RunTime:0.003000s ]
SQL: SELECT `key`,`value` FROM `app2_setting`  [ RunTime:0.001000s ]
NOTIC: [2] unlink(C:\wamp\www\ThinkPHPCMS\Public\Runtime\Temp/71df8fced343b2a8ba67c00a47a67b50.php): No such file or directory C:\wamp\www\ThinkPHPCMS\Libs\ThinkPHP\Library\Think\Cache\Driver\File.class.php 第 157 行.
INFO: Run \Common\Behavior\SettingBehavior [ RunTime:0.022001s ]
INFO: [ app_begin ] --END-- [ RunTime:0.024001s ]
INFO: [ app_end ] --START--
INFO: Run Behavior\ShowPageTraceBehavior [ RunTime:0.000000s ]
INFO: [ app_end ] --END-- [ RunTime:0.000000s ]

[ 2015-12-14T18:51:57+08:00 ] 127.0.0.1 /thinkphpcms/index.php?m=admin&c=index&a=public_sessionlife
INFO: [ app_begin ] --START--
INFO: Run Behavior\ReadHtmlCacheBehavior [ RunTime:0.000000s ]
SQL: SHOW COLUMNS FROM `app2_setting` [ RunTime:0.005000s ]
SQL: SELECT `key`,`value` FROM `app2_setting`  [ RunTime:0.001000s ]
NOTIC: [2] unlink(C:\wamp\www\ThinkPHPCMS\Public\Runtime\Temp/71df8fced343b2a8ba67c00a47a67b50.php): No such file or directory C:\wamp\www\ThinkPHPCMS\Libs\ThinkPHP\Library\Think\Cache\Driver\File.class.php 第 157 行.
INFO: Run \Common\Behavior\SettingBehavior [ RunTime:0.017001s ]
INFO: [ app_begin ] --END-- [ RunTime:0.019001s ]
INFO: [ app_end ] --START--
INFO: Run Behavior\ShowPageTraceBehavior [ RunTime:0.000000s ]
INFO: [ app_end ] --END-- [ RunTime:0.000000s ]

[ 2015-12-14T18:57:16+08:00 ] 127.0.0.1 /thinkphpcms/index.php?m=admin&c=optiondata&a=optionlist&menuid=50&_=1450090636619
INFO: [ app_begin ] --START--
INFO: Run Behavior\ReadHtmlCacheBehavior [ RunTime:0.002000s ]
SQL: SHOW COLUMNS FROM `app2_setting` [ RunTime:0.005000s ]
SQL: SELECT `key`,`value` FROM `app2_setting`  [ RunTime:0.001000s ]
NOTIC: [2] unlink(C:\wamp\www\ThinkPHPCMS\Public\Runtime\Temp/71df8fced343b2a8ba67c00a47a67b50.php): No such file or directory C:\wamp\www\ThinkPHPCMS\Libs\ThinkPHP\Library\Think\Cache\Driver\File.class.php 第 157 行.
INFO: Run \Common\Behavior\SettingBehavior [ RunTime:0.039002s ]
INFO: [ app_begin ] --END-- [ RunTime:0.043002s ]
INFO: [ view_parse ] --START--
INFO: [ template_filter ] --START--
INFO: Run Behavior\ContentReplaceBehavior [ RunTime:0.002000s ]
INFO: [ template_filter ] --END-- [ RunTime:0.002000s ]
INFO: Run Behavior\ParseTemplateBehavior [ RunTime:0.020002s ]
INFO: [ view_parse ] --END-- [ RunTime:0.021002s ]
INFO: [ view_filter ] --START--
INFO: Run Behavior\WriteHtmlCacheBehavior [ RunTime:0.001000s ]
INFO: [ view_filter ] --END-- [ RunTime:0.003000s ]
INFO: [ app_end ] --START--
INFO: Run Behavior\ShowPageTraceBehavior [ RunTime:0.002000s ]
INFO: [ app_end ] --END-- [ RunTime:0.003000s ]

[ 2015-12-14T18:57:16+08:00 ] 127.0.0.1 /thinkphpcms/index.php?m=admin&c=dictdata&a=getdictnamejson&id=200
INFO: [ app_begin ] --START--
INFO: Run Behavior\ReadHtmlCacheBehavior [ RunTime:0.001000s ]
SQL: SHOW COLUMNS FROM `app2_setting` [ RunTime:0.002000s ]
SQL: SELECT `key`,`value` FROM `app2_setting`  [ RunTime:0.001000s ]
NOTIC: [2] unlink(C:\wamp\www\ThinkPHPCMS\Public\Runtime\Temp/71df8fced343b2a8ba67c00a47a67b50.php): No such file or directory C:\wamp\www\ThinkPHPCMS\Libs\ThinkPHP\Library\Think\Cache\Driver\File.class.php 第 157 行.
INFO: Run \Common\Behavior\SettingBehavior [ RunTime:0.022001s ]
INFO: [ app_begin ] --END-- [ RunTime:0.023001s ]
SQL: SHOW COLUMNS FROM `app2_data_dict` [ RunTime:0.002000s ]
SQL: SELECT `type_id`,`type_name` FROM `app2_data_dict` WHERE ( `belong_type` = 200 )  [ RunTime:0.001000s ]
INFO: [ app_end ] --START--
INFO: Run Behavior\ShowPageTraceBehavior [ RunTime:0.001000s ]
INFO: [ app_end ] --END-- [ RunTime:0.001000s ]

[ 2015-12-14T18:57:16+08:00 ] 127.0.0.1 /thinkphpcms/index.php?m=admin&c=dictdata&a=getdictnamejson&id=100
INFO: [ app_begin ] --START--
INFO: Run Behavior\ReadHtmlCacheBehavior [ RunTime:0.001000s ]
SQL: SHOW COLUMNS FROM `app2_setting` [ RunTime:0.002000s ]
SQL: SELECT `key`,`value` FROM `app2_setting`  [ RunTime:0.010000s ]
NOTIC: [2] unlink(C:\wamp\www\ThinkPHPCMS\Public\Runtime\Temp/71df8fced343b2a8ba67c00a47a67b50.php): No such file or directory C:\wamp\www\ThinkPHPCMS\Libs\ThinkPHP\Library\Think\Cache\Driver\File.class.php 第 157 行.
INFO: Run \Common\Behavior\SettingBehavior [ RunTime:0.024001s ]
INFO: [ app_begin ] --END-- [ RunTime:0.026001s ]
SQL: SHOW COLUMNS FROM `app2_data_dict` [ RunTime:0.002001s ]
SQL: SELECT `type_id`,`type_name` FROM `app2_data_dict` WHERE ( `belong_type` = 100 )  [ RunTime:0.001000s ]
INFO: [ app_end ] --START--
INFO: Run Behavior\ShowPageTraceBehavior [ RunTime:0.001000s ]
INFO: [ app_end ] --END-- [ RunTime:0.001000s ]

[ 2015-12-14T18:57:17+08:00 ] 127.0.0.1 /thinkphpcms/index.php?m=admin&c=optiondata&a=optionlist
INFO: [ app_begin ] --START--
INFO: Run Behavior\ReadHtmlCacheBehavior [ RunTime:0.002000s ]
SQL: SHOW COLUMNS FROM `app2_setting` [ RunTime:0.004000s ]
SQL: SELECT `key`,`value` FROM `app2_setting`  [ RunTime:0.002001s ]
NOTIC: [2] unlink(C:\wamp\www\ThinkPHPCMS\Public\Runtime\Temp/71df8fced343b2a8ba67c00a47a67b50.php): No such file or directory C:\wamp\www\ThinkPHPCMS\Libs\ThinkPHP\Library\Think\Cache\Driver\File.class.php 第 157 行.
INFO: Run \Common\Behavior\SettingBehavior [ RunTime:0.034002s ]
INFO: [ app_begin ] --END-- [ RunTime:0.036002s ]
INFO: [ view_parse ] --START--
INFO: [ template_filter ] --START--
INFO: Run Behavior\ContentReplaceBehavior [ RunTime:0.001000s ]
INFO: [ template_filter ] --END-- [ RunTime:0.001000s ]
INFO: Run Behavior\ParseTemplateBehavior [ RunTime:0.024001s ]
INFO: [ view_parse ] --END-- [ RunTime:0.024001s ]
INFO: [ view_filter ] --START--
INFO: Run Behavior\WriteHtmlCacheBehavior [ RunTime:0.003001s ]
INFO: [ view_filter ] --END-- [ RunTime:0.004001s ]
INFO: [ app_end ] --START--
INFO: Run Behavior\ShowPageTraceBehavior [ RunTime:0.006000s ]
INFO: [ app_end ] --END-- [ RunTime:0.007000s ]

[ 2015-12-14T18:57:17+08:00 ] 127.0.0.1 /thinkphpcms/index.php?m=admin&c=optiondata&a=optionlist
INFO: [ app_begin ] --START--
INFO: Run Behavior\ReadHtmlCacheBehavior [ RunTime:0.001000s ]
SQL: SHOW COLUMNS FROM `app2_setting` [ RunTime:0.005001s ]
SQL: SELECT `key`,`value` FROM `app2_setting`  [ RunTime:0.001000s ]
NOTIC: [2] unlink(C:\wamp\www\ThinkPHPCMS\Public\Runtime\Temp/71df8fced343b2a8ba67c00a47a67b50.php): No such file or directory C:\wamp\www\ThinkPHPCMS\Libs\ThinkPHP\Library\Think\Cache\Driver\File.class.php 第 157 行.
INFO: Run \Common\Behavior\SettingBehavior [ RunTime:0.069004s ]
INFO: [ app_begin ] --END-- [ RunTime:0.085005s ]
INFO: [ view_parse ] --START--
INFO: [ template_filter ] --START--
INFO: Run Behavior\ContentReplaceBehavior [ RunTime:0.001000s ]
INFO: [ template_filter ] --END-- [ RunTime:0.002000s ]
INFO: Run Behavior\ParseTemplateBehavior [ RunTime:0.025002s ]
INFO: [ view_parse ] --END-- [ RunTime:0.025002s ]
INFO: [ view_filter ] --START--
INFO: Run Behavior\WriteHtmlCacheBehavior [ RunTime:0.000000s ]
INFO: [ view_filter ] --END-- [ RunTime:0.000000s ]
INFO: [ app_end ] --START--
INFO: Run Behavior\ShowPageTraceBehavior [ RunTime:0.001000s ]
INFO: [ app_end ] --END-- [ RunTime:0.001000s ]

[ 2015-12-14T18:57:17+08:00 ] 127.0.0.1 /thinkphpcms/index.php?m=admin&c=optiondata&a=optionlist
INFO: [ app_begin ] --START--
INFO: Run Behavior\ReadHtmlCacheBehavior [ RunTime:0.003000s ]
SQL: SHOW COLUMNS FROM `app2_setting` [ RunTime:0.004001s ]
SQL: SELECT `key`,`value` FROM `app2_setting`  [ RunTime:0.002000s ]
NOTIC: [2] unlink(C:\wamp\www\ThinkPHPCMS\Public\Runtime\Temp/71df8fced343b2a8ba67c00a47a67b50.php): No such file or directory C:\wamp\www\ThinkPHPCMS\Libs\ThinkPHP\Library\Think\Cache\Driver\File.class.php 第 157 行.
INFO: Run \Common\Behavior\SettingBehavior [ RunTime:0.034002s ]
INFO: [ app_begin ] --END-- [ RunTime:0.040002s ]
INFO: [ view_parse ] --START--
INFO: [ template_filter ] --START--
INFO: Run Behavior\ContentReplaceBehavior [ RunTime:0.000000s ]
INFO: [ template_filter ] --END-- [ RunTime:0.000000s ]
INFO: Run Behavior\ParseTemplateBehavior [ RunTime:0.021001s ]
INFO: [ view_parse ] --END-- [ RunTime:0.021001s ]
INFO: [ view_filter ] --START--
INFO: Run Behavior\WriteHtmlCacheBehavior [ RunTime:0.001000s ]
INFO: [ view_filter ] --END-- [ RunTime:0.001000s ]
INFO: [ app_end ] --START--
INFO: Run Behavior\ShowPageTraceBehavior [ RunTime:0.000000s ]
INFO: [ app_end ] --END-- [ RunTime:0.000000s ]

[ 2015-12-14T18:57:17+08:00 ] 127.0.0.1 /thinkphpcms/index.php?m=admin&c=optiondata&a=optionlist
INFO: [ app_begin ] --START--
INFO: Run Behavior\ReadHtmlCacheBehavior [ RunTime:0.001000s ]
SQL: SHOW COLUMNS FROM `app2_setting` [ RunTime:0.006000s ]
SQL: SELECT `key`,`value` FROM `app2_setting`  [ RunTime:0.001000s ]
NOTIC: [2] unlink(C:\wamp\www\ThinkPHPCMS\Public\Runtime\Temp/71df8fced343b2a8ba67c00a47a67b50.php): No such file or directory C:\wamp\www\ThinkPHPCMS\Libs\ThinkPHP\Library\Think\Cache\Driver\File.class.php 第 157 行.
INFO: Run \Common\Behavior\SettingBehavior [ RunTime:0.041003s ]
INFO: [ app_begin ] --END-- [ RunTime:0.044003s ]
SQL: SHOW COLUMNS FROM `app2_optiondata` [ RunTime:0.003000s ]
SQL: SELECT COUNT(*) AS tp_count FROM `app2_optiondata` LIMIT 1   [ RunTime:0.000000s ]
SQL: SELECT * FROM `app2_optiondata` WHERE ( `type` = '101' ) LIMIT 0,15   [ RunTime:0.000000s ]
SQL: SHOW COLUMNS FROM `app2_data_dict` [ RunTime:0.005000s ]
SQL: SELECT `type_id`,`type_name` FROM `app2_data_dict` WHERE ( `type_id` = 201 )  [ RunTime:0.001000s ]
SQL: SELECT `type_id`,`type_name` FROM `app2_data_dict` WHERE ( `type_id` = 101 )  [ RunTime:0.000000s ]
SQL: SELECT `type_id`,`type_name` FROM `app2_data_dict` WHERE ( `type_id` = 201 )  [ RunTime:0.000000s ]
SQL: SELECT `type_id`,`type_name` FROM `app2_data_dict` WHERE ( `type_id` = 101 )  [ RunTime:0.000000s ]
SQL: SELECT `type_id`,`type_name` FROM `app2_data_dict` WHERE ( `type_id` = 201 )  [ RunTime:0.000000s ]
SQL: SELECT `type_id`,`type_name` FROM `app2_data_dict` WHERE ( `type_id` = 101 )  [ RunTime:0.001001s ]
SQL: SELECT `type_id`,`type_name` FROM `app2_data_dict` WHERE ( `type_id` = 201 )  [ RunTime:0.001000s ]
SQL: SELECT `type_id`,`type_name` FROM `app2_data_dict` WHERE ( `type_id` = 101 )  [ RunTime:0.001000s ]
SQL: SELECT `type_id`,`type_name` FROM `app2_data_dict` WHERE ( `type_id` = 201 )  [ RunTime:0.000000s ]
SQL: SELECT `type_id`,`type_name` FROM `app2_data_dict` WHERE ( `type_id` = 101 )  [ RunTime:0.000000s ]
SQL: SELECT `type_id`,`type_name` FROM `app2_data_dict` WHERE ( `type_id` = 201 )  [ RunTime:0.001000s ]
SQL: SELECT `type_id`,`type_name` FROM `app2_data_dict` WHERE ( `type_id` = 101 )  [ RunTime:0.001000s ]
SQL: SELECT `type_id`,`type_name` FROM `app2_data_dict` WHERE ( `type_id` = 201 )  [ RunTime:0.001000s ]
SQL: SELECT `type_id`,`type_name` FROM `app2_data_dict` WHERE ( `type_id` = 101 )  [ RunTime:0.001000s ]
SQL: SELECT `type_id`,`type_name` FROM `app2_data_dict` WHERE ( `type_id` = 201 )  [ RunTime:0.000000s ]
SQL: SELECT `type_id`,`type_name` FROM `app2_data_dict` WHERE ( `type_id` = 101 )  [ RunTime:0.000000s ]
SQL: SELECT `type_id`,`type_name` FROM `app2_data_dict` WHERE ( `type_id` = 201 )  [ RunTime:0.001000s ]
SQL: SELECT `type_id`,`type_name` FROM `app2_data_dict` WHERE ( `type_id` = 101 )  [ RunTime:0.001000s ]
SQL: SELECT `type_id`,`type_name` FROM `app2_data_dict` WHERE ( `type_id` = 201 )  [ RunTime:0.004001s ]
SQL: SELECT `type_id`,`type_name` FROM `app2_data_dict` WHERE ( `type_id` = 101 )  [ RunTime:0.001000s ]
SQL: SELECT `type_id`,`type_name` FROM `app2_data_dict` WHERE ( `type_id` = 201 )  [ RunTime:0.000000s ]
SQL: SELECT `type_id`,`type_name` FROM `app2_data_dict` WHERE ( `type_id` = 101 )  [ RunTime:0.000000s ]
SQL: SELECT `type_id`,`type_name` FROM `app2_data_dict` WHERE ( `type_id` = 201 )  [ RunTime:0.000000s ]
SQL: SELECT `type_id`,`type_name` FROM `app2_data_dict` WHERE ( `type_id` = 101 )  [ RunTime:0.000000s ]
SQL: SELECT `type_id`,`type_name` FROM `app2_data_dict` WHERE ( `type_id` = 201 )  [ RunTime:0.001000s ]
SQL: SELECT `type_id`,`type_name` FROM `app2_data_dict` WHERE ( `type_id` = 101 )  [ RunTime:0.001000s ]
SQL: SELECT `type_id`,`type_name` FROM `app2_data_dict` WHERE ( `type_id` = 201 )  [ RunTime:0.001000s ]
SQL: SELECT `type_id`,`type_name` FROM `app2_data_dict` WHERE ( `type_id` = 101 )  [ RunTime:0.000000s ]
SQL: SELECT `type_id`,`type_name` FROM `app2_data_dict` WHERE ( `type_id` = 201 )  [ RunTime:0.000000s ]
SQL: SELECT `type_id`,`type_name` FROM `app2_data_dict` WHERE ( `type_id` = 101 )  [ RunTime:0.000000s ]
INFO: [ app_end ] --START--
INFO: Run Behavior\ShowPageTraceBehavior [ RunTime:0.001000s ]
INFO: [ app_end ] --END-- [ RunTime:0.001000s ]

[ 2015-12-14T19:01:58+08:00 ] 127.0.0.1 /thinkphpcms/index.php?m=admin&c=index&a=public_sessionlife
INFO: [ app_begin ] --START--
INFO: Run Behavior\ReadHtmlCacheBehavior [ RunTime:0.001000s ]
SQL: SHOW COLUMNS FROM `app2_setting` [ RunTime:0.002000s ]
SQL: SELECT `key`,`value` FROM `app2_setting`  [ RunTime:0.001000s ]
NOTIC: [2] unlink(C:\wamp\www\ThinkPHPCMS\Public\Runtime\Temp/71df8fced343b2a8ba67c00a47a67b50.php): No such file or directory C:\wamp\www\ThinkPHPCMS\Libs\ThinkPHP\Library\Think\Cache\Driver\File.class.php 第 157 行.
INFO: Run \Common\Behavior\SettingBehavior [ RunTime:0.017001s ]
INFO: [ app_begin ] --END-- [ RunTime:0.018001s ]
INFO: [ app_end ] --START--
INFO: Run Behavior\ShowPageTraceBehavior [ RunTime:0.002000s ]
INFO: [ app_end ] --END-- [ RunTime:0.002000s ]

[ 2015-12-14T19:11:58+08:00 ] 127.0.0.1 /thinkphpcms/index.php?m=admin&c=index&a=public_sessionlife
INFO: [ app_begin ] --START--
INFO: Run Behavior\ReadHtmlCacheBehavior [ RunTime:0.001000s ]
SQL: SHOW COLUMNS FROM `app2_setting` [ RunTime:0.002000s ]
SQL: SELECT `key`,`value` FROM `app2_setting`  [ RunTime:0.001000s ]
NOTIC: [2] unlink(C:\wamp\www\ThinkPHPCMS\Public\Runtime\Temp/71df8fced343b2a8ba67c00a47a67b50.php): No such file or directory C:\wamp\www\ThinkPHPCMS\Libs\ThinkPHP\Library\Think\Cache\Driver\File.class.php 第 157 行.
INFO: Run \Common\Behavior\SettingBehavior [ RunTime:0.018001s ]
INFO: [ app_begin ] --END-- [ RunTime:0.020001s ]
INFO: [ app_end ] --START--
INFO: Run Behavior\ShowPageTraceBehavior [ RunTime:0.002000s ]
INFO: [ app_end ] --END-- [ RunTime:0.002000s ]

[ 2015-12-14T19:21:58+08:00 ] 127.0.0.1 /thinkphpcms/index.php?m=admin&c=index&a=public_sessionlife
INFO: [ app_begin ] --START--
INFO: Run Behavior\ReadHtmlCacheBehavior [ RunTime:0.001000s ]
SQL: SHOW COLUMNS FROM `app2_setting` [ RunTime:0.003000s ]
SQL: SELECT `key`,`value` FROM `app2_setting`  [ RunTime:0.001001s ]
NOTIC: [2] unlink(C:\wamp\www\ThinkPHPCMS\Public\Runtime\Temp/71df8fced343b2a8ba67c00a47a67b50.php): No such file or directory C:\wamp\www\ThinkPHPCMS\Libs\ThinkPHP\Library\Think\Cache\Driver\File.class.php 第 157 行.
INFO: Run \Common\Behavior\SettingBehavior [ RunTime:0.015001s ]
INFO: [ app_begin ] --END-- [ RunTime:0.016001s ]
INFO: [ app_end ] --START--
INFO: Run Behavior\ShowPageTraceBehavior [ RunTime:0.001000s ]
INFO: [ app_end ] --END-- [ RunTime:0.002000s ]

[ 2015-12-14T19:31:58+08:00 ] 127.0.0.1 /thinkphpcms/index.php?m=admin&c=index&a=public_sessionlife
INFO: [ app_begin ] --START--
INFO: Run Behavior\ReadHtmlCacheBehavior [ RunTime:0.000000s ]
SQL: SHOW COLUMNS FROM `app2_setting` [ RunTime:0.002000s ]
SQL: SELECT `key`,`value` FROM `app2_setting`  [ RunTime:0.001000s ]
NOTIC: [2] unlink(C:\wamp\www\ThinkPHPCMS\Public\Runtime\Temp/71df8fced343b2a8ba67c00a47a67b50.php): No such file or directory C:\wamp\www\ThinkPHPCMS\Libs\ThinkPHP\Library\Think\Cache\Driver\File.class.php 第 157 行.
INFO: Run \Common\Behavior\SettingBehavior [ RunTime:0.021001s ]
INFO: [ app_begin ] --END-- [ RunTime:0.022001s ]
INFO: [ app_end ] --START--
INFO: Run Behavior\ShowPageTraceBehavior [ RunTime:0.001001s ]
INFO: [ app_end ] --END-- [ RunTime:0.001001s ]

