[ 2015-10-08T21:49:56+08:00 ] ::1 /thinkphpcms/index.php/home/index/test
INFO: [ app_begin ] --START--
INFO: Run Behavior\ReadHtmlCacheBehavior [ RunTime:0.001000s ]
NOTIC: [8192] mysql_connect(): The mysql extension is deprecated and will be removed in the future: use mysqli or PDO instead C:\wamp\www\ThinkPHPCMS\Libs\ThinkPHP\Library\Think\Db\Driver\Mysql.class.php 第 52 行.
SQL: SHOW COLUMNS FROM `app_setting` [ RunTime:0.003000s ]
ERR: 1146:La table 'thinkphp.app_setting' n'existe pas
 [ SQL语句 ] : SHOW COLUMNS FROM `app_setting`
SQL: SELECT `key`,`value` FROM `app_setting`  [ RunTime:0.001000s ]
ERR: 1146:La table 'thinkphp.app_setting' n'existe pas
 [ SQL语句 ] : SELECT `key`,`value` FROM `app_setting` 
NOTIC: [2] unlink(C:\wamp\www\ThinkPHPCMS\Public\Runtime\Temp/71df8fced343b2a8ba67c00a47a67b50.php): No such file or directory C:\wamp\www\ThinkPHPCMS\Libs\ThinkPHP\Library\Think\Cache\Driver\File.class.php 第 157 行.
INFO: Run \Common\Behavior\SettingBehavior [ RunTime:0.027003s ]
INFO: [ app_begin ] --END-- [ RunTime:0.028003s ]

[ 2015-10-08T21:50:01+08:00 ] ::1 /thinkphpcms/index.php/home/index/test
INFO: [ app_begin ] --START--
INFO: Run Behavior\ReadHtmlCacheBehavior [ RunTime:0.001000s ]
NOTIC: [8192] mysql_connect(): The mysql extension is deprecated and will be removed in the future: use mysqli or PDO instead C:\wamp\www\ThinkPHPCMS\Libs\ThinkPHP\Library\Think\Db\Driver\Mysql.class.php 第 52 行.
SQL: SHOW COLUMNS FROM `app_setting` [ RunTime:0.000000s ]
ERR: 1146:La table 'thinkphp.app_setting' n'existe pas
 [ SQL语句 ] : SHOW COLUMNS FROM `app_setting`
SQL: SELECT `key`,`value` FROM `app_setting`  [ RunTime:0.000000s ]
ERR: 1146:La table 'thinkphp.app_setting' n'existe pas
 [ SQL语句 ] : SELECT `key`,`value` FROM `app_setting` 
NOTIC: [2] unlink(C:\wamp\www\ThinkPHPCMS\Public\Runtime\Temp/71df8fced343b2a8ba67c00a47a67b50.php): No such file or directory C:\wamp\www\ThinkPHPCMS\Libs\ThinkPHP\Library\Think\Cache\Driver\File.class.php 第 157 行.
INFO: Run \Common\Behavior\SettingBehavior [ RunTime:0.036002s ]
INFO: [ app_begin ] --END-- [ RunTime:0.038002s ]

[ 2015-10-08T23:58:11+08:00 ] ::1 /thinkphpcms/index.php/home/index/question
INFO: [ app_begin ] --START--
INFO: Run Behavior\ReadHtmlCacheBehavior [ RunTime:0.002000s ]
NOTIC: [8192] mysql_connect(): The mysql extension is deprecated and will be removed in the future: use mysqli or PDO instead C:\wamp\www\ThinkPHPCMS\Libs\ThinkPHP\Library\Think\Db\Driver\Mysql.class.php 第 52 行.
SQL: SHOW COLUMNS FROM `app_setting` [ RunTime:0.000000s ]
ERR: 1146:La table 'thinkphp.app_setting' n'existe pas
 [ SQL语句 ] : SHOW COLUMNS FROM `app_setting`
SQL: SELECT `key`,`value` FROM `app_setting`  [ RunTime:0.000000s ]
ERR: 1146:La table 'thinkphp.app_setting' n'existe pas
 [ SQL语句 ] : SELECT `key`,`value` FROM `app_setting` 
NOTIC: [2] unlink(C:\wamp\www\ThinkPHPCMS\Public\Runtime\Temp/71df8fced343b2a8ba67c00a47a67b50.php): No such file or directory C:\wamp\www\ThinkPHPCMS\Libs\ThinkPHP\Library\Think\Cache\Driver\File.class.php 第 157 行.
INFO: Run \Common\Behavior\SettingBehavior [ RunTime:0.052003s ]
INFO: [ app_begin ] --END-- [ RunTime:0.054003s ]
SQL: SHOW COLUMNS FROM `app_paper_content` [ RunTime:0.000000s ]
SQL: SELECT `question_num` FROM `app_paper_content` WHERE ( `paper_id` = '201001' ) LIMIT 1   [ RunTime:0.000000s ]
SQL: SELECT `content` FROM `app_paper_content` WHERE ( `paper_id` = '201001' ) LIMIT 1   [ RunTime:0.000000s ]
SQL: SHOW COLUMNS FROM `app_option` [ RunTime:0.000000s ]
SQL: SELECT `title`,`type` FROM `app_option` WHERE ( question_id=2011010001 ) LIMIT 1   [ RunTime:0.000000s ]
SQL: SELECT `a`,`b`,`c`,`d`,`e`,`f`,`g`,`h` FROM `app_option` WHERE ( `question_id` = '2011010001' ) LIMIT 1   [ RunTime:0.000000s ]
NOTIC: [8] Undefined variable: studentID C:\wamp\www\ThinkPHPCMS\App\Home\Controller\IndexController.class.php 第 12 行.
SQL: SHOW COLUMNS FROM `app_submit_exam` [ RunTime:0.000000s ]
SQL: SELECT `answer` FROM `app_submit_exam` WHERE ( `student_id` = null ) AND ( `paper_id` = '201001' ) AND ( `num` = '1' ) LIMIT 1   [ RunTime:0.000000s ]

[ 2015-10-08T23:58:36+08:00 ] ::1 /thinkphpcms/index.php/home/index/question
INFO: [ app_begin ] --START--
INFO: Run Behavior\ReadHtmlCacheBehavior [ RunTime:0.001000s ]
NOTIC: [8192] mysql_connect(): The mysql extension is deprecated and will be removed in the future: use mysqli or PDO instead C:\wamp\www\ThinkPHPCMS\Libs\ThinkPHP\Library\Think\Db\Driver\Mysql.class.php 第 52 行.
SQL: SHOW COLUMNS FROM `app_setting` [ RunTime:0.006000s ]
ERR: 1146:La table 'thinkphp.app_setting' n'existe pas
 [ SQL语句 ] : SHOW COLUMNS FROM `app_setting`
SQL: SELECT `key`,`value` FROM `app_setting`  [ RunTime:0.001000s ]
ERR: 1146:La table 'thinkphp.app_setting' n'existe pas
 [ SQL语句 ] : SELECT `key`,`value` FROM `app_setting` 
NOTIC: [2] unlink(C:\wamp\www\ThinkPHPCMS\Public\Runtime\Temp/71df8fced343b2a8ba67c00a47a67b50.php): No such file or directory C:\wamp\www\ThinkPHPCMS\Libs\ThinkPHP\Library\Think\Cache\Driver\File.class.php 第 157 行.
INFO: Run \Common\Behavior\SettingBehavior [ RunTime:0.044005s ]
INFO: [ app_begin ] --END-- [ RunTime:0.046005s ]
SQL: SHOW COLUMNS FROM `app_paper_content` [ RunTime:0.007000s ]
SQL: SELECT `question_num` FROM `app_paper_content` WHERE ( `paper_id` = '201001' ) LIMIT 1   [ RunTime:0.001000s ]
SQL: SELECT `content` FROM `app_paper_content` WHERE ( `paper_id` = '201001' ) LIMIT 1   [ RunTime:0.001000s ]
SQL: SHOW COLUMNS FROM `app_option` [ RunTime:0.005001s ]
SQL: SELECT `title`,`type` FROM `app_option` WHERE ( question_id=2011010001 ) LIMIT 1   [ RunTime:0.001000s ]
SQL: SELECT `a`,`b`,`c`,`d`,`e`,`f`,`g`,`h` FROM `app_option` WHERE ( `question_id` = '2011010001' ) LIMIT 1   [ RunTime:0.001000s ]
NOTIC: [8] Undefined variable: studentID C:\wamp\www\ThinkPHPCMS\App\Home\Controller\IndexController.class.php 第 12 行.
SQL: SHOW COLUMNS FROM `app_submit_exam` [ RunTime:0.005001s ]
SQL: SELECT `answer` FROM `app_submit_exam` WHERE ( `student_id` = null ) AND ( `paper_id` = '201001' ) AND ( `num` = '1' ) LIMIT 1   [ RunTime:0.001000s ]

[ 2015-10-08T23:59:24+08:00 ] ::1 /thinkphpcms/index.php/home/index/question
INFO: [ app_begin ] --START--
INFO: Run Behavior\ReadHtmlCacheBehavior [ RunTime:0.001000s ]
NOTIC: [8192] mysql_connect(): The mysql extension is deprecated and will be removed in the future: use mysqli or PDO instead C:\wamp\www\ThinkPHPCMS\Libs\ThinkPHP\Library\Think\Db\Driver\Mysql.class.php 第 52 行.
SQL: SHOW COLUMNS FROM `app_setting` [ RunTime:0.003001s ]
ERR: 1146:La table 'thinkphp.app_setting' n'existe pas
 [ SQL语句 ] : SHOW COLUMNS FROM `app_setting`
SQL: SELECT `key`,`value` FROM `app_setting`  [ RunTime:0.001000s ]
ERR: 1146:La table 'thinkphp.app_setting' n'existe pas
 [ SQL语句 ] : SELECT `key`,`value` FROM `app_setting` 
NOTIC: [2] unlink(C:\wamp\www\ThinkPHPCMS\Public\Runtime\Temp/71df8fced343b2a8ba67c00a47a67b50.php): No such file or directory C:\wamp\www\ThinkPHPCMS\Libs\ThinkPHP\Library\Think\Cache\Driver\File.class.php 第 157 行.
INFO: Run \Common\Behavior\SettingBehavior [ RunTime:0.031002s ]
INFO: [ app_begin ] --END-- [ RunTime:0.035002s ]
SQL: SHOW COLUMNS FROM `app_paper_content` [ RunTime:0.005000s ]
SQL: SELECT `question_num` FROM `app_paper_content` WHERE ( `paper_id` = '201001' ) LIMIT 1   [ RunTime:0.001001s ]
SQL: SELECT `content` FROM `app_paper_content` WHERE ( `paper_id` = '201001' ) LIMIT 1   [ RunTime:0.000000s ]
SQL: SHOW COLUMNS FROM `app_option` [ RunTime:0.005000s ]
SQL: SELECT `title`,`type` FROM `app_option` WHERE ( question_id=2011010001 ) LIMIT 1   [ RunTime:0.001000s ]
SQL: SELECT `a`,`b`,`c`,`d`,`e`,`f`,`g`,`h` FROM `app_option` WHERE ( `question_id` = '2011010001' ) LIMIT 1   [ RunTime:0.001000s ]
NOTIC: [8] Undefined variable: studentID C:\wamp\www\ThinkPHPCMS\App\Home\Controller\IndexController.class.php 第 13 行.
SQL: SHOW COLUMNS FROM `app_submit_exam` [ RunTime:0.004001s ]
SQL: SELECT `answer` FROM `app_submit_exam` WHERE ( `student_id` = null ) AND ( `paper_id` = '201001' ) AND ( `num` = '1' ) LIMIT 1   [ RunTime:0.001000s ]

[ 2015-10-08T23:59:28+08:00 ] ::1 /thinkphpcms/index.php/home/index/question
INFO: [ app_begin ] --START--
INFO: Run Behavior\ReadHtmlCacheBehavior [ RunTime:0.001000s ]
NOTIC: [8192] mysql_connect(): The mysql extension is deprecated and will be removed in the future: use mysqli or PDO instead C:\wamp\www\ThinkPHPCMS\Libs\ThinkPHP\Library\Think\Db\Driver\Mysql.class.php 第 52 行.
SQL: SHOW COLUMNS FROM `app_setting` [ RunTime:0.005000s ]
ERR: 1146:La table 'thinkphp.app_setting' n'existe pas
 [ SQL语句 ] : SHOW COLUMNS FROM `app_setting`
SQL: SELECT `key`,`value` FROM `app_setting`  [ RunTime:0.001000s ]
ERR: 1146:La table 'thinkphp.app_setting' n'existe pas
 [ SQL语句 ] : SELECT `key`,`value` FROM `app_setting` 
NOTIC: [2] unlink(C:\wamp\www\ThinkPHPCMS\Public\Runtime\Temp/71df8fced343b2a8ba67c00a47a67b50.php): No such file or directory C:\wamp\www\ThinkPHPCMS\Libs\ThinkPHP\Library\Think\Cache\Driver\File.class.php 第 157 行.
INFO: Run \Common\Behavior\SettingBehavior [ RunTime:0.048002s ]
INFO: [ app_begin ] --END-- [ RunTime:0.052003s ]
SQL: SHOW COLUMNS FROM `app_paper_content` [ RunTime:0.006000s ]
SQL: SELECT `question_num` FROM `app_paper_content` WHERE ( `paper_id` = '201001' ) LIMIT 1   [ RunTime:0.002000s ]
SQL: SELECT `content` FROM `app_paper_content` WHERE ( `paper_id` = '201001' ) LIMIT 1   [ RunTime:0.000000s ]
SQL: SHOW COLUMNS FROM `app_option` [ RunTime:0.000000s ]
SQL: SELECT `title`,`type` FROM `app_option` WHERE ( question_id=2011010001 ) LIMIT 1   [ RunTime:0.000000s ]
SQL: SELECT `a`,`b`,`c`,`d`,`e`,`f`,`g`,`h` FROM `app_option` WHERE ( `question_id` = '2011010001' ) LIMIT 1   [ RunTime:0.000000s ]
NOTIC: [8] Undefined variable: studentID C:\wamp\www\ThinkPHPCMS\App\Home\Controller\IndexController.class.php 第 13 行.
SQL: SHOW COLUMNS FROM `app_submit_exam` [ RunTime:0.000000s ]
SQL: SELECT `answer` FROM `app_submit_exam` WHERE ( `student_id` = null ) AND ( `paper_id` = '201001' ) AND ( `num` = '1' ) LIMIT 1   [ RunTime:0.000000s ]

[ 2015-10-08T23:59:30+08:00 ] ::1 /thinkphpcms/index.php/home/index/question
INFO: [ app_begin ] --START--
INFO: Run Behavior\ReadHtmlCacheBehavior [ RunTime:0.001000s ]
NOTIC: [8192] mysql_connect(): The mysql extension is deprecated and will be removed in the future: use mysqli or PDO instead C:\wamp\www\ThinkPHPCMS\Libs\ThinkPHP\Library\Think\Db\Driver\Mysql.class.php 第 52 行.
SQL: SHOW COLUMNS FROM `app_setting` [ RunTime:0.000000s ]
ERR: 1146:La table 'thinkphp.app_setting' n'existe pas
 [ SQL语句 ] : SHOW COLUMNS FROM `app_setting`
SQL: SELECT `key`,`value` FROM `app_setting`  [ RunTime:0.000000s ]
ERR: 1146:La table 'thinkphp.app_setting' n'existe pas
 [ SQL语句 ] : SELECT `key`,`value` FROM `app_setting` 
NOTIC: [2] unlink(C:\wamp\www\ThinkPHPCMS\Public\Runtime\Temp/71df8fced343b2a8ba67c00a47a67b50.php): No such file or directory C:\wamp\www\ThinkPHPCMS\Libs\ThinkPHP\Library\Think\Cache\Driver\File.class.php 第 157 行.
INFO: Run \Common\Behavior\SettingBehavior [ RunTime:0.017001s ]
INFO: [ app_begin ] --END-- [ RunTime:0.019001s ]
SQL: SHOW COLUMNS FROM `app_paper_content` [ RunTime:0.000000s ]
SQL: SELECT `question_num` FROM `app_paper_content` WHERE ( `paper_id` = '201001' ) LIMIT 1   [ RunTime:0.000000s ]
SQL: SELECT `content` FROM `app_paper_content` WHERE ( `paper_id` = '201001' ) LIMIT 1   [ RunTime:0.000000s ]
SQL: SHOW COLUMNS FROM `app_option` [ RunTime:0.000000s ]
SQL: SELECT `title`,`type` FROM `app_option` WHERE ( question_id=2011010001 ) LIMIT 1   [ RunTime:0.000000s ]
SQL: SELECT `a`,`b`,`c`,`d`,`e`,`f`,`g`,`h` FROM `app_option` WHERE ( `question_id` = '2011010001' ) LIMIT 1   [ RunTime:0.000000s ]
NOTIC: [8] Undefined variable: studentID C:\wamp\www\ThinkPHPCMS\App\Home\Controller\IndexController.class.php 第 13 行.
SQL: SHOW COLUMNS FROM `app_submit_exam` [ RunTime:0.010000s ]
SQL: SELECT `answer` FROM `app_submit_exam` WHERE ( `student_id` = null ) AND ( `paper_id` = '201001' ) AND ( `num` = '1' ) LIMIT 1   [ RunTime:0.000000s ]

[ 2015-10-08T23:59:30+08:00 ] ::1 /thinkphpcms/index.php/home/index/question
INFO: [ app_begin ] --START--
INFO: Run Behavior\ReadHtmlCacheBehavior [ RunTime:0.001000s ]
NOTIC: [8192] mysql_connect(): The mysql extension is deprecated and will be removed in the future: use mysqli or PDO instead C:\wamp\www\ThinkPHPCMS\Libs\ThinkPHP\Library\Think\Db\Driver\Mysql.class.php 第 52 行.
SQL: SHOW COLUMNS FROM `app_setting` [ RunTime:0.003000s ]
ERR: 1146:La table 'thinkphp.app_setting' n'existe pas
 [ SQL语句 ] : SHOW COLUMNS FROM `app_setting`
SQL: SELECT `key`,`value` FROM `app_setting`  [ RunTime:0.001001s ]
ERR: 1146:La table 'thinkphp.app_setting' n'existe pas
 [ SQL语句 ] : SELECT `key`,`value` FROM `app_setting` 
NOTIC: [2] unlink(C:\wamp\www\ThinkPHPCMS\Public\Runtime\Temp/71df8fced343b2a8ba67c00a47a67b50.php): No such file or directory C:\wamp\www\ThinkPHPCMS\Libs\ThinkPHP\Library\Think\Cache\Driver\File.class.php 第 157 行.
INFO: Run \Common\Behavior\SettingBehavior [ RunTime:0.029002s ]
INFO: [ app_begin ] --END-- [ RunTime:0.031002s ]
SQL: SHOW COLUMNS FROM `app_paper_content` [ RunTime:0.000000s ]
SQL: SELECT `question_num` FROM `app_paper_content` WHERE ( `paper_id` = '201001' ) LIMIT 1   [ RunTime:0.000000s ]
SQL: SELECT `content` FROM `app_paper_content` WHERE ( `paper_id` = '201001' ) LIMIT 1   [ RunTime:0.000000s ]
SQL: SHOW COLUMNS FROM `app_option` [ RunTime:0.010000s ]
SQL: SELECT `title`,`type` FROM `app_option` WHERE ( question_id=2011010001 ) LIMIT 1   [ RunTime:0.000000s ]
SQL: SELECT `a`,`b`,`c`,`d`,`e`,`f`,`g`,`h` FROM `app_option` WHERE ( `question_id` = '2011010001' ) LIMIT 1   [ RunTime:0.000000s ]
NOTIC: [8] Undefined variable: studentID C:\wamp\www\ThinkPHPCMS\App\Home\Controller\IndexController.class.php 第 13 行.
SQL: SHOW COLUMNS FROM `app_submit_exam` [ RunTime:0.010000s ]
SQL: SELECT `answer` FROM `app_submit_exam` WHERE ( `student_id` = null ) AND ( `paper_id` = '201001' ) AND ( `num` = '1' ) LIMIT 1   [ RunTime:0.000000s ]

[ 2015-10-08T23:59:31+08:00 ] ::1 /thinkphpcms/index.php/home/index/question
INFO: [ app_begin ] --START--
INFO: Run Behavior\ReadHtmlCacheBehavior [ RunTime:0.001000s ]
NOTIC: [8192] mysql_connect(): The mysql extension is deprecated and will be removed in the future: use mysqli or PDO instead C:\wamp\www\ThinkPHPCMS\Libs\ThinkPHP\Library\Think\Db\Driver\Mysql.class.php 第 52 行.
SQL: SHOW COLUMNS FROM `app_setting` [ RunTime:0.000000s ]
ERR: 1146:La table 'thinkphp.app_setting' n'existe pas
 [ SQL语句 ] : SHOW COLUMNS FROM `app_setting`
SQL: SELECT `key`,`value` FROM `app_setting`  [ RunTime:0.000000s ]
ERR: 1146:La table 'thinkphp.app_setting' n'existe pas
 [ SQL语句 ] : SELECT `key`,`value` FROM `app_setting` 
NOTIC: [2] unlink(C:\wamp\www\ThinkPHPCMS\Public\Runtime\Temp/71df8fced343b2a8ba67c00a47a67b50.php): No such file or directory C:\wamp\www\ThinkPHPCMS\Libs\ThinkPHP\Library\Think\Cache\Driver\File.class.php 第 157 行.
INFO: Run \Common\Behavior\SettingBehavior [ RunTime:0.016000s ]
INFO: [ app_begin ] --END-- [ RunTime:0.019000s ]
SQL: SHOW COLUMNS FROM `app_paper_content` [ RunTime:0.000000s ]
SQL: SELECT `question_num` FROM `app_paper_content` WHERE ( `paper_id` = '201001' ) LIMIT 1   [ RunTime:0.001000s ]
SQL: SELECT `content` FROM `app_paper_content` WHERE ( `paper_id` = '201001' ) LIMIT 1   [ RunTime:0.001000s ]
SQL: SHOW COLUMNS FROM `app_option` [ RunTime:0.005000s ]
SQL: SELECT `title`,`type` FROM `app_option` WHERE ( question_id=2011010001 ) LIMIT 1   [ RunTime:0.001000s ]
SQL: SELECT `a`,`b`,`c`,`d`,`e`,`f`,`g`,`h` FROM `app_option` WHERE ( `question_id` = '2011010001' ) LIMIT 1   [ RunTime:0.000000s ]
NOTIC: [8] Undefined variable: studentID C:\wamp\www\ThinkPHPCMS\App\Home\Controller\IndexController.class.php 第 13 行.
SQL: SHOW COLUMNS FROM `app_submit_exam` [ RunTime:0.004000s ]
SQL: SELECT `answer` FROM `app_submit_exam` WHERE ( `student_id` = null ) AND ( `paper_id` = '201001' ) AND ( `num` = '1' ) LIMIT 1   [ RunTime:0.001001s ]

[ 2015-10-08T23:59:31+08:00 ] ::1 /thinkphpcms/index.php/home/index/question
INFO: [ app_begin ] --START--
INFO: Run Behavior\ReadHtmlCacheBehavior [ RunTime:0.001000s ]
NOTIC: [8192] mysql_connect(): The mysql extension is deprecated and will be removed in the future: use mysqli or PDO instead C:\wamp\www\ThinkPHPCMS\Libs\ThinkPHP\Library\Think\Db\Driver\Mysql.class.php 第 52 行.
SQL: SHOW COLUMNS FROM `app_setting` [ RunTime:0.000000s ]
ERR: 1146:La table 'thinkphp.app_setting' n'existe pas
 [ SQL语句 ] : SHOW COLUMNS FROM `app_setting`
SQL: SELECT `key`,`value` FROM `app_setting`  [ RunTime:0.000000s ]
ERR: 1146:La table 'thinkphp.app_setting' n'existe pas
 [ SQL语句 ] : SELECT `key`,`value` FROM `app_setting` 
NOTIC: [2] unlink(C:\wamp\www\ThinkPHPCMS\Public\Runtime\Temp/71df8fced343b2a8ba67c00a47a67b50.php): No such file or directory C:\wamp\www\ThinkPHPCMS\Libs\ThinkPHP\Library\Think\Cache\Driver\File.class.php 第 157 行.
INFO: Run \Common\Behavior\SettingBehavior [ RunTime:0.027001s ]
INFO: [ app_begin ] --END-- [ RunTime:0.029001s ]
SQL: SHOW COLUMNS FROM `app_paper_content` [ RunTime:0.000000s ]
SQL: SELECT `question_num` FROM `app_paper_content` WHERE ( `paper_id` = '201001' ) LIMIT 1   [ RunTime:0.000000s ]
SQL: SELECT `content` FROM `app_paper_content` WHERE ( `paper_id` = '201001' ) LIMIT 1   [ RunTime:0.000000s ]
SQL: SHOW COLUMNS FROM `app_option` [ RunTime:0.000000s ]
SQL: SELECT `title`,`type` FROM `app_option` WHERE ( question_id=2011010001 ) LIMIT 1   [ RunTime:0.000000s ]
SQL: SELECT `a`,`b`,`c`,`d`,`e`,`f`,`g`,`h` FROM `app_option` WHERE ( `question_id` = '2011010001' ) LIMIT 1   [ RunTime:0.000000s ]
NOTIC: [8] Undefined variable: studentID C:\wamp\www\ThinkPHPCMS\App\Home\Controller\IndexController.class.php 第 13 行.
SQL: SHOW COLUMNS FROM `app_submit_exam` [ RunTime:0.000000s ]
SQL: SELECT `answer` FROM `app_submit_exam` WHERE ( `student_id` = null ) AND ( `paper_id` = '201001' ) AND ( `num` = '1' ) LIMIT 1   [ RunTime:0.000000s ]

[ 2015-10-08T23:59:31+08:00 ] ::1 /thinkphpcms/index.php/home/index/question
INFO: [ app_begin ] --START--
INFO: Run Behavior\ReadHtmlCacheBehavior [ RunTime:0.001000s ]
NOTIC: [8192] mysql_connect(): The mysql extension is deprecated and will be removed in the future: use mysqli or PDO instead C:\wamp\www\ThinkPHPCMS\Libs\ThinkPHP\Library\Think\Db\Driver\Mysql.class.php 第 52 行.
SQL: SHOW COLUMNS FROM `app_setting` [ RunTime:0.000000s ]
ERR: 1146:La table 'thinkphp.app_setting' n'existe pas
 [ SQL语句 ] : SHOW COLUMNS FROM `app_setting`
SQL: SELECT `key`,`value` FROM `app_setting`  [ RunTime:0.010000s ]
ERR: 1146:La table 'thinkphp.app_setting' n'existe pas
 [ SQL语句 ] : SELECT `key`,`value` FROM `app_setting` 
NOTIC: [2] unlink(C:\wamp\www\ThinkPHPCMS\Public\Runtime\Temp/71df8fced343b2a8ba67c00a47a67b50.php): No such file or directory C:\wamp\www\ThinkPHPCMS\Libs\ThinkPHP\Library\Think\Cache\Driver\File.class.php 第 157 行.
INFO: Run \Common\Behavior\SettingBehavior [ RunTime:0.034001s ]
INFO: [ app_begin ] --END-- [ RunTime:0.036001s ]
SQL: SHOW COLUMNS FROM `app_paper_content` [ RunTime:0.004000s ]
SQL: SELECT `question_num` FROM `app_paper_content` WHERE ( `paper_id` = '201001' ) LIMIT 1   [ RunTime:0.001000s ]
SQL: SELECT `content` FROM `app_paper_content` WHERE ( `paper_id` = '201001' ) LIMIT 1   [ RunTime:0.001000s ]
SQL: SHOW COLUMNS FROM `app_option` [ RunTime:0.004000s ]
SQL: SELECT `title`,`type` FROM `app_option` WHERE ( question_id=2011010001 ) LIMIT 1   [ RunTime:0.000000s ]
SQL: SELECT `a`,`b`,`c`,`d`,`e`,`f`,`g`,`h` FROM `app_option` WHERE ( `question_id` = '2011010001' ) LIMIT 1   [ RunTime:0.002000s ]
NOTIC: [8] Undefined variable: studentID C:\wamp\www\ThinkPHPCMS\App\Home\Controller\IndexController.class.php 第 13 行.
SQL: SHOW COLUMNS FROM `app_submit_exam` [ RunTime:0.004000s ]
SQL: SELECT `answer` FROM `app_submit_exam` WHERE ( `student_id` = null ) AND ( `paper_id` = '201001' ) AND ( `num` = '1' ) LIMIT 1   [ RunTime:0.002000s ]

[ 2015-10-08T23:59:32+08:00 ] ::1 /thinkphpcms/index.php/home/index/question
INFO: [ app_begin ] --START--
INFO: Run Behavior\ReadHtmlCacheBehavior [ RunTime:0.000000s ]
NOTIC: [8192] mysql_connect(): The mysql extension is deprecated and will be removed in the future: use mysqli or PDO instead C:\wamp\www\ThinkPHPCMS\Libs\ThinkPHP\Library\Think\Db\Driver\Mysql.class.php 第 52 行.
SQL: SHOW COLUMNS FROM `app_setting` [ RunTime:0.000000s ]
ERR: 1146:La table 'thinkphp.app_setting' n'existe pas
 [ SQL语句 ] : SHOW COLUMNS FROM `app_setting`
SQL: SELECT `key`,`value` FROM `app_setting`  [ RunTime:0.011000s ]
ERR: 1146:La table 'thinkphp.app_setting' n'existe pas
 [ SQL语句 ] : SELECT `key`,`value` FROM `app_setting` 
NOTIC: [2] unlink(C:\wamp\www\ThinkPHPCMS\Public\Runtime\Temp/71df8fced343b2a8ba67c00a47a67b50.php): No such file or directory C:\wamp\www\ThinkPHPCMS\Libs\ThinkPHP\Library\Think\Cache\Driver\File.class.php 第 157 行.
INFO: Run \Common\Behavior\SettingBehavior [ RunTime:0.031000s ]
INFO: [ app_begin ] --END-- [ RunTime:0.031000s ]
SQL: SHOW COLUMNS FROM `app_paper_content` [ RunTime:0.007001s ]
SQL: SELECT `question_num` FROM `app_paper_content` WHERE ( `paper_id` = '201001' ) LIMIT 1   [ RunTime:0.000000s ]
SQL: SELECT `content` FROM `app_paper_content` WHERE ( `paper_id` = '201001' ) LIMIT 1   [ RunTime:0.000000s ]
SQL: SHOW COLUMNS FROM `app_option` [ RunTime:0.002000s ]
SQL: SELECT `title`,`type` FROM `app_option` WHERE ( question_id=2011010001 ) LIMIT 1   [ RunTime:0.000000s ]
SQL: SELECT `a`,`b`,`c`,`d`,`e`,`f`,`g`,`h` FROM `app_option` WHERE ( `question_id` = '2011010001' ) LIMIT 1   [ RunTime:0.000000s ]
NOTIC: [8] Undefined variable: studentID C:\wamp\www\ThinkPHPCMS\App\Home\Controller\IndexController.class.php 第 13 行.
SQL: SHOW COLUMNS FROM `app_submit_exam` [ RunTime:0.000000s ]
SQL: SELECT `answer` FROM `app_submit_exam` WHERE ( `student_id` = null ) AND ( `paper_id` = '201001' ) AND ( `num` = '1' ) LIMIT 1   [ RunTime:0.000000s ]

