[ 2016-01-04T10:12:45+08:00 ] 127.0.0.1 /thinkphpcms/index.php?m=admin&c=index&a=public_sessionlife
INFO: [ app_begin ] --START--
INFO: Run Behavior\ReadHtmlCacheBehavior [ RunTime:0.000000s ]
SQL: SHOW COLUMNS FROM `app2_setting` [ RunTime:0.002000s ]
SQL: SELECT `key`,`value` FROM `app2_setting`  [ RunTime:0.001000s ]
NOTIC: [2] unlink(C:\wamp\www\ThinkPHPCMS\Public\Runtime\Temp/71df8fced343b2a8ba67c00a47a67b50.php): No such file or directory C:\wamp\www\ThinkPHPCMS\Libs\ThinkPHP\Library\Think\Cache\Driver\File.class.php 第 157 行.
INFO: Run \Common\Behavior\SettingBehavior [ RunTime:0.018001s ]
INFO: [ app_begin ] --END-- [ RunTime:0.020001s ]
INFO: [ app_end ] --START--
INFO: Run Behavior\ShowPageTraceBehavior [ RunTime:0.000000s ]
INFO: [ app_end ] --END-- [ RunTime:0.000000s ]

[ 2016-01-04T10:22:45+08:00 ] 127.0.0.1 /thinkphpcms/index.php?m=admin&c=index&a=public_sessionlife
INFO: [ app_begin ] --START--
INFO: Run Behavior\ReadHtmlCacheBehavior [ RunTime:0.001000s ]
SQL: SHOW COLUMNS FROM `app2_setting` [ RunTime:0.003000s ]
SQL: SELECT `key`,`value` FROM `app2_setting`  [ RunTime:0.001000s ]
NOTIC: [2] unlink(C:\wamp\www\ThinkPHPCMS\Public\Runtime\Temp/71df8fced343b2a8ba67c00a47a67b50.php): No such file or directory C:\wamp\www\ThinkPHPCMS\Libs\ThinkPHP\Library\Think\Cache\Driver\File.class.php 第 157 行.
INFO: Run \Common\Behavior\SettingBehavior [ RunTime:0.011001s ]
INFO: [ app_begin ] --END-- [ RunTime:0.012001s ]
INFO: [ app_end ] --START--
INFO: Run Behavior\ShowPageTraceBehavior [ RunTime:0.001000s ]
INFO: [ app_end ] --END-- [ RunTime:0.001000s ]

[ 2016-01-04T10:32:45+08:00 ] 127.0.0.1 /thinkphpcms/index.php?m=admin&c=index&a=public_sessionlife
INFO: [ app_begin ] --START--
INFO: Run Behavior\ReadHtmlCacheBehavior [ RunTime:0.001000s ]
SQL: SHOW COLUMNS FROM `app2_setting` [ RunTime:0.002001s ]
SQL: SELECT `key`,`value` FROM `app2_setting`  [ RunTime:0.001000s ]
NOTIC: [2] unlink(C:\wamp\www\ThinkPHPCMS\Public\Runtime\Temp/71df8fced343b2a8ba67c00a47a67b50.php): No such file or directory C:\wamp\www\ThinkPHPCMS\Libs\ThinkPHP\Library\Think\Cache\Driver\File.class.php 第 157 行.
INFO: Run \Common\Behavior\SettingBehavior [ RunTime:0.024002s ]
INFO: [ app_begin ] --END-- [ RunTime:0.026002s ]
INFO: [ app_end ] --START--
INFO: Run Behavior\ShowPageTraceBehavior [ RunTime:0.001000s ]
INFO: [ app_end ] --END-- [ RunTime:0.001000s ]

[ 2016-01-04T10:42:45+08:00 ] 127.0.0.1 /thinkphpcms/index.php?m=admin&c=index&a=public_sessionlife
INFO: [ app_begin ] --START--
INFO: Run Behavior\ReadHtmlCacheBehavior [ RunTime:0.001000s ]
SQL: SHOW COLUMNS FROM `app2_setting` [ RunTime:0.002000s ]
SQL: SELECT `key`,`value` FROM `app2_setting`  [ RunTime:0.001000s ]
NOTIC: [2] unlink(C:\wamp\www\ThinkPHPCMS\Public\Runtime\Temp/71df8fced343b2a8ba67c00a47a67b50.php): No such file or directory C:\wamp\www\ThinkPHPCMS\Libs\ThinkPHP\Library\Think\Cache\Driver\File.class.php 第 157 行.
INFO: Run \Common\Behavior\SettingBehavior [ RunTime:0.014001s ]
INFO: [ app_begin ] --END-- [ RunTime:0.016001s ]
INFO: [ app_end ] --START--
INFO: Run Behavior\ShowPageTraceBehavior [ RunTime:0.002000s ]
INFO: [ app_end ] --END-- [ RunTime:0.002000s ]

[ 2016-01-04T10:52:45+08:00 ] 127.0.0.1 /thinkphpcms/index.php?m=admin&c=index&a=public_sessionlife
INFO: [ app_begin ] --START--
INFO: Run Behavior\ReadHtmlCacheBehavior [ RunTime:0.002000s ]
SQL: SHOW COLUMNS FROM `app2_setting` [ RunTime:0.001000s ]
SQL: SELECT `key`,`value` FROM `app2_setting`  [ RunTime:0.000000s ]
NOTIC: [2] unlink(C:\wamp\www\ThinkPHPCMS\Public\Runtime\Temp/71df8fced343b2a8ba67c00a47a67b50.php): No such file or directory C:\wamp\www\ThinkPHPCMS\Libs\ThinkPHP\Library\Think\Cache\Driver\File.class.php 第 157 行.
INFO: Run \Common\Behavior\SettingBehavior [ RunTime:0.025001s ]
INFO: [ app_begin ] --END-- [ RunTime:0.029002s ]
INFO: [ app_end ] --START--
INFO: Run Behavior\ShowPageTraceBehavior [ RunTime:0.000000s ]
INFO: [ app_end ] --END-- [ RunTime:0.001000s ]

[ 2016-01-04T11:02:45+08:00 ] 127.0.0.1 /thinkphpcms/index.php?m=admin&c=index&a=public_sessionlife
INFO: [ app_begin ] --START--
INFO: Run Behavior\ReadHtmlCacheBehavior [ RunTime:0.001000s ]
SQL: SHOW COLUMNS FROM `app2_setting` [ RunTime:0.003000s ]
SQL: SELECT `key`,`value` FROM `app2_setting`  [ RunTime:0.001000s ]
NOTIC: [2] unlink(C:\wamp\www\ThinkPHPCMS\Public\Runtime\Temp/71df8fced343b2a8ba67c00a47a67b50.php): No such file or directory C:\wamp\www\ThinkPHPCMS\Libs\ThinkPHP\Library\Think\Cache\Driver\File.class.php 第 157 行.
INFO: Run \Common\Behavior\SettingBehavior [ RunTime:0.013001s ]
INFO: [ app_begin ] --END-- [ RunTime:0.014001s ]
INFO: [ app_end ] --START--
INFO: Run Behavior\ShowPageTraceBehavior [ RunTime:0.001000s ]
INFO: [ app_end ] --END-- [ RunTime:0.001000s ]

[ 2016-01-04T11:12:45+08:00 ] 127.0.0.1 /thinkphpcms/index.php?m=admin&c=index&a=public_sessionlife
INFO: [ app_begin ] --START--
INFO: Run Behavior\ReadHtmlCacheBehavior [ RunTime:0.000000s ]
SQL: SHOW COLUMNS FROM `app2_setting` [ RunTime:0.003000s ]
SQL: SELECT `key`,`value` FROM `app2_setting`  [ RunTime:0.002000s ]
NOTIC: [2] unlink(C:\wamp\www\ThinkPHPCMS\Public\Runtime\Temp/71df8fced343b2a8ba67c00a47a67b50.php): No such file or directory C:\wamp\www\ThinkPHPCMS\Libs\ThinkPHP\Library\Think\Cache\Driver\File.class.php 第 157 行.
INFO: Run \Common\Behavior\SettingBehavior [ RunTime:0.025001s ]
INFO: [ app_begin ] --END-- [ RunTime:0.026001s ]
INFO: [ app_end ] --START--
INFO: Run Behavior\ShowPageTraceBehavior [ RunTime:0.001000s ]
INFO: [ app_end ] --END-- [ RunTime:0.001000s ]

[ 2016-01-04T11:22:45+08:00 ] 127.0.0.1 /thinkphpcms/index.php?m=admin&c=index&a=public_sessionlife
INFO: [ app_begin ] --START--
INFO: Run Behavior\ReadHtmlCacheBehavior [ RunTime:0.001000s ]
SQL: SHOW COLUMNS FROM `app2_setting` [ RunTime:0.003001s ]
SQL: SELECT `key`,`value` FROM `app2_setting`  [ RunTime:0.001000s ]
NOTIC: [2] unlink(C:\wamp\www\ThinkPHPCMS\Public\Runtime\Temp/71df8fced343b2a8ba67c00a47a67b50.php): No such file or directory C:\wamp\www\ThinkPHPCMS\Libs\ThinkPHP\Library\Think\Cache\Driver\File.class.php 第 157 行.
INFO: Run \Common\Behavior\SettingBehavior [ RunTime:0.026002s ]
INFO: [ app_begin ] --END-- [ RunTime:0.027002s ]
INFO: [ app_end ] --START--
INFO: Run Behavior\ShowPageTraceBehavior [ RunTime:0.001000s ]
INFO: [ app_end ] --END-- [ RunTime:0.001000s ]

[ 2016-01-04T11:32:45+08:00 ] 127.0.0.1 /thinkphpcms/index.php?m=admin&c=index&a=public_sessionlife
INFO: [ app_begin ] --START--
INFO: Run Behavior\ReadHtmlCacheBehavior [ RunTime:0.003000s ]
SQL: SHOW COLUMNS FROM `app2_setting` [ RunTime:0.004000s ]
SQL: SELECT `key`,`value` FROM `app2_setting`  [ RunTime:0.001000s ]
NOTIC: [2] unlink(C:\wamp\www\ThinkPHPCMS\Public\Runtime\Temp/71df8fced343b2a8ba67c00a47a67b50.php): No such file or directory C:\wamp\www\ThinkPHPCMS\Libs\ThinkPHP\Library\Think\Cache\Driver\File.class.php 第 157 行.
INFO: Run \Common\Behavior\SettingBehavior [ RunTime:0.025001s ]
INFO: [ app_begin ] --END-- [ RunTime:0.029002s ]
INFO: [ app_end ] --START--
INFO: Run Behavior\ShowPageTraceBehavior [ RunTime:0.000000s ]
INFO: [ app_end ] --END-- [ RunTime:0.001000s ]

[ 2016-01-04T11:42:45+08:00 ] 127.0.0.1 /thinkphpcms/index.php?m=admin&c=index&a=public_sessionlife
INFO: [ app_begin ] --START--
INFO: Run Behavior\ReadHtmlCacheBehavior [ RunTime:0.003000s ]
SQL: SHOW COLUMNS FROM `app2_setting` [ RunTime:0.002000s ]
SQL: SELECT `key`,`value` FROM `app2_setting`  [ RunTime:0.001000s ]
NOTIC: [2] unlink(C:\wamp\www\ThinkPHPCMS\Public\Runtime\Temp/71df8fced343b2a8ba67c00a47a67b50.php): No such file or directory C:\wamp\www\ThinkPHPCMS\Libs\ThinkPHP\Library\Think\Cache\Driver\File.class.php 第 157 行.
INFO: Run \Common\Behavior\SettingBehavior [ RunTime:0.017001s ]
INFO: [ app_begin ] --END-- [ RunTime:0.021001s ]
INFO: [ app_end ] --START--
INFO: Run Behavior\ShowPageTraceBehavior [ RunTime:0.001000s ]
INFO: [ app_end ] --END-- [ RunTime:0.001000s ]

[ 2016-01-04T11:52:45+08:00 ] 127.0.0.1 /thinkphpcms/index.php?m=admin&c=index&a=public_sessionlife
INFO: [ app_begin ] --START--
INFO: Run Behavior\ReadHtmlCacheBehavior [ RunTime:0.001000s ]
SQL: SHOW COLUMNS FROM `app2_setting` [ RunTime:0.006000s ]
SQL: SELECT `key`,`value` FROM `app2_setting`  [ RunTime:0.000000s ]
NOTIC: [2] unlink(C:\wamp\www\ThinkPHPCMS\Public\Runtime\Temp/71df8fced343b2a8ba67c00a47a67b50.php): No such file or directory C:\wamp\www\ThinkPHPCMS\Libs\ThinkPHP\Library\Think\Cache\Driver\File.class.php 第 157 行.
INFO: Run \Common\Behavior\SettingBehavior [ RunTime:0.020001s ]
INFO: [ app_begin ] --END-- [ RunTime:0.023001s ]
INFO: [ app_end ] --START--
INFO: Run Behavior\ShowPageTraceBehavior [ RunTime:0.001000s ]
INFO: [ app_end ] --END-- [ RunTime:0.001000s ]

[ 2016-01-04T12:02:45+08:00 ] 127.0.0.1 /thinkphpcms/index.php?m=admin&c=index&a=public_sessionlife
INFO: [ app_begin ] --START--
INFO: Run Behavior\ReadHtmlCacheBehavior [ RunTime:0.000000s ]
SQL: SHOW COLUMNS FROM `app2_setting` [ RunTime:0.004000s ]
SQL: SELECT `key`,`value` FROM `app2_setting`  [ RunTime:0.001000s ]
NOTIC: [2] unlink(C:\wamp\www\ThinkPHPCMS\Public\Runtime\Temp/71df8fced343b2a8ba67c00a47a67b50.php): No such file or directory C:\wamp\www\ThinkPHPCMS\Libs\ThinkPHP\Library\Think\Cache\Driver\File.class.php 第 157 行.
INFO: Run \Common\Behavior\SettingBehavior [ RunTime:0.014000s ]
INFO: [ app_begin ] --END-- [ RunTime:0.014000s ]
INFO: [ app_end ] --START--
INFO: Run Behavior\ShowPageTraceBehavior [ RunTime:0.001000s ]
INFO: [ app_end ] --END-- [ RunTime:0.001000s ]

[ 2016-01-04T12:12:45+08:00 ] 127.0.0.1 /thinkphpcms/index.php?m=admin&c=index&a=public_sessionlife
INFO: [ app_begin ] --START--
INFO: Run Behavior\ReadHtmlCacheBehavior [ RunTime:0.001000s ]
SQL: SHOW COLUMNS FROM `app2_setting` [ RunTime:0.003000s ]
SQL: SELECT `key`,`value` FROM `app2_setting`  [ RunTime:0.001001s ]
NOTIC: [2] unlink(C:\wamp\www\ThinkPHPCMS\Public\Runtime\Temp/71df8fced343b2a8ba67c00a47a67b50.php): No such file or directory C:\wamp\www\ThinkPHPCMS\Libs\ThinkPHP\Library\Think\Cache\Driver\File.class.php 第 157 行.
INFO: Run \Common\Behavior\SettingBehavior [ RunTime:0.015001s ]
INFO: [ app_begin ] --END-- [ RunTime:0.016001s ]
INFO: [ app_end ] --START--
INFO: Run Behavior\ShowPageTraceBehavior [ RunTime:0.001000s ]
INFO: [ app_end ] --END-- [ RunTime:0.001000s ]

[ 2016-01-04T12:22:45+08:00 ] 127.0.0.1 /thinkphpcms/index.php?m=admin&c=index&a=public_sessionlife
INFO: [ app_begin ] --START--
INFO: Run Behavior\ReadHtmlCacheBehavior [ RunTime:0.001000s ]
SQL: SHOW COLUMNS FROM `app2_setting` [ RunTime:0.002000s ]
SQL: SELECT `key`,`value` FROM `app2_setting`  [ RunTime:0.000000s ]
NOTIC: [2] unlink(C:\wamp\www\ThinkPHPCMS\Public\Runtime\Temp/71df8fced343b2a8ba67c00a47a67b50.php): No such file or directory C:\wamp\www\ThinkPHPCMS\Libs\ThinkPHP\Library\Think\Cache\Driver\File.class.php 第 157 行.
INFO: Run \Common\Behavior\SettingBehavior [ RunTime:0.022001s ]
INFO: [ app_begin ] --END-- [ RunTime:0.023001s ]
INFO: [ app_end ] --START--
INFO: Run Behavior\ShowPageTraceBehavior [ RunTime:0.001000s ]
INFO: [ app_end ] --END-- [ RunTime:0.001000s ]

[ 2016-01-04T12:32:45+08:00 ] 127.0.0.1 /thinkphpcms/index.php?m=admin&c=index&a=public_sessionlife
INFO: [ app_begin ] --START--
INFO: Run Behavior\ReadHtmlCacheBehavior [ RunTime:0.001000s ]
SQL: SHOW COLUMNS FROM `app2_setting` [ RunTime:0.002000s ]
SQL: SELECT `key`,`value` FROM `app2_setting`  [ RunTime:0.001001s ]
NOTIC: [2] unlink(C:\wamp\www\ThinkPHPCMS\Public\Runtime\Temp/71df8fced343b2a8ba67c00a47a67b50.php): No such file or directory C:\wamp\www\ThinkPHPCMS\Libs\ThinkPHP\Library\Think\Cache\Driver\File.class.php 第 157 行.
INFO: Run \Common\Behavior\SettingBehavior [ RunTime:0.013001s ]
INFO: [ app_begin ] --END-- [ RunTime:0.014001s ]
INFO: [ app_end ] --START--
INFO: Run Behavior\ShowPageTraceBehavior [ RunTime:0.000000s ]
INFO: [ app_end ] --END-- [ RunTime:0.001000s ]

[ 2016-01-04T12:42:45+08:00 ] 127.0.0.1 /thinkphpcms/index.php?m=admin&c=index&a=public_sessionlife
INFO: [ app_begin ] --START--
INFO: Run Behavior\ReadHtmlCacheBehavior [ RunTime:0.001000s ]
SQL: SHOW COLUMNS FROM `app2_setting` [ RunTime:0.005001s ]
SQL: SELECT `key`,`value` FROM `app2_setting`  [ RunTime:0.000000s ]
NOTIC: [2] unlink(C:\wamp\www\ThinkPHPCMS\Public\Runtime\Temp/71df8fced343b2a8ba67c00a47a67b50.php): No such file or directory C:\wamp\www\ThinkPHPCMS\Libs\ThinkPHP\Library\Think\Cache\Driver\File.class.php 第 157 行.
INFO: Run \Common\Behavior\SettingBehavior [ RunTime:0.017001s ]
INFO: [ app_begin ] --END-- [ RunTime:0.018001s ]
INFO: [ app_end ] --START--
INFO: Run Behavior\ShowPageTraceBehavior [ RunTime:0.000000s ]
INFO: [ app_end ] --END-- [ RunTime:0.001000s ]

[ 2016-01-04T12:52:45+08:00 ] 127.0.0.1 /thinkphpcms/index.php?m=admin&c=index&a=public_sessionlife
INFO: [ app_begin ] --START--
INFO: Run Behavior\ReadHtmlCacheBehavior [ RunTime:0.001000s ]
SQL: SHOW COLUMNS FROM `app2_setting` [ RunTime:0.002000s ]
SQL: SELECT `key`,`value` FROM `app2_setting`  [ RunTime:0.000000s ]
NOTIC: [2] unlink(C:\wamp\www\ThinkPHPCMS\Public\Runtime\Temp/71df8fced343b2a8ba67c00a47a67b50.php): No such file or directory C:\wamp\www\ThinkPHPCMS\Libs\ThinkPHP\Library\Think\Cache\Driver\File.class.php 第 157 行.
INFO: Run \Common\Behavior\SettingBehavior [ RunTime:0.014001s ]
INFO: [ app_begin ] --END-- [ RunTime:0.015001s ]
INFO: [ app_end ] --START--
INFO: Run Behavior\ShowPageTraceBehavior [ RunTime:0.001000s ]
INFO: [ app_end ] --END-- [ RunTime:0.001000s ]

[ 2016-01-04T13:02:45+08:00 ] 127.0.0.1 /thinkphpcms/index.php?m=admin&c=index&a=public_sessionlife
INFO: [ app_begin ] --START--
INFO: Run Behavior\ReadHtmlCacheBehavior [ RunTime:0.000000s ]
SQL: SHOW COLUMNS FROM `app2_setting` [ RunTime:0.003000s ]
SQL: SELECT `key`,`value` FROM `app2_setting`  [ RunTime:0.001000s ]
NOTIC: [2] unlink(C:\wamp\www\ThinkPHPCMS\Public\Runtime\Temp/71df8fced343b2a8ba67c00a47a67b50.php): No such file or directory C:\wamp\www\ThinkPHPCMS\Libs\ThinkPHP\Library\Think\Cache\Driver\File.class.php 第 157 行.
INFO: Run \Common\Behavior\SettingBehavior [ RunTime:0.014001s ]
INFO: [ app_begin ] --END-- [ RunTime:0.014001s ]
INFO: [ app_end ] --START--
INFO: Run Behavior\ShowPageTraceBehavior [ RunTime:0.001000s ]
INFO: [ app_end ] --END-- [ RunTime:0.001000s ]

