[ 2016-01-21T09:22:27+08:00 ] 127.0.0.1 /thinkphpcms/index.php?m=admin&c=stu_import&a=test
INFO: [ app_begin ] --START--
INFO: Run Behavior\ReadHtmlCacheBehavior [ RunTime:0.000053s ]
SQL: SHOW COLUMNS FROM `app2_setting` [ RunTime:0.019594s ]
SQL: SELECT `key`,`value` FROM `app2_setting`  [ RunTime:0.000363s ]
NOTIC: [2] unlink(/var/www/html/thinkphpcms/Public/Runtime/Temp/71df8fced343b2a8ba67c00a47a67b50.php): No such file or directory /var/www/html/thinkphpcms/Libs/ThinkPHP/Library/Think/Cache/Driver/File.class.php 第 157 行.
INFO: Run \Common\Behavior\SettingBehavior [ RunTime:0.081344s ]
INFO: [ app_begin ] --END-- [ RunTime:0.081505s ]
INFO: [ view_parse ] --START--
INFO: [ template_filter ] --START--
INFO: Run Behavior\ContentReplaceBehavior [ RunTime:0.000248s ]
INFO: [ template_filter ] --END-- [ RunTime:0.000303s ]
INFO: Run Behavior\ParseTemplateBehavior [ RunTime:0.042758s ]
INFO: [ view_parse ] --END-- [ RunTime:0.042833s ]
INFO: [ view_filter ] --START--
INFO: Run Behavior\WriteHtmlCacheBehavior [ RunTime:0.000439s ]
INFO: [ view_filter ] --END-- [ RunTime:0.000472s ]
INFO: [ app_end ] --START--
INFO: Run Behavior\ShowPageTraceBehavior [ RunTime:0.000065s ]
INFO: [ app_end ] --END-- [ RunTime:0.000088s ]

[ 2016-01-21T09:22:59+08:00 ] 127.0.0.1 /thinkphpcms/index.php?m=admin&c=stu_import&a=upload
INFO: [ app_begin ] --START--
INFO: Run Behavior\ReadHtmlCacheBehavior [ RunTime:0.000032s ]
SQL: SHOW COLUMNS FROM `app2_setting` [ RunTime:0.001095s ]
SQL: SELECT `key`,`value` FROM `app2_setting`  [ RunTime:0.000150s ]
NOTIC: [2] unlink(/var/www/html/thinkphpcms/Public/Runtime/Temp/71df8fced343b2a8ba67c00a47a67b50.php): No such file or directory /var/www/html/thinkphpcms/Libs/ThinkPHP/Library/Think/Cache/Driver/File.class.php 第 157 行.
INFO: Run \Common\Behavior\SettingBehavior [ RunTime:0.008165s ]
INFO: [ app_begin ] --END-- [ RunTime:0.008259s ]

[ 2016-01-21T09:23:37+08:00 ] 127.0.0.1 /thinkphpcms/index.php?m=admin&c=stu_import&a=upload
INFO: [ app_begin ] --START--
INFO: Run Behavior\ReadHtmlCacheBehavior [ RunTime:0.000094s ]
SQL: SHOW COLUMNS FROM `app2_setting` [ RunTime:0.001891s ]
SQL: SELECT `key`,`value` FROM `app2_setting`  [ RunTime:0.000356s ]
NOTIC: [2] unlink(/var/www/html/thinkphpcms/Public/Runtime/Temp/71df8fced343b2a8ba67c00a47a67b50.php): No such file or directory /var/www/html/thinkphpcms/Libs/ThinkPHP/Library/Think/Cache/Driver/File.class.php 第 157 行.
INFO: Run \Common\Behavior\SettingBehavior [ RunTime:0.012441s ]
INFO: [ app_begin ] --END-- [ RunTime:0.012756s ]
INFO: [ app_end ] --START--
INFO: Run Behavior\ShowPageTraceBehavior [ RunTime:0.000152s ]
INFO: [ app_end ] --END-- [ RunTime:0.000281s ]

[ 2016-01-21T09:23:41+08:00 ] 127.0.0.1 /thinkphpcms/index.php?m=admin&c=stu_import&a=test
INFO: [ app_begin ] --START--
INFO: Run Behavior\ReadHtmlCacheBehavior [ RunTime:0.000022s ]
SQL: SHOW COLUMNS FROM `app2_setting` [ RunTime:0.000661s ]
SQL: SELECT `key`,`value` FROM `app2_setting`  [ RunTime:0.000116s ]
NOTIC: [2] unlink(/var/www/html/thinkphpcms/Public/Runtime/Temp/71df8fced343b2a8ba67c00a47a67b50.php): No such file or directory /var/www/html/thinkphpcms/Libs/ThinkPHP/Library/Think/Cache/Driver/File.class.php 第 157 行.
INFO: Run \Common\Behavior\SettingBehavior [ RunTime:0.003691s ]
INFO: [ app_begin ] --END-- [ RunTime:0.003761s ]
INFO: [ app_end ] --START--
INFO: Run Behavior\ShowPageTraceBehavior [ RunTime:0.000024s ]
INFO: [ app_end ] --END-- [ RunTime:0.000045s ]

[ 2016-01-21T09:23:43+08:00 ] 127.0.0.1 /thinkphpcms/index.php?m=admin&c=stu_import&a=test
INFO: [ app_begin ] --START--
INFO: Run Behavior\ReadHtmlCacheBehavior [ RunTime:0.000054s ]
SQL: SHOW COLUMNS FROM `app2_setting` [ RunTime:0.001092s ]
SQL: SELECT `key`,`value` FROM `app2_setting`  [ RunTime:0.000243s ]
NOTIC: [2] unlink(/var/www/html/thinkphpcms/Public/Runtime/Temp/71df8fced343b2a8ba67c00a47a67b50.php): No such file or directory /var/www/html/thinkphpcms/Libs/ThinkPHP/Library/Think/Cache/Driver/File.class.php 第 157 行.
INFO: Run \Common\Behavior\SettingBehavior [ RunTime:0.006061s ]
INFO: [ app_begin ] --END-- [ RunTime:0.006249s ]
INFO: [ app_end ] --START--
INFO: Run Behavior\ShowPageTraceBehavior [ RunTime:0.000039s ]
INFO: [ app_end ] --END-- [ RunTime:0.000083s ]

[ 2016-01-21T09:24:10+08:00 ] 127.0.0.1 /thinkphpcms/index.php?m=admin&c=stu_import&a=test
INFO: [ app_begin ] --START--
INFO: Run Behavior\ReadHtmlCacheBehavior [ RunTime:0.000071s ]
SQL: SHOW COLUMNS FROM `app2_setting` [ RunTime:0.001454s ]
SQL: SELECT `key`,`value` FROM `app2_setting`  [ RunTime:0.000257s ]
NOTIC: [2] unlink(/var/www/html/thinkphpcms/Public/Runtime/Temp/71df8fced343b2a8ba67c00a47a67b50.php): No such file or directory /var/www/html/thinkphpcms/Libs/ThinkPHP/Library/Think/Cache/Driver/File.class.php 第 157 行.
INFO: Run \Common\Behavior\SettingBehavior [ RunTime:0.017023s ]
INFO: [ app_begin ] --END-- [ RunTime:0.017235s ]
INFO: [ app_end ] --START--
INFO: Run Behavior\ShowPageTraceBehavior [ RunTime:0.000425s ]
INFO: [ app_end ] --END-- [ RunTime:0.000508s ]

[ 2016-01-21T09:24:32+08:00 ] 127.0.0.1 /thinkphpcms/index.php?m=admin&c=stu_import&a=test
INFO: [ app_begin ] --START--
INFO: Run Behavior\ReadHtmlCacheBehavior [ RunTime:0.000114s ]
SQL: SHOW COLUMNS FROM `app2_setting` [ RunTime:0.003403s ]
SQL: SELECT `key`,`value` FROM `app2_setting`  [ RunTime:0.000530s ]
NOTIC: [2] unlink(/var/www/html/thinkphpcms/Public/Runtime/Temp/71df8fced343b2a8ba67c00a47a67b50.php): No such file or directory /var/www/html/thinkphpcms/Libs/ThinkPHP/Library/Think/Cache/Driver/File.class.php 第 157 行.
INFO: Run \Common\Behavior\SettingBehavior [ RunTime:0.019361s ]
INFO: [ app_begin ] --END-- [ RunTime:0.019810s ]

[ 2016-01-21T09:24:38+08:00 ] 127.0.0.1 /thinkphpcms/index.php?m=admin&c=stu_import&a=test
INFO: [ app_begin ] --START--
INFO: Run Behavior\ReadHtmlCacheBehavior [ RunTime:0.000092s ]
SQL: SHOW COLUMNS FROM `app2_setting` [ RunTime:0.001720s ]
SQL: SELECT `key`,`value` FROM `app2_setting`  [ RunTime:0.000364s ]
NOTIC: [2] unlink(/var/www/html/thinkphpcms/Public/Runtime/Temp/71df8fced343b2a8ba67c00a47a67b50.php): No such file or directory /var/www/html/thinkphpcms/Libs/ThinkPHP/Library/Think/Cache/Driver/File.class.php 第 157 行.
INFO: Run \Common\Behavior\SettingBehavior [ RunTime:0.010344s ]
INFO: [ app_begin ] --END-- [ RunTime:0.010661s ]
INFO: [ app_end ] --START--
INFO: Run Behavior\ShowPageTraceBehavior [ RunTime:0.000075s ]
INFO: [ app_end ] --END-- [ RunTime:0.000145s ]

[ 2016-01-21T09:24:54+08:00 ] 127.0.0.1 /thinkphpcms/index.php?m=admin&c=index&a=public_sessionlife
INFO: [ app_begin ] --START--
INFO: Run Behavior\ReadHtmlCacheBehavior [ RunTime:0.000116s ]
SQL: SHOW COLUMNS FROM `app2_setting` [ RunTime:0.001712s ]
SQL: SELECT `key`,`value` FROM `app2_setting`  [ RunTime:0.002177s ]
NOTIC: [2] unlink(/var/www/html/thinkphpcms/Public/Runtime/Temp/71df8fced343b2a8ba67c00a47a67b50.php): No such file or directory /var/www/html/thinkphpcms/Libs/ThinkPHP/Library/Think/Cache/Driver/File.class.php 第 157 行.
INFO: Run \Common\Behavior\SettingBehavior [ RunTime:0.012056s ]
INFO: [ app_begin ] --END-- [ RunTime:0.012399s ]
INFO: [ app_end ] --START--
INFO: Run Behavior\ShowPageTraceBehavior [ RunTime:0.000800s ]
INFO: [ app_end ] --END-- [ RunTime:0.000926s ]

[ 2016-01-21T09:25:10+08:00 ] 127.0.0.1 /thinkphpcms/index.php?m=admin&c=stu_import&a=test
INFO: [ app_begin ] --START--
INFO: Run Behavior\ReadHtmlCacheBehavior [ RunTime:0.000099s ]
SQL: SHOW COLUMNS FROM `app2_setting` [ RunTime:0.000998s ]
SQL: SELECT `key`,`value` FROM `app2_setting`  [ RunTime:0.000199s ]
NOTIC: [2] unlink(/var/www/html/thinkphpcms/Public/Runtime/Temp/71df8fced343b2a8ba67c00a47a67b50.php): No such file or directory /var/www/html/thinkphpcms/Libs/ThinkPHP/Library/Think/Cache/Driver/File.class.php 第 157 行.
INFO: Run \Common\Behavior\SettingBehavior [ RunTime:0.010408s ]
INFO: [ app_begin ] --END-- [ RunTime:0.010653s ]
INFO: [ app_end ] --START--
INFO: Run Behavior\ShowPageTraceBehavior [ RunTime:0.000575s ]
INFO: [ app_end ] --END-- [ RunTime:0.000664s ]

[ 2016-01-21T09:25:22+08:00 ] 127.0.0.1 /thinkphpcms/index.php?m=admin&c=stu_import&a=test
INFO: [ app_begin ] --START--
INFO: Run Behavior\ReadHtmlCacheBehavior [ RunTime:0.000100s ]
SQL: SHOW COLUMNS FROM `app2_setting` [ RunTime:0.001686s ]
SQL: SELECT `key`,`value` FROM `app2_setting`  [ RunTime:0.000422s ]
NOTIC: [2] unlink(/var/www/html/thinkphpcms/Public/Runtime/Temp/71df8fced343b2a8ba67c00a47a67b50.php): No such file or directory /var/www/html/thinkphpcms/Libs/ThinkPHP/Library/Think/Cache/Driver/File.class.php 第 157 行.
INFO: Run \Common\Behavior\SettingBehavior [ RunTime:0.010621s ]
INFO: [ app_begin ] --END-- [ RunTime:0.010953s ]
INFO: [ app_end ] --START--
INFO: Run Behavior\ShowPageTraceBehavior [ RunTime:0.000086s ]
INFO: [ app_end ] --END-- [ RunTime:0.000157s ]

[ 2016-01-21T09:25:23+08:00 ] 127.0.0.1 /thinkphpcms/index.php?m=admin&c=stu_import&a=test
INFO: [ app_begin ] --START--
INFO: Run Behavior\ReadHtmlCacheBehavior [ RunTime:0.000063s ]
SQL: SHOW COLUMNS FROM `app2_setting` [ RunTime:0.001638s ]
SQL: SELECT `key`,`value` FROM `app2_setting`  [ RunTime:0.000355s ]
NOTIC: [2] unlink(/var/www/html/thinkphpcms/Public/Runtime/Temp/71df8fced343b2a8ba67c00a47a67b50.php): No such file or directory /var/www/html/thinkphpcms/Libs/ThinkPHP/Library/Think/Cache/Driver/File.class.php 第 157 行.
INFO: Run \Common\Behavior\SettingBehavior [ RunTime:0.009680s ]
INFO: [ app_begin ] --END-- [ RunTime:0.009893s ]
INFO: [ app_end ] --START--
INFO: Run Behavior\ShowPageTraceBehavior [ RunTime:0.000069s ]
INFO: [ app_end ] --END-- [ RunTime:0.000142s ]

[ 2016-01-21T09:25:36+08:00 ] 127.0.0.1 /thinkphpcms/index.php?m=admin&c=stu_import&a=test
INFO: [ app_begin ] --START--
INFO: Run Behavior\ReadHtmlCacheBehavior [ RunTime:0.000055s ]
SQL: SHOW COLUMNS FROM `app2_setting` [ RunTime:0.002317s ]
SQL: SELECT `key`,`value` FROM `app2_setting`  [ RunTime:0.000246s ]
NOTIC: [2] unlink(/var/www/html/thinkphpcms/Public/Runtime/Temp/71df8fced343b2a8ba67c00a47a67b50.php): No such file or directory /var/www/html/thinkphpcms/Libs/ThinkPHP/Library/Think/Cache/Driver/File.class.php 第 157 行.
INFO: Run \Common\Behavior\SettingBehavior [ RunTime:0.012826s ]
INFO: [ app_begin ] --END-- [ RunTime:0.013005s ]
INFO: [ app_end ] --START--
INFO: Run Behavior\ShowPageTraceBehavior [ RunTime:0.002648s ]
INFO: [ app_end ] --END-- [ RunTime:0.002750s ]

[ 2016-01-21T09:26:15+08:00 ] 127.0.0.1 /thinkphpcms/index.php?m=admin&c=stu_import&a=test
INFO: [ app_begin ] --START--
INFO: Run Behavior\ReadHtmlCacheBehavior [ RunTime:0.000086s ]
SQL: SHOW COLUMNS FROM `app2_setting` [ RunTime:0.001503s ]
SQL: SELECT `key`,`value` FROM `app2_setting`  [ RunTime:0.000340s ]
NOTIC: [2] unlink(/var/www/html/thinkphpcms/Public/Runtime/Temp/71df8fced343b2a8ba67c00a47a67b50.php): No such file or directory /var/www/html/thinkphpcms/Libs/ThinkPHP/Library/Think/Cache/Driver/File.class.php 第 157 行.
INFO: Run \Common\Behavior\SettingBehavior [ RunTime:0.009662s ]
INFO: [ app_begin ] --END-- [ RunTime:0.010008s ]
INFO: [ app_end ] --START--
INFO: Run Behavior\ShowPageTraceBehavior [ RunTime:0.000056s ]
INFO: [ app_end ] --END-- [ RunTime:0.000122s ]

[ 2016-01-21T09:26:30+08:00 ] 127.0.0.1 /thinkphpcms/index.php?m=admin&c=stu_import&a=test
INFO: [ app_begin ] --START--
INFO: Run Behavior\ReadHtmlCacheBehavior [ RunTime:0.000069s ]
SQL: SHOW COLUMNS FROM `app2_setting` [ RunTime:0.002147s ]
SQL: SELECT `key`,`value` FROM `app2_setting`  [ RunTime:0.000385s ]
NOTIC: [2] unlink(/var/www/html/thinkphpcms/Public/Runtime/Temp/71df8fced343b2a8ba67c00a47a67b50.php): No such file or directory /var/www/html/thinkphpcms/Libs/ThinkPHP/Library/Think/Cache/Driver/File.class.php 第 157 行.
INFO: Run \Common\Behavior\SettingBehavior [ RunTime:0.010321s ]
INFO: [ app_begin ] --END-- [ RunTime:0.010551s ]
INFO: [ view_parse ] --START--
INFO: [ template_filter ] --START--
INFO: Run Behavior\ContentReplaceBehavior [ RunTime:0.000701s ]
INFO: [ template_filter ] --END-- [ RunTime:0.000838s ]
INFO: Run Behavior\ParseTemplateBehavior [ RunTime:0.012322s ]
INFO: [ view_parse ] --END-- [ RunTime:0.012480s ]
INFO: [ view_filter ] --START--
INFO: Run Behavior\WriteHtmlCacheBehavior [ RunTime:0.000113s ]
INFO: [ view_filter ] --END-- [ RunTime:0.000173s ]
INFO: [ app_end ] --START--
INFO: Run Behavior\ShowPageTraceBehavior [ RunTime:0.001841s ]
INFO: [ app_end ] --END-- [ RunTime:0.001947s ]

[ 2016-01-21T10:45:48+08:00 ] 127.0.0.1 /thinkphpcms/index.php?m=admin&c=stu_import&a=test
INFO: [ app_begin ] --START--
INFO: Run Behavior\ReadHtmlCacheBehavior [ RunTime:0.000562s ]
SQL: SHOW COLUMNS FROM `app2_setting` [ RunTime:0.020806s ]
SQL: SELECT `key`,`value` FROM `app2_setting`  [ RunTime:0.001013s ]
NOTIC: [2] unlink(/var/www/html/thinkphpcms/Public/Runtime/Temp/71df8fced343b2a8ba67c00a47a67b50.php): No such file or directory /var/www/html/thinkphpcms/Libs/ThinkPHP/Library/Think/Cache/Driver/File.class.php 第 157 行.
INFO: Run \Common\Behavior\SettingBehavior [ RunTime:0.045085s ]
INFO: [ app_begin ] --END-- [ RunTime:0.046820s ]
INFO: [ app_end ] --START--
INFO: Run Behavior\ShowPageTraceBehavior [ RunTime:0.000368s ]
INFO: [ app_end ] --END-- [ RunTime:0.000429s ]

[ 2016-01-21T10:46:00+08:00 ] 127.0.0.1 /thinkphpcms/index.php?m=admin&c=stu_import&a=test
INFO: [ app_begin ] --START--
INFO: Run Behavior\ReadHtmlCacheBehavior [ RunTime:0.000045s ]
SQL: SHOW COLUMNS FROM `app2_setting` [ RunTime:0.001082s ]
SQL: SELECT `key`,`value` FROM `app2_setting`  [ RunTime:0.001737s ]
NOTIC: [2] unlink(/var/www/html/thinkphpcms/Public/Runtime/Temp/71df8fced343b2a8ba67c00a47a67b50.php): No such file or directory /var/www/html/thinkphpcms/Libs/ThinkPHP/Library/Think/Cache/Driver/File.class.php 第 157 行.
INFO: Run \Common\Behavior\SettingBehavior [ RunTime:0.009653s ]
INFO: [ app_begin ] --END-- [ RunTime:0.009789s ]
INFO: [ app_end ] --START--
INFO: Run Behavior\ShowPageTraceBehavior [ RunTime:0.000084s ]
INFO: [ app_end ] --END-- [ RunTime:0.000138s ]

[ 2016-01-21T15:52:40+08:00 ] 127.0.0.1 /thinkphpcms/index.php?m=admin&c=stu_import&a=test
INFO: [ app_begin ] --START--
INFO: Run Behavior\ReadHtmlCacheBehavior [ RunTime:0.000034s ]
SQL: SHOW COLUMNS FROM `app2_setting` [ RunTime:0.002763s ]
SQL: SELECT `key`,`value` FROM `app2_setting`  [ RunTime:0.000181s ]
NOTIC: [2] unlink(/var/www/html/thinkphpcms/Public/Runtime/Temp/71df8fced343b2a8ba67c00a47a67b50.php): No such file or directory /var/www/html/thinkphpcms/Libs/ThinkPHP/Library/Think/Cache/Driver/File.class.php 第 157 行.
INFO: Run \Common\Behavior\SettingBehavior [ RunTime:0.013608s ]
INFO: [ app_begin ] --END-- [ RunTime:0.013723s ]
INFO: [ app_end ] --START--
INFO: Run Behavior\ShowPageTraceBehavior [ RunTime:0.000133s ]
INFO: [ app_end ] --END-- [ RunTime:0.000186s ]

[ 2016-01-21T15:53:03+08:00 ] 127.0.0.1 /thinkphpcms/index.php?m=admin&c=stu_import&a=test
INFO: [ app_begin ] --START--
INFO: Run Behavior\ReadHtmlCacheBehavior [ RunTime:0.000164s ]
SQL: SHOW COLUMNS FROM `app2_setting` [ RunTime:0.002112s ]
SQL: SELECT `key`,`value` FROM `app2_setting`  [ RunTime:0.000261s ]
NOTIC: [2] unlink(/var/www/html/thinkphpcms/Public/Runtime/Temp/71df8fced343b2a8ba67c00a47a67b50.php): No such file or directory /var/www/html/thinkphpcms/Libs/ThinkPHP/Library/Think/Cache/Driver/File.class.php 第 157 行.
INFO: Run \Common\Behavior\SettingBehavior [ RunTime:0.025127s ]
INFO: [ app_begin ] --END-- [ RunTime:0.025580s ]
NOTIC: [8] Array to string conversion /var/www/html/thinkphpcms/App/Admin/Controller/StuImportController.class.php 第 131 行.
NOTIC: [8] Array to string conversion /var/www/html/thinkphpcms/App/Admin/Controller/StuImportController.class.php 第 133 行.
INFO: [ app_end ] --START--
INFO: Run Behavior\ShowPageTraceBehavior [ RunTime:0.000202s ]
INFO: [ app_end ] --END-- [ RunTime:0.000269s ]

[ 2016-01-21T15:53:13+08:00 ] 127.0.0.1 /thinkphpcms/index.php?m=admin&c=stu_import&a=test
INFO: [ app_begin ] --START--
INFO: Run Behavior\ReadHtmlCacheBehavior [ RunTime:0.000054s ]
SQL: SHOW COLUMNS FROM `app2_setting` [ RunTime:0.000876s ]
SQL: SELECT `key`,`value` FROM `app2_setting`  [ RunTime:0.000175s ]
NOTIC: [2] unlink(/var/www/html/thinkphpcms/Public/Runtime/Temp/71df8fced343b2a8ba67c00a47a67b50.php): No such file or directory /var/www/html/thinkphpcms/Libs/ThinkPHP/Library/Think/Cache/Driver/File.class.php 第 157 行.
INFO: Run \Common\Behavior\SettingBehavior [ RunTime:0.013517s ]
INFO: [ app_begin ] --END-- [ RunTime:0.013657s ]
NOTIC: [8] Array to string conversion /var/www/html/thinkphpcms/App/Admin/Controller/StuImportController.class.php 第 131 行.
INFO: [ app_end ] --START--
INFO: Run Behavior\ShowPageTraceBehavior [ RunTime:0.000274s ]
INFO: [ app_end ] --END-- [ RunTime:0.000310s ]

[ 2016-01-21T15:53:55+08:00 ] 127.0.0.1 /thinkphpcms/index.php?m=admin&c=stu_import&a=test
INFO: [ app_begin ] --START--
INFO: Run Behavior\ReadHtmlCacheBehavior [ RunTime:0.000040s ]
SQL: SHOW COLUMNS FROM `app2_setting` [ RunTime:0.001013s ]
SQL: SELECT `key`,`value` FROM `app2_setting`  [ RunTime:0.000184s ]
NOTIC: [2] unlink(/var/www/html/thinkphpcms/Public/Runtime/Temp/71df8fced343b2a8ba67c00a47a67b50.php): No such file or directory /var/www/html/thinkphpcms/Libs/ThinkPHP/Library/Think/Cache/Driver/File.class.php 第 157 行.
INFO: Run \Common\Behavior\SettingBehavior [ RunTime:0.012030s ]
INFO: [ app_begin ] --END-- [ RunTime:0.012164s ]
INFO: [ app_end ] --START--
INFO: Run Behavior\ShowPageTraceBehavior [ RunTime:0.000099s ]
INFO: [ app_end ] --END-- [ RunTime:0.000150s ]

[ 2016-01-21T17:18:34+08:00 ] 127.0.0.1 /thinkphpcms/index.php?m=admin&c=index&a=public_sessionlife
INFO: [ app_begin ] --START--
INFO: Run Behavior\ReadHtmlCacheBehavior [ RunTime:0.000231s ]
SQL: SHOW COLUMNS FROM `app2_setting` [ RunTime:0.017118s ]
SQL: SELECT `key`,`value` FROM `app2_setting`  [ RunTime:0.000825s ]
NOTIC: [2] unlink(/var/www/html/thinkphpcms/Public/Runtime/Temp/71df8fced343b2a8ba67c00a47a67b50.php): No such file or directory /var/www/html/thinkphpcms/Libs/ThinkPHP/Library/Think/Cache/Driver/File.class.php 第 157 行.
INFO: Run \Common\Behavior\SettingBehavior [ RunTime:0.054895s ]
INFO: [ app_begin ] --END-- [ RunTime:0.055934s ]
INFO: [ app_end ] --START--
INFO: Run Behavior\ShowPageTraceBehavior [ RunTime:0.000418s ]
INFO: [ app_end ] --END-- [ RunTime:0.001479s ]

