[ 2016-02-26T17:02:03+08:00 ] 127.0.0.1 /thinkphpcms/index.php/home/index/question
INFO: [ app_begin ] --START--
INFO: Run Behavior\ReadHtmlCacheBehavior [ RunTime:0.000067s ]
SQL: SHOW COLUMNS FROM `app2_setting` [ RunTime:0.000844s ]
SQL: SELECT `key`,`value` FROM `app2_setting`  [ RunTime:0.000198s ]
NOTIC: [2] unlink(/var/www/thinkphpcms/Public/Runtime/Temp/71df8fced343b2a8ba67c00a47a67b50.php): No such file or directory /var/www/thinkphpcms/Libs/ThinkPHP/Library/Think/Cache/Driver/File.class.php 第 157 行.
INFO: Run \Common\Behavior\SettingBehavior [ RunTime:0.002606s ]
INFO: [ app_begin ] --END-- [ RunTime:0.002811s ]
SQL: SHOW COLUMNS FROM `app2_paper_content` [ RunTime:0.000905s ]
SQL: SELECT `question_num` FROM `app2_paper_content` WHERE ( `paper_id` = 2000000001 ) LIMIT 1   [ RunTime:0.000239s ]
SQL: SELECT `content` FROM `app2_paper_content` WHERE ( `paper_id` = 2000000001 ) LIMIT 1   [ RunTime:0.000201s ]
SQL: SHOW COLUMNS FROM `app2_optiondata` [ RunTime:0.001021s ]
SQL: SELECT `title`,`type` FROM `app2_optiondata` WHERE ( question_id=1000000004 ) LIMIT 1   [ RunTime:0.000408s ]
SQL: SELECT `a`,`b`,`c`,`d`,`e`,`f`,`g`,`h` FROM `app2_optiondata` WHERE ( `question_id` = 1000000004 ) LIMIT 1   [ RunTime:0.000227s ]

[ 2016-02-26T17:02:03+08:00 ] 127.0.0.1 /thinkphpcms/index.php/home/index/getOldAnswer
INFO: [ app_begin ] --START--
INFO: Run Behavior\ReadHtmlCacheBehavior [ RunTime:0.000029s ]
SQL: SHOW COLUMNS FROM `app2_setting` [ RunTime:0.000978s ]
SQL: SELECT `key`,`value` FROM `app2_setting`  [ RunTime:0.000203s ]
NOTIC: [2] unlink(/var/www/thinkphpcms/Public/Runtime/Temp/71df8fced343b2a8ba67c00a47a67b50.php): No such file or directory /var/www/thinkphpcms/Libs/ThinkPHP/Library/Think/Cache/Driver/File.class.php 第 157 行.
INFO: Run \Common\Behavior\SettingBehavior [ RunTime:0.002725s ]
INFO: [ app_begin ] --END-- [ RunTime:0.002825s ]
SQL: SHOW COLUMNS FROM `app2_submit_exam` [ RunTime:0.000977s ]
SQL: SELECT `answer` FROM `app2_submit_exam` WHERE ( `student_id` = '123' ) AND ( `paper_id` = '2000000001' ) AND ( `num` = '1' ) AND ( `test_id` = 7 ) LIMIT 1   [ RunTime:0.000515s ]

[ 2016-02-26T17:02:25+08:00 ] 127.0.0.1 /thinkphpcms/index.php/home/index/question
INFO: [ app_begin ] --START--
INFO: Run Behavior\ReadHtmlCacheBehavior [ RunTime:0.000029s ]
SQL: SHOW COLUMNS FROM `app2_setting` [ RunTime:0.001284s ]
SQL: SELECT `key`,`value` FROM `app2_setting`  [ RunTime:0.000303s ]
NOTIC: [2] unlink(/var/www/thinkphpcms/Public/Runtime/Temp/71df8fced343b2a8ba67c00a47a67b50.php): No such file or directory /var/www/thinkphpcms/Libs/ThinkPHP/Library/Think/Cache/Driver/File.class.php 第 157 行.
INFO: Run \Common\Behavior\SettingBehavior [ RunTime:0.004816s ]
INFO: [ app_begin ] --END-- [ RunTime:0.005017s ]
SQL: SHOW COLUMNS FROM `app2_paper_content` [ RunTime:0.001131s ]
SQL: SELECT `question_num` FROM `app2_paper_content` WHERE ( `paper_id` = 2000000001 ) LIMIT 1   [ RunTime:0.000407s ]
SQL: SELECT `content` FROM `app2_paper_content` WHERE ( `paper_id` = 2000000001 ) LIMIT 1   [ RunTime:0.000410s ]
SQL: SHOW COLUMNS FROM `app2_optiondata` [ RunTime:0.001525s ]
SQL: SELECT `title`,`type` FROM `app2_optiondata` WHERE ( question_id=1000000004 ) LIMIT 1   [ RunTime:0.000586s ]
SQL: SELECT `a`,`b`,`c`,`d`,`e`,`f`,`g`,`h` FROM `app2_optiondata` WHERE ( `question_id` = 1000000004 ) LIMIT 1   [ RunTime:0.000866s ]

[ 2016-02-26T17:02:26+08:00 ] 127.0.0.1 /thinkphpcms/index.php/home/index/getOldAnswer
INFO: [ app_begin ] --START--
INFO: Run Behavior\ReadHtmlCacheBehavior [ RunTime:0.000068s ]
SQL: SHOW COLUMNS FROM `app2_setting` [ RunTime:0.000795s ]
SQL: SELECT `key`,`value` FROM `app2_setting`  [ RunTime:0.000319s ]
NOTIC: [2] unlink(/var/www/thinkphpcms/Public/Runtime/Temp/71df8fced343b2a8ba67c00a47a67b50.php): No such file or directory /var/www/thinkphpcms/Libs/ThinkPHP/Library/Think/Cache/Driver/File.class.php 第 157 行.
INFO: Run \Common\Behavior\SettingBehavior [ RunTime:0.003523s ]
INFO: [ app_begin ] --END-- [ RunTime:0.003704s ]
SQL: SHOW COLUMNS FROM `app2_submit_exam` [ RunTime:0.000892s ]
SQL: SELECT `answer` FROM `app2_submit_exam` WHERE ( `student_id` = '123' ) AND ( `paper_id` = '2000000001' ) AND ( `num` = '1' ) AND ( `test_id` = 7 ) LIMIT 1   [ RunTime:0.000377s ]

[ 2016-02-26T17:03:25+08:00 ] 127.0.0.1 /thinkphpcms/index.php/home/index/question
INFO: [ app_begin ] --START--
INFO: Run Behavior\ReadHtmlCacheBehavior [ RunTime:0.000082s ]
SQL: SHOW COLUMNS FROM `app2_setting` [ RunTime:0.000881s ]
SQL: SELECT `key`,`value` FROM `app2_setting`  [ RunTime:0.000355s ]
NOTIC: [2] unlink(/var/www/thinkphpcms/Public/Runtime/Temp/71df8fced343b2a8ba67c00a47a67b50.php): No such file or directory /var/www/thinkphpcms/Libs/ThinkPHP/Library/Think/Cache/Driver/File.class.php 第 157 行.
INFO: Run \Common\Behavior\SettingBehavior [ RunTime:0.003664s ]
INFO: [ app_begin ] --END-- [ RunTime:0.003907s ]
SQL: SHOW COLUMNS FROM `app2_paper_content` [ RunTime:0.001278s ]
SQL: SELECT `question_num` FROM `app2_paper_content` WHERE ( `paper_id` = 2000000001 ) LIMIT 1   [ RunTime:0.000419s ]
SQL: SELECT `content` FROM `app2_paper_content` WHERE ( `paper_id` = 2000000001 ) LIMIT 1   [ RunTime:0.000299s ]
SQL: SHOW COLUMNS FROM `app2_optiondata` [ RunTime:0.000823s ]
SQL: SELECT `title`,`type` FROM `app2_optiondata` WHERE ( question_id=1000000004 ) LIMIT 1   [ RunTime:0.000255s ]
SQL: SELECT `a`,`b`,`c`,`d`,`e`,`f`,`g`,`h` FROM `app2_optiondata` WHERE ( `question_id` = 1000000004 ) LIMIT 1   [ RunTime:0.000201s ]

[ 2016-02-26T17:03:25+08:00 ] 127.0.0.1 /thinkphpcms/index.php/home/index/getOldAnswer
INFO: [ app_begin ] --START--
INFO: Run Behavior\ReadHtmlCacheBehavior [ RunTime:0.000028s ]
SQL: SHOW COLUMNS FROM `app2_setting` [ RunTime:0.001265s ]
SQL: SELECT `key`,`value` FROM `app2_setting`  [ RunTime:0.000327s ]
NOTIC: [2] unlink(/var/www/thinkphpcms/Public/Runtime/Temp/71df8fced343b2a8ba67c00a47a67b50.php): No such file or directory /var/www/thinkphpcms/Libs/ThinkPHP/Library/Think/Cache/Driver/File.class.php 第 157 行.
INFO: Run \Common\Behavior\SettingBehavior [ RunTime:0.003489s ]
INFO: [ app_begin ] --END-- [ RunTime:0.003592s ]
SQL: SHOW COLUMNS FROM `app2_submit_exam` [ RunTime:0.001070s ]
SQL: SELECT `answer` FROM `app2_submit_exam` WHERE ( `student_id` = '123' ) AND ( `paper_id` = '2000000001' ) AND ( `num` = '1' ) AND ( `test_id` = 7 ) LIMIT 1   [ RunTime:0.000377s ]

[ 2016-02-26T17:04:23+08:00 ] 127.0.0.1 /thinkphpcms/index.php/home/index/question
INFO: [ app_begin ] --START--
INFO: Run Behavior\ReadHtmlCacheBehavior [ RunTime:0.000033s ]
SQL: SHOW COLUMNS FROM `app2_setting` [ RunTime:0.000895s ]
SQL: SELECT `key`,`value` FROM `app2_setting`  [ RunTime:0.000257s ]
NOTIC: [2] unlink(/var/www/thinkphpcms/Public/Runtime/Temp/71df8fced343b2a8ba67c00a47a67b50.php): No such file or directory /var/www/thinkphpcms/Libs/ThinkPHP/Library/Think/Cache/Driver/File.class.php 第 157 行.
INFO: Run \Common\Behavior\SettingBehavior [ RunTime:0.002997s ]
INFO: [ app_begin ] --END-- [ RunTime:0.003102s ]
SQL: SHOW COLUMNS FROM `app2_paper_content` [ RunTime:0.001379s ]
SQL: SELECT `question_num` FROM `app2_paper_content` WHERE ( `paper_id` = 2000000001 ) LIMIT 1   [ RunTime:0.000359s ]
SQL: SELECT `content` FROM `app2_paper_content` WHERE ( `paper_id` = 2000000001 ) LIMIT 1   [ RunTime:0.000276s ]
SQL: SHOW COLUMNS FROM `app2_optiondata` [ RunTime:0.000950s ]
SQL: SELECT `title`,`type` FROM `app2_optiondata` WHERE ( question_id=1000000004 ) LIMIT 1   [ RunTime:0.000307s ]
SQL: SELECT `a`,`b`,`c`,`d`,`e`,`f`,`g`,`h` FROM `app2_optiondata` WHERE ( `question_id` = 1000000004 ) LIMIT 1   [ RunTime:0.000302s ]

[ 2016-02-26T17:04:23+08:00 ] 127.0.0.1 /thinkphpcms/index.php/home/index/getOldAnswer
INFO: [ app_begin ] --START--
INFO: Run Behavior\ReadHtmlCacheBehavior [ RunTime:0.000062s ]
SQL: SHOW COLUMNS FROM `app2_setting` [ RunTime:0.000799s ]
SQL: SELECT `key`,`value` FROM `app2_setting`  [ RunTime:0.000139s ]
NOTIC: [2] unlink(/var/www/thinkphpcms/Public/Runtime/Temp/71df8fced343b2a8ba67c00a47a67b50.php): No such file or directory /var/www/thinkphpcms/Libs/ThinkPHP/Library/Think/Cache/Driver/File.class.php 第 157 行.
INFO: Run \Common\Behavior\SettingBehavior [ RunTime:0.003241s ]
INFO: [ app_begin ] --END-- [ RunTime:0.003404s ]
SQL: SHOW COLUMNS FROM `app2_submit_exam` [ RunTime:0.001257s ]
SQL: SELECT `answer` FROM `app2_submit_exam` WHERE ( `student_id` = '123' ) AND ( `paper_id` = '2000000001' ) AND ( `num` = '1' ) AND ( `test_id` = 7 ) LIMIT 1   [ RunTime:0.000418s ]

[ 2016-02-26T17:05:14+08:00 ] 127.0.0.1 /thinkphpcms/index.php/home/index/question
INFO: [ app_begin ] --START--
INFO: Run Behavior\ReadHtmlCacheBehavior [ RunTime:0.000034s ]
SQL: SHOW COLUMNS FROM `app2_setting` [ RunTime:0.001827s ]
SQL: SELECT `key`,`value` FROM `app2_setting`  [ RunTime:0.000523s ]
NOTIC: [2] unlink(/var/www/thinkphpcms/Public/Runtime/Temp/71df8fced343b2a8ba67c00a47a67b50.php): No such file or directory /var/www/thinkphpcms/Libs/ThinkPHP/Library/Think/Cache/Driver/File.class.php 第 157 行.
INFO: Run \Common\Behavior\SettingBehavior [ RunTime:0.004383s ]
INFO: [ app_begin ] --END-- [ RunTime:0.004511s ]
SQL: SHOW COLUMNS FROM `app2_paper_content` [ RunTime:0.001854s ]
SQL: SELECT `question_num` FROM `app2_paper_content` WHERE ( `paper_id` = 2000000001 ) LIMIT 1   [ RunTime:0.000770s ]
SQL: SELECT `content` FROM `app2_paper_content` WHERE ( `paper_id` = 2000000001 ) LIMIT 1   [ RunTime:0.000371s ]
SQL: SHOW COLUMNS FROM `app2_optiondata` [ RunTime:0.003480s ]
SQL: SELECT `title`,`type` FROM `app2_optiondata` WHERE ( question_id=1000000004 ) LIMIT 1   [ RunTime:0.000901s ]
SQL: SELECT `a`,`b`,`c`,`d`,`e`,`f`,`g`,`h` FROM `app2_optiondata` WHERE ( `question_id` = 1000000004 ) LIMIT 1   [ RunTime:0.000476s ]

[ 2016-02-26T17:05:14+08:00 ] 127.0.0.1 /thinkphpcms/index.php/home/index/getOldAnswer
INFO: [ app_begin ] --START--
INFO: Run Behavior\ReadHtmlCacheBehavior [ RunTime:0.000058s ]
SQL: SHOW COLUMNS FROM `app2_setting` [ RunTime:0.000852s ]
SQL: SELECT `key`,`value` FROM `app2_setting`  [ RunTime:0.000215s ]
NOTIC: [2] unlink(/var/www/thinkphpcms/Public/Runtime/Temp/71df8fced343b2a8ba67c00a47a67b50.php): No such file or directory /var/www/thinkphpcms/Libs/ThinkPHP/Library/Think/Cache/Driver/File.class.php 第 157 行.
INFO: Run \Common\Behavior\SettingBehavior [ RunTime:0.002837s ]
INFO: [ app_begin ] --END-- [ RunTime:0.003015s ]
SQL: SHOW COLUMNS FROM `app2_submit_exam` [ RunTime:0.000843s ]
SQL: SELECT `answer` FROM `app2_submit_exam` WHERE ( `student_id` = '123' ) AND ( `paper_id` = '2000000001' ) AND ( `num` = '1' ) AND ( `test_id` = 7 ) LIMIT 1   [ RunTime:0.000378s ]

[ 2016-02-26T17:10:07+08:00 ] 127.0.0.1 /thinkphpcms/index.php/home/index/question
INFO: [ app_begin ] --START--
INFO: Run Behavior\ReadHtmlCacheBehavior [ RunTime:0.000065s ]
SQL: SHOW COLUMNS FROM `app2_setting` [ RunTime:0.001302s ]
SQL: SELECT `key`,`value` FROM `app2_setting`  [ RunTime:0.000418s ]
NOTIC: [2] unlink(/var/www/thinkphpcms/Public/Runtime/Temp/71df8fced343b2a8ba67c00a47a67b50.php): No such file or directory /var/www/thinkphpcms/Libs/ThinkPHP/Library/Think/Cache/Driver/File.class.php 第 157 行.
INFO: Run \Common\Behavior\SettingBehavior [ RunTime:0.004601s ]
INFO: [ app_begin ] --END-- [ RunTime:0.004800s ]
SQL: SHOW COLUMNS FROM `app2_paper_content` [ RunTime:0.002623s ]
SQL: SELECT `question_num` FROM `app2_paper_content` WHERE ( `paper_id` = 2000000001 ) LIMIT 1   [ RunTime:0.000609s ]
SQL: SELECT `content` FROM `app2_paper_content` WHERE ( `paper_id` = 2000000001 ) LIMIT 1   [ RunTime:0.000591s ]
SQL: SHOW COLUMNS FROM `app2_optiondata` [ RunTime:0.001907s ]
SQL: SELECT `title`,`type` FROM `app2_optiondata` WHERE ( question_id=1000000004 ) LIMIT 1   [ RunTime:0.000393s ]
SQL: SELECT `a`,`b`,`c`,`d`,`e`,`f`,`g`,`h` FROM `app2_optiondata` WHERE ( `question_id` = 1000000004 ) LIMIT 1   [ RunTime:0.000380s ]

[ 2016-02-26T17:10:07+08:00 ] 127.0.0.1 /thinkphpcms/index.php/home/index/getOldAnswer
INFO: [ app_begin ] --START--
INFO: Run Behavior\ReadHtmlCacheBehavior [ RunTime:0.000028s ]
SQL: SHOW COLUMNS FROM `app2_setting` [ RunTime:0.000963s ]
SQL: SELECT `key`,`value` FROM `app2_setting`  [ RunTime:0.000249s ]
NOTIC: [2] unlink(/var/www/thinkphpcms/Public/Runtime/Temp/71df8fced343b2a8ba67c00a47a67b50.php): No such file or directory /var/www/thinkphpcms/Libs/ThinkPHP/Library/Think/Cache/Driver/File.class.php 第 157 行.
INFO: Run \Common\Behavior\SettingBehavior [ RunTime:0.003070s ]
INFO: [ app_begin ] --END-- [ RunTime:0.003160s ]
SQL: SHOW COLUMNS FROM `app2_submit_exam` [ RunTime:0.000891s ]
SQL: SELECT `answer` FROM `app2_submit_exam` WHERE ( `student_id` = '123' ) AND ( `paper_id` = '2000000001' ) AND ( `num` = '1' ) AND ( `test_id` = 7 ) LIMIT 1   [ RunTime:0.000580s ]

[ 2016-02-26T17:11:06+08:00 ] 127.0.0.1 /thinkphpcms/index.php/home/index/question
INFO: [ app_begin ] --START--
INFO: Run Behavior\ReadHtmlCacheBehavior [ RunTime:0.000088s ]
SQL: SHOW COLUMNS FROM `app2_setting` [ RunTime:0.000973s ]
SQL: SELECT `key`,`value` FROM `app2_setting`  [ RunTime:0.000474s ]
NOTIC: [2] unlink(/var/www/thinkphpcms/Public/Runtime/Temp/71df8fced343b2a8ba67c00a47a67b50.php): No such file or directory /var/www/thinkphpcms/Libs/ThinkPHP/Library/Think/Cache/Driver/File.class.php 第 157 行.
INFO: Run \Common\Behavior\SettingBehavior [ RunTime:0.004503s ]
INFO: [ app_begin ] --END-- [ RunTime:0.004728s ]
SQL: SHOW COLUMNS FROM `app2_paper_content` [ RunTime:0.000890s ]
SQL: SELECT `question_num` FROM `app2_paper_content` WHERE ( `paper_id` = 2000000001 ) LIMIT 1   [ RunTime:0.000344s ]
SQL: SELECT `content` FROM `app2_paper_content` WHERE ( `paper_id` = 2000000001 ) LIMIT 1   [ RunTime:0.000288s ]
SQL: SHOW COLUMNS FROM `app2_optiondata` [ RunTime:0.001390s ]
SQL: SELECT `title`,`type` FROM `app2_optiondata` WHERE ( question_id=1000000004 ) LIMIT 1   [ RunTime:0.000401s ]
SQL: SELECT `a`,`b`,`c`,`d`,`e`,`f`,`g`,`h` FROM `app2_optiondata` WHERE ( `question_id` = 1000000004 ) LIMIT 1   [ RunTime:0.000374s ]

[ 2016-02-26T17:11:06+08:00 ] 127.0.0.1 /thinkphpcms/index.php/home/index/getOldAnswer
INFO: [ app_begin ] --START--
INFO: Run Behavior\ReadHtmlCacheBehavior [ RunTime:0.000029s ]
SQL: SHOW COLUMNS FROM `app2_setting` [ RunTime:0.000775s ]
SQL: SELECT `key`,`value` FROM `app2_setting`  [ RunTime:0.000220s ]
NOTIC: [2] unlink(/var/www/thinkphpcms/Public/Runtime/Temp/71df8fced343b2a8ba67c00a47a67b50.php): No such file or directory /var/www/thinkphpcms/Libs/ThinkPHP/Library/Think/Cache/Driver/File.class.php 第 157 行.
INFO: Run \Common\Behavior\SettingBehavior [ RunTime:0.003074s ]
INFO: [ app_begin ] --END-- [ RunTime:0.003170s ]
SQL: SHOW COLUMNS FROM `app2_submit_exam` [ RunTime:0.001135s ]
SQL: SELECT `answer` FROM `app2_submit_exam` WHERE ( `student_id` = '123' ) AND ( `paper_id` = '2000000001' ) AND ( `num` = '1' ) AND ( `test_id` = 7 ) LIMIT 1   [ RunTime:0.000407s ]

[ 2016-02-26T17:11:34+08:00 ] 127.0.0.1 /thinkphpcms/index.php/home/index/question
INFO: [ app_begin ] --START--
INFO: Run Behavior\ReadHtmlCacheBehavior [ RunTime:0.000139s ]
SQL: SHOW COLUMNS FROM `app2_setting` [ RunTime:0.001046s ]
SQL: SELECT `key`,`value` FROM `app2_setting`  [ RunTime:0.000288s ]
NOTIC: [2] unlink(/var/www/thinkphpcms/Public/Runtime/Temp/71df8fced343b2a8ba67c00a47a67b50.php): No such file or directory /var/www/thinkphpcms/Libs/ThinkPHP/Library/Think/Cache/Driver/File.class.php 第 157 行.
INFO: Run \Common\Behavior\SettingBehavior [ RunTime:0.003992s ]
INFO: [ app_begin ] --END-- [ RunTime:0.004239s ]
SQL: SHOW COLUMNS FROM `app2_paper_content` [ RunTime:0.001601s ]
SQL: SELECT `question_num` FROM `app2_paper_content` WHERE ( `paper_id` = 2000000001 ) LIMIT 1   [ RunTime:0.000498s ]
SQL: SELECT `content` FROM `app2_paper_content` WHERE ( `paper_id` = 2000000001 ) LIMIT 1   [ RunTime:0.000386s ]
SQL: SHOW COLUMNS FROM `app2_optiondata` [ RunTime:0.001853s ]
SQL: SELECT `title`,`type` FROM `app2_optiondata` WHERE ( question_id=1000000004 ) LIMIT 1   [ RunTime:0.000360s ]
SQL: SELECT `a`,`b`,`c`,`d`,`e`,`f`,`g`,`h` FROM `app2_optiondata` WHERE ( `question_id` = 1000000004 ) LIMIT 1   [ RunTime:0.000254s ]

[ 2016-02-26T17:11:34+08:00 ] 127.0.0.1 /thinkphpcms/index.php/home/index/getOldAnswer
INFO: [ app_begin ] --START--
INFO: Run Behavior\ReadHtmlCacheBehavior [ RunTime:0.000027s ]
SQL: SHOW COLUMNS FROM `app2_setting` [ RunTime:0.000887s ]
SQL: SELECT `key`,`value` FROM `app2_setting`  [ RunTime:0.000223s ]
NOTIC: [2] unlink(/var/www/thinkphpcms/Public/Runtime/Temp/71df8fced343b2a8ba67c00a47a67b50.php): No such file or directory /var/www/thinkphpcms/Libs/ThinkPHP/Library/Think/Cache/Driver/File.class.php 第 157 行.
INFO: Run \Common\Behavior\SettingBehavior [ RunTime:0.003082s ]
INFO: [ app_begin ] --END-- [ RunTime:0.003169s ]
SQL: SHOW COLUMNS FROM `app2_submit_exam` [ RunTime:0.000829s ]
SQL: SELECT `answer` FROM `app2_submit_exam` WHERE ( `student_id` = '123' ) AND ( `paper_id` = '2000000001' ) AND ( `num` = '1' ) AND ( `test_id` = 7 ) LIMIT 1   [ RunTime:0.000356s ]

[ 2016-02-26T17:12:23+08:00 ] 127.0.0.1 /thinkphpcms/index.php/home/index/question
INFO: [ app_begin ] --START--
INFO: Run Behavior\ReadHtmlCacheBehavior [ RunTime:0.000068s ]
SQL: SHOW COLUMNS FROM `app2_setting` [ RunTime:0.001150s ]
SQL: SELECT `key`,`value` FROM `app2_setting`  [ RunTime:0.000382s ]
NOTIC: [2] unlink(/var/www/thinkphpcms/Public/Runtime/Temp/71df8fced343b2a8ba67c00a47a67b50.php): No such file or directory /var/www/thinkphpcms/Libs/ThinkPHP/Library/Think/Cache/Driver/File.class.php 第 157 行.
INFO: Run \Common\Behavior\SettingBehavior [ RunTime:0.004021s ]
INFO: [ app_begin ] --END-- [ RunTime:0.004268s ]
SQL: SHOW COLUMNS FROM `app2_paper_content` [ RunTime:0.001158s ]
SQL: SELECT `question_num` FROM `app2_paper_content` WHERE ( `paper_id` = 2000000001 ) LIMIT 1   [ RunTime:0.000395s ]
SQL: SELECT `content` FROM `app2_paper_content` WHERE ( `paper_id` = 2000000001 ) LIMIT 1   [ RunTime:0.000362s ]
SQL: SHOW COLUMNS FROM `app2_optiondata` [ RunTime:0.001840s ]
SQL: SELECT `title`,`type` FROM `app2_optiondata` WHERE ( question_id=1000000004 ) LIMIT 1   [ RunTime:0.001159s ]
SQL: SELECT `a`,`b`,`c`,`d`,`e`,`f`,`g`,`h` FROM `app2_optiondata` WHERE ( `question_id` = 1000000004 ) LIMIT 1   [ RunTime:0.000467s ]

[ 2016-02-26T17:12:23+08:00 ] 127.0.0.1 /thinkphpcms/index.php/home/index/getOldAnswer
INFO: [ app_begin ] --START--
INFO: Run Behavior\ReadHtmlCacheBehavior [ RunTime:0.000047s ]
SQL: SHOW COLUMNS FROM `app2_setting` [ RunTime:0.000792s ]
SQL: SELECT `key`,`value` FROM `app2_setting`  [ RunTime:0.000215s ]
NOTIC: [2] unlink(/var/www/thinkphpcms/Public/Runtime/Temp/71df8fced343b2a8ba67c00a47a67b50.php): No such file or directory /var/www/thinkphpcms/Libs/ThinkPHP/Library/Think/Cache/Driver/File.class.php 第 157 行.
INFO: Run \Common\Behavior\SettingBehavior [ RunTime:0.002928s ]
INFO: [ app_begin ] --END-- [ RunTime:0.003066s ]
SQL: SHOW COLUMNS FROM `app2_submit_exam` [ RunTime:0.000784s ]
SQL: SELECT `answer` FROM `app2_submit_exam` WHERE ( `student_id` = '123' ) AND ( `paper_id` = '2000000001' ) AND ( `num` = '1' ) AND ( `test_id` = 7 ) LIMIT 1   [ RunTime:0.000359s ]

[ 2016-02-26T17:15:00+08:00 ] 127.0.0.1 /thinkphpcms/index.php/home/index/question
INFO: [ app_begin ] --START--
INFO: Run Behavior\ReadHtmlCacheBehavior [ RunTime:0.000062s ]
SQL: SHOW COLUMNS FROM `app2_setting` [ RunTime:0.001723s ]
SQL: SELECT `key`,`value` FROM `app2_setting`  [ RunTime:0.000690s ]
NOTIC: [2] unlink(/var/www/thinkphpcms/Public/Runtime/Temp/71df8fced343b2a8ba67c00a47a67b50.php): No such file or directory /var/www/thinkphpcms/Libs/ThinkPHP/Library/Think/Cache/Driver/File.class.php 第 157 行.
INFO: Run \Common\Behavior\SettingBehavior [ RunTime:0.006400s ]
INFO: [ app_begin ] --END-- [ RunTime:0.006587s ]
SQL: SHOW COLUMNS FROM `app2_paper_content` [ RunTime:0.001050s ]
SQL: SELECT `question_num` FROM `app2_paper_content` WHERE ( `paper_id` = 2000000001 ) LIMIT 1   [ RunTime:0.000382s ]
SQL: SELECT `content` FROM `app2_paper_content` WHERE ( `paper_id` = 2000000001 ) LIMIT 1   [ RunTime:0.000290s ]
SQL: SHOW COLUMNS FROM `app2_optiondata` [ RunTime:0.000900s ]
SQL: SELECT `title`,`type` FROM `app2_optiondata` WHERE ( question_id=1000000004 ) LIMIT 1   [ RunTime:0.000323s ]
SQL: SELECT `a`,`b`,`c`,`d`,`e`,`f`,`g`,`h` FROM `app2_optiondata` WHERE ( `question_id` = 1000000004 ) LIMIT 1   [ RunTime:0.000215s ]

[ 2016-02-26T17:15:00+08:00 ] 127.0.0.1 /thinkphpcms/index.php/home/index/getOldAnswer
INFO: [ app_begin ] --START--
INFO: Run Behavior\ReadHtmlCacheBehavior [ RunTime:0.000029s ]
SQL: SHOW COLUMNS FROM `app2_setting` [ RunTime:0.001014s ]
SQL: SELECT `key`,`value` FROM `app2_setting`  [ RunTime:0.000342s ]
NOTIC: [2] unlink(/var/www/thinkphpcms/Public/Runtime/Temp/71df8fced343b2a8ba67c00a47a67b50.php): No such file or directory /var/www/thinkphpcms/Libs/ThinkPHP/Library/Think/Cache/Driver/File.class.php 第 157 行.
INFO: Run \Common\Behavior\SettingBehavior [ RunTime:0.003141s ]
INFO: [ app_begin ] --END-- [ RunTime:0.003254s ]
SQL: SHOW COLUMNS FROM `app2_submit_exam` [ RunTime:0.000882s ]
SQL: SELECT `answer` FROM `app2_submit_exam` WHERE ( `student_id` = '123' ) AND ( `paper_id` = '2000000001' ) AND ( `num` = '1' ) AND ( `test_id` = 7 ) LIMIT 1   [ RunTime:0.000350s ]

[ 2016-02-26T17:15:47+08:00 ] 127.0.0.1 /thinkphpcms/index.php/home/index/question
INFO: [ app_begin ] --START--
INFO: Run Behavior\ReadHtmlCacheBehavior [ RunTime:0.000052s ]
SQL: SHOW COLUMNS FROM `app2_setting` [ RunTime:0.001094s ]
SQL: SELECT `key`,`value` FROM `app2_setting`  [ RunTime:0.000295s ]
NOTIC: [2] unlink(/var/www/thinkphpcms/Public/Runtime/Temp/71df8fced343b2a8ba67c00a47a67b50.php): No such file or directory /var/www/thinkphpcms/Libs/ThinkPHP/Library/Think/Cache/Driver/File.class.php 第 157 行.
INFO: Run \Common\Behavior\SettingBehavior [ RunTime:0.003918s ]
INFO: [ app_begin ] --END-- [ RunTime:0.004081s ]
SQL: SHOW COLUMNS FROM `app2_paper_content` [ RunTime:0.001996s ]
SQL: SELECT `question_num` FROM `app2_paper_content` WHERE ( `paper_id` = 2000000001 ) LIMIT 1   [ RunTime:0.000647s ]
SQL: SELECT `content` FROM `app2_paper_content` WHERE ( `paper_id` = 2000000001 ) LIMIT 1   [ RunTime:0.000412s ]
SQL: SHOW COLUMNS FROM `app2_optiondata` [ RunTime:0.001544s ]
SQL: SELECT `title`,`type` FROM `app2_optiondata` WHERE ( question_id=1000000004 ) LIMIT 1   [ RunTime:0.000419s ]
SQL: SELECT `a`,`b`,`c`,`d`,`e`,`f`,`g`,`h` FROM `app2_optiondata` WHERE ( `question_id` = 1000000004 ) LIMIT 1   [ RunTime:0.000430s ]

[ 2016-02-26T17:15:47+08:00 ] 127.0.0.1 /thinkphpcms/index.php/home/index/getOldAnswer
INFO: [ app_begin ] --START--
INFO: Run Behavior\ReadHtmlCacheBehavior [ RunTime:0.000074s ]
SQL: SHOW COLUMNS FROM `app2_setting` [ RunTime:0.000959s ]
SQL: SELECT `key`,`value` FROM `app2_setting`  [ RunTime:0.000198s ]
NOTIC: [2] unlink(/var/www/thinkphpcms/Public/Runtime/Temp/71df8fced343b2a8ba67c00a47a67b50.php): No such file or directory /var/www/thinkphpcms/Libs/ThinkPHP/Library/Think/Cache/Driver/File.class.php 第 157 行.
INFO: Run \Common\Behavior\SettingBehavior [ RunTime:0.003185s ]
INFO: [ app_begin ] --END-- [ RunTime:0.003352s ]
SQL: SHOW COLUMNS FROM `app2_submit_exam` [ RunTime:0.002983s ]
SQL: SELECT `answer` FROM `app2_submit_exam` WHERE ( `student_id` = '123' ) AND ( `paper_id` = '2000000001' ) AND ( `num` = '1' ) AND ( `test_id` = 7 ) LIMIT 1   [ RunTime:0.000402s ]

[ 2016-02-26T17:26:56+08:00 ] 127.0.0.1 /thinkphpcms/index.php/home/index/question
INFO: [ app_begin ] --START--
INFO: Run Behavior\ReadHtmlCacheBehavior [ RunTime:0.000028s ]
SQL: SHOW COLUMNS FROM `app2_setting` [ RunTime:0.000954s ]
SQL: SELECT `key`,`value` FROM `app2_setting`  [ RunTime:0.000319s ]
NOTIC: [2] unlink(/var/www/thinkphpcms/Public/Runtime/Temp/71df8fced343b2a8ba67c00a47a67b50.php): No such file or directory /var/www/thinkphpcms/Libs/ThinkPHP/Library/Think/Cache/Driver/File.class.php 第 157 行.
INFO: Run \Common\Behavior\SettingBehavior [ RunTime:0.002862s ]
INFO: [ app_begin ] --END-- [ RunTime:0.002979s ]
SQL: SHOW COLUMNS FROM `app2_paper_content` [ RunTime:0.001182s ]
SQL: SELECT `question_num` FROM `app2_paper_content` WHERE ( `paper_id` = 2000000001 ) LIMIT 1   [ RunTime:0.000445s ]
SQL: SELECT `content` FROM `app2_paper_content` WHERE ( `paper_id` = 2000000001 ) LIMIT 1   [ RunTime:0.000355s ]
SQL: SHOW COLUMNS FROM `app2_optiondata` [ RunTime:0.001311s ]
SQL: SELECT `title`,`type` FROM `app2_optiondata` WHERE ( question_id=1000000004 ) LIMIT 1   [ RunTime:0.000356s ]
SQL: SELECT `a`,`b`,`c`,`d`,`e`,`f`,`g`,`h` FROM `app2_optiondata` WHERE ( `question_id` = 1000000004 ) LIMIT 1   [ RunTime:0.000305s ]

[ 2016-02-26T17:26:56+08:00 ] 127.0.0.1 /thinkphpcms/index.php/home/index/getOldAnswer
INFO: [ app_begin ] --START--
INFO: Run Behavior\ReadHtmlCacheBehavior [ RunTime:0.000030s ]
SQL: SHOW COLUMNS FROM `app2_setting` [ RunTime:0.000726s ]
SQL: SELECT `key`,`value` FROM `app2_setting`  [ RunTime:0.000232s ]
NOTIC: [2] unlink(/var/www/thinkphpcms/Public/Runtime/Temp/71df8fced343b2a8ba67c00a47a67b50.php): No such file or directory /var/www/thinkphpcms/Libs/ThinkPHP/Library/Think/Cache/Driver/File.class.php 第 157 行.
INFO: Run \Common\Behavior\SettingBehavior [ RunTime:0.002558s ]
INFO: [ app_begin ] --END-- [ RunTime:0.002647s ]
SQL: SHOW COLUMNS FROM `app2_submit_exam` [ RunTime:0.000802s ]
SQL: SELECT `answer` FROM `app2_submit_exam` WHERE ( `student_id` = '123' ) AND ( `paper_id` = '2000000001' ) AND ( `num` = '1' ) AND ( `test_id` = 7 ) LIMIT 1   [ RunTime:0.000375s ]

[ 2016-02-26T17:27:27+08:00 ] 127.0.0.1 /thinkphpcms/index.php/home/index/question
INFO: [ app_begin ] --START--
INFO: Run Behavior\ReadHtmlCacheBehavior [ RunTime:0.000097s ]
SQL: SHOW COLUMNS FROM `app2_setting` [ RunTime:0.001640s ]
SQL: SELECT `key`,`value` FROM `app2_setting`  [ RunTime:0.000362s ]
NOTIC: [2] unlink(/var/www/thinkphpcms/Public/Runtime/Temp/71df8fced343b2a8ba67c00a47a67b50.php): No such file or directory /var/www/thinkphpcms/Libs/ThinkPHP/Library/Think/Cache/Driver/File.class.php 第 157 行.
INFO: Run \Common\Behavior\SettingBehavior [ RunTime:0.004521s ]
INFO: [ app_begin ] --END-- [ RunTime:0.004840s ]
SQL: SHOW COLUMNS FROM `app2_paper_content` [ RunTime:0.001736s ]
SQL: SELECT `question_num` FROM `app2_paper_content` WHERE ( `paper_id` = 2000000001 ) LIMIT 1   [ RunTime:0.000552s ]
SQL: SELECT `content` FROM `app2_paper_content` WHERE ( `paper_id` = 2000000001 ) LIMIT 1   [ RunTime:0.000481s ]
SQL: SHOW COLUMNS FROM `app2_optiondata` [ RunTime:0.001267s ]
SQL: SELECT `title`,`type` FROM `app2_optiondata` WHERE ( question_id=1000000004 ) LIMIT 1   [ RunTime:0.000410s ]
SQL: SELECT `a`,`b`,`c`,`d`,`e`,`f`,`g`,`h` FROM `app2_optiondata` WHERE ( `question_id` = 1000000004 ) LIMIT 1   [ RunTime:0.000294s ]

[ 2016-02-26T17:27:27+08:00 ] 127.0.0.1 /thinkphpcms/index.php/home/index/getOldAnswer
INFO: [ app_begin ] --START--
INFO: Run Behavior\ReadHtmlCacheBehavior [ RunTime:0.000058s ]
SQL: SHOW COLUMNS FROM `app2_setting` [ RunTime:0.001037s ]
SQL: SELECT `key`,`value` FROM `app2_setting`  [ RunTime:0.000332s ]
NOTIC: [2] unlink(/var/www/thinkphpcms/Public/Runtime/Temp/71df8fced343b2a8ba67c00a47a67b50.php): No such file or directory /var/www/thinkphpcms/Libs/ThinkPHP/Library/Think/Cache/Driver/File.class.php 第 157 行.
INFO: Run \Common\Behavior\SettingBehavior [ RunTime:0.003828s ]
INFO: [ app_begin ] --END-- [ RunTime:0.003997s ]
SQL: SHOW COLUMNS FROM `app2_submit_exam` [ RunTime:0.001950s ]
SQL: SELECT `answer` FROM `app2_submit_exam` WHERE ( `student_id` = '123' ) AND ( `paper_id` = '2000000001' ) AND ( `num` = '1' ) AND ( `test_id` = 7 ) LIMIT 1   [ RunTime:0.000475s ]

[ 2016-02-26T17:27:29+08:00 ] 127.0.0.1 /thinkphpcms/index.php/home/index/submit
INFO: [ app_begin ] --START--
INFO: Run Behavior\ReadHtmlCacheBehavior [ RunTime:0.000096s ]
SQL: SHOW COLUMNS FROM `app2_setting` [ RunTime:0.001515s ]
SQL: SELECT `key`,`value` FROM `app2_setting`  [ RunTime:0.000422s ]
NOTIC: [2] unlink(/var/www/thinkphpcms/Public/Runtime/Temp/71df8fced343b2a8ba67c00a47a67b50.php): No such file or directory /var/www/thinkphpcms/Libs/ThinkPHP/Library/Think/Cache/Driver/File.class.php 第 157 行.
INFO: Run \Common\Behavior\SettingBehavior [ RunTime:0.004876s ]
INFO: [ app_begin ] --END-- [ RunTime:0.005175s ]
SQL: SHOW COLUMNS FROM `app2_paper_content` [ RunTime:0.001159s ]
SQL: SELECT `content` FROM `app2_paper_content` WHERE ( `paper_id` = 2000000001 ) LIMIT 1   [ RunTime:0.000483s ]
SQL: SHOW COLUMNS FROM `app2_optiondata` [ RunTime:0.001464s ]
SQL: SELECT `question_id`,`type`,`course_id` FROM `app2_optiondata` WHERE ( `question_id` = 1000000004 ) LIMIT 1   [ RunTime:0.000305s ]
SQL: SHOW COLUMNS FROM `app2_submit_exam` [ RunTime:0.001222s ]
SQL: SELECT `answer` FROM `app2_submit_exam` WHERE ( `num` = '1' ) AND ( `test_id` = 7 ) AND ( `paper_id` = '2000000001' ) AND ( `student_id` = '123' ) AND ( `course_id` = '201' ) AND ( `question_id` = '1000000004' ) AND ( `type` = '101' ) LIMIT 1   [ RunTime:0.000534s ]
SQL: INSERT INTO `app2_submit_exam` (`num`,`test_id`,`paper_id`,`student_id`,`course_id`,`question_id`,`type`,`answer`) VALUES ('1',7,'2000000001','123','201','1000000004','101','0') [ RunTime:0.003799s ]

[ 2016-02-26T17:27:44+08:00 ] 127.0.0.1 /thinkphpcms/index.php/home/index/question
INFO: [ app_begin ] --START--
INFO: Run Behavior\ReadHtmlCacheBehavior [ RunTime:0.000051s ]
SQL: SHOW COLUMNS FROM `app2_setting` [ RunTime:0.001582s ]
SQL: SELECT `key`,`value` FROM `app2_setting`  [ RunTime:0.000525s ]
NOTIC: [2] unlink(/var/www/thinkphpcms/Public/Runtime/Temp/71df8fced343b2a8ba67c00a47a67b50.php): No such file or directory /var/www/thinkphpcms/Libs/ThinkPHP/Library/Think/Cache/Driver/File.class.php 第 157 行.
INFO: Run \Common\Behavior\SettingBehavior [ RunTime:0.004501s ]
INFO: [ app_begin ] --END-- [ RunTime:0.004660s ]
SQL: SHOW COLUMNS FROM `app2_paper_content` [ RunTime:0.001478s ]
SQL: SELECT `question_num` FROM `app2_paper_content` WHERE ( `paper_id` = 2000000001 ) LIMIT 1   [ RunTime:0.000798s ]
SQL: SELECT `content` FROM `app2_paper_content` WHERE ( `paper_id` = 2000000001 ) LIMIT 1   [ RunTime:0.000644s ]
SQL: SHOW COLUMNS FROM `app2_optiondata` [ RunTime:0.001942s ]
SQL: SELECT `title`,`type` FROM `app2_optiondata` WHERE ( question_id=1000000004 ) LIMIT 1   [ RunTime:0.000659s ]
SQL: SELECT `a`,`b`,`c`,`d`,`e`,`f`,`g`,`h` FROM `app2_optiondata` WHERE ( `question_id` = 1000000004 ) LIMIT 1   [ RunTime:0.000922s ]

[ 2016-02-26T17:27:44+08:00 ] 127.0.0.1 /thinkphpcms/index.php/home/index/getOldAnswer
INFO: [ app_begin ] --START--
INFO: Run Behavior\ReadHtmlCacheBehavior [ RunTime:0.000065s ]
SQL: SHOW COLUMNS FROM `app2_setting` [ RunTime:0.000801s ]
SQL: SELECT `key`,`value` FROM `app2_setting`  [ RunTime:0.000205s ]
NOTIC: [2] unlink(/var/www/thinkphpcms/Public/Runtime/Temp/71df8fced343b2a8ba67c00a47a67b50.php): No such file or directory /var/www/thinkphpcms/Libs/ThinkPHP/Library/Think/Cache/Driver/File.class.php 第 157 行.
INFO: Run \Common\Behavior\SettingBehavior [ RunTime:0.003501s ]
INFO: [ app_begin ] --END-- [ RunTime:0.003771s ]
SQL: SHOW COLUMNS FROM `app2_submit_exam` [ RunTime:0.000878s ]
SQL: SELECT `answer` FROM `app2_submit_exam` WHERE ( `student_id` = '123' ) AND ( `paper_id` = '2000000001' ) AND ( `num` = '1' ) AND ( `test_id` = 8 ) LIMIT 1   [ RunTime:0.000425s ]

[ 2016-02-26T17:28:34+08:00 ] 127.0.0.1 /thinkphpcms/index.php/home/index/question
INFO: [ app_begin ] --START--
INFO: Run Behavior\ReadHtmlCacheBehavior [ RunTime:0.000034s ]
SQL: SHOW COLUMNS FROM `app2_setting` [ RunTime:0.001524s ]
SQL: SELECT `key`,`value` FROM `app2_setting`  [ RunTime:0.000249s ]
NOTIC: [2] unlink(/var/www/thinkphpcms/Public/Runtime/Temp/71df8fced343b2a8ba67c00a47a67b50.php): No such file or directory /var/www/thinkphpcms/Libs/ThinkPHP/Library/Think/Cache/Driver/File.class.php 第 157 行.
INFO: Run \Common\Behavior\SettingBehavior [ RunTime:0.003541s ]
INFO: [ app_begin ] --END-- [ RunTime:0.003656s ]
SQL: SHOW COLUMNS FROM `app2_paper_content` [ RunTime:0.001329s ]
SQL: SELECT `question_num` FROM `app2_paper_content` WHERE ( `paper_id` = 2000000001 ) LIMIT 1   [ RunTime:0.000362s ]
SQL: SELECT `content` FROM `app2_paper_content` WHERE ( `paper_id` = 2000000001 ) LIMIT 1   [ RunTime:0.000346s ]
SQL: SHOW COLUMNS FROM `app2_optiondata` [ RunTime:0.001612s ]
SQL: SELECT `title`,`type` FROM `app2_optiondata` WHERE ( question_id=1000000004 ) LIMIT 1   [ RunTime:0.000336s ]
SQL: SELECT `a`,`b`,`c`,`d`,`e`,`f`,`g`,`h` FROM `app2_optiondata` WHERE ( `question_id` = 1000000004 ) LIMIT 1   [ RunTime:0.000350s ]

[ 2016-02-26T17:28:34+08:00 ] 127.0.0.1 /thinkphpcms/index.php/home/index/getOldAnswer
INFO: [ app_begin ] --START--
INFO: Run Behavior\ReadHtmlCacheBehavior [ RunTime:0.000055s ]
SQL: SHOW COLUMNS FROM `app2_setting` [ RunTime:0.001212s ]
SQL: SELECT `key`,`value` FROM `app2_setting`  [ RunTime:0.000303s ]
NOTIC: [2] unlink(/var/www/thinkphpcms/Public/Runtime/Temp/71df8fced343b2a8ba67c00a47a67b50.php): No such file or directory /var/www/thinkphpcms/Libs/ThinkPHP/Library/Think/Cache/Driver/File.class.php 第 157 行.
INFO: Run \Common\Behavior\SettingBehavior [ RunTime:0.003564s ]
INFO: [ app_begin ] --END-- [ RunTime:0.003731s ]
SQL: SHOW COLUMNS FROM `app2_submit_exam` [ RunTime:0.001079s ]
SQL: SELECT `answer` FROM `app2_submit_exam` WHERE ( `student_id` = '123' ) AND ( `paper_id` = '2000000001' ) AND ( `num` = '1' ) AND ( `test_id` = 8 ) LIMIT 1   [ RunTime:0.000438s ]

