[ 2016-01-09T22:01:59+08:00 ] 127.0.0.1 /thinkphpcms/index.php?m=admin&c=paperdata&a=paperlist&menuid=54&_=1452348119697
INFO: [ app_begin ] --START--
INFO: Run Behavior\ReadHtmlCacheBehavior [ RunTime:0.000034s ]
SQL: SHOW COLUMNS FROM `app2_setting` [ RunTime:0.001106s ]
SQL: SELECT `key`,`value` FROM `app2_setting`  [ RunTime:0.000133s ]
NOTIC: [2] unlink(/var/www/html/thinkphpcms/Public/Runtime/Temp/71df8fced343b2a8ba67c00a47a67b50.php): No such file or directory /var/www/html/thinkphpcms/Libs/ThinkPHP/Library/Think/Cache/Driver/File.class.php 第 157 行.
INFO: Run \Common\Behavior\SettingBehavior [ RunTime:0.007931s ]
INFO: [ app_begin ] --END-- [ RunTime:0.008029s ]
INFO: [ view_parse ] --START--
INFO: [ template_filter ] --START--
INFO: Run Behavior\ContentReplaceBehavior [ RunTime:0.000080s ]
INFO: [ template_filter ] --END-- [ RunTime:0.000112s ]
INFO: Run Behavior\ParseTemplateBehavior [ RunTime:0.003412s ]
INFO: [ view_parse ] --END-- [ RunTime:0.003509s ]
INFO: [ view_filter ] --START--
INFO: Run Behavior\WriteHtmlCacheBehavior [ RunTime:0.000046s ]
INFO: [ view_filter ] --END-- [ RunTime:0.000060s ]
INFO: [ app_end ] --START--
INFO: Run Behavior\ShowPageTraceBehavior [ RunTime:0.000033s ]
INFO: [ app_end ] --END-- [ RunTime:0.000054s ]

[ 2016-01-09T22:01:59+08:00 ] 127.0.0.1 /thinkphpcms/index.php?m=admin&c=dictdata&a=getdictnamejson&id=200
INFO: [ app_begin ] --START--
INFO: Run Behavior\ReadHtmlCacheBehavior [ RunTime:0.000025s ]
SQL: SHOW COLUMNS FROM `app2_setting` [ RunTime:0.000575s ]
SQL: SELECT `key`,`value` FROM `app2_setting`  [ RunTime:0.000094s ]
NOTIC: [2] unlink(/var/www/html/thinkphpcms/Public/Runtime/Temp/71df8fced343b2a8ba67c00a47a67b50.php): No such file or directory /var/www/html/thinkphpcms/Libs/ThinkPHP/Library/Think/Cache/Driver/File.class.php 第 157 行.
INFO: Run \Common\Behavior\SettingBehavior [ RunTime:0.001892s ]
INFO: [ app_begin ] --END-- [ RunTime:0.001955s ]
SQL: SHOW COLUMNS FROM `app2_data_dict` [ RunTime:0.000776s ]
SQL: SELECT `type_id`,`type_name` FROM `app2_data_dict` WHERE ( `belong_type` = 200 )  [ RunTime:0.000431s ]
INFO: [ app_end ] --START--
INFO: Run Behavior\ShowPageTraceBehavior [ RunTime:0.000043s ]
INFO: [ app_end ] --END-- [ RunTime:0.000068s ]

[ 2016-01-09T22:01:59+08:00 ] 127.0.0.1 /thinkphpcms/index.php?m=admin&c=dictdata&a=getdictnamejson&id=200
INFO: [ app_begin ] --START--
INFO: Run Behavior\ReadHtmlCacheBehavior [ RunTime:0.000019s ]
SQL: SHOW COLUMNS FROM `app2_setting` [ RunTime:0.000495s ]
SQL: SELECT `key`,`value` FROM `app2_setting`  [ RunTime:0.000094s ]
NOTIC: [2] unlink(/var/www/html/thinkphpcms/Public/Runtime/Temp/71df8fced343b2a8ba67c00a47a67b50.php): No such file or directory /var/www/html/thinkphpcms/Libs/ThinkPHP/Library/Think/Cache/Driver/File.class.php 第 157 行.
INFO: Run \Common\Behavior\SettingBehavior [ RunTime:0.001818s ]
INFO: [ app_begin ] --END-- [ RunTime:0.001902s ]
SQL: SHOW COLUMNS FROM `app2_data_dict` [ RunTime:0.000407s ]
SQL: SELECT `type_id`,`type_name` FROM `app2_data_dict` WHERE ( `belong_type` = 200 )  [ RunTime:0.000189s ]
INFO: [ app_end ] --START--
INFO: Run Behavior\ShowPageTraceBehavior [ RunTime:0.000027s ]
INFO: [ app_end ] --END-- [ RunTime:0.000045s ]

[ 2016-01-09T22:02:00+08:00 ] 127.0.0.1 /thinkphpcms/index.php?m=admin&c=paperdata&a=paperlist
INFO: [ app_begin ] --START--
INFO: Run Behavior\ReadHtmlCacheBehavior [ RunTime:0.000056s ]
SQL: SHOW COLUMNS FROM `app2_setting` [ RunTime:0.002072s ]
SQL: SELECT `key`,`value` FROM `app2_setting`  [ RunTime:0.000161s ]
NOTIC: [2] unlink(/var/www/html/thinkphpcms/Public/Runtime/Temp/71df8fced343b2a8ba67c00a47a67b50.php): No such file or directory /var/www/html/thinkphpcms/Libs/ThinkPHP/Library/Think/Cache/Driver/File.class.php 第 157 行.
INFO: Run \Common\Behavior\SettingBehavior [ RunTime:0.004555s ]
INFO: [ app_begin ] --END-- [ RunTime:0.004716s ]
INFO: [ view_parse ] --START--
INFO: [ template_filter ] --START--
INFO: Run Behavior\ContentReplaceBehavior [ RunTime:0.000072s ]
INFO: [ template_filter ] --END-- [ RunTime:0.000114s ]
INFO: Run Behavior\ParseTemplateBehavior [ RunTime:0.008357s ]
INFO: [ view_parse ] --END-- [ RunTime:0.008395s ]
INFO: [ view_filter ] --START--
INFO: Run Behavior\WriteHtmlCacheBehavior [ RunTime:0.000037s ]
INFO: [ view_filter ] --END-- [ RunTime:0.000053s ]
INFO: [ app_end ] --START--
INFO: Run Behavior\ShowPageTraceBehavior [ RunTime:0.000054s ]
INFO: [ app_end ] --END-- [ RunTime:0.000079s ]

[ 2016-01-09T22:02:00+08:00 ] 127.0.0.1 /thinkphpcms/index.php?m=admin&c=paperdata&a=paperlist
INFO: [ app_begin ] --START--
INFO: Run Behavior\ReadHtmlCacheBehavior [ RunTime:0.000014s ]
SQL: SHOW COLUMNS FROM `app2_setting` [ RunTime:0.000938s ]
SQL: SELECT `key`,`value` FROM `app2_setting`  [ RunTime:0.000107s ]
NOTIC: [2] unlink(/var/www/html/thinkphpcms/Public/Runtime/Temp/71df8fced343b2a8ba67c00a47a67b50.php): No such file or directory /var/www/html/thinkphpcms/Libs/ThinkPHP/Library/Think/Cache/Driver/File.class.php 第 157 行.
INFO: Run \Common\Behavior\SettingBehavior [ RunTime:0.002176s ]
INFO: [ app_begin ] --END-- [ RunTime:0.002227s ]
INFO: [ view_parse ] --START--
INFO: [ template_filter ] --START--
INFO: Run Behavior\ContentReplaceBehavior [ RunTime:0.000060s ]
INFO: [ template_filter ] --END-- [ RunTime:0.000099s ]
INFO: Run Behavior\ParseTemplateBehavior [ RunTime:0.007927s ]
INFO: [ view_parse ] --END-- [ RunTime:0.007964s ]
INFO: [ view_filter ] --START--
INFO: Run Behavior\WriteHtmlCacheBehavior [ RunTime:0.000033s ]
INFO: [ view_filter ] --END-- [ RunTime:0.000046s ]
INFO: [ app_end ] --START--
INFO: Run Behavior\ShowPageTraceBehavior [ RunTime:0.000024s ]
INFO: [ app_end ] --END-- [ RunTime:0.000044s ]

[ 2016-01-09T22:02:00+08:00 ] 127.0.0.1 /thinkphpcms/index.php?m=admin&c=paperdata&a=paperlist
INFO: [ app_begin ] --START--
INFO: Run Behavior\ReadHtmlCacheBehavior [ RunTime:0.000015s ]
SQL: SHOW COLUMNS FROM `app2_setting` [ RunTime:0.000451s ]
SQL: SELECT `key`,`value` FROM `app2_setting`  [ RunTime:0.000086s ]
NOTIC: [2] unlink(/var/www/html/thinkphpcms/Public/Runtime/Temp/71df8fced343b2a8ba67c00a47a67b50.php): No such file or directory /var/www/html/thinkphpcms/Libs/ThinkPHP/Library/Think/Cache/Driver/File.class.php 第 157 行.
INFO: Run \Common\Behavior\SettingBehavior [ RunTime:0.001658s ]
INFO: [ app_begin ] --END-- [ RunTime:0.001717s ]
SQL: SHOW COLUMNS FROM `app2_paper_content` [ RunTime:0.000447s ]
SQL: SELECT * FROM `app2_paper_content` WHERE ( `course_id` = '201' ) LIMIT 0,15   [ RunTime:0.000371s ]
SQL: SELECT COUNT(*) AS tp_count FROM `app2_paper_content` WHERE ( `course_id` = '201' ) LIMIT 1   [ RunTime:0.002702s ]
SQL: SHOW COLUMNS FROM `app2_data_dict` [ RunTime:0.000569s ]
SQL: SELECT `type_id`,`type_name` FROM `app2_data_dict` WHERE ( `type_id` = 201 )  [ RunTime:0.000170s ]
SQL: SELECT `type_id`,`type_name` FROM `app2_data_dict` WHERE ( `type_id` = 201 )  [ RunTime:0.000087s ]
SQL: SELECT `type_id`,`type_name` FROM `app2_data_dict` WHERE ( `type_id` = 201 )  [ RunTime:0.000125s ]
SQL: SELECT `type_id`,`type_name` FROM `app2_data_dict` WHERE ( `type_id` = 201 )  [ RunTime:0.000081s ]
SQL: SELECT `type_id`,`type_name` FROM `app2_data_dict` WHERE ( `type_id` = 201 )  [ RunTime:0.000087s ]
SQL: SELECT `type_id`,`type_name` FROM `app2_data_dict` WHERE ( `type_id` = 201 )  [ RunTime:0.002443s ]
SQL: SELECT `type_id`,`type_name` FROM `app2_data_dict` WHERE ( `type_id` = 201 )  [ RunTime:0.000256s ]
SQL: SELECT `type_id`,`type_name` FROM `app2_data_dict` WHERE ( `type_id` = 201 )  [ RunTime:0.000130s ]
SQL: SELECT `type_id`,`type_name` FROM `app2_data_dict` WHERE ( `type_id` = 201 )  [ RunTime:0.000137s ]
SQL: SELECT `type_id`,`type_name` FROM `app2_data_dict` WHERE ( `type_id` = 201 )  [ RunTime:0.000102s ]
SQL: SELECT `type_id`,`type_name` FROM `app2_data_dict` WHERE ( `type_id` = 201 )  [ RunTime:0.000103s ]
SQL: SELECT `type_id`,`type_name` FROM `app2_data_dict` WHERE ( `type_id` = 201 )  [ RunTime:0.000617s ]
SQL: SELECT `type_id`,`type_name` FROM `app2_data_dict` WHERE ( `type_id` = 201 )  [ RunTime:0.004366s ]
SQL: SELECT `type_id`,`type_name` FROM `app2_data_dict` WHERE ( `type_id` = 201 )  [ RunTime:0.000255s ]
SQL: SELECT `type_id`,`type_name` FROM `app2_data_dict` WHERE ( `type_id` = 201 )  [ RunTime:0.000183s ]
INFO: [ app_end ] --START--
INFO: Run Behavior\ShowPageTraceBehavior [ RunTime:0.000047s ]
INFO: [ app_end ] --END-- [ RunTime:0.000069s ]

[ 2016-01-09T22:02:24+08:00 ] 127.0.0.1 /thinkphpcms/index.php?m=admin&c=index&a=public_menuleft
INFO: [ app_begin ] --START--
INFO: Run Behavior\ReadHtmlCacheBehavior [ RunTime:0.000020s ]
SQL: SHOW COLUMNS FROM `app2_setting` [ RunTime:0.000442s ]
SQL: SELECT `key`,`value` FROM `app2_setting`  [ RunTime:0.000081s ]
NOTIC: [2] unlink(/var/www/html/thinkphpcms/Public/Runtime/Temp/71df8fced343b2a8ba67c00a47a67b50.php): No such file or directory /var/www/html/thinkphpcms/Libs/ThinkPHP/Library/Think/Cache/Driver/File.class.php 第 157 行.
INFO: Run \Common\Behavior\SettingBehavior [ RunTime:0.001961s ]
INFO: [ app_begin ] --END-- [ RunTime:0.002024s ]
SQL: SHOW COLUMNS FROM `app2_menu` [ RunTime:0.000643s ]
SQL: SELECT * FROM `app2_menu` WHERE ( `parentid` = 2 ) AND ( `display` = 1 ) ORDER BY listorder ASC LIMIT 1000   [ RunTime:0.001852s ]
SQL: SELECT * FROM `app2_menu` WHERE ( `parentid` = 9 ) AND ( `display` = 1 ) ORDER BY listorder ASC LIMIT 1000   [ RunTime:0.000209s ]
SQL: SELECT * FROM `app2_menu` WHERE ( `parentid` = 11 ) AND ( `display` = 1 ) ORDER BY listorder ASC LIMIT 1000   [ RunTime:0.000173s ]

[ 2016-01-09T22:08:10+08:00 ] 127.0.0.1 /thinkphpcms/index.php?m=admin&c=index&a=public_sessionlife
INFO: [ app_begin ] --START--
INFO: Run Behavior\ReadHtmlCacheBehavior [ RunTime:0.000091s ]
SQL: SHOW COLUMNS FROM `app2_setting` [ RunTime:0.002992s ]
SQL: SELECT `key`,`value` FROM `app2_setting`  [ RunTime:0.000455s ]
NOTIC: [2] unlink(/var/www/html/thinkphpcms/Public/Runtime/Temp/71df8fced343b2a8ba67c00a47a67b50.php): No such file or directory /var/www/html/thinkphpcms/Libs/ThinkPHP/Library/Think/Cache/Driver/File.class.php 第 157 行.
INFO: Run \Common\Behavior\SettingBehavior [ RunTime:0.011044s ]
INFO: [ app_begin ] --END-- [ RunTime:0.011769s ]
INFO: [ app_end ] --START--
INFO: Run Behavior\ShowPageTraceBehavior [ RunTime:0.000109s ]
INFO: [ app_end ] --END-- [ RunTime:0.000270s ]

