[ 2016-01-20T11:06:25+08:00 ] 127.0.0.1 /thinkphpcms/index.php?m=admin&c=index&a=public_sessionlife
INFO: [ app_begin ] --START--
INFO: Run Behavior\ReadHtmlCacheBehavior [ RunTime:0.000115s ]
SQL: SHOW COLUMNS FROM `app2_setting` [ RunTime:0.010638s ]
SQL: SELECT `key`,`value` FROM `app2_setting`  [ RunTime:0.000422s ]
NOTIC: [2] unlink(/var/www/html/thinkphpcms/Public/Runtime/Temp/71df8fced343b2a8ba67c00a47a67b50.php): No such file or directory /var/www/html/thinkphpcms/Libs/ThinkPHP/Library/Think/Cache/Driver/File.class.php 第 157 行.
INFO: Run \Common\Behavior\SettingBehavior [ RunTime:0.043946s ]
INFO: [ app_begin ] --END-- [ RunTime:0.044574s ]
INFO: [ app_end ] --START--
INFO: Run Behavior\ShowPageTraceBehavior [ RunTime:0.000370s ]
INFO: [ app_end ] --END-- [ RunTime:0.000638s ]

[ 2016-01-20T11:16:24+08:00 ] 127.0.0.1 /thinkphpcms/index.php?m=admin&c=index&a=public_sessionlife
INFO: [ app_begin ] --START--
INFO: Run Behavior\ReadHtmlCacheBehavior [ RunTime:0.000053s ]
SQL: SHOW COLUMNS FROM `app2_setting` [ RunTime:0.002007s ]
SQL: SELECT `key`,`value` FROM `app2_setting`  [ RunTime:0.000207s ]
NOTIC: [2] unlink(/var/www/html/thinkphpcms/Public/Runtime/Temp/71df8fced343b2a8ba67c00a47a67b50.php): No such file or directory /var/www/html/thinkphpcms/Libs/ThinkPHP/Library/Think/Cache/Driver/File.class.php 第 157 行.
INFO: Run \Common\Behavior\SettingBehavior [ RunTime:0.011173s ]
INFO: [ app_begin ] --END-- [ RunTime:0.011315s ]
INFO: [ app_end ] --START--
INFO: Run Behavior\ShowPageTraceBehavior [ RunTime:0.000265s ]
INFO: [ app_end ] --END-- [ RunTime:0.000708s ]

[ 2016-01-20T11:26:25+08:00 ] 127.0.0.1 /thinkphpcms/index.php?m=admin&c=index&a=public_sessionlife
INFO: [ app_begin ] --START--
INFO: Run Behavior\ReadHtmlCacheBehavior [ RunTime:0.000830s ]
SQL: SHOW COLUMNS FROM `app2_setting` [ RunTime:0.001169s ]
SQL: SELECT `key`,`value` FROM `app2_setting`  [ RunTime:0.000215s ]
NOTIC: [2] unlink(/var/www/html/thinkphpcms/Public/Runtime/Temp/71df8fced343b2a8ba67c00a47a67b50.php): No such file or directory /var/www/html/thinkphpcms/Libs/ThinkPHP/Library/Think/Cache/Driver/File.class.php 第 157 行.
INFO: Run \Common\Behavior\SettingBehavior [ RunTime:0.013922s ]
INFO: [ app_begin ] --END-- [ RunTime:0.016715s ]
INFO: [ app_end ] --START--
INFO: Run Behavior\ShowPageTraceBehavior [ RunTime:0.000348s ]
INFO: [ app_end ] --END-- [ RunTime:0.000409s ]

[ 2016-01-20T18:31:31+08:00 ] 127.0.0.1 /thinkphpcms/index.php?m=admin&c=index&a=public_sessionlife
INFO: [ app_begin ] --START--
INFO: Run Behavior\ReadHtmlCacheBehavior [ RunTime:0.000256s ]
SQL: SHOW COLUMNS FROM `app2_setting` [ RunTime:0.002774s ]
SQL: SELECT `key`,`value` FROM `app2_setting`  [ RunTime:0.000202s ]
NOTIC: [2] unlink(/var/www/html/thinkphpcms/Public/Runtime/Temp/71df8fced343b2a8ba67c00a47a67b50.php): No such file or directory /var/www/html/thinkphpcms/Libs/ThinkPHP/Library/Think/Cache/Driver/File.class.php 第 157 行.
INFO: Run \Common\Behavior\SettingBehavior [ RunTime:0.017249s ]
INFO: [ app_begin ] --END-- [ RunTime:0.018023s ]
INFO: [ app_end ] --START--
INFO: Run Behavior\ShowPageTraceBehavior [ RunTime:0.000262s ]
INFO: [ app_end ] --END-- [ RunTime:0.000877s ]

[ 2016-01-20T18:41:31+08:00 ] 127.0.0.1 /thinkphpcms/index.php?m=admin&c=index&a=public_sessionlife
INFO: [ app_begin ] --START--
INFO: Run Behavior\ReadHtmlCacheBehavior [ RunTime:0.000046s ]
SQL: SHOW COLUMNS FROM `app2_setting` [ RunTime:0.002132s ]
SQL: SELECT `key`,`value` FROM `app2_setting`  [ RunTime:0.000146s ]
NOTIC: [2] unlink(/var/www/html/thinkphpcms/Public/Runtime/Temp/71df8fced343b2a8ba67c00a47a67b50.php): No such file or directory /var/www/html/thinkphpcms/Libs/ThinkPHP/Library/Think/Cache/Driver/File.class.php 第 157 行.
INFO: Run \Common\Behavior\SettingBehavior [ RunTime:0.017875s ]
INFO: [ app_begin ] --END-- [ RunTime:0.018326s ]
INFO: [ app_end ] --START--
INFO: Run Behavior\ShowPageTraceBehavior [ RunTime:0.000359s ]
INFO: [ app_end ] --END-- [ RunTime:0.000667s ]

[ 2016-01-20T18:51:31+08:00 ] 127.0.0.1 /thinkphpcms/index.php?m=admin&c=index&a=public_sessionlife
INFO: [ app_begin ] --START--
INFO: Run Behavior\ReadHtmlCacheBehavior [ RunTime:0.000171s ]
SQL: SHOW COLUMNS FROM `app2_setting` [ RunTime:0.001361s ]
SQL: SELECT `key`,`value` FROM `app2_setting`  [ RunTime:0.000160s ]
NOTIC: [2] unlink(/var/www/html/thinkphpcms/Public/Runtime/Temp/71df8fced343b2a8ba67c00a47a67b50.php): No such file or directory /var/www/html/thinkphpcms/Libs/ThinkPHP/Library/Think/Cache/Driver/File.class.php 第 157 行.
INFO: Run \Common\Behavior\SettingBehavior [ RunTime:0.018501s ]
INFO: [ app_begin ] --END-- [ RunTime:0.019133s ]
INFO: [ app_end ] --START--
INFO: Run Behavior\ShowPageTraceBehavior [ RunTime:0.000061s ]
INFO: [ app_end ] --END-- [ RunTime:0.000542s ]

[ 2016-01-20T19:01:31+08:00 ] 127.0.0.1 /thinkphpcms/index.php?m=admin&c=index&a=public_sessionlife
INFO: [ app_begin ] --START--
INFO: Run Behavior\ReadHtmlCacheBehavior [ RunTime:0.000062s ]
SQL: SHOW COLUMNS FROM `app2_setting` [ RunTime:0.003730s ]
SQL: SELECT `key`,`value` FROM `app2_setting`  [ RunTime:0.000120s ]
NOTIC: [2] unlink(/var/www/html/thinkphpcms/Public/Runtime/Temp/71df8fced343b2a8ba67c00a47a67b50.php): No such file or directory /var/www/html/thinkphpcms/Libs/ThinkPHP/Library/Think/Cache/Driver/File.class.php 第 157 行.
INFO: Run \Common\Behavior\SettingBehavior [ RunTime:0.011460s ]
INFO: [ app_begin ] --END-- [ RunTime:0.011591s ]
INFO: [ app_end ] --START--
INFO: Run Behavior\ShowPageTraceBehavior [ RunTime:0.000040s ]
INFO: [ app_end ] --END-- [ RunTime:0.000074s ]

[ 2016-01-20T19:11:31+08:00 ] 127.0.0.1 /thinkphpcms/index.php?m=admin&c=index&a=public_sessionlife
INFO: [ app_begin ] --START--
INFO: Run Behavior\ReadHtmlCacheBehavior [ RunTime:0.000517s ]
SQL: SHOW COLUMNS FROM `app2_setting` [ RunTime:0.001355s ]
SQL: SELECT `key`,`value` FROM `app2_setting`  [ RunTime:0.000262s ]
NOTIC: [2] unlink(/var/www/html/thinkphpcms/Public/Runtime/Temp/71df8fced343b2a8ba67c00a47a67b50.php): No such file or directory /var/www/html/thinkphpcms/Libs/ThinkPHP/Library/Think/Cache/Driver/File.class.php 第 157 行.
INFO: Run \Common\Behavior\SettingBehavior [ RunTime:0.014626s ]
INFO: [ app_begin ] --END-- [ RunTime:0.018765s ]
INFO: [ app_end ] --START--
INFO: Run Behavior\ShowPageTraceBehavior [ RunTime:0.000064s ]
INFO: [ app_end ] --END-- [ RunTime:0.000116s ]

[ 2016-01-20T19:21:31+08:00 ] 127.0.0.1 /thinkphpcms/index.php?m=admin&c=index&a=public_sessionlife
INFO: [ app_begin ] --START--
INFO: Run Behavior\ReadHtmlCacheBehavior [ RunTime:0.000281s ]
SQL: SHOW COLUMNS FROM `app2_setting` [ RunTime:0.002537s ]
SQL: SELECT `key`,`value` FROM `app2_setting`  [ RunTime:0.000173s ]
NOTIC: [2] unlink(/var/www/html/thinkphpcms/Public/Runtime/Temp/71df8fced343b2a8ba67c00a47a67b50.php): No such file or directory /var/www/html/thinkphpcms/Libs/ThinkPHP/Library/Think/Cache/Driver/File.class.php 第 157 行.
INFO: Run \Common\Behavior\SettingBehavior [ RunTime:0.014929s ]
INFO: [ app_begin ] --END-- [ RunTime:0.015555s ]
INFO: [ app_end ] --START--
INFO: Run Behavior\ShowPageTraceBehavior [ RunTime:0.000080s ]
INFO: [ app_end ] --END-- [ RunTime:0.000769s ]

[ 2016-01-20T19:31:31+08:00 ] 127.0.0.1 /thinkphpcms/index.php?m=admin&c=index&a=public_sessionlife
INFO: [ app_begin ] --START--
INFO: Run Behavior\ReadHtmlCacheBehavior [ RunTime:0.000053s ]
SQL: SHOW COLUMNS FROM `app2_setting` [ RunTime:0.001155s ]
SQL: SELECT `key`,`value` FROM `app2_setting`  [ RunTime:0.000297s ]
NOTIC: [2] unlink(/var/www/html/thinkphpcms/Public/Runtime/Temp/71df8fced343b2a8ba67c00a47a67b50.php): No such file or directory /var/www/html/thinkphpcms/Libs/ThinkPHP/Library/Think/Cache/Driver/File.class.php 第 157 行.
INFO: Run \Common\Behavior\SettingBehavior [ RunTime:0.011228s ]
INFO: [ app_begin ] --END-- [ RunTime:0.011523s ]
INFO: [ app_end ] --START--
INFO: Run Behavior\ShowPageTraceBehavior [ RunTime:0.005042s ]
INFO: [ app_end ] --END-- [ RunTime:0.005642s ]

[ 2016-01-20T19:41:31+08:00 ] 127.0.0.1 /thinkphpcms/index.php?m=admin&c=index&a=public_sessionlife
INFO: [ app_begin ] --START--
INFO: Run Behavior\ReadHtmlCacheBehavior [ RunTime:0.000068s ]
SQL: SHOW COLUMNS FROM `app2_setting` [ RunTime:0.000893s ]
SQL: SELECT `key`,`value` FROM `app2_setting`  [ RunTime:0.000162s ]
NOTIC: [2] unlink(/var/www/html/thinkphpcms/Public/Runtime/Temp/71df8fced343b2a8ba67c00a47a67b50.php): No such file or directory /var/www/html/thinkphpcms/Libs/ThinkPHP/Library/Think/Cache/Driver/File.class.php 第 157 行.
INFO: Run \Common\Behavior\SettingBehavior [ RunTime:0.010314s ]
INFO: [ app_begin ] --END-- [ RunTime:0.010545s ]
INFO: [ app_end ] --START--
INFO: Run Behavior\ShowPageTraceBehavior [ RunTime:0.000108s ]
INFO: [ app_end ] --END-- [ RunTime:0.000438s ]

[ 2016-01-20T19:51:31+08:00 ] 127.0.0.1 /thinkphpcms/index.php?m=admin&c=index&a=public_sessionlife
INFO: [ app_begin ] --START--
INFO: Run Behavior\ReadHtmlCacheBehavior [ RunTime:0.000067s ]
SQL: SHOW COLUMNS FROM `app2_setting` [ RunTime:0.000794s ]
SQL: SELECT `key`,`value` FROM `app2_setting`  [ RunTime:0.000093s ]
NOTIC: [2] unlink(/var/www/html/thinkphpcms/Public/Runtime/Temp/71df8fced343b2a8ba67c00a47a67b50.php): No such file or directory /var/www/html/thinkphpcms/Libs/ThinkPHP/Library/Think/Cache/Driver/File.class.php 第 157 行.
INFO: Run \Common\Behavior\SettingBehavior [ RunTime:0.013132s ]
INFO: [ app_begin ] --END-- [ RunTime:0.013431s ]
INFO: [ app_end ] --START--
INFO: Run Behavior\ShowPageTraceBehavior [ RunTime:0.000027s ]
INFO: [ app_end ] --END-- [ RunTime:0.000047s ]

[ 2016-01-20T20:01:31+08:00 ] 127.0.0.1 /thinkphpcms/index.php?m=admin&c=index&a=public_sessionlife
INFO: [ app_begin ] --START--
INFO: Run Behavior\ReadHtmlCacheBehavior [ RunTime:0.000093s ]
SQL: SHOW COLUMNS FROM `app2_setting` [ RunTime:0.001469s ]
SQL: SELECT `key`,`value` FROM `app2_setting`  [ RunTime:0.004215s ]
NOTIC: [2] unlink(/var/www/html/thinkphpcms/Public/Runtime/Temp/71df8fced343b2a8ba67c00a47a67b50.php): No such file or directory /var/www/html/thinkphpcms/Libs/ThinkPHP/Library/Think/Cache/Driver/File.class.php 第 157 行.
INFO: Run \Common\Behavior\SettingBehavior [ RunTime:0.017641s ]
INFO: [ app_begin ] --END-- [ RunTime:0.017869s ]
INFO: [ app_end ] --START--
INFO: Run Behavior\ShowPageTraceBehavior [ RunTime:0.000108s ]
INFO: [ app_end ] --END-- [ RunTime:0.000212s ]

[ 2016-01-20T20:11:31+08:00 ] 127.0.0.1 /thinkphpcms/index.php?m=admin&c=index&a=public_sessionlife
INFO: [ app_begin ] --START--
INFO: Run Behavior\ReadHtmlCacheBehavior [ RunTime:0.000070s ]
SQL: SHOW COLUMNS FROM `app2_setting` [ RunTime:0.001398s ]
SQL: SELECT `key`,`value` FROM `app2_setting`  [ RunTime:0.000207s ]
NOTIC: [2] unlink(/var/www/html/thinkphpcms/Public/Runtime/Temp/71df8fced343b2a8ba67c00a47a67b50.php): No such file or directory /var/www/html/thinkphpcms/Libs/ThinkPHP/Library/Think/Cache/Driver/File.class.php 第 157 行.
INFO: Run \Common\Behavior\SettingBehavior [ RunTime:0.014995s ]
INFO: [ app_begin ] --END-- [ RunTime:0.015212s ]
INFO: [ app_end ] --START--
INFO: Run Behavior\ShowPageTraceBehavior [ RunTime:0.000108s ]
INFO: [ app_end ] --END-- [ RunTime:0.000152s ]

[ 2016-01-20T20:21:31+08:00 ] 127.0.0.1 /thinkphpcms/index.php?m=admin&c=index&a=public_sessionlife
INFO: [ app_begin ] --START--
INFO: Run Behavior\ReadHtmlCacheBehavior [ RunTime:0.000045s ]
SQL: SHOW COLUMNS FROM `app2_setting` [ RunTime:0.001432s ]
SQL: SELECT `key`,`value` FROM `app2_setting`  [ RunTime:0.000195s ]
NOTIC: [2] unlink(/var/www/html/thinkphpcms/Public/Runtime/Temp/71df8fced343b2a8ba67c00a47a67b50.php): No such file or directory /var/www/html/thinkphpcms/Libs/ThinkPHP/Library/Think/Cache/Driver/File.class.php 第 157 行.
INFO: Run \Common\Behavior\SettingBehavior [ RunTime:0.007825s ]
INFO: [ app_begin ] --END-- [ RunTime:0.007966s ]
INFO: [ app_end ] --START--
INFO: Run Behavior\ShowPageTraceBehavior [ RunTime:0.000121s ]
INFO: [ app_end ] --END-- [ RunTime:0.000163s ]

[ 2016-01-20T20:31:31+08:00 ] 127.0.0.1 /thinkphpcms/index.php?m=admin&c=index&a=public_sessionlife
INFO: [ app_begin ] --START--
INFO: Run Behavior\ReadHtmlCacheBehavior [ RunTime:0.000022s ]
SQL: SHOW COLUMNS FROM `app2_setting` [ RunTime:0.000670s ]
SQL: SELECT `key`,`value` FROM `app2_setting`  [ RunTime:0.000131s ]
NOTIC: [2] unlink(/var/www/html/thinkphpcms/Public/Runtime/Temp/71df8fced343b2a8ba67c00a47a67b50.php): No such file or directory /var/www/html/thinkphpcms/Libs/ThinkPHP/Library/Think/Cache/Driver/File.class.php 第 157 行.
INFO: Run \Common\Behavior\SettingBehavior [ RunTime:0.006482s ]
INFO: [ app_begin ] --END-- [ RunTime:0.006587s ]
INFO: [ app_end ] --START--
INFO: Run Behavior\ShowPageTraceBehavior [ RunTime:0.000060s ]
INFO: [ app_end ] --END-- [ RunTime:0.000081s ]

[ 2016-01-20T20:41:31+08:00 ] 127.0.0.1 /thinkphpcms/index.php?m=admin&c=index&a=public_sessionlife
INFO: [ app_begin ] --START--
INFO: Run Behavior\ReadHtmlCacheBehavior [ RunTime:0.000067s ]
SQL: SHOW COLUMNS FROM `app2_setting` [ RunTime:0.001294s ]
SQL: SELECT `key`,`value` FROM `app2_setting`  [ RunTime:0.000196s ]
NOTIC: [2] unlink(/var/www/html/thinkphpcms/Public/Runtime/Temp/71df8fced343b2a8ba67c00a47a67b50.php): No such file or directory /var/www/html/thinkphpcms/Libs/ThinkPHP/Library/Think/Cache/Driver/File.class.php 第 157 行.
INFO: Run \Common\Behavior\SettingBehavior [ RunTime:0.011235s ]
INFO: [ app_begin ] --END-- [ RunTime:0.011447s ]
INFO: [ app_end ] --START--
INFO: Run Behavior\ShowPageTraceBehavior [ RunTime:0.000033s ]
INFO: [ app_end ] --END-- [ RunTime:0.000076s ]

[ 2016-01-20T20:51:31+08:00 ] 127.0.0.1 /thinkphpcms/index.php?m=admin&c=index&a=public_sessionlife
INFO: [ app_begin ] --START--
INFO: Run Behavior\ReadHtmlCacheBehavior [ RunTime:0.000036s ]
SQL: SHOW COLUMNS FROM `app2_setting` [ RunTime:0.001093s ]
SQL: SELECT `key`,`value` FROM `app2_setting`  [ RunTime:0.000115s ]
NOTIC: [2] unlink(/var/www/html/thinkphpcms/Public/Runtime/Temp/71df8fced343b2a8ba67c00a47a67b50.php): No such file or directory /var/www/html/thinkphpcms/Libs/ThinkPHP/Library/Think/Cache/Driver/File.class.php 第 157 行.
INFO: Run \Common\Behavior\SettingBehavior [ RunTime:0.007158s ]
INFO: [ app_begin ] --END-- [ RunTime:0.007400s ]
INFO: [ app_end ] --START--
INFO: Run Behavior\ShowPageTraceBehavior [ RunTime:0.000056s ]
INFO: [ app_end ] --END-- [ RunTime:0.000105s ]

[ 2016-01-20T21:01:31+08:00 ] 127.0.0.1 /thinkphpcms/index.php?m=admin&c=index&a=public_sessionlife
INFO: [ app_begin ] --START--
INFO: Run Behavior\ReadHtmlCacheBehavior [ RunTime:0.000127s ]
SQL: SHOW COLUMNS FROM `app2_setting` [ RunTime:0.001168s ]
SQL: SELECT `key`,`value` FROM `app2_setting`  [ RunTime:0.001787s ]
NOTIC: [2] unlink(/var/www/html/thinkphpcms/Public/Runtime/Temp/71df8fced343b2a8ba67c00a47a67b50.php): No such file or directory /var/www/html/thinkphpcms/Libs/ThinkPHP/Library/Think/Cache/Driver/File.class.php 第 157 行.
INFO: Run \Common\Behavior\SettingBehavior [ RunTime:0.010669s ]
INFO: [ app_begin ] --END-- [ RunTime:0.010893s ]
INFO: [ app_end ] --START--
INFO: Run Behavior\ShowPageTraceBehavior [ RunTime:0.000066s ]
INFO: [ app_end ] --END-- [ RunTime:0.000140s ]

[ 2016-01-20T21:11:31+08:00 ] 127.0.0.1 /thinkphpcms/index.php?m=admin&c=index&a=public_sessionlife
INFO: [ app_begin ] --START--
INFO: Run Behavior\ReadHtmlCacheBehavior [ RunTime:0.000048s ]
SQL: SHOW COLUMNS FROM `app2_setting` [ RunTime:0.000942s ]
SQL: SELECT `key`,`value` FROM `app2_setting`  [ RunTime:0.000181s ]
NOTIC: [2] unlink(/var/www/html/thinkphpcms/Public/Runtime/Temp/71df8fced343b2a8ba67c00a47a67b50.php): No such file or directory /var/www/html/thinkphpcms/Libs/ThinkPHP/Library/Think/Cache/Driver/File.class.php 第 157 行.
INFO: Run \Common\Behavior\SettingBehavior [ RunTime:0.010452s ]
INFO: [ app_begin ] --END-- [ RunTime:0.010605s ]
INFO: [ app_end ] --START--
INFO: Run Behavior\ShowPageTraceBehavior [ RunTime:0.000029s ]
INFO: [ app_end ] --END-- [ RunTime:0.000094s ]

[ 2016-01-20T21:21:31+08:00 ] 127.0.0.1 /thinkphpcms/index.php?m=admin&c=index&a=public_sessionlife
INFO: [ app_begin ] --START--
INFO: Run Behavior\ReadHtmlCacheBehavior [ RunTime:0.000102s ]
SQL: SHOW COLUMNS FROM `app2_setting` [ RunTime:0.008084s ]
SQL: SELECT `key`,`value` FROM `app2_setting`  [ RunTime:0.000407s ]
NOTIC: [2] unlink(/var/www/html/thinkphpcms/Public/Runtime/Temp/71df8fced343b2a8ba67c00a47a67b50.php): No such file or directory /var/www/html/thinkphpcms/Libs/ThinkPHP/Library/Think/Cache/Driver/File.class.php 第 157 行.
INFO: Run \Common\Behavior\SettingBehavior [ RunTime:0.049743s ]
INFO: [ app_begin ] --END-- [ RunTime:0.050274s ]
INFO: [ app_end ] --START--
INFO: Run Behavior\ShowPageTraceBehavior [ RunTime:0.000092s ]
INFO: [ app_end ] --END-- [ RunTime:0.000152s ]

[ 2016-01-20T21:31:31+08:00 ] 127.0.0.1 /thinkphpcms/index.php?m=admin&c=index&a=public_sessionlife
INFO: [ app_begin ] --START--
INFO: Run Behavior\ReadHtmlCacheBehavior [ RunTime:0.000105s ]
SQL: SHOW COLUMNS FROM `app2_setting` [ RunTime:0.001390s ]
SQL: SELECT `key`,`value` FROM `app2_setting`  [ RunTime:0.000187s ]
NOTIC: [2] unlink(/var/www/html/thinkphpcms/Public/Runtime/Temp/71df8fced343b2a8ba67c00a47a67b50.php): No such file or directory /var/www/html/thinkphpcms/Libs/ThinkPHP/Library/Think/Cache/Driver/File.class.php 第 157 行.
INFO: Run \Common\Behavior\SettingBehavior [ RunTime:0.016341s ]
INFO: [ app_begin ] --END-- [ RunTime:0.016651s ]
INFO: [ app_end ] --START--
INFO: Run Behavior\ShowPageTraceBehavior [ RunTime:0.000048s ]
INFO: [ app_end ] --END-- [ RunTime:0.000158s ]

[ 2016-01-20T21:41:31+08:00 ] 127.0.0.1 /thinkphpcms/index.php?m=admin&c=index&a=public_sessionlife
INFO: [ app_begin ] --START--
INFO: Run Behavior\ReadHtmlCacheBehavior [ RunTime:0.000049s ]
SQL: SHOW COLUMNS FROM `app2_setting` [ RunTime:0.001064s ]
SQL: SELECT `key`,`value` FROM `app2_setting`  [ RunTime:0.000196s ]
NOTIC: [2] unlink(/var/www/html/thinkphpcms/Public/Runtime/Temp/71df8fced343b2a8ba67c00a47a67b50.php): No such file or directory /var/www/html/thinkphpcms/Libs/ThinkPHP/Library/Think/Cache/Driver/File.class.php 第 157 行.
INFO: Run \Common\Behavior\SettingBehavior [ RunTime:0.017759s ]
INFO: [ app_begin ] --END-- [ RunTime:0.017909s ]
INFO: [ app_end ] --START--
INFO: Run Behavior\ShowPageTraceBehavior [ RunTime:0.000096s ]
INFO: [ app_end ] --END-- [ RunTime:0.000659s ]

[ 2016-01-20T21:51:31+08:00 ] 127.0.0.1 /thinkphpcms/index.php?m=admin&c=index&a=public_sessionlife
INFO: [ app_begin ] --START--
INFO: Run Behavior\ReadHtmlCacheBehavior [ RunTime:0.000447s ]
SQL: SHOW COLUMNS FROM `app2_setting` [ RunTime:0.011370s ]
SQL: SELECT `key`,`value` FROM `app2_setting`  [ RunTime:0.000426s ]
NOTIC: [2] unlink(/var/www/html/thinkphpcms/Public/Runtime/Temp/71df8fced343b2a8ba67c00a47a67b50.php): No such file or directory /var/www/html/thinkphpcms/Libs/ThinkPHP/Library/Think/Cache/Driver/File.class.php 第 157 行.
INFO: Run \Common\Behavior\SettingBehavior [ RunTime:0.052885s ]
INFO: [ app_begin ] --END-- [ RunTime:0.054108s ]
INFO: [ app_end ] --START--
INFO: Run Behavior\ShowPageTraceBehavior [ RunTime:0.000727s ]
INFO: [ app_end ] --END-- [ RunTime:0.000780s ]

[ 2016-01-20T22:01:31+08:00 ] 127.0.0.1 /thinkphpcms/index.php?m=admin&c=index&a=public_sessionlife
INFO: [ app_begin ] --START--
INFO: Run Behavior\ReadHtmlCacheBehavior [ RunTime:0.000200s ]
SQL: SHOW COLUMNS FROM `app2_setting` [ RunTime:0.000722s ]
SQL: SELECT `key`,`value` FROM `app2_setting`  [ RunTime:0.000231s ]
NOTIC: [2] unlink(/var/www/html/thinkphpcms/Public/Runtime/Temp/71df8fced343b2a8ba67c00a47a67b50.php): No such file or directory /var/www/html/thinkphpcms/Libs/ThinkPHP/Library/Think/Cache/Driver/File.class.php 第 157 行.
INFO: Run \Common\Behavior\SettingBehavior [ RunTime:0.009058s ]
INFO: [ app_begin ] --END-- [ RunTime:0.009420s ]
INFO: [ app_end ] --START--
INFO: Run Behavior\ShowPageTraceBehavior [ RunTime:0.000433s ]
INFO: [ app_end ] --END-- [ RunTime:0.000498s ]

[ 2016-01-20T22:11:31+08:00 ] 127.0.0.1 /thinkphpcms/index.php?m=admin&c=index&a=public_sessionlife
INFO: [ app_begin ] --START--
INFO: Run Behavior\ReadHtmlCacheBehavior [ RunTime:0.000081s ]
SQL: SHOW COLUMNS FROM `app2_setting` [ RunTime:0.001631s ]
SQL: SELECT `key`,`value` FROM `app2_setting`  [ RunTime:0.001812s ]
NOTIC: [2] unlink(/var/www/html/thinkphpcms/Public/Runtime/Temp/71df8fced343b2a8ba67c00a47a67b50.php): No such file or directory /var/www/html/thinkphpcms/Libs/ThinkPHP/Library/Think/Cache/Driver/File.class.php 第 157 行.
INFO: Run \Common\Behavior\SettingBehavior [ RunTime:0.013399s ]
INFO: [ app_begin ] --END-- [ RunTime:0.013651s ]
INFO: [ app_end ] --START--
INFO: Run Behavior\ShowPageTraceBehavior [ RunTime:0.000082s ]
INFO: [ app_end ] --END-- [ RunTime:0.000186s ]

