[ 2016-02-13T10:39:58+08:00 ] 127.0.0.1 /thinkphpcms/index.php?m=admin&c=index&a=public_main&_=1455331198075
INFO: [ app_begin ] --START--
INFO: Run Behavior\ReadHtmlCacheBehavior [ RunTime:0.000876s ]
SQL: SHOW COLUMNS FROM `app2_setting` [ RunTime:0.001713s ]
SQL: SELECT `key`,`value` FROM `app2_setting`  [ RunTime:0.000137s ]
NOTIC: [2] unlink(/var/www/html/thinkphpcms/Public/Runtime/Temp/71df8fced343b2a8ba67c00a47a67b50.php): No such file or directory /var/www/html/thinkphpcms/Libs/ThinkPHP/Library/Think/Cache/Driver/File.class.php 第 157 行.
INFO: Run \Common\Behavior\SettingBehavior [ RunTime:0.028867s ]
INFO: [ app_begin ] --END-- [ RunTime:0.030530s ]

[ 2016-02-13T10:39:58+08:00 ] 127.0.0.1 /thinkphpcms/index.php?m=admin&c=index&a=public_menuleft
INFO: [ app_begin ] --START--
INFO: Run Behavior\ReadHtmlCacheBehavior [ RunTime:0.000019s ]
SQL: SHOW COLUMNS FROM `app2_setting` [ RunTime:0.000527s ]
SQL: SELECT `key`,`value` FROM `app2_setting`  [ RunTime:0.000116s ]
NOTIC: [2] unlink(/var/www/html/thinkphpcms/Public/Runtime/Temp/71df8fced343b2a8ba67c00a47a67b50.php): No such file or directory /var/www/html/thinkphpcms/Libs/ThinkPHP/Library/Think/Cache/Driver/File.class.php 第 157 行.
INFO: Run \Common\Behavior\SettingBehavior [ RunTime:0.002128s ]
INFO: [ app_begin ] --END-- [ RunTime:0.002188s ]

[ 2016-02-13T10:40:00+08:00 ] 127.0.0.1 /thinkphpcms/index.php?m=admin&c=index&a=login
INFO: [ app_begin ] --START--
INFO: Run Behavior\ReadHtmlCacheBehavior [ RunTime:0.000018s ]
SQL: SHOW COLUMNS FROM `app2_setting` [ RunTime:0.001139s ]
SQL: SELECT `key`,`value` FROM `app2_setting`  [ RunTime:0.000307s ]
NOTIC: [2] unlink(/var/www/html/thinkphpcms/Public/Runtime/Temp/71df8fced343b2a8ba67c00a47a67b50.php): No such file or directory /var/www/html/thinkphpcms/Libs/ThinkPHP/Library/Think/Cache/Driver/File.class.php 第 157 行.
INFO: Run \Common\Behavior\SettingBehavior [ RunTime:0.003615s ]
INFO: [ app_begin ] --END-- [ RunTime:0.003692s ]
INFO: [ view_parse ] --START--
INFO: [ template_filter ] --START--
INFO: Run Behavior\ContentReplaceBehavior [ RunTime:0.000132s ]
INFO: [ template_filter ] --END-- [ RunTime:0.000318s ]
INFO: Run Behavior\ParseTemplateBehavior [ RunTime:0.023129s ]
INFO: [ view_parse ] --END-- [ RunTime:0.023164s ]
INFO: [ view_filter ] --START--
INFO: Run Behavior\WriteHtmlCacheBehavior [ RunTime:0.001520s ]
INFO: [ view_filter ] --END-- [ RunTime:0.001562s ]
INFO: [ app_end ] --START--
INFO: Run Behavior\ShowPageTraceBehavior [ RunTime:0.004931s ]
INFO: [ app_end ] --END-- [ RunTime:0.005097s ]

[ 2016-02-13T10:40:00+08:00 ] 127.0.0.1 /thinkphpcms/index.php?m=admin&c=index&a=code&code_len=4&font_size=14&width=100&height=28&code=1455331200
INFO: [ app_begin ] --START--
INFO: Run Behavior\ReadHtmlCacheBehavior [ RunTime:0.000054s ]
SQL: SHOW COLUMNS FROM `app2_setting` [ RunTime:0.000559s ]
SQL: SELECT `key`,`value` FROM `app2_setting`  [ RunTime:0.000107s ]
NOTIC: [2] unlink(/var/www/html/thinkphpcms/Public/Runtime/Temp/71df8fced343b2a8ba67c00a47a67b50.php): No such file or directory /var/www/html/thinkphpcms/Libs/ThinkPHP/Library/Think/Cache/Driver/File.class.php 第 157 行.
INFO: Run \Common\Behavior\SettingBehavior [ RunTime:0.002407s ]
INFO: [ app_begin ] --END-- [ RunTime:0.002527s ]
INFO: [ app_end ] --START--
INFO: Run Behavior\ShowPageTraceBehavior [ RunTime:0.000060s ]
INFO: [ app_end ] --END-- [ RunTime:0.000104s ]

